ARM GAS  C:\Users\Rafael\AppData\Local\Temp\cczeKXyS.s 			page 1


   1              		.syntax unified
   2              		.cpu cortex-m0
   3              		.fpu softvfp
   4              		.eabi_attribute 20, 1
   5              		.eabi_attribute 21, 1
   6              		.eabi_attribute 23, 3
   7              		.eabi_attribute 24, 1
   8              		.eabi_attribute 25, 1
   9              		.eabi_attribute 26, 1
  10              		.eabi_attribute 30, 1
  11              		.eabi_attribute 34, 0
  12              		.eabi_attribute 18, 4
  13              		.thumb
  14              		.syntax unified
  15              		.file	"cyfitter_cfg.c"
  16              		.text
  17              	.Ltext0:
  18              		.cfi_sections	.debug_frame
  19              		.section	.text.AnalogSetDefault,"ax",%progbits
  20              		.align	2
  21              		.code	16
  22              		.thumb_func
  23              		.type	AnalogSetDefault, %function
  24              	AnalogSetDefault:
  25              	.LFB6:
  26              		.file 1 "Generated_Source\\PSoC4\\cyfitter_cfg.c"
   1:Generated_Source\PSoC4/cyfitter_cfg.c **** 
   2:Generated_Source\PSoC4/cyfitter_cfg.c **** /*******************************************************************************
   3:Generated_Source\PSoC4/cyfitter_cfg.c **** * File Name: cyfitter_cfg.c
   4:Generated_Source\PSoC4/cyfitter_cfg.c **** * 
   5:Generated_Source\PSoC4/cyfitter_cfg.c **** * PSoC Creator  4.1
   6:Generated_Source\PSoC4/cyfitter_cfg.c **** *
   7:Generated_Source\PSoC4/cyfitter_cfg.c **** * Description:
   8:Generated_Source\PSoC4/cyfitter_cfg.c **** * This file contains device initialization code.
   9:Generated_Source\PSoC4/cyfitter_cfg.c **** * Except for the user defined sections in CyClockStartupError(), this file should not be modified.
  10:Generated_Source\PSoC4/cyfitter_cfg.c **** * This file is automatically generated by PSoC Creator.
  11:Generated_Source\PSoC4/cyfitter_cfg.c **** *
  12:Generated_Source\PSoC4/cyfitter_cfg.c **** ********************************************************************************
  13:Generated_Source\PSoC4/cyfitter_cfg.c **** * Copyright (c) 2007-2017 Cypress Semiconductor.  All rights reserved.
  14:Generated_Source\PSoC4/cyfitter_cfg.c **** * You may use this file only in accordance with the license, terms, conditions, 
  15:Generated_Source\PSoC4/cyfitter_cfg.c **** * disclaimers, and limitations in the end user license agreement accompanying 
  16:Generated_Source\PSoC4/cyfitter_cfg.c **** * the software package with which this file was provided.
  17:Generated_Source\PSoC4/cyfitter_cfg.c **** ********************************************************************************/
  18:Generated_Source\PSoC4/cyfitter_cfg.c **** 
  19:Generated_Source\PSoC4/cyfitter_cfg.c **** #include <string.h>
  20:Generated_Source\PSoC4/cyfitter_cfg.c **** #include "cytypes.h"
  21:Generated_Source\PSoC4/cyfitter_cfg.c **** #include "cydevice_trm.h"
  22:Generated_Source\PSoC4/cyfitter_cfg.c **** #include "cyfitter.h"
  23:Generated_Source\PSoC4/cyfitter_cfg.c **** #include "CyLib.h"
  24:Generated_Source\PSoC4/cyfitter_cfg.c **** #include "CyLFClk.h"
  25:Generated_Source\PSoC4/cyfitter_cfg.c **** #include "cyfitter_cfg.h"
  26:Generated_Source\PSoC4/cyfitter_cfg.c **** #include "cyapicallbacks.h"
  27:Generated_Source\PSoC4/cyfitter_cfg.c **** 
  28:Generated_Source\PSoC4/cyfitter_cfg.c **** 
  29:Generated_Source\PSoC4/cyfitter_cfg.c **** #if defined(__GNUC__) || defined(__ARMCC_VERSION)
  30:Generated_Source\PSoC4/cyfitter_cfg.c ****     #define CYPACKED 
  31:Generated_Source\PSoC4/cyfitter_cfg.c ****     #define CYPACKED_ATTR __attribute__ ((packed))
ARM GAS  C:\Users\Rafael\AppData\Local\Temp\cczeKXyS.s 			page 2


  32:Generated_Source\PSoC4/cyfitter_cfg.c ****     #define CYALIGNED __attribute__ ((aligned))
  33:Generated_Source\PSoC4/cyfitter_cfg.c ****     #define CY_CFG_UNUSED __attribute__ ((unused))
  34:Generated_Source\PSoC4/cyfitter_cfg.c ****     #ifndef CY_CFG_SECTION
  35:Generated_Source\PSoC4/cyfitter_cfg.c ****         #define CY_CFG_SECTION __attribute__ ((section(".psocinit")))
  36:Generated_Source\PSoC4/cyfitter_cfg.c ****     #endif
  37:Generated_Source\PSoC4/cyfitter_cfg.c ****     
  38:Generated_Source\PSoC4/cyfitter_cfg.c ****     #if defined(__ARMCC_VERSION)
  39:Generated_Source\PSoC4/cyfitter_cfg.c ****         #define CY_CFG_MEMORY_BARRIER() __memory_changed()
  40:Generated_Source\PSoC4/cyfitter_cfg.c ****     #else
  41:Generated_Source\PSoC4/cyfitter_cfg.c ****         #define CY_CFG_MEMORY_BARRIER() __sync_synchronize()
  42:Generated_Source\PSoC4/cyfitter_cfg.c ****     #endif
  43:Generated_Source\PSoC4/cyfitter_cfg.c ****     
  44:Generated_Source\PSoC4/cyfitter_cfg.c **** #elif defined(__ICCARM__)
  45:Generated_Source\PSoC4/cyfitter_cfg.c ****     #include <intrinsics.h>
  46:Generated_Source\PSoC4/cyfitter_cfg.c **** 
  47:Generated_Source\PSoC4/cyfitter_cfg.c ****     #define CYPACKED __packed
  48:Generated_Source\PSoC4/cyfitter_cfg.c ****     #define CYPACKED_ATTR 
  49:Generated_Source\PSoC4/cyfitter_cfg.c ****     #define CYALIGNED _Pragma("data_alignment=4")
  50:Generated_Source\PSoC4/cyfitter_cfg.c ****     #define CY_CFG_UNUSED _Pragma("diag_suppress=Pe177")
  51:Generated_Source\PSoC4/cyfitter_cfg.c ****     #define CY_CFG_SECTION _Pragma("location=\".psocinit\"")
  52:Generated_Source\PSoC4/cyfitter_cfg.c ****     
  53:Generated_Source\PSoC4/cyfitter_cfg.c ****     #define CY_CFG_MEMORY_BARRIER() __DMB()
  54:Generated_Source\PSoC4/cyfitter_cfg.c ****     
  55:Generated_Source\PSoC4/cyfitter_cfg.c **** #else
  56:Generated_Source\PSoC4/cyfitter_cfg.c ****     #error Unsupported toolchain
  57:Generated_Source\PSoC4/cyfitter_cfg.c **** #endif
  58:Generated_Source\PSoC4/cyfitter_cfg.c **** 
  59:Generated_Source\PSoC4/cyfitter_cfg.c **** #ifndef CYCODE
  60:Generated_Source\PSoC4/cyfitter_cfg.c ****     #define CYCODE
  61:Generated_Source\PSoC4/cyfitter_cfg.c **** #endif
  62:Generated_Source\PSoC4/cyfitter_cfg.c **** #ifndef CYDATA
  63:Generated_Source\PSoC4/cyfitter_cfg.c ****     #define CYDATA
  64:Generated_Source\PSoC4/cyfitter_cfg.c **** #endif
  65:Generated_Source\PSoC4/cyfitter_cfg.c **** #ifndef CYFAR
  66:Generated_Source\PSoC4/cyfitter_cfg.c ****     #define CYFAR
  67:Generated_Source\PSoC4/cyfitter_cfg.c **** #endif
  68:Generated_Source\PSoC4/cyfitter_cfg.c **** #ifndef CYXDATA
  69:Generated_Source\PSoC4/cyfitter_cfg.c ****     #define CYXDATA
  70:Generated_Source\PSoC4/cyfitter_cfg.c **** #endif
  71:Generated_Source\PSoC4/cyfitter_cfg.c **** 
  72:Generated_Source\PSoC4/cyfitter_cfg.c **** 
  73:Generated_Source\PSoC4/cyfitter_cfg.c **** CY_CFG_UNUSED
  74:Generated_Source\PSoC4/cyfitter_cfg.c **** static void CYMEMZERO(void *s, size_t n);
  75:Generated_Source\PSoC4/cyfitter_cfg.c **** CY_CFG_UNUSED
  76:Generated_Source\PSoC4/cyfitter_cfg.c **** static void CYMEMZERO(void *s, size_t n)
  77:Generated_Source\PSoC4/cyfitter_cfg.c **** {
  78:Generated_Source\PSoC4/cyfitter_cfg.c **** 	(void)memset(s, 0, n);
  79:Generated_Source\PSoC4/cyfitter_cfg.c **** }
  80:Generated_Source\PSoC4/cyfitter_cfg.c **** CY_CFG_UNUSED
  81:Generated_Source\PSoC4/cyfitter_cfg.c **** static void CYCONFIGCPY(void *dest, const void *src, size_t n);
  82:Generated_Source\PSoC4/cyfitter_cfg.c **** CY_CFG_UNUSED
  83:Generated_Source\PSoC4/cyfitter_cfg.c **** static void CYCONFIGCPY(void *dest, const void *src, size_t n)
  84:Generated_Source\PSoC4/cyfitter_cfg.c **** {
  85:Generated_Source\PSoC4/cyfitter_cfg.c **** 	(void)memcpy(dest, src, n);
  86:Generated_Source\PSoC4/cyfitter_cfg.c **** }
  87:Generated_Source\PSoC4/cyfitter_cfg.c **** CY_CFG_UNUSED
  88:Generated_Source\PSoC4/cyfitter_cfg.c **** static void CYCONFIGCPYCODE(void *dest, const void *src, size_t n);
ARM GAS  C:\Users\Rafael\AppData\Local\Temp\cczeKXyS.s 			page 3


  89:Generated_Source\PSoC4/cyfitter_cfg.c **** CY_CFG_UNUSED
  90:Generated_Source\PSoC4/cyfitter_cfg.c **** static void CYCONFIGCPYCODE(void *dest, const void *src, size_t n)
  91:Generated_Source\PSoC4/cyfitter_cfg.c **** {
  92:Generated_Source\PSoC4/cyfitter_cfg.c **** 	(void)memcpy(dest, src, n);
  93:Generated_Source\PSoC4/cyfitter_cfg.c **** }
  94:Generated_Source\PSoC4/cyfitter_cfg.c **** 
  95:Generated_Source\PSoC4/cyfitter_cfg.c **** 
  96:Generated_Source\PSoC4/cyfitter_cfg.c **** 
  97:Generated_Source\PSoC4/cyfitter_cfg.c **** 
  98:Generated_Source\PSoC4/cyfitter_cfg.c **** /* Clock startup error codes                                                   */
  99:Generated_Source\PSoC4/cyfitter_cfg.c **** #define CYCLOCKSTART_NO_ERROR    0u
 100:Generated_Source\PSoC4/cyfitter_cfg.c **** #define CYCLOCKSTART_XTAL_ERROR  1u
 101:Generated_Source\PSoC4/cyfitter_cfg.c **** #define CYCLOCKSTART_32KHZ_ERROR 2u
 102:Generated_Source\PSoC4/cyfitter_cfg.c **** #define CYCLOCKSTART_PLL_ERROR   3u
 103:Generated_Source\PSoC4/cyfitter_cfg.c **** #define CYCLOCKSTART_FLL_ERROR   4u
 104:Generated_Source\PSoC4/cyfitter_cfg.c **** 
 105:Generated_Source\PSoC4/cyfitter_cfg.c **** 
 106:Generated_Source\PSoC4/cyfitter_cfg.c **** #ifdef CY_NEED_CYCLOCKSTARTUPERROR
 107:Generated_Source\PSoC4/cyfitter_cfg.c **** /*******************************************************************************
 108:Generated_Source\PSoC4/cyfitter_cfg.c **** * Function Name: CyClockStartupError
 109:Generated_Source\PSoC4/cyfitter_cfg.c **** ********************************************************************************
 110:Generated_Source\PSoC4/cyfitter_cfg.c **** * Summary:
 111:Generated_Source\PSoC4/cyfitter_cfg.c **** *  If an error is encountered during clock configuration (crystal startup error,
 112:Generated_Source\PSoC4/cyfitter_cfg.c **** *  PLL lock error, etc.), the system will end up here.  Unless reimplemented by
 113:Generated_Source\PSoC4/cyfitter_cfg.c **** *  the customer, this function will stop in an infinite loop.
 114:Generated_Source\PSoC4/cyfitter_cfg.c **** *
 115:Generated_Source\PSoC4/cyfitter_cfg.c **** * Parameters:
 116:Generated_Source\PSoC4/cyfitter_cfg.c **** *   void
 117:Generated_Source\PSoC4/cyfitter_cfg.c **** *
 118:Generated_Source\PSoC4/cyfitter_cfg.c **** * Return:
 119:Generated_Source\PSoC4/cyfitter_cfg.c **** *   void
 120:Generated_Source\PSoC4/cyfitter_cfg.c **** *
 121:Generated_Source\PSoC4/cyfitter_cfg.c **** *******************************************************************************/
 122:Generated_Source\PSoC4/cyfitter_cfg.c **** CY_CFG_UNUSED
 123:Generated_Source\PSoC4/cyfitter_cfg.c **** static void CyClockStartupError(uint8 errorCode);
 124:Generated_Source\PSoC4/cyfitter_cfg.c **** CY_CFG_UNUSED
 125:Generated_Source\PSoC4/cyfitter_cfg.c **** static void CyClockStartupError(uint8 errorCode)
 126:Generated_Source\PSoC4/cyfitter_cfg.c **** {
 127:Generated_Source\PSoC4/cyfitter_cfg.c ****     /* To remove the compiler warning if errorCode not used. */
 128:Generated_Source\PSoC4/cyfitter_cfg.c **** #if defined(CY_PSOC3) && (CY_PSOC3)
 129:Generated_Source\PSoC4/cyfitter_cfg.c ****     errorCode = errorCode;
 130:Generated_Source\PSoC4/cyfitter_cfg.c **** #else
 131:Generated_Source\PSoC4/cyfitter_cfg.c ****     (void)errorCode;
 132:Generated_Source\PSoC4/cyfitter_cfg.c **** #endif /* CY_PSOC3 */
 133:Generated_Source\PSoC4/cyfitter_cfg.c **** 
 134:Generated_Source\PSoC4/cyfitter_cfg.c ****     /* If we have a clock startup error (bad MHz crystal, PLL lock, etc.),  */
 135:Generated_Source\PSoC4/cyfitter_cfg.c ****     /* we will end up here to allow the customer to implement something to  */
 136:Generated_Source\PSoC4/cyfitter_cfg.c ****     /* deal with the clock condition.                                       */
 137:Generated_Source\PSoC4/cyfitter_cfg.c **** 
 138:Generated_Source\PSoC4/cyfitter_cfg.c **** #ifdef CY_CFG_CLOCK_STARTUP_ERROR_CALLBACK
 139:Generated_Source\PSoC4/cyfitter_cfg.c ****     CY_CFG_Clock_Startup_ErrorCallback();
 140:Generated_Source\PSoC4/cyfitter_cfg.c **** #else
 141:Generated_Source\PSoC4/cyfitter_cfg.c ****     /*  If not using CY_CFG_CLOCK_STARTUP_ERROR_CALLBACK, place your clock startup code here. */
 142:Generated_Source\PSoC4/cyfitter_cfg.c ****     /* `#START CyClockStartupError` */
 143:Generated_Source\PSoC4/cyfitter_cfg.c **** 
 144:Generated_Source\PSoC4/cyfitter_cfg.c **** 
 145:Generated_Source\PSoC4/cyfitter_cfg.c **** 
ARM GAS  C:\Users\Rafael\AppData\Local\Temp\cczeKXyS.s 			page 4


 146:Generated_Source\PSoC4/cyfitter_cfg.c ****     /* `#END` */
 147:Generated_Source\PSoC4/cyfitter_cfg.c **** 
 148:Generated_Source\PSoC4/cyfitter_cfg.c ****     while(1) {}
 149:Generated_Source\PSoC4/cyfitter_cfg.c **** #endif /* CY_CFG_CLOCK_STARTUP_ERROR_CALLBACK */
 150:Generated_Source\PSoC4/cyfitter_cfg.c **** }
 151:Generated_Source\PSoC4/cyfitter_cfg.c **** #endif
 152:Generated_Source\PSoC4/cyfitter_cfg.c **** 
 153:Generated_Source\PSoC4/cyfitter_cfg.c **** 
 154:Generated_Source\PSoC4/cyfitter_cfg.c **** 
 155:Generated_Source\PSoC4/cyfitter_cfg.c **** /*******************************************************************************
 156:Generated_Source\PSoC4/cyfitter_cfg.c **** * Function Name: ClockSetup
 157:Generated_Source\PSoC4/cyfitter_cfg.c **** ********************************************************************************
 158:Generated_Source\PSoC4/cyfitter_cfg.c **** *
 159:Generated_Source\PSoC4/cyfitter_cfg.c **** * Summary:
 160:Generated_Source\PSoC4/cyfitter_cfg.c **** *   Performs the initialization of all of the clocks in the device based on the
 161:Generated_Source\PSoC4/cyfitter_cfg.c **** *   settings in the Clock tab of the DWR.  This includes enabling the requested
 162:Generated_Source\PSoC4/cyfitter_cfg.c **** *   clocks and setting the necessary dividers to produce the desired frequency. 
 163:Generated_Source\PSoC4/cyfitter_cfg.c **** *
 164:Generated_Source\PSoC4/cyfitter_cfg.c **** * Parameters:
 165:Generated_Source\PSoC4/cyfitter_cfg.c **** *   void
 166:Generated_Source\PSoC4/cyfitter_cfg.c **** *
 167:Generated_Source\PSoC4/cyfitter_cfg.c **** * Return:
 168:Generated_Source\PSoC4/cyfitter_cfg.c **** *   void
 169:Generated_Source\PSoC4/cyfitter_cfg.c **** *
 170:Generated_Source\PSoC4/cyfitter_cfg.c **** *******************************************************************************/
 171:Generated_Source\PSoC4/cyfitter_cfg.c **** static void ClockSetup(void);
 172:Generated_Source\PSoC4/cyfitter_cfg.c **** CY_CFG_SECTION
 173:Generated_Source\PSoC4/cyfitter_cfg.c **** static void ClockSetup(void)
 174:Generated_Source\PSoC4/cyfitter_cfg.c **** {
 175:Generated_Source\PSoC4/cyfitter_cfg.c **** 
 176:Generated_Source\PSoC4/cyfitter_cfg.c **** 	/* Set Flash Cycles based on max possible frequency in case a glitch occurs during ClockSetup(). *
 177:Generated_Source\PSoC4/cyfitter_cfg.c **** 	CY_SET_REG32((void CYXDATA *)(CYREG_CPUSS_FLASH_CTL), (0x0012u));
 178:Generated_Source\PSoC4/cyfitter_cfg.c **** 
 179:Generated_Source\PSoC4/cyfitter_cfg.c **** 	/* Start the WCO */
 180:Generated_Source\PSoC4/cyfitter_cfg.c **** 	CySysClkWcoStart();
 181:Generated_Source\PSoC4/cyfitter_cfg.c **** 	CyDelayCycles(12000000u); /* WCO may take up to 500ms to start */
 182:Generated_Source\PSoC4/cyfitter_cfg.c **** 	(void)CySysClkWcoSetPowerMode(CY_SYS_CLK_WCO_LPM);    /* Switch to the low power mode */
 183:Generated_Source\PSoC4/cyfitter_cfg.c **** 
 184:Generated_Source\PSoC4/cyfitter_cfg.c **** 	/* Setup and trim IMO based on desired frequency. */
 185:Generated_Source\PSoC4/cyfitter_cfg.c **** 	CySysClkWriteImoFreq(48u);
 186:Generated_Source\PSoC4/cyfitter_cfg.c **** 	/* CYDEV_CLK_ILO_CONFIG Starting address: CYDEV_CLK_ILO_CONFIG */
 187:Generated_Source\PSoC4/cyfitter_cfg.c **** 	CY_SET_REG32((void *)(CYREG_CLK_ILO_CONFIG), 0x80000006u);
 188:Generated_Source\PSoC4/cyfitter_cfg.c **** 
 189:Generated_Source\PSoC4/cyfitter_cfg.c **** 	/* CYDEV_WDT_CONFIG Starting address: CYDEV_WDT_CONFIG */
 190:Generated_Source\PSoC4/cyfitter_cfg.c **** 	CY_SET_REG32((void *)(CYREG_WDT_CONFIG), 0x40000000u);
 191:Generated_Source\PSoC4/cyfitter_cfg.c **** 
 192:Generated_Source\PSoC4/cyfitter_cfg.c **** 
 193:Generated_Source\PSoC4/cyfitter_cfg.c **** 	/* Enable fast start mode for XO */
 194:Generated_Source\PSoC4/cyfitter_cfg.c **** 	CY_SET_REG32((void*)CYREG_BLE_BLERD_BB_XO, CY_GET_REG32((void*)CYREG_BLE_BLERD_BB_XO) | (uint32)0x
 195:Generated_Source\PSoC4/cyfitter_cfg.c **** 	CY_SET_REG32((void *)(CYREG_BLE_BLERD_BB_XO_CAPTRIM), 0x00003E2Du);
 196:Generated_Source\PSoC4/cyfitter_cfg.c **** 	/*Set XTAL(ECO) divider*/
 197:Generated_Source\PSoC4/cyfitter_cfg.c **** 	CY_SET_REG32((void *)(CYREG_BLE_BLESS_XTAL_CLK_DIV_CONFIG), 0x00000000u);
 198:Generated_Source\PSoC4/cyfitter_cfg.c **** 	/* Disable Crystal Stable Interrupt before enabling ECO */
 199:Generated_Source\PSoC4/cyfitter_cfg.c **** 	CY_SET_REG32((void*)CYREG_BLE_BLESS_LL_DSM_CTRL, CY_GET_REG32((void*)CYREG_BLE_BLESS_LL_DSM_CTRL) 
 200:Generated_Source\PSoC4/cyfitter_cfg.c **** 	/* Start the ECO and do not check status since it is not needed for HFCLK */
 201:Generated_Source\PSoC4/cyfitter_cfg.c **** 	(void)CySysClkEcoStart(2000u);
 202:Generated_Source\PSoC4/cyfitter_cfg.c **** 	CyDelayUs(1500u); /* Wait to stabilize */
ARM GAS  C:\Users\Rafael\AppData\Local\Temp\cczeKXyS.s 			page 5


 203:Generated_Source\PSoC4/cyfitter_cfg.c **** 
 204:Generated_Source\PSoC4/cyfitter_cfg.c **** 	/* Setup phase aligned clocks */
 205:Generated_Source\PSoC4/cyfitter_cfg.c **** 	CY_SET_REG32((void *)CYREG_PERI_DIV_16_CTL0, 0x00002200u);
 206:Generated_Source\PSoC4/cyfitter_cfg.c **** 	CY_SET_REG32((void *)CYREG_PERI_DIV_CMD, 0x8000FF40u);
 207:Generated_Source\PSoC4/cyfitter_cfg.c **** 
 208:Generated_Source\PSoC4/cyfitter_cfg.c **** 	/* CYDEV_CLK_IMO_CONFIG Starting address: CYDEV_CLK_IMO_CONFIG */
 209:Generated_Source\PSoC4/cyfitter_cfg.c **** 	CY_SET_REG32((void *)(CYREG_CLK_IMO_CONFIG), 0x80000000u);
 210:Generated_Source\PSoC4/cyfitter_cfg.c **** 
 211:Generated_Source\PSoC4/cyfitter_cfg.c **** 	/* CYDEV_CLK_SELECT Starting address: CYDEV_CLK_SELECT */
 212:Generated_Source\PSoC4/cyfitter_cfg.c **** 	CY_SET_REG32((void *)(CYREG_CLK_SELECT), 0x00040000u);
 213:Generated_Source\PSoC4/cyfitter_cfg.c **** 
 214:Generated_Source\PSoC4/cyfitter_cfg.c **** 	/* CYDEV_PERI_PCLK_CTL1 Starting address: CYDEV_PERI_PCLK_CTL1 */
 215:Generated_Source\PSoC4/cyfitter_cfg.c **** 	CY_SET_REG32((void *)(CYREG_PERI_PCLK_CTL1), 0x00000040u);
 216:Generated_Source\PSoC4/cyfitter_cfg.c **** 
 217:Generated_Source\PSoC4/cyfitter_cfg.c **** 	(void)CyIntSetVector(8u, &CySysWdtIsr);
 218:Generated_Source\PSoC4/cyfitter_cfg.c **** 	CyIntEnable(8u);
 219:Generated_Source\PSoC4/cyfitter_cfg.c **** 	CY_SET_REG32((void *)(CYREG_WDT_CONFIG), 0x40000000u);
 220:Generated_Source\PSoC4/cyfitter_cfg.c **** }
 221:Generated_Source\PSoC4/cyfitter_cfg.c **** 
 222:Generated_Source\PSoC4/cyfitter_cfg.c **** 
 223:Generated_Source\PSoC4/cyfitter_cfg.c **** /* Analog API Functions */
 224:Generated_Source\PSoC4/cyfitter_cfg.c **** 
 225:Generated_Source\PSoC4/cyfitter_cfg.c **** 
 226:Generated_Source\PSoC4/cyfitter_cfg.c **** /*******************************************************************************
 227:Generated_Source\PSoC4/cyfitter_cfg.c **** * Function Name: AnalogSetDefault
 228:Generated_Source\PSoC4/cyfitter_cfg.c **** ********************************************************************************
 229:Generated_Source\PSoC4/cyfitter_cfg.c **** *
 230:Generated_Source\PSoC4/cyfitter_cfg.c **** * Summary:
 231:Generated_Source\PSoC4/cyfitter_cfg.c **** *  Sets up the analog portions of the chip to default values based on chip
 232:Generated_Source\PSoC4/cyfitter_cfg.c **** *  configuration options from the project.
 233:Generated_Source\PSoC4/cyfitter_cfg.c **** *
 234:Generated_Source\PSoC4/cyfitter_cfg.c **** * Parameters:
 235:Generated_Source\PSoC4/cyfitter_cfg.c **** *  void
 236:Generated_Source\PSoC4/cyfitter_cfg.c **** *
 237:Generated_Source\PSoC4/cyfitter_cfg.c **** * Return:
 238:Generated_Source\PSoC4/cyfitter_cfg.c **** *  void
 239:Generated_Source\PSoC4/cyfitter_cfg.c **** *
 240:Generated_Source\PSoC4/cyfitter_cfg.c **** *******************************************************************************/
 241:Generated_Source\PSoC4/cyfitter_cfg.c **** static void AnalogSetDefault(void);
 242:Generated_Source\PSoC4/cyfitter_cfg.c **** static void AnalogSetDefault(void)
 243:Generated_Source\PSoC4/cyfitter_cfg.c **** {
  27              		.loc 1 243 0
  28              		.cfi_startproc
  29              		@ args = 0, pretend = 0, frame = 0
  30              		@ frame_needed = 0, uses_anonymous_args = 0
  31              		@ link register save eliminated.
 244:Generated_Source\PSoC4/cyfitter_cfg.c **** 	CY_SET_XTND_REG32((void CYFAR *)CYREG_CTBM0_DFT_CTRL, 0x00000003u);
  32              		.loc 1 244 0
  33 0000 0323     		movs	r3, #3
  34 0002 044A     		ldr	r2, .L2
  35 0004 1360     		str	r3, [r2]
 245:Generated_Source\PSoC4/cyfitter_cfg.c **** 	CY_SET_XTND_REG32((void CYFAR *)CYREG_CTBM1_DFT_CTRL, 0x00000003u);
  36              		.loc 1 245 0
  37 0006 044A     		ldr	r2, .L2+4
  38 0008 1360     		str	r3, [r2]
 246:Generated_Source\PSoC4/cyfitter_cfg.c **** 	CY_SET_XTND_REG32((void CYFAR *)CYREG_PASS_DSAB_DSAB_CTRL, 0x00000000u);
  39              		.loc 1 246 0
ARM GAS  C:\Users\Rafael\AppData\Local\Temp\cczeKXyS.s 			page 6


  40 000a 0022     		movs	r2, #0
  41 000c 034B     		ldr	r3, .L2+8
  42 000e 1A60     		str	r2, [r3]
 247:Generated_Source\PSoC4/cyfitter_cfg.c **** }
  43              		.loc 1 247 0
  44              		@ sp needed
  45 0010 7047     		bx	lr
  46              	.L3:
  47 0012 C046     		.align	2
  48              	.L2:
  49 0014 30003040 		.word	1076887600
  50 0018 30003140 		.word	1076953136
  51 001c 000E3F40 		.word	1077874176
  52              		.cfi_endproc
  53              	.LFE6:
  54              		.size	AnalogSetDefault, .-AnalogSetDefault
  55              		.section	.text.CYMEMZERO,"ax",%progbits
  56              		.align	2
  57              		.code	16
  58              		.thumb_func
  59              		.type	CYMEMZERO, %function
  60              	CYMEMZERO:
  61              	.LFB2:
  77:Generated_Source\PSoC4/cyfitter_cfg.c **** 	(void)memset(s, 0, n);
  62              		.loc 1 77 0
  63              		.cfi_startproc
  64              		@ args = 0, pretend = 0, frame = 0
  65              		@ frame_needed = 0, uses_anonymous_args = 0
  66              	.LVL0:
  67 0000 10B5     		push	{r4, lr}
  68              		.cfi_def_cfa_offset 8
  69              		.cfi_offset 4, -8
  70              		.cfi_offset 14, -4
  71 0002 0A00     		movs	r2, r1
  78:Generated_Source\PSoC4/cyfitter_cfg.c **** }
  72              		.loc 1 78 0
  73 0004 0021     		movs	r1, #0
  74              	.LVL1:
  75 0006 FFF7FEFF 		bl	memset
  76              	.LVL2:
  79:Generated_Source\PSoC4/cyfitter_cfg.c **** CY_CFG_UNUSED
  77              		.loc 1 79 0
  78              		@ sp needed
  79 000a 10BD     		pop	{r4, pc}
  80              		.cfi_endproc
  81              	.LFE2:
  82              		.size	CYMEMZERO, .-CYMEMZERO
  83              		.section	.psocinit,"ax",%progbits
  84              		.align	2
  85              		.code	16
  86              		.thumb_func
  87              		.type	ClockSetup, %function
  88              	ClockSetup:
  89              	.LFB5:
 174:Generated_Source\PSoC4/cyfitter_cfg.c **** 
  90              		.loc 1 174 0
  91              		.cfi_startproc
ARM GAS  C:\Users\Rafael\AppData\Local\Temp\cczeKXyS.s 			page 7


  92              		@ args = 0, pretend = 0, frame = 0
  93              		@ frame_needed = 0, uses_anonymous_args = 0
  94 0000 70B5     		push	{r4, r5, r6, lr}
  95              		.cfi_def_cfa_offset 16
  96              		.cfi_offset 4, -16
  97              		.cfi_offset 5, -12
  98              		.cfi_offset 6, -8
  99              		.cfi_offset 14, -4
 177:Generated_Source\PSoC4/cyfitter_cfg.c **** 
 100              		.loc 1 177 0
 101 0002 1222     		movs	r2, #18
 102 0004 224B     		ldr	r3, .L6
 103 0006 1A60     		str	r2, [r3]
 180:Generated_Source\PSoC4/cyfitter_cfg.c **** 	CyDelayCycles(12000000u); /* WCO may take up to 500ms to start */
 104              		.loc 1 180 0
 105 0008 FFF7FEFF 		bl	CySysClkWcoStart
 106              	.LVL3:
 181:Generated_Source\PSoC4/cyfitter_cfg.c **** 	(void)CySysClkWcoSetPowerMode(CY_SYS_CLK_WCO_LPM);    /* Switch to the low power mode */
 107              		.loc 1 181 0
 108 000c 2148     		ldr	r0, .L6+4
 109 000e FFF7FEFF 		bl	CyDelayCycles
 110              	.LVL4:
 182:Generated_Source\PSoC4/cyfitter_cfg.c **** 
 111              		.loc 1 182 0
 112 0012 0120     		movs	r0, #1
 113 0014 FFF7FEFF 		bl	CySysClkWcoSetPowerMode
 114              	.LVL5:
 185:Generated_Source\PSoC4/cyfitter_cfg.c **** 	/* CYDEV_CLK_ILO_CONFIG Starting address: CYDEV_CLK_ILO_CONFIG */
 115              		.loc 1 185 0
 116 0018 3020     		movs	r0, #48
 117 001a FFF7FEFF 		bl	CySysClkWriteImoFreq
 118              	.LVL6:
 187:Generated_Source\PSoC4/cyfitter_cfg.c **** 
 119              		.loc 1 187 0
 120 001e 1E4A     		ldr	r2, .L6+8
 121 0020 1E4B     		ldr	r3, .L6+12
 122 0022 1A60     		str	r2, [r3]
 190:Generated_Source\PSoC4/cyfitter_cfg.c **** 
 123              		.loc 1 190 0
 124 0024 1E4C     		ldr	r4, .L6+16
 125 0026 8025     		movs	r5, #128
 126 0028 ED05     		lsls	r5, r5, #23
 127 002a 2560     		str	r5, [r4]
 194:Generated_Source\PSoC4/cyfitter_cfg.c **** 	CY_SET_REG32((void *)(CYREG_BLE_BLERD_BB_XO_CAPTRIM), 0x00003E2Du);
 128              		.loc 1 194 0
 129 002c 1D4A     		ldr	r2, .L6+20
 130 002e 1168     		ldr	r1, [r2]
 131 0030 0223     		movs	r3, #2
 132 0032 0B43     		orrs	r3, r1
 133 0034 1360     		str	r3, [r2]
 195:Generated_Source\PSoC4/cyfitter_cfg.c **** 	/*Set XTAL(ECO) divider*/
 134              		.loc 1 195 0
 135 0036 1C4A     		ldr	r2, .L6+24
 136 0038 1C4B     		ldr	r3, .L6+28
 137 003a 1A60     		str	r2, [r3]
 197:Generated_Source\PSoC4/cyfitter_cfg.c **** 	/* Disable Crystal Stable Interrupt before enabling ECO */
 138              		.loc 1 197 0
ARM GAS  C:\Users\Rafael\AppData\Local\Temp\cczeKXyS.s 			page 8


 139 003c 0022     		movs	r2, #0
 140 003e 1C4B     		ldr	r3, .L6+32
 141 0040 1A60     		str	r2, [r3]
 199:Generated_Source\PSoC4/cyfitter_cfg.c **** 	/* Start the ECO and do not check status since it is not needed for HFCLK */
 142              		.loc 1 199 0
 143 0042 1C4A     		ldr	r2, .L6+36
 144 0044 1368     		ldr	r3, [r2]
 145 0046 0821     		movs	r1, #8
 146 0048 8B43     		bics	r3, r1
 147 004a 1360     		str	r3, [r2]
 201:Generated_Source\PSoC4/cyfitter_cfg.c **** 	CyDelayUs(1500u); /* Wait to stabilize */
 148              		.loc 1 201 0
 149 004c FA20     		movs	r0, #250
 150 004e C000     		lsls	r0, r0, #3
 151 0050 FFF7FEFF 		bl	CySysClkEcoStart
 152              	.LVL7:
 202:Generated_Source\PSoC4/cyfitter_cfg.c **** 
 153              		.loc 1 202 0
 154 0054 1848     		ldr	r0, .L6+40
 155 0056 FFF7FEFF 		bl	CyDelayUs
 156              	.LVL8:
 205:Generated_Source\PSoC4/cyfitter_cfg.c **** 	CY_SET_REG32((void *)CYREG_PERI_DIV_CMD, 0x8000FF40u);
 157              		.loc 1 205 0
 158 005a 8822     		movs	r2, #136
 159 005c 9201     		lsls	r2, r2, #6
 160 005e 174B     		ldr	r3, .L6+44
 161 0060 1A60     		str	r2, [r3]
 206:Generated_Source\PSoC4/cyfitter_cfg.c **** 
 162              		.loc 1 206 0
 163 0062 174A     		ldr	r2, .L6+48
 164 0064 174B     		ldr	r3, .L6+52
 165 0066 1A60     		str	r2, [r3]
 209:Generated_Source\PSoC4/cyfitter_cfg.c **** 
 166              		.loc 1 209 0
 167 0068 8022     		movs	r2, #128
 168 006a 1206     		lsls	r2, r2, #24
 169 006c 164B     		ldr	r3, .L6+56
 170 006e 1A60     		str	r2, [r3]
 212:Generated_Source\PSoC4/cyfitter_cfg.c **** 
 171              		.loc 1 212 0
 172 0070 8022     		movs	r2, #128
 173 0072 D202     		lsls	r2, r2, #11
 174 0074 154B     		ldr	r3, .L6+60
 175 0076 1A60     		str	r2, [r3]
 215:Generated_Source\PSoC4/cyfitter_cfg.c **** 
 176              		.loc 1 215 0
 177 0078 4022     		movs	r2, #64
 178 007a 154B     		ldr	r3, .L6+64
 179 007c 1A60     		str	r2, [r3]
 217:Generated_Source\PSoC4/cyfitter_cfg.c **** 	CyIntEnable(8u);
 180              		.loc 1 217 0
 181 007e 1549     		ldr	r1, .L6+68
 182 0080 0820     		movs	r0, #8
 183 0082 FFF7FEFF 		bl	CyIntSetVector
 184              	.LVL9:
 218:Generated_Source\PSoC4/cyfitter_cfg.c **** 	CY_SET_REG32((void *)(CYREG_WDT_CONFIG), 0x40000000u);
 185              		.loc 1 218 0
ARM GAS  C:\Users\Rafael\AppData\Local\Temp\cczeKXyS.s 			page 9


 186 0086 0820     		movs	r0, #8
 187 0088 FFF7FEFF 		bl	CyIntEnable
 188              	.LVL10:
 219:Generated_Source\PSoC4/cyfitter_cfg.c **** }
 189              		.loc 1 219 0
 190 008c 2560     		str	r5, [r4]
 220:Generated_Source\PSoC4/cyfitter_cfg.c **** 
 191              		.loc 1 220 0
 192              		@ sp needed
 193 008e 70BD     		pop	{r4, r5, r6, pc}
 194              	.L7:
 195              		.align	2
 196              	.L6:
 197 0090 30001040 		.word	1074790448
 198 0094 001BB700 		.word	12000000
 199 0098 06000080 		.word	-2147483642
 200 009c 04010B40 		.word	1074462980
 201 00a0 0C020B40 		.word	1074463244
 202 00a4 78002E40 		.word	1076756600
 203 00a8 2D3E0000 		.word	15917
 204 00ac 7C002E40 		.word	1076756604
 205 00b0 64F02E40 		.word	1076818020
 206 00b4 6CF02E40 		.word	1076818028
 207 00b8 DC050000 		.word	1500
 208 00bc 00030140 		.word	1073808128
 209 00c0 40FF0080 		.word	-2147418304
 210 00c4 00000140 		.word	1073807360
 211 00c8 08010B40 		.word	1074462984
 212 00cc 00010B40 		.word	1074462976
 213 00d0 04010140 		.word	1073807620
 214 00d4 00000000 		.word	CySysWdtIsr
 215              		.cfi_endproc
 216              	.LFE5:
 217              		.size	ClockSetup, .-ClockSetup
 218              		.align	2
 219              		.global	cyfitter_cfg
 220              		.code	16
 221              		.thumb_func
 222              		.type	cyfitter_cfg, %function
 223              	cyfitter_cfg:
 224              	.LFB7:
 248:Generated_Source\PSoC4/cyfitter_cfg.c **** 
 249:Generated_Source\PSoC4/cyfitter_cfg.c **** 
 250:Generated_Source\PSoC4/cyfitter_cfg.c **** 
 251:Generated_Source\PSoC4/cyfitter_cfg.c **** 
 252:Generated_Source\PSoC4/cyfitter_cfg.c **** /*******************************************************************************
 253:Generated_Source\PSoC4/cyfitter_cfg.c **** * Function Name: cyfitter_cfg
 254:Generated_Source\PSoC4/cyfitter_cfg.c **** ********************************************************************************
 255:Generated_Source\PSoC4/cyfitter_cfg.c **** * Summary:
 256:Generated_Source\PSoC4/cyfitter_cfg.c **** *  This function is called by the start-up code for the selected device. It
 257:Generated_Source\PSoC4/cyfitter_cfg.c **** *  performs all of the necessary device configuration based on the design
 258:Generated_Source\PSoC4/cyfitter_cfg.c **** *  settings.  This includes settings from the Design Wide Resources (DWR) such
 259:Generated_Source\PSoC4/cyfitter_cfg.c **** *  as Clocks and Pins as well as any component configuration that is necessary.
 260:Generated_Source\PSoC4/cyfitter_cfg.c **** *
 261:Generated_Source\PSoC4/cyfitter_cfg.c **** * Parameters:
 262:Generated_Source\PSoC4/cyfitter_cfg.c **** *   void
 263:Generated_Source\PSoC4/cyfitter_cfg.c **** *
ARM GAS  C:\Users\Rafael\AppData\Local\Temp\cczeKXyS.s 			page 10


 264:Generated_Source\PSoC4/cyfitter_cfg.c **** * Return:
 265:Generated_Source\PSoC4/cyfitter_cfg.c **** *   void
 266:Generated_Source\PSoC4/cyfitter_cfg.c **** *
 267:Generated_Source\PSoC4/cyfitter_cfg.c **** *******************************************************************************/
 268:Generated_Source\PSoC4/cyfitter_cfg.c **** CY_CFG_SECTION
 269:Generated_Source\PSoC4/cyfitter_cfg.c **** void cyfitter_cfg(void)
 270:Generated_Source\PSoC4/cyfitter_cfg.c **** {
 225              		.loc 1 270 0
 226              		.cfi_startproc
 227              		@ args = 0, pretend = 0, frame = 0
 228              		@ frame_needed = 0, uses_anonymous_args = 0
 229 00d8 10B5     		push	{r4, lr}
 230              		.cfi_def_cfa_offset 8
 231              		.cfi_offset 4, -8
 232              		.cfi_offset 14, -4
 271:Generated_Source\PSoC4/cyfitter_cfg.c **** 	/* Disable interrupts by default. Let user enable if/when they want. */
 272:Generated_Source\PSoC4/cyfitter_cfg.c **** 	CyGlobalIntDisable;
 233              		.loc 1 272 0
 234              		.syntax divided
 235              	@ 272 "Generated_Source\PSoC4\cyfitter_cfg.c" 1
 236 00da 72B6     		CPSID   i
 237              	@ 0 "" 2
 273:Generated_Source\PSoC4/cyfitter_cfg.c **** 
 274:Generated_Source\PSoC4/cyfitter_cfg.c **** 	CY_SET_REG32((void *)(CYREG_BLE_BLESS_LL_DSM_CTRL), 0x00000000u);
 238              		.loc 1 274 0
 239              		.thumb
 240              		.syntax unified
 241 00dc 0022     		movs	r2, #0
 242 00de 184B     		ldr	r3, .L11
 243 00e0 1A60     		str	r2, [r3]
 244              	.LVL11:
 245              	.LBB2:
 275:Generated_Source\PSoC4/cyfitter_cfg.c **** 
 276:Generated_Source\PSoC4/cyfitter_cfg.c **** 	{
 277:Generated_Source\PSoC4/cyfitter_cfg.c **** 
 278:Generated_Source\PSoC4/cyfitter_cfg.c **** 		CYPACKED typedef struct {
 279:Generated_Source\PSoC4/cyfitter_cfg.c **** 			void CYFAR *address;
 280:Generated_Source\PSoC4/cyfitter_cfg.c **** 			uint16 size;
 281:Generated_Source\PSoC4/cyfitter_cfg.c **** 		} CYPACKED_ATTR cfg_memset_t;
 282:Generated_Source\PSoC4/cyfitter_cfg.c **** 
 283:Generated_Source\PSoC4/cyfitter_cfg.c **** 		static const cfg_memset_t CYCODE cfg_memset_list[] = {
 284:Generated_Source\PSoC4/cyfitter_cfg.c **** 			/* address, size */
 285:Generated_Source\PSoC4/cyfitter_cfg.c **** 			{(void CYFAR *)(CYDEV_UDB_P0_U0_BASE), 1024u},
 286:Generated_Source\PSoC4/cyfitter_cfg.c **** 			{(void CYFAR *)(CYDEV_UDB_DSI0_BASE), 1024u},
 287:Generated_Source\PSoC4/cyfitter_cfg.c **** 		};
 288:Generated_Source\PSoC4/cyfitter_cfg.c **** 
 289:Generated_Source\PSoC4/cyfitter_cfg.c **** 		uint8 CYDATA i;
 290:Generated_Source\PSoC4/cyfitter_cfg.c **** 
 291:Generated_Source\PSoC4/cyfitter_cfg.c **** 		/* Zero out critical memory blocks before beginning configuration */
 292:Generated_Source\PSoC4/cyfitter_cfg.c **** 		for (i = 0u; i < (sizeof(cfg_memset_list)/sizeof(cfg_memset_list[0])); i++)
 246              		.loc 1 292 0
 247 00e2 0024     		movs	r4, #0
 248 00e4 0FE0     		b	.L9
 249              	.LVL12:
 250              	.L10:
 251              	.LBB3:
 293:Generated_Source\PSoC4/cyfitter_cfg.c **** 		{
ARM GAS  C:\Users\Rafael\AppData\Local\Temp\cczeKXyS.s 			page 11


 294:Generated_Source\PSoC4/cyfitter_cfg.c **** 			const cfg_memset_t CYCODE * CYDATA ms = &cfg_memset_list[i];
 295:Generated_Source\PSoC4/cyfitter_cfg.c **** 			CYMEMZERO(ms->address, (size_t)(uint32)(ms->size));
 252              		.loc 1 295 0 discriminator 3
 253 00e6 1748     		ldr	r0, .L11+4
 254 00e8 6200     		lsls	r2, r4, #1
 255 00ea 1319     		adds	r3, r2, r4
 256 00ec 5900     		lsls	r1, r3, #1
 257 00ee 0B00     		movs	r3, r1
 258 00f0 4118     		adds	r1, r0, r1
 259 00f2 8988     		ldrh	r1, [r1, #4]
 260 00f4 1A5A     		ldrh	r2, [r3, r0]
 261 00f6 C318     		adds	r3, r0, r3
 262 00f8 5888     		ldrh	r0, [r3, #2]
 263 00fa 0004     		lsls	r0, r0, #16
 264 00fc 1043     		orrs	r0, r2
 265 00fe FFF7FEFF 		bl	CYMEMZERO
 266              	.LVL13:
 267              	.LBE3:
 292:Generated_Source\PSoC4/cyfitter_cfg.c **** 		{
 268              		.loc 1 292 0 discriminator 3
 269 0102 0134     		adds	r4, r4, #1
 270              	.LVL14:
 271 0104 E4B2     		uxtb	r4, r4
 272              	.LVL15:
 273              	.L9:
 292:Generated_Source\PSoC4/cyfitter_cfg.c **** 		{
 274              		.loc 1 292 0 is_stmt 0 discriminator 1
 275 0106 012C     		cmp	r4, #1
 276 0108 EDD9     		bls	.L10
 296:Generated_Source\PSoC4/cyfitter_cfg.c **** 		}
 297:Generated_Source\PSoC4/cyfitter_cfg.c **** 
 298:Generated_Source\PSoC4/cyfitter_cfg.c **** 		/* HSIOM Starting address: CYDEV_HSIOM_BASE */
 299:Generated_Source\PSoC4/cyfitter_cfg.c **** 		CY_SET_REG32((void *)(CYDEV_HSIOM_BASE), 0xEE990000u);
 277              		.loc 1 299 0 is_stmt 1
 278 010a 0F4A     		ldr	r2, .L11+8
 279 010c 0F4B     		ldr	r3, .L11+12
 280 010e 1A60     		str	r2, [r3]
 300:Generated_Source\PSoC4/cyfitter_cfg.c **** 
 301:Generated_Source\PSoC4/cyfitter_cfg.c **** 		/* UDB_PA_0 Starting address: CYDEV_UDB_PA0_BASE */
 302:Generated_Source\PSoC4/cyfitter_cfg.c **** 		CY_SET_REG32((void *)(CYDEV_UDB_PA0_BASE), 0x00990000u);
 281              		.loc 1 302 0
 282 0110 9922     		movs	r2, #153
 283 0112 1204     		lsls	r2, r2, #16
 284 0114 0E4B     		ldr	r3, .L11+16
 285 0116 1A60     		str	r2, [r3]
 303:Generated_Source\PSoC4/cyfitter_cfg.c **** 
 304:Generated_Source\PSoC4/cyfitter_cfg.c **** 		/* Enable digital routing */
 305:Generated_Source\PSoC4/cyfitter_cfg.c **** 		CY_SET_XTND_REG8((void *)CYREG_UDB_UDBIF_BANK_CTL, (uint8)(CY_GET_XTND_REG8((void *)CYREG_UDB_UDB
 286              		.loc 1 305 0
 287 0118 0E4A     		ldr	r2, .L11+20
 288 011a 1178     		ldrb	r1, [r2]
 289 011c 0623     		movs	r3, #6
 290 011e 0B43     		orrs	r3, r1
 291 0120 DBB2     		uxtb	r3, r3
 292 0122 1370     		strb	r3, [r2]
 293              	.LBE2:
 306:Generated_Source\PSoC4/cyfitter_cfg.c **** 	}
ARM GAS  C:\Users\Rafael\AppData\Local\Temp\cczeKXyS.s 			page 12


 307:Generated_Source\PSoC4/cyfitter_cfg.c **** 
 308:Generated_Source\PSoC4/cyfitter_cfg.c **** 	/* Perform second pass device configuration. These items must be configured in specific order afte
 309:Generated_Source\PSoC4/cyfitter_cfg.c **** 	/* IOPINS0_0 Starting address: CYDEV_GPIO_PRT0_BASE */
 310:Generated_Source\PSoC4/cyfitter_cfg.c **** 	CY_SET_REG32((void *)(CYDEV_GPIO_PRT0_BASE), 0x00000020u);
 294              		.loc 1 310 0
 295 0124 2023     		movs	r3, #32
 296 0126 0C4A     		ldr	r2, .L11+24
 297 0128 1360     		str	r3, [r2]
 311:Generated_Source\PSoC4/cyfitter_cfg.c **** 	CY_SET_REG32((void *)(CYREG_GPIO_PRT0_PC), 0x00DB1000u);
 298              		.loc 1 311 0
 299 012a 0C49     		ldr	r1, .L11+28
 300 012c 0C4A     		ldr	r2, .L11+32
 301 012e 1160     		str	r1, [r2]
 312:Generated_Source\PSoC4/cyfitter_cfg.c **** 	CY_SET_REG32((void *)(CYREG_GPIO_PRT0_PC2), 0x00000020u);
 302              		.loc 1 312 0
 303 0130 0C4A     		ldr	r2, .L11+36
 304 0132 1360     		str	r3, [r2]
 313:Generated_Source\PSoC4/cyfitter_cfg.c **** 
 314:Generated_Source\PSoC4/cyfitter_cfg.c **** 
 315:Generated_Source\PSoC4/cyfitter_cfg.c **** 	/* Setup clocks based on selections from Clock DWR */
 316:Generated_Source\PSoC4/cyfitter_cfg.c **** 	ClockSetup();
 305              		.loc 1 316 0
 306 0134 FFF764FF 		bl	ClockSetup
 307              	.LVL16:
 317:Generated_Source\PSoC4/cyfitter_cfg.c **** 
 318:Generated_Source\PSoC4/cyfitter_cfg.c **** 	/* Perform basic analog initialization to defaults */
 319:Generated_Source\PSoC4/cyfitter_cfg.c **** 	AnalogSetDefault();
 308              		.loc 1 319 0
 309 0138 FFF7FEFF 		bl	AnalogSetDefault
 310              	.LVL17:
 320:Generated_Source\PSoC4/cyfitter_cfg.c **** 
 321:Generated_Source\PSoC4/cyfitter_cfg.c **** }
 311              		.loc 1 321 0
 312              		@ sp needed
 313              	.LVL18:
 314 013c 10BD     		pop	{r4, pc}
 315              	.L12:
 316 013e C046     		.align	2
 317              	.L11:
 318 0140 6CF02E40 		.word	1076818028
 319 0144 00000000 		.word	.LANCHOR0
 320 0148 000099EE 		.word	-291962880
 321 014c 00000240 		.word	1073872896
 322 0150 00500F40 		.word	1074745344
 323 0154 00700F40 		.word	1074753536
 324 0158 00000440 		.word	1074003968
 325 015c 0010DB00 		.word	14356480
 326 0160 08000440 		.word	1074003976
 327 0164 18000440 		.word	1074003992
 328              		.cfi_endproc
 329              	.LFE7:
 330              		.size	cyfitter_cfg, .-cyfitter_cfg
 331              		.section	.rodata
 332              		.align	2
 333              		.set	.LANCHOR0,. + 0
 334              		.type	cfg_memset_list.4884, %object
 335              		.size	cfg_memset_list.4884, 12
ARM GAS  C:\Users\Rafael\AppData\Local\Temp\cczeKXyS.s 			page 13


 336              	cfg_memset_list.4884:
 337 0000 00300F40 		.word	1074737152
 338 0004 0004     		.short	1024
 339 0006 00400F40 		.4byte	1074741248
 340 000a 0004     		.short	1024
 341              		.text
 342              	.Letext0:
 343              		.file 2 "c:\\program files (x86)\\cypress\\psoc creator\\4.1\\psoc creator\\import\\gnu\\arm\\5.4.
 344              		.file 3 "Generated_Source\\PSoC4\\cytypes.h"
 345              		.file 4 "Generated_Source\\PSoC4\\CyLFClk.h"
 346              		.file 5 "Generated_Source\\PSoC4\\CyLib.h"
 347              		.section	.debug_info,"",%progbits
 348              	.Ldebug_info0:
 349 0000 29030000 		.4byte	0x329
 350 0004 0400     		.2byte	0x4
 351 0006 00000000 		.4byte	.Ldebug_abbrev0
 352 000a 04       		.byte	0x4
 353 000b 01       		.uleb128 0x1
 354 000c 71010000 		.4byte	.LASF34
 355 0010 0C       		.byte	0xc
 356 0011 83020000 		.4byte	.LASF35
 357 0015 F3000000 		.4byte	.LASF36
 358 0019 00000000 		.4byte	.Ldebug_ranges0+0
 359 001d 00000000 		.4byte	0
 360 0021 00000000 		.4byte	.Ldebug_line0
 361 0025 02       		.uleb128 0x2
 362 0026 04       		.byte	0x4
 363 0027 05       		.byte	0x5
 364 0028 696E7400 		.ascii	"int\000"
 365 002c 03       		.uleb128 0x3
 366 002d 14000000 		.4byte	.LASF12
 367 0031 02       		.byte	0x2
 368 0032 D8       		.byte	0xd8
 369 0033 37000000 		.4byte	0x37
 370 0037 04       		.uleb128 0x4
 371 0038 04       		.byte	0x4
 372 0039 07       		.byte	0x7
 373 003a 38010000 		.4byte	.LASF0
 374 003e 04       		.uleb128 0x4
 375 003f 08       		.byte	0x8
 376 0040 05       		.byte	0x5
 377 0041 15020000 		.4byte	.LASF1
 378 0045 04       		.uleb128 0x4
 379 0046 08       		.byte	0x8
 380 0047 04       		.byte	0x4
 381 0048 6B020000 		.4byte	.LASF2
 382 004c 04       		.uleb128 0x4
 383 004d 01       		.byte	0x1
 384 004e 06       		.byte	0x6
 385 004f 77020000 		.4byte	.LASF3
 386 0053 04       		.uleb128 0x4
 387 0054 01       		.byte	0x1
 388 0055 08       		.byte	0x8
 389 0056 C4000000 		.4byte	.LASF4
 390 005a 04       		.uleb128 0x4
 391 005b 02       		.byte	0x2
 392 005c 05       		.byte	0x5
ARM GAS  C:\Users\Rafael\AppData\Local\Temp\cczeKXyS.s 			page 14


 393 005d 43020000 		.4byte	.LASF5
 394 0061 04       		.uleb128 0x4
 395 0062 02       		.byte	0x2
 396 0063 07       		.byte	0x7
 397 0064 56000000 		.4byte	.LASF6
 398 0068 04       		.uleb128 0x4
 399 0069 04       		.byte	0x4
 400 006a 05       		.byte	0x5
 401 006b 62020000 		.4byte	.LASF7
 402 006f 04       		.uleb128 0x4
 403 0070 04       		.byte	0x4
 404 0071 07       		.byte	0x7
 405 0072 91000000 		.4byte	.LASF8
 406 0076 04       		.uleb128 0x4
 407 0077 08       		.byte	0x8
 408 0078 07       		.byte	0x7
 409 0079 5A010000 		.4byte	.LASF9
 410 007d 04       		.uleb128 0x4
 411 007e 04       		.byte	0x4
 412 007f 07       		.byte	0x7
 413 0080 0C020000 		.4byte	.LASF10
 414 0084 05       		.uleb128 0x5
 415 0085 04       		.byte	0x4
 416 0086 04       		.uleb128 0x4
 417 0087 01       		.byte	0x1
 418 0088 08       		.byte	0x8
 419 0089 2D020000 		.4byte	.LASF11
 420 008d 06       		.uleb128 0x6
 421 008e A3000000 		.4byte	.LASF13
 422 0092 03       		.byte	0x3
 423 0093 D201     		.2byte	0x1d2
 424 0095 53000000 		.4byte	0x53
 425 0099 06       		.uleb128 0x6
 426 009a EC000000 		.4byte	.LASF14
 427 009e 03       		.byte	0x3
 428 009f D301     		.2byte	0x1d3
 429 00a1 61000000 		.4byte	0x61
 430 00a5 06       		.uleb128 0x6
 431 00a6 31010000 		.4byte	.LASF15
 432 00aa 03       		.byte	0x3
 433 00ab D401     		.2byte	0x1d4
 434 00ad 6F000000 		.4byte	0x6f
 435 00b1 04       		.uleb128 0x4
 436 00b2 04       		.byte	0x4
 437 00b3 04       		.byte	0x4
 438 00b4 69000000 		.4byte	.LASF16
 439 00b8 04       		.uleb128 0x4
 440 00b9 08       		.byte	0x8
 441 00ba 04       		.byte	0x4
 442 00bb D9000000 		.4byte	.LASF17
 443 00bf 06       		.uleb128 0x6
 444 00c0 8C000000 		.4byte	.LASF18
 445 00c4 03       		.byte	0x3
 446 00c5 7C02     		.2byte	0x27c
 447 00c7 CB000000 		.4byte	0xcb
 448 00cb 07       		.uleb128 0x7
 449 00cc 8D000000 		.4byte	0x8d
ARM GAS  C:\Users\Rafael\AppData\Local\Temp\cczeKXyS.s 			page 15


 450 00d0 06       		.uleb128 0x6
 451 00d1 0E000000 		.4byte	.LASF19
 452 00d5 03       		.byte	0x3
 453 00d6 7E02     		.2byte	0x27e
 454 00d8 DC000000 		.4byte	0xdc
 455 00dc 07       		.uleb128 0x7
 456 00dd A5000000 		.4byte	0xa5
 457 00e1 08       		.uleb128 0x8
 458 00e2 1B000000 		.4byte	.LASF37
 459 00e6 01       		.byte	0x1
 460 00e7 F2       		.byte	0xf2
 461 00e8 00000000 		.4byte	.LFB6
 462 00ec 20000000 		.4byte	.LFE6-.LFB6
 463 00f0 01       		.uleb128 0x1
 464 00f1 9C       		.byte	0x9c
 465 00f2 09       		.uleb128 0x9
 466 00f3 BA000000 		.4byte	.LASF20
 467 00f7 01       		.byte	0x1
 468 00f8 4C       		.byte	0x4c
 469 00f9 00000000 		.4byte	.LFB2
 470 00fd 0C000000 		.4byte	.LFE2-.LFB2
 471 0101 01       		.uleb128 0x1
 472 0102 9C       		.byte	0x9c
 473 0103 3F010000 		.4byte	0x13f
 474 0107 0A       		.uleb128 0xa
 475 0108 7300     		.ascii	"s\000"
 476 010a 01       		.byte	0x1
 477 010b 4C       		.byte	0x4c
 478 010c 84000000 		.4byte	0x84
 479 0110 00000000 		.4byte	.LLST0
 480 0114 0A       		.uleb128 0xa
 481 0115 6E00     		.ascii	"n\000"
 482 0117 01       		.byte	0x1
 483 0118 4C       		.byte	0x4c
 484 0119 2C000000 		.4byte	0x2c
 485 011d 21000000 		.4byte	.LLST1
 486 0121 0B       		.uleb128 0xb
 487 0122 0A000000 		.4byte	.LVL2
 488 0126 CB020000 		.4byte	0x2cb
 489 012a 0C       		.uleb128 0xc
 490 012b 01       		.uleb128 0x1
 491 012c 50       		.byte	0x50
 492 012d 03       		.uleb128 0x3
 493 012e F3       		.byte	0xf3
 494 012f 01       		.uleb128 0x1
 495 0130 50       		.byte	0x50
 496 0131 0C       		.uleb128 0xc
 497 0132 01       		.uleb128 0x1
 498 0133 51       		.byte	0x51
 499 0134 01       		.uleb128 0x1
 500 0135 30       		.byte	0x30
 501 0136 0C       		.uleb128 0xc
 502 0137 01       		.uleb128 0x1
 503 0138 52       		.byte	0x52
 504 0139 03       		.uleb128 0x3
 505 013a F3       		.byte	0xf3
 506 013b 01       		.uleb128 0x1
ARM GAS  C:\Users\Rafael\AppData\Local\Temp\cczeKXyS.s 			page 16


 507 013c 51       		.byte	0x51
 508 013d 00       		.byte	0
 509 013e 00       		.byte	0
 510 013f 09       		.uleb128 0x9
 511 0140 4B000000 		.4byte	.LASF21
 512 0144 01       		.byte	0x1
 513 0145 AD       		.byte	0xad
 514 0146 00000000 		.4byte	.LFB5
 515 014a D8000000 		.4byte	.LFE5-.LFB5
 516 014e 01       		.uleb128 0x1
 517 014f 9C       		.byte	0x9c
 518 0150 E8010000 		.4byte	0x1e8
 519 0154 0D       		.uleb128 0xd
 520 0155 0C000000 		.4byte	.LVL3
 521 0159 D4020000 		.4byte	0x2d4
 522 015d 0E       		.uleb128 0xe
 523 015e 12000000 		.4byte	.LVL4
 524 0162 DF020000 		.4byte	0x2df
 525 0166 74010000 		.4byte	0x174
 526 016a 0C       		.uleb128 0xc
 527 016b 01       		.uleb128 0x1
 528 016c 50       		.byte	0x50
 529 016d 05       		.uleb128 0x5
 530 016e 0C       		.byte	0xc
 531 016f 001BB700 		.4byte	0xb71b00
 532 0173 00       		.byte	0
 533 0174 0E       		.uleb128 0xe
 534 0175 18000000 		.4byte	.LVL5
 535 0179 EA020000 		.4byte	0x2ea
 536 017d 87010000 		.4byte	0x187
 537 0181 0C       		.uleb128 0xc
 538 0182 01       		.uleb128 0x1
 539 0183 50       		.byte	0x50
 540 0184 01       		.uleb128 0x1
 541 0185 31       		.byte	0x31
 542 0186 00       		.byte	0
 543 0187 0E       		.uleb128 0xe
 544 0188 1E000000 		.4byte	.LVL6
 545 018c F5020000 		.4byte	0x2f5
 546 0190 9B010000 		.4byte	0x19b
 547 0194 0C       		.uleb128 0xc
 548 0195 01       		.uleb128 0x1
 549 0196 50       		.byte	0x50
 550 0197 02       		.uleb128 0x2
 551 0198 08       		.byte	0x8
 552 0199 30       		.byte	0x30
 553 019a 00       		.byte	0
 554 019b 0E       		.uleb128 0xe
 555 019c 54000000 		.4byte	.LVL7
 556 01a0 00030000 		.4byte	0x300
 557 01a4 B0010000 		.4byte	0x1b0
 558 01a8 0C       		.uleb128 0xc
 559 01a9 01       		.uleb128 0x1
 560 01aa 50       		.byte	0x50
 561 01ab 03       		.uleb128 0x3
 562 01ac 0A       		.byte	0xa
 563 01ad D007     		.2byte	0x7d0
ARM GAS  C:\Users\Rafael\AppData\Local\Temp\cczeKXyS.s 			page 17


 564 01af 00       		.byte	0
 565 01b0 0E       		.uleb128 0xe
 566 01b1 5A000000 		.4byte	.LVL8
 567 01b5 0B030000 		.4byte	0x30b
 568 01b9 C5010000 		.4byte	0x1c5
 569 01bd 0C       		.uleb128 0xc
 570 01be 01       		.uleb128 0x1
 571 01bf 50       		.byte	0x50
 572 01c0 03       		.uleb128 0x3
 573 01c1 0A       		.byte	0xa
 574 01c2 DC05     		.2byte	0x5dc
 575 01c4 00       		.byte	0
 576 01c5 0E       		.uleb128 0xe
 577 01c6 86000000 		.4byte	.LVL9
 578 01ca 16030000 		.4byte	0x316
 579 01ce D8010000 		.4byte	0x1d8
 580 01d2 0C       		.uleb128 0xc
 581 01d3 01       		.uleb128 0x1
 582 01d4 50       		.byte	0x50
 583 01d5 01       		.uleb128 0x1
 584 01d6 38       		.byte	0x38
 585 01d7 00       		.byte	0
 586 01d8 0B       		.uleb128 0xb
 587 01d9 8C000000 		.4byte	.LVL10
 588 01dd 21030000 		.4byte	0x321
 589 01e1 0C       		.uleb128 0xc
 590 01e2 01       		.uleb128 0x1
 591 01e3 50       		.byte	0x50
 592 01e4 01       		.uleb128 0x1
 593 01e5 38       		.byte	0x38
 594 01e6 00       		.byte	0
 595 01e7 00       		.byte	0
 596 01e8 0F       		.uleb128 0xf
 597 01e9 45010000 		.4byte	.LASF38
 598 01ed 01       		.byte	0x1
 599 01ee 0D01     		.2byte	0x10d
 600 01f0 D8000000 		.4byte	.LFB7
 601 01f4 90000000 		.4byte	.LFE7-.LFB7
 602 01f8 01       		.uleb128 0x1
 603 01f9 9C       		.byte	0x9c
 604 01fa CB020000 		.4byte	0x2cb
 605 01fe 10       		.uleb128 0x10
 606 01ff E2000000 		.4byte	.LBB2
 607 0203 42000000 		.4byte	.LBE2-.LBB2
 608 0207 B8020000 		.4byte	0x2b8
 609 020b 11       		.uleb128 0x11
 610 020c 06       		.byte	0x6
 611 020d 01       		.byte	0x1
 612 020e 1601     		.2byte	0x116
 613 0210 2F020000 		.4byte	0x22f
 614 0214 12       		.uleb128 0x12
 615 0215 52010000 		.4byte	.LASF22
 616 0219 01       		.byte	0x1
 617 021a 1701     		.2byte	0x117
 618 021c 84000000 		.4byte	0x84
 619 0220 00       		.byte	0
 620 0221 12       		.uleb128 0x12
ARM GAS  C:\Users\Rafael\AppData\Local\Temp\cczeKXyS.s 			page 18


 621 0222 6F000000 		.4byte	.LASF23
 622 0226 01       		.byte	0x1
 623 0227 1801     		.2byte	0x118
 624 0229 99000000 		.4byte	0x99
 625 022d 04       		.byte	0x4
 626 022e 00       		.byte	0
 627 022f 06       		.uleb128 0x6
 628 0230 FF010000 		.4byte	.LASF24
 629 0234 01       		.byte	0x1
 630 0235 1901     		.2byte	0x119
 631 0237 0B020000 		.4byte	0x20b
 632 023b 13       		.uleb128 0x13
 633 023c 4B020000 		.4byte	0x24b
 634 0240 4B020000 		.4byte	0x24b
 635 0244 14       		.uleb128 0x14
 636 0245 7D000000 		.4byte	0x7d
 637 0249 01       		.byte	0x1
 638 024a 00       		.byte	0
 639 024b 15       		.uleb128 0x15
 640 024c 2F020000 		.4byte	0x22f
 641 0250 16       		.uleb128 0x16
 642 0251 3B000000 		.4byte	.LASF25
 643 0255 01       		.byte	0x1
 644 0256 1B01     		.2byte	0x11b
 645 0258 62020000 		.4byte	0x262
 646 025c 05       		.uleb128 0x5
 647 025d 03       		.byte	0x3
 648 025e 00000000 		.4byte	cfg_memset_list.4884
 649 0262 15       		.uleb128 0x15
 650 0263 3B020000 		.4byte	0x23b
 651 0267 17       		.uleb128 0x17
 652 0268 6900     		.ascii	"i\000"
 653 026a 01       		.byte	0x1
 654 026b 2101     		.2byte	0x121
 655 026d 8D000000 		.4byte	0x8d
 656 0271 4D000000 		.4byte	.LLST2
 657 0275 18       		.uleb128 0x18
 658 0276 E6000000 		.4byte	.LBB3
 659 027a 1C000000 		.4byte	.LBE3-.LBB3
 660 027e 17       		.uleb128 0x17
 661 027f 6D7300   		.ascii	"ms\000"
 662 0282 01       		.byte	0x1
 663 0283 2601     		.2byte	0x126
 664 0285 8D020000 		.4byte	0x28d
 665 0289 77000000 		.4byte	.LLST3
 666 028d 19       		.uleb128 0x19
 667 028e 04       		.byte	0x4
 668 028f 4B020000 		.4byte	0x24b
 669 0293 0B       		.uleb128 0xb
 670 0294 02010000 		.4byte	.LVL13
 671 0298 F2000000 		.4byte	0xf2
 672 029c 0C       		.uleb128 0xc
 673 029d 01       		.uleb128 0x1
 674 029e 51       		.byte	0x51
 675 029f 15       		.uleb128 0x15
 676 02a0 74       		.byte	0x74
 677 02a1 00       		.sleb128 0
ARM GAS  C:\Users\Rafael\AppData\Local\Temp\cczeKXyS.s 			page 19


 678 02a2 31       		.byte	0x31
 679 02a3 24       		.byte	0x24
 680 02a4 74       		.byte	0x74
 681 02a5 00       		.sleb128 0
 682 02a6 22       		.byte	0x22
 683 02a7 31       		.byte	0x31
 684 02a8 24       		.byte	0x24
 685 02a9 03       		.byte	0x3
 686 02aa 04000000 		.4byte	.LANCHOR0+4
 687 02ae 22       		.byte	0x22
 688 02af 94       		.byte	0x94
 689 02b0 02       		.byte	0x2
 690 02b1 0A       		.byte	0xa
 691 02b2 FFFF     		.2byte	0xffff
 692 02b4 1A       		.byte	0x1a
 693 02b5 00       		.byte	0
 694 02b6 00       		.byte	0
 695 02b7 00       		.byte	0
 696 02b8 0D       		.uleb128 0xd
 697 02b9 38010000 		.4byte	.LVL16
 698 02bd 3F010000 		.4byte	0x13f
 699 02c1 0D       		.uleb128 0xd
 700 02c2 3C010000 		.4byte	.LVL17
 701 02c6 E1000000 		.4byte	0xe1
 702 02ca 00       		.byte	0
 703 02cb 1A       		.uleb128 0x1a
 704 02cc D2000000 		.4byte	.LASF39
 705 02d0 D2000000 		.4byte	.LASF39
 706 02d4 1B       		.uleb128 0x1b
 707 02d5 A9000000 		.4byte	.LASF26
 708 02d9 A9000000 		.4byte	.LASF26
 709 02dd 04       		.byte	0x4
 710 02de 4E       		.byte	0x4e
 711 02df 1B       		.uleb128 0x1b
 712 02e0 00000000 		.4byte	.LASF27
 713 02e4 00000000 		.4byte	.LASF27
 714 02e8 05       		.byte	0x5
 715 02e9 DC       		.byte	0xdc
 716 02ea 1B       		.uleb128 0x1b
 717 02eb 74000000 		.4byte	.LASF28
 718 02ef 74000000 		.4byte	.LASF28
 719 02f3 04       		.byte	0x4
 720 02f4 50       		.byte	0x50
 721 02f5 1B       		.uleb128 0x1b
 722 02f6 4D020000 		.4byte	.LASF29
 723 02fa 4D020000 		.4byte	.LASF29
 724 02fe 05       		.byte	0x5
 725 02ff 6C       		.byte	0x6c
 726 0300 1B       		.uleb128 0x1b
 727 0301 32020000 		.4byte	.LASF30
 728 0305 32020000 		.4byte	.LASF30
 729 0309 05       		.byte	0x5
 730 030a 84       		.byte	0x84
 731 030b 1B       		.uleb128 0x1b
 732 030c 23020000 		.4byte	.LASF31
 733 0310 23020000 		.4byte	.LASF31
 734 0314 05       		.byte	0x5
ARM GAS  C:\Users\Rafael\AppData\Local\Temp\cczeKXyS.s 			page 20


 735 0315 DA       		.byte	0xda
 736 0316 1B       		.uleb128 0x1b
 737 0317 2C000000 		.4byte	.LASF32
 738 031b 2C000000 		.4byte	.LASF32
 739 031f 05       		.byte	0x5
 740 0320 BD       		.byte	0xbd
 741 0321 1B       		.uleb128 0x1b
 742 0322 E0000000 		.4byte	.LASF33
 743 0326 E0000000 		.4byte	.LASF33
 744 032a 05       		.byte	0x5
 745 032b C3       		.byte	0xc3
 746 032c 00       		.byte	0
 747              		.section	.debug_abbrev,"",%progbits
 748              	.Ldebug_abbrev0:
 749 0000 01       		.uleb128 0x1
 750 0001 11       		.uleb128 0x11
 751 0002 01       		.byte	0x1
 752 0003 25       		.uleb128 0x25
 753 0004 0E       		.uleb128 0xe
 754 0005 13       		.uleb128 0x13
 755 0006 0B       		.uleb128 0xb
 756 0007 03       		.uleb128 0x3
 757 0008 0E       		.uleb128 0xe
 758 0009 1B       		.uleb128 0x1b
 759 000a 0E       		.uleb128 0xe
 760 000b 55       		.uleb128 0x55
 761 000c 17       		.uleb128 0x17
 762 000d 11       		.uleb128 0x11
 763 000e 01       		.uleb128 0x1
 764 000f 10       		.uleb128 0x10
 765 0010 17       		.uleb128 0x17
 766 0011 00       		.byte	0
 767 0012 00       		.byte	0
 768 0013 02       		.uleb128 0x2
 769 0014 24       		.uleb128 0x24
 770 0015 00       		.byte	0
 771 0016 0B       		.uleb128 0xb
 772 0017 0B       		.uleb128 0xb
 773 0018 3E       		.uleb128 0x3e
 774 0019 0B       		.uleb128 0xb
 775 001a 03       		.uleb128 0x3
 776 001b 08       		.uleb128 0x8
 777 001c 00       		.byte	0
 778 001d 00       		.byte	0
 779 001e 03       		.uleb128 0x3
 780 001f 16       		.uleb128 0x16
 781 0020 00       		.byte	0
 782 0021 03       		.uleb128 0x3
 783 0022 0E       		.uleb128 0xe
 784 0023 3A       		.uleb128 0x3a
 785 0024 0B       		.uleb128 0xb
 786 0025 3B       		.uleb128 0x3b
 787 0026 0B       		.uleb128 0xb
 788 0027 49       		.uleb128 0x49
 789 0028 13       		.uleb128 0x13
 790 0029 00       		.byte	0
 791 002a 00       		.byte	0
ARM GAS  C:\Users\Rafael\AppData\Local\Temp\cczeKXyS.s 			page 21


 792 002b 04       		.uleb128 0x4
 793 002c 24       		.uleb128 0x24
 794 002d 00       		.byte	0
 795 002e 0B       		.uleb128 0xb
 796 002f 0B       		.uleb128 0xb
 797 0030 3E       		.uleb128 0x3e
 798 0031 0B       		.uleb128 0xb
 799 0032 03       		.uleb128 0x3
 800 0033 0E       		.uleb128 0xe
 801 0034 00       		.byte	0
 802 0035 00       		.byte	0
 803 0036 05       		.uleb128 0x5
 804 0037 0F       		.uleb128 0xf
 805 0038 00       		.byte	0
 806 0039 0B       		.uleb128 0xb
 807 003a 0B       		.uleb128 0xb
 808 003b 00       		.byte	0
 809 003c 00       		.byte	0
 810 003d 06       		.uleb128 0x6
 811 003e 16       		.uleb128 0x16
 812 003f 00       		.byte	0
 813 0040 03       		.uleb128 0x3
 814 0041 0E       		.uleb128 0xe
 815 0042 3A       		.uleb128 0x3a
 816 0043 0B       		.uleb128 0xb
 817 0044 3B       		.uleb128 0x3b
 818 0045 05       		.uleb128 0x5
 819 0046 49       		.uleb128 0x49
 820 0047 13       		.uleb128 0x13
 821 0048 00       		.byte	0
 822 0049 00       		.byte	0
 823 004a 07       		.uleb128 0x7
 824 004b 35       		.uleb128 0x35
 825 004c 00       		.byte	0
 826 004d 49       		.uleb128 0x49
 827 004e 13       		.uleb128 0x13
 828 004f 00       		.byte	0
 829 0050 00       		.byte	0
 830 0051 08       		.uleb128 0x8
 831 0052 2E       		.uleb128 0x2e
 832 0053 00       		.byte	0
 833 0054 03       		.uleb128 0x3
 834 0055 0E       		.uleb128 0xe
 835 0056 3A       		.uleb128 0x3a
 836 0057 0B       		.uleb128 0xb
 837 0058 3B       		.uleb128 0x3b
 838 0059 0B       		.uleb128 0xb
 839 005a 27       		.uleb128 0x27
 840 005b 19       		.uleb128 0x19
 841 005c 11       		.uleb128 0x11
 842 005d 01       		.uleb128 0x1
 843 005e 12       		.uleb128 0x12
 844 005f 06       		.uleb128 0x6
 845 0060 40       		.uleb128 0x40
 846 0061 18       		.uleb128 0x18
 847 0062 9742     		.uleb128 0x2117
 848 0064 19       		.uleb128 0x19
ARM GAS  C:\Users\Rafael\AppData\Local\Temp\cczeKXyS.s 			page 22


 849 0065 00       		.byte	0
 850 0066 00       		.byte	0
 851 0067 09       		.uleb128 0x9
 852 0068 2E       		.uleb128 0x2e
 853 0069 01       		.byte	0x1
 854 006a 03       		.uleb128 0x3
 855 006b 0E       		.uleb128 0xe
 856 006c 3A       		.uleb128 0x3a
 857 006d 0B       		.uleb128 0xb
 858 006e 3B       		.uleb128 0x3b
 859 006f 0B       		.uleb128 0xb
 860 0070 27       		.uleb128 0x27
 861 0071 19       		.uleb128 0x19
 862 0072 11       		.uleb128 0x11
 863 0073 01       		.uleb128 0x1
 864 0074 12       		.uleb128 0x12
 865 0075 06       		.uleb128 0x6
 866 0076 40       		.uleb128 0x40
 867 0077 18       		.uleb128 0x18
 868 0078 9742     		.uleb128 0x2117
 869 007a 19       		.uleb128 0x19
 870 007b 01       		.uleb128 0x1
 871 007c 13       		.uleb128 0x13
 872 007d 00       		.byte	0
 873 007e 00       		.byte	0
 874 007f 0A       		.uleb128 0xa
 875 0080 05       		.uleb128 0x5
 876 0081 00       		.byte	0
 877 0082 03       		.uleb128 0x3
 878 0083 08       		.uleb128 0x8
 879 0084 3A       		.uleb128 0x3a
 880 0085 0B       		.uleb128 0xb
 881 0086 3B       		.uleb128 0x3b
 882 0087 0B       		.uleb128 0xb
 883 0088 49       		.uleb128 0x49
 884 0089 13       		.uleb128 0x13
 885 008a 02       		.uleb128 0x2
 886 008b 17       		.uleb128 0x17
 887 008c 00       		.byte	0
 888 008d 00       		.byte	0
 889 008e 0B       		.uleb128 0xb
 890 008f 898201   		.uleb128 0x4109
 891 0092 01       		.byte	0x1
 892 0093 11       		.uleb128 0x11
 893 0094 01       		.uleb128 0x1
 894 0095 31       		.uleb128 0x31
 895 0096 13       		.uleb128 0x13
 896 0097 00       		.byte	0
 897 0098 00       		.byte	0
 898 0099 0C       		.uleb128 0xc
 899 009a 8A8201   		.uleb128 0x410a
 900 009d 00       		.byte	0
 901 009e 02       		.uleb128 0x2
 902 009f 18       		.uleb128 0x18
 903 00a0 9142     		.uleb128 0x2111
 904 00a2 18       		.uleb128 0x18
 905 00a3 00       		.byte	0
ARM GAS  C:\Users\Rafael\AppData\Local\Temp\cczeKXyS.s 			page 23


 906 00a4 00       		.byte	0
 907 00a5 0D       		.uleb128 0xd
 908 00a6 898201   		.uleb128 0x4109
 909 00a9 00       		.byte	0
 910 00aa 11       		.uleb128 0x11
 911 00ab 01       		.uleb128 0x1
 912 00ac 31       		.uleb128 0x31
 913 00ad 13       		.uleb128 0x13
 914 00ae 00       		.byte	0
 915 00af 00       		.byte	0
 916 00b0 0E       		.uleb128 0xe
 917 00b1 898201   		.uleb128 0x4109
 918 00b4 01       		.byte	0x1
 919 00b5 11       		.uleb128 0x11
 920 00b6 01       		.uleb128 0x1
 921 00b7 31       		.uleb128 0x31
 922 00b8 13       		.uleb128 0x13
 923 00b9 01       		.uleb128 0x1
 924 00ba 13       		.uleb128 0x13
 925 00bb 00       		.byte	0
 926 00bc 00       		.byte	0
 927 00bd 0F       		.uleb128 0xf
 928 00be 2E       		.uleb128 0x2e
 929 00bf 01       		.byte	0x1
 930 00c0 3F       		.uleb128 0x3f
 931 00c1 19       		.uleb128 0x19
 932 00c2 03       		.uleb128 0x3
 933 00c3 0E       		.uleb128 0xe
 934 00c4 3A       		.uleb128 0x3a
 935 00c5 0B       		.uleb128 0xb
 936 00c6 3B       		.uleb128 0x3b
 937 00c7 05       		.uleb128 0x5
 938 00c8 27       		.uleb128 0x27
 939 00c9 19       		.uleb128 0x19
 940 00ca 11       		.uleb128 0x11
 941 00cb 01       		.uleb128 0x1
 942 00cc 12       		.uleb128 0x12
 943 00cd 06       		.uleb128 0x6
 944 00ce 40       		.uleb128 0x40
 945 00cf 18       		.uleb128 0x18
 946 00d0 9742     		.uleb128 0x2117
 947 00d2 19       		.uleb128 0x19
 948 00d3 01       		.uleb128 0x1
 949 00d4 13       		.uleb128 0x13
 950 00d5 00       		.byte	0
 951 00d6 00       		.byte	0
 952 00d7 10       		.uleb128 0x10
 953 00d8 0B       		.uleb128 0xb
 954 00d9 01       		.byte	0x1
 955 00da 11       		.uleb128 0x11
 956 00db 01       		.uleb128 0x1
 957 00dc 12       		.uleb128 0x12
 958 00dd 06       		.uleb128 0x6
 959 00de 01       		.uleb128 0x1
 960 00df 13       		.uleb128 0x13
 961 00e0 00       		.byte	0
 962 00e1 00       		.byte	0
ARM GAS  C:\Users\Rafael\AppData\Local\Temp\cczeKXyS.s 			page 24


 963 00e2 11       		.uleb128 0x11
 964 00e3 13       		.uleb128 0x13
 965 00e4 01       		.byte	0x1
 966 00e5 0B       		.uleb128 0xb
 967 00e6 0B       		.uleb128 0xb
 968 00e7 3A       		.uleb128 0x3a
 969 00e8 0B       		.uleb128 0xb
 970 00e9 3B       		.uleb128 0x3b
 971 00ea 05       		.uleb128 0x5
 972 00eb 01       		.uleb128 0x1
 973 00ec 13       		.uleb128 0x13
 974 00ed 00       		.byte	0
 975 00ee 00       		.byte	0
 976 00ef 12       		.uleb128 0x12
 977 00f0 0D       		.uleb128 0xd
 978 00f1 00       		.byte	0
 979 00f2 03       		.uleb128 0x3
 980 00f3 0E       		.uleb128 0xe
 981 00f4 3A       		.uleb128 0x3a
 982 00f5 0B       		.uleb128 0xb
 983 00f6 3B       		.uleb128 0x3b
 984 00f7 05       		.uleb128 0x5
 985 00f8 49       		.uleb128 0x49
 986 00f9 13       		.uleb128 0x13
 987 00fa 38       		.uleb128 0x38
 988 00fb 0B       		.uleb128 0xb
 989 00fc 00       		.byte	0
 990 00fd 00       		.byte	0
 991 00fe 13       		.uleb128 0x13
 992 00ff 01       		.uleb128 0x1
 993 0100 01       		.byte	0x1
 994 0101 49       		.uleb128 0x49
 995 0102 13       		.uleb128 0x13
 996 0103 01       		.uleb128 0x1
 997 0104 13       		.uleb128 0x13
 998 0105 00       		.byte	0
 999 0106 00       		.byte	0
 1000 0107 14       		.uleb128 0x14
 1001 0108 21       		.uleb128 0x21
 1002 0109 00       		.byte	0
 1003 010a 49       		.uleb128 0x49
 1004 010b 13       		.uleb128 0x13
 1005 010c 2F       		.uleb128 0x2f
 1006 010d 0B       		.uleb128 0xb
 1007 010e 00       		.byte	0
 1008 010f 00       		.byte	0
 1009 0110 15       		.uleb128 0x15
 1010 0111 26       		.uleb128 0x26
 1011 0112 00       		.byte	0
 1012 0113 49       		.uleb128 0x49
 1013 0114 13       		.uleb128 0x13
 1014 0115 00       		.byte	0
 1015 0116 00       		.byte	0
 1016 0117 16       		.uleb128 0x16
 1017 0118 34       		.uleb128 0x34
 1018 0119 00       		.byte	0
 1019 011a 03       		.uleb128 0x3
ARM GAS  C:\Users\Rafael\AppData\Local\Temp\cczeKXyS.s 			page 25


 1020 011b 0E       		.uleb128 0xe
 1021 011c 3A       		.uleb128 0x3a
 1022 011d 0B       		.uleb128 0xb
 1023 011e 3B       		.uleb128 0x3b
 1024 011f 05       		.uleb128 0x5
 1025 0120 49       		.uleb128 0x49
 1026 0121 13       		.uleb128 0x13
 1027 0122 02       		.uleb128 0x2
 1028 0123 18       		.uleb128 0x18
 1029 0124 00       		.byte	0
 1030 0125 00       		.byte	0
 1031 0126 17       		.uleb128 0x17
 1032 0127 34       		.uleb128 0x34
 1033 0128 00       		.byte	0
 1034 0129 03       		.uleb128 0x3
 1035 012a 08       		.uleb128 0x8
 1036 012b 3A       		.uleb128 0x3a
 1037 012c 0B       		.uleb128 0xb
 1038 012d 3B       		.uleb128 0x3b
 1039 012e 05       		.uleb128 0x5
 1040 012f 49       		.uleb128 0x49
 1041 0130 13       		.uleb128 0x13
 1042 0131 02       		.uleb128 0x2
 1043 0132 17       		.uleb128 0x17
 1044 0133 00       		.byte	0
 1045 0134 00       		.byte	0
 1046 0135 18       		.uleb128 0x18
 1047 0136 0B       		.uleb128 0xb
 1048 0137 01       		.byte	0x1
 1049 0138 11       		.uleb128 0x11
 1050 0139 01       		.uleb128 0x1
 1051 013a 12       		.uleb128 0x12
 1052 013b 06       		.uleb128 0x6
 1053 013c 00       		.byte	0
 1054 013d 00       		.byte	0
 1055 013e 19       		.uleb128 0x19
 1056 013f 0F       		.uleb128 0xf
 1057 0140 00       		.byte	0
 1058 0141 0B       		.uleb128 0xb
 1059 0142 0B       		.uleb128 0xb
 1060 0143 49       		.uleb128 0x49
 1061 0144 13       		.uleb128 0x13
 1062 0145 00       		.byte	0
 1063 0146 00       		.byte	0
 1064 0147 1A       		.uleb128 0x1a
 1065 0148 2E       		.uleb128 0x2e
 1066 0149 00       		.byte	0
 1067 014a 3F       		.uleb128 0x3f
 1068 014b 19       		.uleb128 0x19
 1069 014c 3C       		.uleb128 0x3c
 1070 014d 19       		.uleb128 0x19
 1071 014e 6E       		.uleb128 0x6e
 1072 014f 0E       		.uleb128 0xe
 1073 0150 03       		.uleb128 0x3
 1074 0151 0E       		.uleb128 0xe
 1075 0152 00       		.byte	0
 1076 0153 00       		.byte	0
ARM GAS  C:\Users\Rafael\AppData\Local\Temp\cczeKXyS.s 			page 26


 1077 0154 1B       		.uleb128 0x1b
 1078 0155 2E       		.uleb128 0x2e
 1079 0156 00       		.byte	0
 1080 0157 3F       		.uleb128 0x3f
 1081 0158 19       		.uleb128 0x19
 1082 0159 3C       		.uleb128 0x3c
 1083 015a 19       		.uleb128 0x19
 1084 015b 6E       		.uleb128 0x6e
 1085 015c 0E       		.uleb128 0xe
 1086 015d 03       		.uleb128 0x3
 1087 015e 0E       		.uleb128 0xe
 1088 015f 3A       		.uleb128 0x3a
 1089 0160 0B       		.uleb128 0xb
 1090 0161 3B       		.uleb128 0x3b
 1091 0162 0B       		.uleb128 0xb
 1092 0163 00       		.byte	0
 1093 0164 00       		.byte	0
 1094 0165 00       		.byte	0
 1095              		.section	.debug_loc,"",%progbits
 1096              	.Ldebug_loc0:
 1097              	.LLST0:
 1098 0000 00000000 		.4byte	.LVL0
 1099 0004 09000000 		.4byte	.LVL2-1
 1100 0008 0100     		.2byte	0x1
 1101 000a 50       		.byte	0x50
 1102 000b 09000000 		.4byte	.LVL2-1
 1103 000f 0C000000 		.4byte	.LFE2
 1104 0013 0400     		.2byte	0x4
 1105 0015 F3       		.byte	0xf3
 1106 0016 01       		.uleb128 0x1
 1107 0017 50       		.byte	0x50
 1108 0018 9F       		.byte	0x9f
 1109 0019 00000000 		.4byte	0
 1110 001d 00000000 		.4byte	0
 1111              	.LLST1:
 1112 0021 00000000 		.4byte	.LVL0
 1113 0025 06000000 		.4byte	.LVL1
 1114 0029 0100     		.2byte	0x1
 1115 002b 51       		.byte	0x51
 1116 002c 06000000 		.4byte	.LVL1
 1117 0030 09000000 		.4byte	.LVL2-1
 1118 0034 0100     		.2byte	0x1
 1119 0036 52       		.byte	0x52
 1120 0037 09000000 		.4byte	.LVL2-1
 1121 003b 0C000000 		.4byte	.LFE2
 1122 003f 0400     		.2byte	0x4
 1123 0041 F3       		.byte	0xf3
 1124 0042 01       		.uleb128 0x1
 1125 0043 51       		.byte	0x51
 1126 0044 9F       		.byte	0x9f
 1127 0045 00000000 		.4byte	0
 1128 0049 00000000 		.4byte	0
 1129              	.LLST2:
 1130 004d E2000000 		.4byte	.LVL11
 1131 0051 E6000000 		.4byte	.LVL12
 1132 0055 0200     		.2byte	0x2
 1133 0057 30       		.byte	0x30
ARM GAS  C:\Users\Rafael\AppData\Local\Temp\cczeKXyS.s 			page 27


 1134 0058 9F       		.byte	0x9f
 1135 0059 E6000000 		.4byte	.LVL12
 1136 005d 04010000 		.4byte	.LVL14
 1137 0061 0100     		.2byte	0x1
 1138 0063 54       		.byte	0x54
 1139 0064 06010000 		.4byte	.LVL15
 1140 0068 3C010000 		.4byte	.LVL18
 1141 006c 0100     		.2byte	0x1
 1142 006e 54       		.byte	0x54
 1143 006f 00000000 		.4byte	0
 1144 0073 00000000 		.4byte	0
 1145              	.LLST3:
 1146 0077 E6000000 		.4byte	.LVL12
 1147 007b 04010000 		.4byte	.LVL14
 1148 007f 0B00     		.2byte	0xb
 1149 0081 74       		.byte	0x74
 1150 0082 00       		.sleb128 0
 1151 0083 36       		.byte	0x36
 1152 0084 1E       		.byte	0x1e
 1153 0085 03       		.byte	0x3
 1154 0086 00000000 		.4byte	cfg_memset_list.4884
 1155 008a 22       		.byte	0x22
 1156 008b 9F       		.byte	0x9f
 1157 008c 04010000 		.4byte	.LVL14
 1158 0090 06010000 		.4byte	.LVL15
 1159 0094 0B00     		.2byte	0xb
 1160 0096 74       		.byte	0x74
 1161 0097 7F       		.sleb128 -1
 1162 0098 36       		.byte	0x36
 1163 0099 1E       		.byte	0x1e
 1164 009a 03       		.byte	0x3
 1165 009b 00000000 		.4byte	cfg_memset_list.4884
 1166 009f 22       		.byte	0x22
 1167 00a0 9F       		.byte	0x9f
 1168 00a1 00000000 		.4byte	0
 1169 00a5 00000000 		.4byte	0
 1170              		.section	.debug_aranges,"",%progbits
 1171 0000 34000000 		.4byte	0x34
 1172 0004 0200     		.2byte	0x2
 1173 0006 00000000 		.4byte	.Ldebug_info0
 1174 000a 04       		.byte	0x4
 1175 000b 00       		.byte	0
 1176 000c 0000     		.2byte	0
 1177 000e 0000     		.2byte	0
 1178 0010 00000000 		.4byte	.LFB6
 1179 0014 20000000 		.4byte	.LFE6-.LFB6
 1180 0018 00000000 		.4byte	.LFB2
 1181 001c 0C000000 		.4byte	.LFE2-.LFB2
 1182 0020 00000000 		.4byte	.LFB5
 1183 0024 D8000000 		.4byte	.LFE5-.LFB5
 1184 0028 D8000000 		.4byte	.LFB7
 1185 002c 90000000 		.4byte	.LFE7-.LFB7
 1186 0030 00000000 		.4byte	0
 1187 0034 00000000 		.4byte	0
 1188              		.section	.debug_ranges,"",%progbits
 1189              	.Ldebug_ranges0:
 1190 0000 00000000 		.4byte	.LFB6
ARM GAS  C:\Users\Rafael\AppData\Local\Temp\cczeKXyS.s 			page 28


 1191 0004 20000000 		.4byte	.LFE6
 1192 0008 00000000 		.4byte	.LFB2
 1193 000c 0C000000 		.4byte	.LFE2
 1194 0010 00000000 		.4byte	.LFB5
 1195 0014 D8000000 		.4byte	.LFE5
 1196 0018 D8000000 		.4byte	.LFB7
 1197 001c 68010000 		.4byte	.LFE7
 1198 0020 00000000 		.4byte	0
 1199 0024 00000000 		.4byte	0
 1200              		.section	.debug_line,"",%progbits
 1201              	.Ldebug_line0:
 1202 0000 59010000 		.section	.debug_str,"MS",%progbits,1
 1202      0200E300 
 1202      00000201 
 1202      FB0E0D00 
 1202      01010101 
 1203              	.LASF27:
 1204 0000 43794465 		.ascii	"CyDelayCycles\000"
 1204      6C617943 
 1204      79636C65 
 1204      7300
 1205              	.LASF19:
 1206 000e 72656733 		.ascii	"reg32\000"
 1206      3200
 1207              	.LASF12:
 1208 0014 73697A65 		.ascii	"size_t\000"
 1208      5F7400
 1209              	.LASF37:
 1210 001b 416E616C 		.ascii	"AnalogSetDefault\000"
 1210      6F675365 
 1210      74446566 
 1210      61756C74 
 1210      00
 1211              	.LASF32:
 1212 002c 4379496E 		.ascii	"CyIntSetVector\000"
 1212      74536574 
 1212      56656374 
 1212      6F7200
 1213              	.LASF25:
 1214 003b 6366675F 		.ascii	"cfg_memset_list\000"
 1214      6D656D73 
 1214      65745F6C 
 1214      69737400 
 1215              	.LASF21:
 1216 004b 436C6F63 		.ascii	"ClockSetup\000"
 1216      6B536574 
 1216      757000
 1217              	.LASF6:
 1218 0056 73686F72 		.ascii	"short unsigned int\000"
 1218      7420756E 
 1218      7369676E 
 1218      65642069 
 1218      6E7400
 1219              	.LASF16:
 1220 0069 666C6F61 		.ascii	"float\000"
 1220      7400
 1221              	.LASF23:
ARM GAS  C:\Users\Rafael\AppData\Local\Temp\cczeKXyS.s 			page 29


 1222 006f 73697A65 		.ascii	"size\000"
 1222      00
 1223              	.LASF28:
 1224 0074 43795379 		.ascii	"CySysClkWcoSetPowerMode\000"
 1224      73436C6B 
 1224      57636F53 
 1224      6574506F 
 1224      7765724D 
 1225              	.LASF18:
 1226 008c 72656738 		.ascii	"reg8\000"
 1226      00
 1227              	.LASF8:
 1228 0091 6C6F6E67 		.ascii	"long unsigned int\000"
 1228      20756E73 
 1228      69676E65 
 1228      6420696E 
 1228      7400
 1229              	.LASF13:
 1230 00a3 75696E74 		.ascii	"uint8\000"
 1230      3800
 1231              	.LASF26:
 1232 00a9 43795379 		.ascii	"CySysClkWcoStart\000"
 1232      73436C6B 
 1232      57636F53 
 1232      74617274 
 1232      00
 1233              	.LASF20:
 1234 00ba 43594D45 		.ascii	"CYMEMZERO\000"
 1234      4D5A4552 
 1234      4F00
 1235              	.LASF4:
 1236 00c4 756E7369 		.ascii	"unsigned char\000"
 1236      676E6564 
 1236      20636861 
 1236      7200
 1237              	.LASF39:
 1238 00d2 6D656D73 		.ascii	"memset\000"
 1238      657400
 1239              	.LASF17:
 1240 00d9 646F7562 		.ascii	"double\000"
 1240      6C6500
 1241              	.LASF33:
 1242 00e0 4379496E 		.ascii	"CyIntEnable\000"
 1242      74456E61 
 1242      626C6500 
 1243              	.LASF14:
 1244 00ec 75696E74 		.ascii	"uint16\000"
 1244      313600
 1245              	.LASF36:
 1246 00f3 433A5C55 		.ascii	"C:\\Users\\Rafael\\Documents\\PSoC Creator\\Workspa"
 1246      73657273 
 1246      5C526166 
 1246      61656C5C 
 1246      446F6375 
 1247 0121 63653032 		.ascii	"ce02\\UART.cydsn\000"
 1247      5C554152 
 1247      542E6379 
ARM GAS  C:\Users\Rafael\AppData\Local\Temp\cczeKXyS.s 			page 30


 1247      64736E00 
 1248              	.LASF15:
 1249 0131 75696E74 		.ascii	"uint32\000"
 1249      333200
 1250              	.LASF0:
 1251 0138 756E7369 		.ascii	"unsigned int\000"
 1251      676E6564 
 1251      20696E74 
 1251      00
 1252              	.LASF38:
 1253 0145 63796669 		.ascii	"cyfitter_cfg\000"
 1253      74746572 
 1253      5F636667 
 1253      00
 1254              	.LASF22:
 1255 0152 61646472 		.ascii	"address\000"
 1255      65737300 
 1256              	.LASF9:
 1257 015a 6C6F6E67 		.ascii	"long long unsigned int\000"
 1257      206C6F6E 
 1257      6720756E 
 1257      7369676E 
 1257      65642069 
 1258              	.LASF34:
 1259 0171 474E5520 		.ascii	"GNU C11 5.4.1 20160609 (release) [ARM/embedded-5-br"
 1259      43313120 
 1259      352E342E 
 1259      31203230 
 1259      31363036 
 1260 01a4 616E6368 		.ascii	"anch revision 237715] -mcpu=cortex-m0 -mthumb -g -O"
 1260      20726576 
 1260      6973696F 
 1260      6E203233 
 1260      37373135 
 1261 01d7 67202D66 		.ascii	"g -ffunction-sections -ffat-lto-objects\000"
 1261      66756E63 
 1261      74696F6E 
 1261      2D736563 
 1261      74696F6E 
 1262              	.LASF24:
 1263 01ff 6366675F 		.ascii	"cfg_memset_t\000"
 1263      6D656D73 
 1263      65745F74 
 1263      00
 1264              	.LASF10:
 1265 020c 73697A65 		.ascii	"sizetype\000"
 1265      74797065 
 1265      00
 1266              	.LASF1:
 1267 0215 6C6F6E67 		.ascii	"long long int\000"
 1267      206C6F6E 
 1267      6720696E 
 1267      7400
 1268              	.LASF31:
 1269 0223 43794465 		.ascii	"CyDelayUs\000"
 1269      6C617955 
 1269      7300
ARM GAS  C:\Users\Rafael\AppData\Local\Temp\cczeKXyS.s 			page 31


 1270              	.LASF11:
 1271 022d 63686172 		.ascii	"char\000"
 1271      00
 1272              	.LASF30:
 1273 0232 43795379 		.ascii	"CySysClkEcoStart\000"
 1273      73436C6B 
 1273      45636F53 
 1273      74617274 
 1273      00
 1274              	.LASF5:
 1275 0243 73686F72 		.ascii	"short int\000"
 1275      7420696E 
 1275      7400
 1276              	.LASF29:
 1277 024d 43795379 		.ascii	"CySysClkWriteImoFreq\000"
 1277      73436C6B 
 1277      57726974 
 1277      65496D6F 
 1277      46726571 
 1278              	.LASF7:
 1279 0262 6C6F6E67 		.ascii	"long int\000"
 1279      20696E74 
 1279      00
 1280              	.LASF2:
 1281 026b 6C6F6E67 		.ascii	"long double\000"
 1281      20646F75 
 1281      626C6500 
 1282              	.LASF3:
 1283 0277 7369676E 		.ascii	"signed char\000"
 1283      65642063 
 1283      68617200 
 1284              	.LASF35:
 1285 0283 47656E65 		.ascii	"Generated_Source\\PSoC4\\cyfitter_cfg.c\000"
 1285      72617465 
 1285      645F536F 
 1285      75726365 
 1285      5C50536F 
 1286              		.ident	"GCC: (GNU Tools for ARM Embedded Processors) 5.4.1 20160609 (release) [ARM/embedded-5-bran
