ARM GAS  C:\Users\BREYAN~1\AppData\Local\Temp\cctc2xwt.s 			page 1


   1              		.cpu cortex-m0
   2              		.fpu softvfp
   3              		.eabi_attribute 20, 1
   4              		.eabi_attribute 21, 1
   5              		.eabi_attribute 23, 3
   6              		.eabi_attribute 24, 1
   7              		.eabi_attribute 25, 1
   8              		.eabi_attribute 26, 1
   9              		.eabi_attribute 30, 6
  10              		.eabi_attribute 34, 0
  11              		.eabi_attribute 18, 4
  12              		.code	16
  13              		.file	"cyfitter_cfg.c"
  14              		.text
  15              	.Ltext0:
  16              		.cfi_sections	.debug_frame
  17              		.section	.text.CYMEMZERO,"ax",%progbits
  18              		.align	2
  19              		.code	16
  20              		.thumb_func
  21              		.type	CYMEMZERO, %function
  22              	CYMEMZERO:
  23              	.LFB0:
  24              		.file 1 "Generated_Source\\PSoC4\\cyfitter_cfg.c"
   1:Generated_Source\PSoC4/cyfitter_cfg.c **** /*******************************************************************************
   2:Generated_Source\PSoC4/cyfitter_cfg.c **** * File Name: cyfitter_cfg.c
   3:Generated_Source\PSoC4/cyfitter_cfg.c **** * 
   4:Generated_Source\PSoC4/cyfitter_cfg.c **** * PSoC Creator  4.0
   5:Generated_Source\PSoC4/cyfitter_cfg.c **** *
   6:Generated_Source\PSoC4/cyfitter_cfg.c **** * Description:
   7:Generated_Source\PSoC4/cyfitter_cfg.c **** * This file contains device initialization code.
   8:Generated_Source\PSoC4/cyfitter_cfg.c **** * Except for the user defined sections in CyClockStartupError(), this file should not be modified.
   9:Generated_Source\PSoC4/cyfitter_cfg.c **** * This file is automatically generated by PSoC Creator.
  10:Generated_Source\PSoC4/cyfitter_cfg.c **** *
  11:Generated_Source\PSoC4/cyfitter_cfg.c **** ********************************************************************************
  12:Generated_Source\PSoC4/cyfitter_cfg.c **** * Copyright (c) 2007-2016 Cypress Semiconductor.  All rights reserved.
  13:Generated_Source\PSoC4/cyfitter_cfg.c **** * You may use this file only in accordance with the license, terms, conditions, 
  14:Generated_Source\PSoC4/cyfitter_cfg.c **** * disclaimers, and limitations in the end user license agreement accompanying 
  15:Generated_Source\PSoC4/cyfitter_cfg.c **** * the software package with which this file was provided.
  16:Generated_Source\PSoC4/cyfitter_cfg.c **** ********************************************************************************/
  17:Generated_Source\PSoC4/cyfitter_cfg.c **** 
  18:Generated_Source\PSoC4/cyfitter_cfg.c **** #include <string.h>
  19:Generated_Source\PSoC4/cyfitter_cfg.c **** #include "cytypes.h"
  20:Generated_Source\PSoC4/cyfitter_cfg.c **** #include "cydevice_trm.h"
  21:Generated_Source\PSoC4/cyfitter_cfg.c **** #include "cyfitter.h"
  22:Generated_Source\PSoC4/cyfitter_cfg.c **** #include "CyLib.h"
  23:Generated_Source\PSoC4/cyfitter_cfg.c **** #include "cyfitter_cfg.h"
  24:Generated_Source\PSoC4/cyfitter_cfg.c **** 
  25:Generated_Source\PSoC4/cyfitter_cfg.c **** 
  26:Generated_Source\PSoC4/cyfitter_cfg.c **** #if defined(__GNUC__) || defined(__ARMCC_VERSION)
  27:Generated_Source\PSoC4/cyfitter_cfg.c ****     #define CYPACKED 
  28:Generated_Source\PSoC4/cyfitter_cfg.c ****     #define CYPACKED_ATTR __attribute__ ((packed))
  29:Generated_Source\PSoC4/cyfitter_cfg.c ****     #define CYALIGNED __attribute__ ((aligned))
  30:Generated_Source\PSoC4/cyfitter_cfg.c ****     #define CY_CFG_UNUSED __attribute__ ((unused))
  31:Generated_Source\PSoC4/cyfitter_cfg.c ****     #ifndef CY_CFG_SECTION
  32:Generated_Source\PSoC4/cyfitter_cfg.c ****         #define CY_CFG_SECTION __attribute__ ((section(".psocinit")))
  33:Generated_Source\PSoC4/cyfitter_cfg.c ****     #endif
ARM GAS  C:\Users\BREYAN~1\AppData\Local\Temp\cctc2xwt.s 			page 2


  34:Generated_Source\PSoC4/cyfitter_cfg.c ****     
  35:Generated_Source\PSoC4/cyfitter_cfg.c ****     #if defined(__ARMCC_VERSION)
  36:Generated_Source\PSoC4/cyfitter_cfg.c ****         #define CY_CFG_MEMORY_BARRIER() __memory_changed()
  37:Generated_Source\PSoC4/cyfitter_cfg.c ****     #else
  38:Generated_Source\PSoC4/cyfitter_cfg.c ****         #define CY_CFG_MEMORY_BARRIER() __sync_synchronize()
  39:Generated_Source\PSoC4/cyfitter_cfg.c ****     #endif
  40:Generated_Source\PSoC4/cyfitter_cfg.c ****     
  41:Generated_Source\PSoC4/cyfitter_cfg.c **** #elif defined(__ICCARM__)
  42:Generated_Source\PSoC4/cyfitter_cfg.c ****     #include <intrinsics.h>
  43:Generated_Source\PSoC4/cyfitter_cfg.c **** 
  44:Generated_Source\PSoC4/cyfitter_cfg.c ****     #define CYPACKED __packed
  45:Generated_Source\PSoC4/cyfitter_cfg.c ****     #define CYPACKED_ATTR 
  46:Generated_Source\PSoC4/cyfitter_cfg.c ****     #define CYALIGNED _Pragma("data_alignment=4")
  47:Generated_Source\PSoC4/cyfitter_cfg.c ****     #define CY_CFG_UNUSED _Pragma("diag_suppress=Pe177")
  48:Generated_Source\PSoC4/cyfitter_cfg.c ****     #define CY_CFG_SECTION _Pragma("location=\".psocinit\"")
  49:Generated_Source\PSoC4/cyfitter_cfg.c ****     
  50:Generated_Source\PSoC4/cyfitter_cfg.c ****     #define CY_CFG_MEMORY_BARRIER() __DMB()
  51:Generated_Source\PSoC4/cyfitter_cfg.c ****     
  52:Generated_Source\PSoC4/cyfitter_cfg.c **** #else
  53:Generated_Source\PSoC4/cyfitter_cfg.c ****     #error Unsupported toolchain
  54:Generated_Source\PSoC4/cyfitter_cfg.c **** #endif
  55:Generated_Source\PSoC4/cyfitter_cfg.c **** 
  56:Generated_Source\PSoC4/cyfitter_cfg.c **** 
  57:Generated_Source\PSoC4/cyfitter_cfg.c **** CY_CFG_UNUSED
  58:Generated_Source\PSoC4/cyfitter_cfg.c **** static void CYMEMZERO(void *s, size_t n);
  59:Generated_Source\PSoC4/cyfitter_cfg.c **** CY_CFG_UNUSED
  60:Generated_Source\PSoC4/cyfitter_cfg.c **** static void CYMEMZERO(void *s, size_t n)
  61:Generated_Source\PSoC4/cyfitter_cfg.c **** {
  25              		.loc 1 61 0
  26              		.cfi_startproc
  27 0000 80B5     		push	{r7, lr}
  28              		.cfi_def_cfa_offset 8
  29              		.cfi_offset 7, -8
  30              		.cfi_offset 14, -4
  31 0002 82B0     		sub	sp, sp, #8
  32              		.cfi_def_cfa_offset 16
  33 0004 00AF     		add	r7, sp, #0
  34              		.cfi_def_cfa_register 7
  35 0006 7860     		str	r0, [r7, #4]
  36 0008 3960     		str	r1, [r7]
  62:Generated_Source\PSoC4/cyfitter_cfg.c **** 	(void)memset(s, 0, n);
  37              		.loc 1 62 0
  38 000a 7A68     		ldr	r2, [r7, #4]
  39 000c 3B68     		ldr	r3, [r7]
  40 000e 101C     		mov	r0, r2
  41 0010 0021     		mov	r1, #0
  42 0012 1A1C     		mov	r2, r3
  43 0014 FFF7FEFF 		bl	memset
  63:Generated_Source\PSoC4/cyfitter_cfg.c **** }
  44              		.loc 1 63 0
  45 0018 BD46     		mov	sp, r7
  46 001a 02B0     		add	sp, sp, #8
  47              		@ sp needed
  48 001c 80BD     		pop	{r7, pc}
  49              		.cfi_endproc
  50              	.LFE0:
  51              		.size	CYMEMZERO, .-CYMEMZERO
ARM GAS  C:\Users\BREYAN~1\AppData\Local\Temp\cctc2xwt.s 			page 3


  52 001e C046     		.section	.text.CYCONFIGCPY,"ax",%progbits
  53              		.align	2
  54              		.code	16
  55              		.thumb_func
  56              		.type	CYCONFIGCPY, %function
  57              	CYCONFIGCPY:
  58              	.LFB1:
  64:Generated_Source\PSoC4/cyfitter_cfg.c **** CY_CFG_UNUSED
  65:Generated_Source\PSoC4/cyfitter_cfg.c **** static void CYCONFIGCPY(void *dest, const void *src, size_t n);
  66:Generated_Source\PSoC4/cyfitter_cfg.c **** CY_CFG_UNUSED
  67:Generated_Source\PSoC4/cyfitter_cfg.c **** static void CYCONFIGCPY(void *dest, const void *src, size_t n)
  68:Generated_Source\PSoC4/cyfitter_cfg.c **** {
  59              		.loc 1 68 0
  60              		.cfi_startproc
  61 0000 80B5     		push	{r7, lr}
  62              		.cfi_def_cfa_offset 8
  63              		.cfi_offset 7, -8
  64              		.cfi_offset 14, -4
  65 0002 84B0     		sub	sp, sp, #16
  66              		.cfi_def_cfa_offset 24
  67 0004 00AF     		add	r7, sp, #0
  68              		.cfi_def_cfa_register 7
  69 0006 F860     		str	r0, [r7, #12]
  70 0008 B960     		str	r1, [r7, #8]
  71 000a 7A60     		str	r2, [r7, #4]
  69:Generated_Source\PSoC4/cyfitter_cfg.c **** 	(void)memcpy(dest, src, n);
  72              		.loc 1 69 0
  73 000c F968     		ldr	r1, [r7, #12]
  74 000e BA68     		ldr	r2, [r7, #8]
  75 0010 7B68     		ldr	r3, [r7, #4]
  76 0012 081C     		mov	r0, r1
  77 0014 111C     		mov	r1, r2
  78 0016 1A1C     		mov	r2, r3
  79 0018 FFF7FEFF 		bl	memcpy
  70:Generated_Source\PSoC4/cyfitter_cfg.c **** }
  80              		.loc 1 70 0
  81 001c BD46     		mov	sp, r7
  82 001e 04B0     		add	sp, sp, #16
  83              		@ sp needed
  84 0020 80BD     		pop	{r7, pc}
  85              		.cfi_endproc
  86              	.LFE1:
  87              		.size	CYCONFIGCPY, .-CYCONFIGCPY
  88 0022 C046     		.section	.text.CYCONFIGCPYCODE,"ax",%progbits
  89              		.align	2
  90              		.code	16
  91              		.thumb_func
  92              		.type	CYCONFIGCPYCODE, %function
  93              	CYCONFIGCPYCODE:
  94              	.LFB2:
  71:Generated_Source\PSoC4/cyfitter_cfg.c **** CY_CFG_UNUSED
  72:Generated_Source\PSoC4/cyfitter_cfg.c **** static void CYCONFIGCPYCODE(void *dest, const void *src, size_t n);
  73:Generated_Source\PSoC4/cyfitter_cfg.c **** CY_CFG_UNUSED
  74:Generated_Source\PSoC4/cyfitter_cfg.c **** static void CYCONFIGCPYCODE(void *dest, const void *src, size_t n)
  75:Generated_Source\PSoC4/cyfitter_cfg.c **** {
  95              		.loc 1 75 0
  96              		.cfi_startproc
ARM GAS  C:\Users\BREYAN~1\AppData\Local\Temp\cctc2xwt.s 			page 4


  97 0000 80B5     		push	{r7, lr}
  98              		.cfi_def_cfa_offset 8
  99              		.cfi_offset 7, -8
 100              		.cfi_offset 14, -4
 101 0002 84B0     		sub	sp, sp, #16
 102              		.cfi_def_cfa_offset 24
 103 0004 00AF     		add	r7, sp, #0
 104              		.cfi_def_cfa_register 7
 105 0006 F860     		str	r0, [r7, #12]
 106 0008 B960     		str	r1, [r7, #8]
 107 000a 7A60     		str	r2, [r7, #4]
  76:Generated_Source\PSoC4/cyfitter_cfg.c **** 	(void)memcpy(dest, src, n);
 108              		.loc 1 76 0
 109 000c F968     		ldr	r1, [r7, #12]
 110 000e BA68     		ldr	r2, [r7, #8]
 111 0010 7B68     		ldr	r3, [r7, #4]
 112 0012 081C     		mov	r0, r1
 113 0014 111C     		mov	r1, r2
 114 0016 1A1C     		mov	r2, r3
 115 0018 FFF7FEFF 		bl	memcpy
  77:Generated_Source\PSoC4/cyfitter_cfg.c **** }
 116              		.loc 1 77 0
 117 001c BD46     		mov	sp, r7
 118 001e 04B0     		add	sp, sp, #16
 119              		@ sp needed
 120 0020 80BD     		pop	{r7, pc}
 121              		.cfi_endproc
 122              	.LFE2:
 123              		.size	CYCONFIGCPYCODE, .-CYCONFIGCPYCODE
 124 0022 C046     		.section	.psocinit,"ax",%progbits
 125              		.align	2
 126              		.code	16
 127              		.thumb_func
 128              		.type	ClockSetup, %function
 129              	ClockSetup:
 130              	.LFB3:
  78:Generated_Source\PSoC4/cyfitter_cfg.c **** 
  79:Generated_Source\PSoC4/cyfitter_cfg.c **** 
  80:Generated_Source\PSoC4/cyfitter_cfg.c **** 
  81:Generated_Source\PSoC4/cyfitter_cfg.c **** 
  82:Generated_Source\PSoC4/cyfitter_cfg.c **** /* Clock startup error codes                                                   */
  83:Generated_Source\PSoC4/cyfitter_cfg.c **** #define CYCLOCKSTART_NO_ERROR    0u
  84:Generated_Source\PSoC4/cyfitter_cfg.c **** #define CYCLOCKSTART_XTAL_ERROR  1u
  85:Generated_Source\PSoC4/cyfitter_cfg.c **** #define CYCLOCKSTART_32KHZ_ERROR 2u
  86:Generated_Source\PSoC4/cyfitter_cfg.c **** #define CYCLOCKSTART_PLL_ERROR   3u
  87:Generated_Source\PSoC4/cyfitter_cfg.c **** 
  88:Generated_Source\PSoC4/cyfitter_cfg.c **** 
  89:Generated_Source\PSoC4/cyfitter_cfg.c **** #ifdef CY_NEED_CYCLOCKSTARTUPERROR
  90:Generated_Source\PSoC4/cyfitter_cfg.c **** /*******************************************************************************
  91:Generated_Source\PSoC4/cyfitter_cfg.c **** * Function Name: CyClockStartupError
  92:Generated_Source\PSoC4/cyfitter_cfg.c **** ********************************************************************************
  93:Generated_Source\PSoC4/cyfitter_cfg.c **** * Summary:
  94:Generated_Source\PSoC4/cyfitter_cfg.c **** *  If an error is encountered during clock configuration (crystal startup error,
  95:Generated_Source\PSoC4/cyfitter_cfg.c **** *  PLL lock error, etc.), the system will end up here.  Unless reimplemented by
  96:Generated_Source\PSoC4/cyfitter_cfg.c **** *  the customer, this function will stop in an infinite loop.
  97:Generated_Source\PSoC4/cyfitter_cfg.c **** *
  98:Generated_Source\PSoC4/cyfitter_cfg.c **** * Parameters:
ARM GAS  C:\Users\BREYAN~1\AppData\Local\Temp\cctc2xwt.s 			page 5


  99:Generated_Source\PSoC4/cyfitter_cfg.c **** *   void
 100:Generated_Source\PSoC4/cyfitter_cfg.c **** *
 101:Generated_Source\PSoC4/cyfitter_cfg.c **** * Return:
 102:Generated_Source\PSoC4/cyfitter_cfg.c **** *   void
 103:Generated_Source\PSoC4/cyfitter_cfg.c **** *
 104:Generated_Source\PSoC4/cyfitter_cfg.c **** *******************************************************************************/
 105:Generated_Source\PSoC4/cyfitter_cfg.c **** CY_CFG_UNUSED
 106:Generated_Source\PSoC4/cyfitter_cfg.c **** static void CyClockStartupError(uint8 errorCode);
 107:Generated_Source\PSoC4/cyfitter_cfg.c **** CY_CFG_UNUSED
 108:Generated_Source\PSoC4/cyfitter_cfg.c **** static void CyClockStartupError(uint8 errorCode)
 109:Generated_Source\PSoC4/cyfitter_cfg.c **** {
 110:Generated_Source\PSoC4/cyfitter_cfg.c ****     /* To remove the compiler warning if errorCode not used.                */
 111:Generated_Source\PSoC4/cyfitter_cfg.c ****     errorCode = errorCode;
 112:Generated_Source\PSoC4/cyfitter_cfg.c **** 
 113:Generated_Source\PSoC4/cyfitter_cfg.c ****     /* If we have a clock startup error (bad MHz crystal, PLL lock, etc.),  */
 114:Generated_Source\PSoC4/cyfitter_cfg.c ****     /* we will end up here to allow the customer to implement something to  */
 115:Generated_Source\PSoC4/cyfitter_cfg.c ****     /* deal with the clock condition.                                       */
 116:Generated_Source\PSoC4/cyfitter_cfg.c **** 
 117:Generated_Source\PSoC4/cyfitter_cfg.c **** #ifdef CY_CFG_CLOCK_STARTUP_ERROR_CALLBACK
 118:Generated_Source\PSoC4/cyfitter_cfg.c **** 	CY_CFG_Clock_Startup_ErrorCallback();
 119:Generated_Source\PSoC4/cyfitter_cfg.c **** #else
 120:Generated_Source\PSoC4/cyfitter_cfg.c **** 	/*  If not using CY_CFG_CLOCK_STARTUP_ERROR_CALLBACK, place your clock startup code here. */
 121:Generated_Source\PSoC4/cyfitter_cfg.c ****     /* `#START CyClockStartupError` */
 122:Generated_Source\PSoC4/cyfitter_cfg.c **** 
 123:Generated_Source\PSoC4/cyfitter_cfg.c ****     /* If we have a clock startup error (bad MHz crystal, PLL lock, etc.),  */
 124:Generated_Source\PSoC4/cyfitter_cfg.c ****     /* we will end up here to allow the customer to implement something to  */
 125:Generated_Source\PSoC4/cyfitter_cfg.c ****     /* deal with the clock condition.                                       */
 126:Generated_Source\PSoC4/cyfitter_cfg.c **** 
 127:Generated_Source\PSoC4/cyfitter_cfg.c ****     /* `#END` */
 128:Generated_Source\PSoC4/cyfitter_cfg.c **** 
 129:Generated_Source\PSoC4/cyfitter_cfg.c ****     /* If nothing else, stop here since the clocks have not started         */
 130:Generated_Source\PSoC4/cyfitter_cfg.c ****     /* correctly.                                                           */
 131:Generated_Source\PSoC4/cyfitter_cfg.c ****     while(1) {}
 132:Generated_Source\PSoC4/cyfitter_cfg.c **** #endif /* CY_CFG_CLOCK_STARTUP_ERROR_CALLBACK */ 
 133:Generated_Source\PSoC4/cyfitter_cfg.c **** }
 134:Generated_Source\PSoC4/cyfitter_cfg.c **** #endif
 135:Generated_Source\PSoC4/cyfitter_cfg.c **** 
 136:Generated_Source\PSoC4/cyfitter_cfg.c **** 
 137:Generated_Source\PSoC4/cyfitter_cfg.c **** 
 138:Generated_Source\PSoC4/cyfitter_cfg.c **** /*******************************************************************************
 139:Generated_Source\PSoC4/cyfitter_cfg.c **** * Function Name: ClockSetup
 140:Generated_Source\PSoC4/cyfitter_cfg.c **** ********************************************************************************
 141:Generated_Source\PSoC4/cyfitter_cfg.c **** *
 142:Generated_Source\PSoC4/cyfitter_cfg.c **** * Summary:
 143:Generated_Source\PSoC4/cyfitter_cfg.c **** *   Performs the initialization of all of the clocks in the device based on the
 144:Generated_Source\PSoC4/cyfitter_cfg.c **** *   settings in the Clock tab of the DWR.  This includes enabling the requested
 145:Generated_Source\PSoC4/cyfitter_cfg.c **** *   clocks and setting the necessary dividers to produce the desired frequency. 
 146:Generated_Source\PSoC4/cyfitter_cfg.c **** *
 147:Generated_Source\PSoC4/cyfitter_cfg.c **** * Parameters:
 148:Generated_Source\PSoC4/cyfitter_cfg.c **** *   void
 149:Generated_Source\PSoC4/cyfitter_cfg.c **** *
 150:Generated_Source\PSoC4/cyfitter_cfg.c **** * Return:
 151:Generated_Source\PSoC4/cyfitter_cfg.c **** *   void
 152:Generated_Source\PSoC4/cyfitter_cfg.c **** *
 153:Generated_Source\PSoC4/cyfitter_cfg.c **** *******************************************************************************/
 154:Generated_Source\PSoC4/cyfitter_cfg.c **** static void ClockSetup(void);
 155:Generated_Source\PSoC4/cyfitter_cfg.c **** CY_CFG_SECTION
ARM GAS  C:\Users\BREYAN~1\AppData\Local\Temp\cctc2xwt.s 			page 6


 156:Generated_Source\PSoC4/cyfitter_cfg.c **** static void ClockSetup(void)
 157:Generated_Source\PSoC4/cyfitter_cfg.c **** {
 131              		.loc 1 157 0
 132              		.cfi_startproc
 133 0000 80B5     		push	{r7, lr}
 134              		.cfi_def_cfa_offset 8
 135              		.cfi_offset 7, -8
 136              		.cfi_offset 14, -4
 137 0002 00AF     		add	r7, sp, #0
 138              		.cfi_def_cfa_register 7
 158:Generated_Source\PSoC4/cyfitter_cfg.c **** 	/* Enable HALF_EN before trimming for the flash accelerator. */
 159:Generated_Source\PSoC4/cyfitter_cfg.c **** 	CY_SET_REG32((void CYXDATA *)(CYREG_CLK_SELECT), (CY_GET_REG32((void *)CYREG_CLK_SELECT) | 0x00040
 139              		.loc 1 159 0
 140 0004 0F4B     		ldr	r3, .L5
 141 0006 0F4A     		ldr	r2, .L5
 142 0008 1268     		ldr	r2, [r2]
 143 000a 8021     		mov	r1, #128
 144 000c C902     		lsl	r1, r1, #11
 145 000e 0A43     		orr	r2, r1
 146 0010 1A60     		str	r2, [r3]
 160:Generated_Source\PSoC4/cyfitter_cfg.c **** 
 161:Generated_Source\PSoC4/cyfitter_cfg.c **** 	/* Setup and trim IMO based on desired frequency. */
 162:Generated_Source\PSoC4/cyfitter_cfg.c **** 	CySysClkWriteImoFreq(48u);
 147              		.loc 1 162 0
 148 0012 3020     		mov	r0, #48
 149 0014 FFF7FEFF 		bl	CySysClkWriteImoFreq
 163:Generated_Source\PSoC4/cyfitter_cfg.c **** 	/* CYDEV_CLK_ILO_CONFIG Starting address: CYDEV_CLK_ILO_CONFIG */
 164:Generated_Source\PSoC4/cyfitter_cfg.c **** 	CY_SET_XTND_REG32((void CYFAR *)(CYREG_CLK_ILO_CONFIG), 0x80000006u);
 150              		.loc 1 164 0
 151 0018 0B4B     		ldr	r3, .L5+4
 152 001a 0C4A     		ldr	r2, .L5+8
 153 001c 1A60     		str	r2, [r3]
 165:Generated_Source\PSoC4/cyfitter_cfg.c **** 
 166:Generated_Source\PSoC4/cyfitter_cfg.c **** 
 167:Generated_Source\PSoC4/cyfitter_cfg.c **** 	/* CYDEV_CLK_SELECT00 Starting address: CYDEV_CLK_SELECT00 */
 168:Generated_Source\PSoC4/cyfitter_cfg.c **** 	CY_SET_XTND_REG32((void CYFAR *)(CYREG_CLK_SELECT03), 0x00000010u);
 154              		.loc 1 168 0
 155 001e 0C4B     		ldr	r3, .L5+12
 156 0020 1022     		mov	r2, #16
 157 0022 1A60     		str	r2, [r3]
 169:Generated_Source\PSoC4/cyfitter_cfg.c **** 
 170:Generated_Source\PSoC4/cyfitter_cfg.c **** 	/* CYDEV_CLK_IMO_CONFIG Starting address: CYDEV_CLK_IMO_CONFIG */
 171:Generated_Source\PSoC4/cyfitter_cfg.c **** 	CY_SET_XTND_REG32((void CYFAR *)(CYREG_CLK_IMO_CONFIG), 0x80000000u);
 158              		.loc 1 171 0
 159 0024 0B4B     		ldr	r3, .L5+16
 160 0026 8022     		mov	r2, #128
 161 0028 1206     		lsl	r2, r2, #24
 162 002a 1A60     		str	r2, [r3]
 172:Generated_Source\PSoC4/cyfitter_cfg.c **** 
 173:Generated_Source\PSoC4/cyfitter_cfg.c **** 	/* CYDEV_CLK_SELECT Starting address: CYDEV_CLK_SELECT */
 174:Generated_Source\PSoC4/cyfitter_cfg.c **** 	CY_SET_XTND_REG32((void CYFAR *)(CYREG_CLK_SELECT), 0x00040000u);
 163              		.loc 1 174 0
 164 002c 054B     		ldr	r3, .L5
 165 002e 8022     		mov	r2, #128
 166 0030 D202     		lsl	r2, r2, #11
 167 0032 1A60     		str	r2, [r3]
 175:Generated_Source\PSoC4/cyfitter_cfg.c **** 
ARM GAS  C:\Users\BREYAN~1\AppData\Local\Temp\cctc2xwt.s 			page 7


 176:Generated_Source\PSoC4/cyfitter_cfg.c **** 	/* CYDEV_CLK_DIVIDER_A00 Starting address: CYDEV_CLK_DIVIDER_A00 */
 177:Generated_Source\PSoC4/cyfitter_cfg.c **** 	CY_SET_XTND_REG32((void CYFAR *)(CYREG_CLK_DIVIDER_A00), 0x800005DBu);
 168              		.loc 1 177 0
 169 0034 084B     		ldr	r3, .L5+20
 170 0036 094A     		ldr	r2, .L5+24
 171 0038 1A60     		str	r2, [r3]
 178:Generated_Source\PSoC4/cyfitter_cfg.c **** 
 179:Generated_Source\PSoC4/cyfitter_cfg.c **** 	CY_SET_XTND_REG32((void CYFAR *)(CYREG_WDT_CONFIG), 0x00000000u);
 172              		.loc 1 179 0
 173 003a 094B     		ldr	r3, .L5+28
 174 003c 0022     		mov	r2, #0
 175 003e 1A60     		str	r2, [r3]
 180:Generated_Source\PSoC4/cyfitter_cfg.c **** }
 176              		.loc 1 180 0
 177 0040 BD46     		mov	sp, r7
 178              		@ sp needed
 179 0042 80BD     		pop	{r7, pc}
 180              	.L6:
 181              		.align	2
 182              	.L5:
 183 0044 00010B40 		.word	1074462976
 184 0048 04010B40 		.word	1074462980
 185 004c 06000080 		.word	-2147483642
 186 0050 0C020240 		.word	1073873420
 187 0054 08010B40 		.word	1074462984
 188 0058 00000240 		.word	1073872896
 189 005c DB050080 		.word	-2147482149
 190 0060 0C020B40 		.word	1074463244
 191              		.cfi_endproc
 192              	.LFE3:
 193              		.size	ClockSetup, .-ClockSetup
 194              		.section	.text.AnalogSetDefault,"ax",%progbits
 195              		.align	2
 196              		.code	16
 197              		.thumb_func
 198              		.type	AnalogSetDefault, %function
 199              	AnalogSetDefault:
 200              	.LFB4:
 181:Generated_Source\PSoC4/cyfitter_cfg.c **** 
 182:Generated_Source\PSoC4/cyfitter_cfg.c **** 
 183:Generated_Source\PSoC4/cyfitter_cfg.c **** /* Analog API Functions */
 184:Generated_Source\PSoC4/cyfitter_cfg.c **** 
 185:Generated_Source\PSoC4/cyfitter_cfg.c **** 
 186:Generated_Source\PSoC4/cyfitter_cfg.c **** /*******************************************************************************
 187:Generated_Source\PSoC4/cyfitter_cfg.c **** * Function Name: AnalogSetDefault
 188:Generated_Source\PSoC4/cyfitter_cfg.c **** ********************************************************************************
 189:Generated_Source\PSoC4/cyfitter_cfg.c **** *
 190:Generated_Source\PSoC4/cyfitter_cfg.c **** * Summary:
 191:Generated_Source\PSoC4/cyfitter_cfg.c **** *  Sets up the analog portions of the chip to default values based on chip
 192:Generated_Source\PSoC4/cyfitter_cfg.c **** *  configuration options from the project.
 193:Generated_Source\PSoC4/cyfitter_cfg.c **** *
 194:Generated_Source\PSoC4/cyfitter_cfg.c **** * Parameters:
 195:Generated_Source\PSoC4/cyfitter_cfg.c **** *  void
 196:Generated_Source\PSoC4/cyfitter_cfg.c **** *
 197:Generated_Source\PSoC4/cyfitter_cfg.c **** * Return:
 198:Generated_Source\PSoC4/cyfitter_cfg.c **** *  void
 199:Generated_Source\PSoC4/cyfitter_cfg.c **** *
ARM GAS  C:\Users\BREYAN~1\AppData\Local\Temp\cctc2xwt.s 			page 8


 200:Generated_Source\PSoC4/cyfitter_cfg.c **** *******************************************************************************/
 201:Generated_Source\PSoC4/cyfitter_cfg.c **** static void AnalogSetDefault(void);
 202:Generated_Source\PSoC4/cyfitter_cfg.c **** static void AnalogSetDefault(void)
 203:Generated_Source\PSoC4/cyfitter_cfg.c **** {
 201              		.loc 1 203 0
 202              		.cfi_startproc
 203 0000 80B5     		push	{r7, lr}
 204              		.cfi_def_cfa_offset 8
 205              		.cfi_offset 7, -8
 206              		.cfi_offset 14, -4
 207 0002 00AF     		add	r7, sp, #0
 208              		.cfi_def_cfa_register 7
 204:Generated_Source\PSoC4/cyfitter_cfg.c **** }
 209              		.loc 1 204 0
 210 0004 BD46     		mov	sp, r7
 211              		@ sp needed
 212 0006 80BD     		pop	{r7, pc}
 213              		.cfi_endproc
 214              	.LFE4:
 215              		.size	AnalogSetDefault, .-AnalogSetDefault
 216              		.section	.psocinit
 217              		.align	2
 218              		.global	cyfitter_cfg
 219              		.code	16
 220              		.thumb_func
 221              		.type	cyfitter_cfg, %function
 222              	cyfitter_cfg:
 223              	.LFB5:
 205:Generated_Source\PSoC4/cyfitter_cfg.c **** 
 206:Generated_Source\PSoC4/cyfitter_cfg.c **** #define CY_AMUX_UNUSED CYREG_CM0_ROM_DWT
 207:Generated_Source\PSoC4/cyfitter_cfg.c **** 
 208:Generated_Source\PSoC4/cyfitter_cfg.c **** 
 209:Generated_Source\PSoC4/cyfitter_cfg.c **** /*******************************************************************************
 210:Generated_Source\PSoC4/cyfitter_cfg.c **** * Function Name: cyfitter_cfg
 211:Generated_Source\PSoC4/cyfitter_cfg.c **** ********************************************************************************
 212:Generated_Source\PSoC4/cyfitter_cfg.c **** * Summary:
 213:Generated_Source\PSoC4/cyfitter_cfg.c **** *  This function is called by the start-up code for the selected device. It
 214:Generated_Source\PSoC4/cyfitter_cfg.c **** *  performs all of the necessary device configuration based on the design
 215:Generated_Source\PSoC4/cyfitter_cfg.c **** *  settings.  This includes settings from the Design Wide Resources (DWR) such
 216:Generated_Source\PSoC4/cyfitter_cfg.c **** *  as Clocks and Pins as well as any component configuration that is necessary.
 217:Generated_Source\PSoC4/cyfitter_cfg.c **** *
 218:Generated_Source\PSoC4/cyfitter_cfg.c **** * Parameters:  
 219:Generated_Source\PSoC4/cyfitter_cfg.c **** *   void
 220:Generated_Source\PSoC4/cyfitter_cfg.c **** *
 221:Generated_Source\PSoC4/cyfitter_cfg.c **** * Return:
 222:Generated_Source\PSoC4/cyfitter_cfg.c **** *   void
 223:Generated_Source\PSoC4/cyfitter_cfg.c **** *
 224:Generated_Source\PSoC4/cyfitter_cfg.c **** *******************************************************************************/
 225:Generated_Source\PSoC4/cyfitter_cfg.c **** CY_CFG_SECTION
 226:Generated_Source\PSoC4/cyfitter_cfg.c **** void cyfitter_cfg(void)
 227:Generated_Source\PSoC4/cyfitter_cfg.c **** {
 224              		.loc 1 227 0
 225              		.cfi_startproc
 226 0064 80B5     		push	{r7, lr}
 227              		.cfi_def_cfa_offset 8
 228              		.cfi_offset 7, -8
 229              		.cfi_offset 14, -4
ARM GAS  C:\Users\BREYAN~1\AppData\Local\Temp\cctc2xwt.s 			page 9


 230 0066 82B0     		sub	sp, sp, #8
 231              		.cfi_def_cfa_offset 16
 232 0068 00AF     		add	r7, sp, #0
 233              		.cfi_def_cfa_register 7
 228:Generated_Source\PSoC4/cyfitter_cfg.c **** 	/* Disable interrupts by default. Let user enable if/when they want. */
 229:Generated_Source\PSoC4/cyfitter_cfg.c **** 	CyGlobalIntDisable;
 234              		.loc 1 229 0
 235              	@ 229 "Generated_Source\PSoC4\cyfitter_cfg.c" 1
 236 006a 72B6     		CPSID   i
 237              	@ 0 "" 2
 238              		.code	16
 239              	.LBB2:
 230:Generated_Source\PSoC4/cyfitter_cfg.c **** 
 231:Generated_Source\PSoC4/cyfitter_cfg.c **** 	{
 232:Generated_Source\PSoC4/cyfitter_cfg.c **** 
 233:Generated_Source\PSoC4/cyfitter_cfg.c **** 		CYPACKED typedef struct {
 234:Generated_Source\PSoC4/cyfitter_cfg.c **** 			void CYFAR *address;
 235:Generated_Source\PSoC4/cyfitter_cfg.c **** 			uint16 size;
 236:Generated_Source\PSoC4/cyfitter_cfg.c **** 		} CYPACKED_ATTR cfg_memset_t;
 237:Generated_Source\PSoC4/cyfitter_cfg.c **** 
 238:Generated_Source\PSoC4/cyfitter_cfg.c **** 		static const cfg_memset_t CYCODE cfg_memset_list [] = {
 239:Generated_Source\PSoC4/cyfitter_cfg.c **** 			/* address, size */
 240:Generated_Source\PSoC4/cyfitter_cfg.c **** 			{(void CYFAR *)(CYDEV_UDB_P0_U0_BASE), 1024u},
 241:Generated_Source\PSoC4/cyfitter_cfg.c **** 			{(void CYFAR *)(CYDEV_UDB_DSI0_BASE), 1024u},
 242:Generated_Source\PSoC4/cyfitter_cfg.c **** 		};
 243:Generated_Source\PSoC4/cyfitter_cfg.c **** 
 244:Generated_Source\PSoC4/cyfitter_cfg.c **** 		uint8 CYDATA i;
 245:Generated_Source\PSoC4/cyfitter_cfg.c **** 
 246:Generated_Source\PSoC4/cyfitter_cfg.c **** 		/* Zero out critical memory blocks before beginning configuration */
 247:Generated_Source\PSoC4/cyfitter_cfg.c **** 		for (i = 0u; i < (sizeof(cfg_memset_list)/sizeof(cfg_memset_list[0])); i++)
 240              		.loc 1 247 0
 241 006c FB1D     		add	r3, r7, #7
 242 006e 0022     		mov	r2, #0
 243 0070 1A70     		strb	r2, [r3]
 244 0072 23E0     		b	.L9
 245              	.L10:
 246              	.LBB3:
 248:Generated_Source\PSoC4/cyfitter_cfg.c **** 		{
 249:Generated_Source\PSoC4/cyfitter_cfg.c **** 			const cfg_memset_t CYCODE * CYDATA ms = &cfg_memset_list[i];
 247              		.loc 1 249 0 discriminator 3
 248 0074 FB1D     		add	r3, r7, #7
 249 0076 1A78     		ldrb	r2, [r3]
 250 0078 131C     		mov	r3, r2
 251 007a 5B00     		lsl	r3, r3, #1
 252 007c 9B18     		add	r3, r3, r2
 253 007e 5B00     		lsl	r3, r3, #1
 254 0080 3C4A     		ldr	r2, .L11
 255 0082 9B18     		add	r3, r3, r2
 256 0084 3B60     		str	r3, [r7]
 250:Generated_Source\PSoC4/cyfitter_cfg.c **** 			CYMEMZERO(ms->address, (size_t)(uint32)(ms->size));
 257              		.loc 1 250 0 discriminator 3
 258 0086 3B68     		ldr	r3, [r7]
 259 0088 1A78     		ldrb	r2, [r3]
 260 008a 5978     		ldrb	r1, [r3, #1]
 261 008c 0902     		lsl	r1, r1, #8
 262 008e 0A43     		orr	r2, r1
 263 0090 9978     		ldrb	r1, [r3, #2]
ARM GAS  C:\Users\BREYAN~1\AppData\Local\Temp\cctc2xwt.s 			page 10


 264 0092 0904     		lsl	r1, r1, #16
 265 0094 0A43     		orr	r2, r1
 266 0096 DB78     		ldrb	r3, [r3, #3]
 267 0098 1B06     		lsl	r3, r3, #24
 268 009a 1343     		orr	r3, r2
 269 009c 191C     		mov	r1, r3
 270 009e 3B68     		ldr	r3, [r7]
 271 00a0 1A79     		ldrb	r2, [r3, #4]
 272 00a2 5B79     		ldrb	r3, [r3, #5]
 273 00a4 1B02     		lsl	r3, r3, #8
 274 00a6 1343     		orr	r3, r2
 275 00a8 9BB2     		uxth	r3, r3
 276 00aa 081C     		mov	r0, r1
 277 00ac 191C     		mov	r1, r3
 278 00ae FFF7FEFF 		bl	CYMEMZERO
 279              	.LBE3:
 247:Generated_Source\PSoC4/cyfitter_cfg.c **** 		{
 280              		.loc 1 247 0 discriminator 3
 281 00b2 FB1D     		add	r3, r7, #7
 282 00b4 1A78     		ldrb	r2, [r3]
 283 00b6 FB1D     		add	r3, r7, #7
 284 00b8 0132     		add	r2, r2, #1
 285 00ba 1A70     		strb	r2, [r3]
 286              	.L9:
 247:Generated_Source\PSoC4/cyfitter_cfg.c **** 		{
 287              		.loc 1 247 0 is_stmt 0 discriminator 1
 288 00bc FB1D     		add	r3, r7, #7
 289 00be 1B78     		ldrb	r3, [r3]
 290 00c0 012B     		cmp	r3, #1
 291 00c2 D7D9     		bls	.L10
 251:Generated_Source\PSoC4/cyfitter_cfg.c **** 		}
 252:Generated_Source\PSoC4/cyfitter_cfg.c **** 
 253:Generated_Source\PSoC4/cyfitter_cfg.c **** 		/* HSIOM Starting address: CYDEV_HSIOM_BASE */
 254:Generated_Source\PSoC4/cyfitter_cfg.c **** 		CY_SET_XTND_REG32((void CYFAR *)(CYDEV_HSIOM_BASE), 0xFF000000u);
 292              		.loc 1 254 0 is_stmt 1
 293 00c4 2C4B     		ldr	r3, .L11+4
 294 00c6 FF22     		mov	r2, #255
 295 00c8 1206     		lsl	r2, r2, #24
 296 00ca 1A60     		str	r2, [r3]
 255:Generated_Source\PSoC4/cyfitter_cfg.c **** 		CY_SET_XTND_REG32((void CYFAR *)(CYREG_HSIOM_PORT_SEL3), 0x0000EEFFu);
 297              		.loc 1 255 0
 298 00cc 2B4B     		ldr	r3, .L11+8
 299 00ce 2C4A     		ldr	r2, .L11+12
 300 00d0 1A60     		str	r2, [r3]
 256:Generated_Source\PSoC4/cyfitter_cfg.c **** 
 257:Generated_Source\PSoC4/cyfitter_cfg.c **** 		/* UDB_PA_0 Starting address: CYDEV_UDB_PA0_BASE */
 258:Generated_Source\PSoC4/cyfitter_cfg.c **** 		CY_SET_XTND_REG32((void CYFAR *)(CYDEV_UDB_PA0_BASE), 0x00990000u);
 301              		.loc 1 258 0
 302 00d2 2C4B     		ldr	r3, .L11+16
 303 00d4 9922     		mov	r2, #153
 304 00d6 1204     		lsl	r2, r2, #16
 305 00d8 1A60     		str	r2, [r3]
 259:Generated_Source\PSoC4/cyfitter_cfg.c **** 
 260:Generated_Source\PSoC4/cyfitter_cfg.c **** 		/* UDB_PA_1 Starting address: CYDEV_UDB_PA1_BASE */
 261:Generated_Source\PSoC4/cyfitter_cfg.c **** 		CY_SET_XTND_REG32((void CYFAR *)(CYDEV_UDB_PA1_BASE), 0x00990000u);
 306              		.loc 1 261 0
 307 00da 2B4B     		ldr	r3, .L11+20
ARM GAS  C:\Users\BREYAN~1\AppData\Local\Temp\cctc2xwt.s 			page 11


 308 00dc 9922     		mov	r2, #153
 309 00de 1204     		lsl	r2, r2, #16
 310 00e0 1A60     		str	r2, [r3]
 262:Generated_Source\PSoC4/cyfitter_cfg.c **** 
 263:Generated_Source\PSoC4/cyfitter_cfg.c **** 		/* UDB_PA_2 Starting address: CYDEV_UDB_PA2_BASE */
 264:Generated_Source\PSoC4/cyfitter_cfg.c **** 		CY_SET_XTND_REG32((void CYFAR *)(CYDEV_UDB_PA2_BASE), 0x00990000u);
 311              		.loc 1 264 0
 312 00e2 2A4B     		ldr	r3, .L11+24
 313 00e4 9922     		mov	r2, #153
 314 00e6 1204     		lsl	r2, r2, #16
 315 00e8 1A60     		str	r2, [r3]
 265:Generated_Source\PSoC4/cyfitter_cfg.c **** 
 266:Generated_Source\PSoC4/cyfitter_cfg.c **** 		/* UDB_PA_3 Starting address: CYDEV_UDB_PA3_BASE */
 267:Generated_Source\PSoC4/cyfitter_cfg.c **** 		CY_SET_XTND_REG32((void CYFAR *)(CYDEV_UDB_PA3_BASE), 0x00990000u);
 316              		.loc 1 267 0
 317 00ea 294B     		ldr	r3, .L11+28
 318 00ec 9922     		mov	r2, #153
 319 00ee 1204     		lsl	r2, r2, #16
 320 00f0 1A60     		str	r2, [r3]
 268:Generated_Source\PSoC4/cyfitter_cfg.c **** 
 269:Generated_Source\PSoC4/cyfitter_cfg.c **** 		/* Enable digital routing */
 270:Generated_Source\PSoC4/cyfitter_cfg.c **** 		CY_SET_XTND_REG8((void *)CYREG_UDB_UDBIF_BANK_CTL, CY_GET_XTND_REG8((void *)CYREG_UDB_UDBIF_BANK_
 321              		.loc 1 270 0
 322 00f2 284A     		ldr	r2, .L11+32
 323 00f4 274B     		ldr	r3, .L11+32
 324 00f6 1B78     		ldrb	r3, [r3]
 325 00f8 DBB2     		uxtb	r3, r3
 326 00fa 0221     		mov	r1, #2
 327 00fc 0B43     		orr	r3, r1
 328 00fe DBB2     		uxtb	r3, r3
 329 0100 1370     		strb	r3, [r2]
 271:Generated_Source\PSoC4/cyfitter_cfg.c **** 
 272:Generated_Source\PSoC4/cyfitter_cfg.c **** 		/* Enable UDB array */
 273:Generated_Source\PSoC4/cyfitter_cfg.c **** 		CY_SET_XTND_REG8((void *)CYREG_UDB_UDBIF_WAIT_CFG, (uint8)((CY_GET_XTND_REG8((void *)CYREG_UDB_UD
 330              		.loc 1 273 0
 331 0102 254A     		ldr	r2, .L11+36
 332 0104 244B     		ldr	r3, .L11+36
 333 0106 1B78     		ldrb	r3, [r3]
 334 0108 DBB2     		uxtb	r3, r3
 335 010a 3C21     		mov	r1, #60
 336 010c 8B43     		bic	r3, r1
 337 010e DBB2     		uxtb	r3, r3
 338 0110 1421     		mov	r1, #20
 339 0112 0B43     		orr	r3, r1
 340 0114 DBB2     		uxtb	r3, r3
 341 0116 1370     		strb	r3, [r2]
 274:Generated_Source\PSoC4/cyfitter_cfg.c **** 		CY_SET_XTND_REG8((void *)CYREG_UDB_UDBIF_BANK_CTL, (uint8)(CY_GET_XTND_REG8((void *)CYREG_UDB_UDB
 342              		.loc 1 274 0
 343 0118 1E4A     		ldr	r2, .L11+32
 344 011a 1E4B     		ldr	r3, .L11+32
 345 011c 1B78     		ldrb	r3, [r3]
 346 011e DBB2     		uxtb	r3, r3
 347 0120 1621     		mov	r1, #22
 348 0122 0B43     		orr	r3, r1
 349 0124 DBB2     		uxtb	r3, r3
 350 0126 1370     		strb	r3, [r2]
 351              	.LBE2:
ARM GAS  C:\Users\BREYAN~1\AppData\Local\Temp\cctc2xwt.s 			page 12


 275:Generated_Source\PSoC4/cyfitter_cfg.c **** 	}
 276:Generated_Source\PSoC4/cyfitter_cfg.c **** 
 277:Generated_Source\PSoC4/cyfitter_cfg.c **** 	/* Perform second pass device configuration. These items must be configured in specific order afte
 278:Generated_Source\PSoC4/cyfitter_cfg.c **** 	/* IOPINS0_0 Starting address: CYDEV_PRT0_BASE */
 279:Generated_Source\PSoC4/cyfitter_cfg.c **** 	CY_SET_XTND_REG32((void CYFAR *)(CYDEV_PRT0_BASE), 0x000000E1u);
 352              		.loc 1 279 0
 353 0128 1C4B     		ldr	r3, .L11+40
 354 012a E122     		mov	r2, #225
 355 012c 1A60     		str	r2, [r3]
 280:Generated_Source\PSoC4/cyfitter_cfg.c **** 	CY_SET_XTND_REG32((void CYFAR *)(CYREG_PRT0_PC), 0x00D90006u);
 356              		.loc 1 280 0
 357 012e 1C4B     		ldr	r3, .L11+44
 358 0130 1C4A     		ldr	r2, .L11+48
 359 0132 1A60     		str	r2, [r3]
 281:Generated_Source\PSoC4/cyfitter_cfg.c **** 	CY_SET_XTND_REG32((void CYFAR *)(CYREG_PRT0_PC2), 0x000000C0u);
 360              		.loc 1 281 0
 361 0134 1C4B     		ldr	r3, .L11+52
 362 0136 C022     		mov	r2, #192
 363 0138 1A60     		str	r2, [r3]
 282:Generated_Source\PSoC4/cyfitter_cfg.c **** 
 283:Generated_Source\PSoC4/cyfitter_cfg.c **** 	/* IOPINS0_1 Starting address: CYDEV_PRT1_BASE */
 284:Generated_Source\PSoC4/cyfitter_cfg.c **** 	CY_SET_XTND_REG32((void CYFAR *)(CYDEV_PRT1_BASE), 0x00000040u);
 364              		.loc 1 284 0
 365 013a 1C4B     		ldr	r3, .L11+56
 366 013c 4022     		mov	r2, #64
 367 013e 1A60     		str	r2, [r3]
 285:Generated_Source\PSoC4/cyfitter_cfg.c **** 	CY_SET_XTND_REG32((void CYFAR *)(CYREG_PRT1_PC), 0x00180000u);
 368              		.loc 1 285 0
 369 0140 1B4B     		ldr	r3, .L11+60
 370 0142 C022     		mov	r2, #192
 371 0144 5203     		lsl	r2, r2, #13
 372 0146 1A60     		str	r2, [r3]
 286:Generated_Source\PSoC4/cyfitter_cfg.c **** 
 287:Generated_Source\PSoC4/cyfitter_cfg.c **** 	/* IOPINS0_2 Starting address: CYDEV_PRT2_BASE */
 288:Generated_Source\PSoC4/cyfitter_cfg.c **** 	CY_SET_XTND_REG32((void CYFAR *)(CYDEV_PRT2_BASE), 0x00000002u);
 373              		.loc 1 288 0
 374 0148 1A4B     		ldr	r3, .L11+64
 375 014a 0222     		mov	r2, #2
 376 014c 1A60     		str	r2, [r3]
 289:Generated_Source\PSoC4/cyfitter_cfg.c **** 	CY_SET_XTND_REG32((void CYFAR *)(CYREG_PRT2_PC), 0x00000010u);
 377              		.loc 1 289 0
 378 014e 1A4B     		ldr	r3, .L11+68
 379 0150 1022     		mov	r2, #16
 380 0152 1A60     		str	r2, [r3]
 290:Generated_Source\PSoC4/cyfitter_cfg.c **** 
 291:Generated_Source\PSoC4/cyfitter_cfg.c **** 	/* IOPINS0_3 Starting address: CYDEV_PRT3_BASE */
 292:Generated_Source\PSoC4/cyfitter_cfg.c **** 	CY_SET_XTND_REG32((void CYFAR *)(CYDEV_PRT3_BASE), 0x00000001u);
 381              		.loc 1 292 0
 382 0154 194B     		ldr	r3, .L11+72
 383 0156 0122     		mov	r2, #1
 384 0158 1A60     		str	r2, [r3]
 293:Generated_Source\PSoC4/cyfitter_cfg.c **** 	CY_SET_XTND_REG32((void CYFAR *)(CYREG_PRT3_PC), 0x00000D8Eu);
 385              		.loc 1 293 0
 386 015a 194B     		ldr	r3, .L11+76
 387 015c 194A     		ldr	r2, .L11+80
 388 015e 1A60     		str	r2, [r3]
 294:Generated_Source\PSoC4/cyfitter_cfg.c **** 	CY_SET_XTND_REG32((void CYFAR *)(CYREG_PRT3_PC2), 0x00000001u);
ARM GAS  C:\Users\BREYAN~1\AppData\Local\Temp\cctc2xwt.s 			page 13


 389              		.loc 1 294 0
 390 0160 194B     		ldr	r3, .L11+84
 391 0162 0122     		mov	r2, #1
 392 0164 1A60     		str	r2, [r3]
 295:Generated_Source\PSoC4/cyfitter_cfg.c **** 
 296:Generated_Source\PSoC4/cyfitter_cfg.c **** 
 297:Generated_Source\PSoC4/cyfitter_cfg.c **** 	/* Setup clocks based on selections from Clock DWR */
 298:Generated_Source\PSoC4/cyfitter_cfg.c **** 	ClockSetup();
 393              		.loc 1 298 0
 394 0166 FFF74BFF 		bl	ClockSetup
 299:Generated_Source\PSoC4/cyfitter_cfg.c **** 
 300:Generated_Source\PSoC4/cyfitter_cfg.c **** 	/* Perform basic analog initialization to defaults */
 301:Generated_Source\PSoC4/cyfitter_cfg.c **** 	AnalogSetDefault();
 395              		.loc 1 301 0
 396 016a FFF7FEFF 		bl	AnalogSetDefault
 302:Generated_Source\PSoC4/cyfitter_cfg.c **** 
 303:Generated_Source\PSoC4/cyfitter_cfg.c **** }
 397              		.loc 1 303 0
 398 016e BD46     		mov	sp, r7
 399 0170 02B0     		add	sp, sp, #8
 400              		@ sp needed
 401 0172 80BD     		pop	{r7, pc}
 402              	.L12:
 403              		.align	2
 404              	.L11:
 405 0174 00000000 		.word	cfg_memset_list.4725
 406 0178 00000140 		.word	1073807360
 407 017c 0C000140 		.word	1073807372
 408 0180 FFEE0000 		.word	61183
 409 0184 00500F40 		.word	1074745344
 410 0188 10500F40 		.word	1074745360
 411 018c 20500F40 		.word	1074745376
 412 0190 30500F40 		.word	1074745392
 413 0194 00700F40 		.word	1074753536
 414 0198 01700F40 		.word	1074753537
 415 019c 00000440 		.word	1074003968
 416 01a0 08000440 		.word	1074003976
 417 01a4 0600D900 		.word	14221318
 418 01a8 18000440 		.word	1074003992
 419 01ac 00010440 		.word	1074004224
 420 01b0 08010440 		.word	1074004232
 421 01b4 00020440 		.word	1074004480
 422 01b8 08020440 		.word	1074004488
 423 01bc 00030440 		.word	1074004736
 424 01c0 08030440 		.word	1074004744
 425 01c4 8E0D0000 		.word	3470
 426 01c8 18030440 		.word	1074004760
 427              		.cfi_endproc
 428              	.LFE5:
 429              		.size	cyfitter_cfg, .-cyfitter_cfg
 430              		.section	.rodata
 431              		.align	2
 432              		.type	cfg_memset_list.4725, %object
 433              		.size	cfg_memset_list.4725, 12
 434              	cfg_memset_list.4725:
 435 0000 00300F40 		.word	1074737152
 436 0004 0004     		.short	1024
ARM GAS  C:\Users\BREYAN~1\AppData\Local\Temp\cctc2xwt.s 			page 14


 437 0006 00400F40 		.4byte	1074741248
 438 000a 0004     		.short	1024
 439              		.text
 440              	.Letext0:
 441              		.file 2 "c:\\program files (x86)\\cypress\\psoc creator\\4.0\\psoc creator\\import\\gnu\\arm\\4.9.
 442              		.file 3 "Generated_Source\\PSoC4\\cytypes.h"
 443              		.section	.debug_info,"",%progbits
 444              	.Ldebug_info0:
 445 0000 46020000 		.4byte	0x246
 446 0004 0400     		.2byte	0x4
 447 0006 00000000 		.4byte	.Ldebug_abbrev0
 448 000a 04       		.byte	0x4
 449 000b 01       		.uleb128 0x1
 450 000c D4000000 		.4byte	.LASF29
 451 0010 01       		.byte	0x1
 452 0011 E4010000 		.4byte	.LASF30
 453 0015 39000000 		.4byte	.LASF31
 454 0019 00000000 		.4byte	.Ldebug_ranges0+0
 455 001d 00000000 		.4byte	0
 456 0021 00000000 		.4byte	.Ldebug_line0
 457 0025 02       		.uleb128 0x2
 458 0026 04       		.byte	0x4
 459 0027 05       		.byte	0x5
 460 0028 696E7400 		.ascii	"int\000"
 461 002c 03       		.uleb128 0x3
 462 002d 06000000 		.4byte	.LASF11
 463 0031 02       		.byte	0x2
 464 0032 D4       		.byte	0xd4
 465 0033 37000000 		.4byte	0x37
 466 0037 04       		.uleb128 0x4
 467 0038 04       		.byte	0x4
 468 0039 07       		.byte	0x7
 469 003a 70010000 		.4byte	.LASF0
 470 003e 04       		.uleb128 0x4
 471 003f 01       		.byte	0x1
 472 0040 06       		.byte	0x6
 473 0041 D8010000 		.4byte	.LASF1
 474 0045 04       		.uleb128 0x4
 475 0046 01       		.byte	0x1
 476 0047 08       		.byte	0x8
 477 0048 B2000000 		.4byte	.LASF2
 478 004c 04       		.uleb128 0x4
 479 004d 02       		.byte	0x2
 480 004e 05       		.byte	0x5
 481 004f C5010000 		.4byte	.LASF3
 482 0053 04       		.uleb128 0x4
 483 0054 02       		.byte	0x2
 484 0055 07       		.byte	0x7
 485 0056 68000000 		.4byte	.LASF4
 486 005a 04       		.uleb128 0x4
 487 005b 04       		.byte	0x4
 488 005c 05       		.byte	0x5
 489 005d CF010000 		.4byte	.LASF5
 490 0061 04       		.uleb128 0x4
 491 0062 04       		.byte	0x4
 492 0063 07       		.byte	0x7
 493 0064 90000000 		.4byte	.LASF6
ARM GAS  C:\Users\BREYAN~1\AppData\Local\Temp\cctc2xwt.s 			page 15


 494 0068 04       		.uleb128 0x4
 495 0069 08       		.byte	0x8
 496 006a 05       		.byte	0x5
 497 006b B2010000 		.4byte	.LASF7
 498 006f 04       		.uleb128 0x4
 499 0070 08       		.byte	0x8
 500 0071 07       		.byte	0x7
 501 0072 85010000 		.4byte	.LASF8
 502 0076 04       		.uleb128 0x4
 503 0077 04       		.byte	0x4
 504 0078 07       		.byte	0x7
 505 0079 A9010000 		.4byte	.LASF9
 506 007d 05       		.uleb128 0x5
 507 007e 04       		.byte	0x4
 508 007f 04       		.uleb128 0x4
 509 0080 01       		.byte	0x1
 510 0081 08       		.byte	0x8
 511 0082 C0010000 		.4byte	.LASF10
 512 0086 06       		.uleb128 0x6
 513 0087 A2000000 		.4byte	.LASF12
 514 008b 03       		.byte	0x3
 515 008c B901     		.2byte	0x1b9
 516 008e 45000000 		.4byte	0x45
 517 0092 06       		.uleb128 0x6
 518 0093 62010000 		.4byte	.LASF13
 519 0097 03       		.byte	0x3
 520 0098 BA01     		.2byte	0x1ba
 521 009a 53000000 		.4byte	0x53
 522 009e 06       		.uleb128 0x6
 523 009f 69010000 		.4byte	.LASF14
 524 00a3 03       		.byte	0x3
 525 00a4 BB01     		.2byte	0x1bb
 526 00a6 61000000 		.4byte	0x61
 527 00aa 04       		.uleb128 0x4
 528 00ab 04       		.byte	0x4
 529 00ac 04       		.byte	0x4
 530 00ad 7B000000 		.4byte	.LASF15
 531 00b1 04       		.uleb128 0x4
 532 00b2 08       		.byte	0x8
 533 00b3 04       		.byte	0x4
 534 00b4 C0000000 		.4byte	.LASF16
 535 00b8 06       		.uleb128 0x6
 536 00b9 8B000000 		.4byte	.LASF17
 537 00bd 03       		.byte	0x3
 538 00be 6302     		.2byte	0x263
 539 00c0 C4000000 		.4byte	0xc4
 540 00c4 07       		.uleb128 0x7
 541 00c5 86000000 		.4byte	0x86
 542 00c9 06       		.uleb128 0x6
 543 00ca 00000000 		.4byte	.LASF18
 544 00ce 03       		.byte	0x3
 545 00cf 6502     		.2byte	0x265
 546 00d1 D5000000 		.4byte	0xd5
 547 00d5 07       		.uleb128 0x7
 548 00d6 9E000000 		.4byte	0x9e
 549 00da 08       		.uleb128 0x8
 550 00db A8000000 		.4byte	.LASF19
ARM GAS  C:\Users\BREYAN~1\AppData\Local\Temp\cctc2xwt.s 			page 16


 551 00df 01       		.byte	0x1
 552 00e0 3C       		.byte	0x3c
 553 00e1 00000000 		.4byte	.LFB0
 554 00e5 1E000000 		.4byte	.LFE0-.LFB0
 555 00e9 01       		.uleb128 0x1
 556 00ea 9C       		.byte	0x9c
 557 00eb 08010000 		.4byte	0x108
 558 00ef 09       		.uleb128 0x9
 559 00f0 7300     		.ascii	"s\000"
 560 00f2 01       		.byte	0x1
 561 00f3 3C       		.byte	0x3c
 562 00f4 7D000000 		.4byte	0x7d
 563 00f8 02       		.uleb128 0x2
 564 00f9 91       		.byte	0x91
 565 00fa 74       		.sleb128 -12
 566 00fb 09       		.uleb128 0x9
 567 00fc 6E00     		.ascii	"n\000"
 568 00fe 01       		.byte	0x1
 569 00ff 3C       		.byte	0x3c
 570 0100 2C000000 		.4byte	0x2c
 571 0104 02       		.uleb128 0x2
 572 0105 91       		.byte	0x91
 573 0106 70       		.sleb128 -16
 574 0107 00       		.byte	0
 575 0108 08       		.uleb128 0x8
 576 0109 1A020000 		.4byte	.LASF20
 577 010d 01       		.byte	0x1
 578 010e 43       		.byte	0x43
 579 010f 00000000 		.4byte	.LFB1
 580 0113 22000000 		.4byte	.LFE1-.LFB1
 581 0117 01       		.uleb128 0x1
 582 0118 9C       		.byte	0x9c
 583 0119 46010000 		.4byte	0x146
 584 011d 0A       		.uleb128 0xa
 585 011e 81000000 		.4byte	.LASF21
 586 0122 01       		.byte	0x1
 587 0123 43       		.byte	0x43
 588 0124 7D000000 		.4byte	0x7d
 589 0128 02       		.uleb128 0x2
 590 0129 91       		.byte	0x91
 591 012a 74       		.sleb128 -12
 592 012b 09       		.uleb128 0x9
 593 012c 73726300 		.ascii	"src\000"
 594 0130 01       		.byte	0x1
 595 0131 43       		.byte	0x43
 596 0132 46010000 		.4byte	0x146
 597 0136 02       		.uleb128 0x2
 598 0137 91       		.byte	0x91
 599 0138 70       		.sleb128 -16
 600 0139 09       		.uleb128 0x9
 601 013a 6E00     		.ascii	"n\000"
 602 013c 01       		.byte	0x1
 603 013d 43       		.byte	0x43
 604 013e 2C000000 		.4byte	0x2c
 605 0142 02       		.uleb128 0x2
 606 0143 91       		.byte	0x91
 607 0144 6C       		.sleb128 -20
ARM GAS  C:\Users\BREYAN~1\AppData\Local\Temp\cctc2xwt.s 			page 17


 608 0145 00       		.byte	0
 609 0146 0B       		.uleb128 0xb
 610 0147 04       		.byte	0x4
 611 0148 4C010000 		.4byte	0x14c
 612 014c 0C       		.uleb128 0xc
 613 014d 08       		.uleb128 0x8
 614 014e 0A020000 		.4byte	.LASF22
 615 0152 01       		.byte	0x1
 616 0153 4A       		.byte	0x4a
 617 0154 00000000 		.4byte	.LFB2
 618 0158 22000000 		.4byte	.LFE2-.LFB2
 619 015c 01       		.uleb128 0x1
 620 015d 9C       		.byte	0x9c
 621 015e 8B010000 		.4byte	0x18b
 622 0162 0A       		.uleb128 0xa
 623 0163 81000000 		.4byte	.LASF21
 624 0167 01       		.byte	0x1
 625 0168 4A       		.byte	0x4a
 626 0169 7D000000 		.4byte	0x7d
 627 016d 02       		.uleb128 0x2
 628 016e 91       		.byte	0x91
 629 016f 74       		.sleb128 -12
 630 0170 09       		.uleb128 0x9
 631 0171 73726300 		.ascii	"src\000"
 632 0175 01       		.byte	0x1
 633 0176 4A       		.byte	0x4a
 634 0177 46010000 		.4byte	0x146
 635 017b 02       		.uleb128 0x2
 636 017c 91       		.byte	0x91
 637 017d 70       		.sleb128 -16
 638 017e 09       		.uleb128 0x9
 639 017f 6E00     		.ascii	"n\000"
 640 0181 01       		.byte	0x1
 641 0182 4A       		.byte	0x4a
 642 0183 2C000000 		.4byte	0x2c
 643 0187 02       		.uleb128 0x2
 644 0188 91       		.byte	0x91
 645 0189 6C       		.sleb128 -20
 646 018a 00       		.byte	0
 647 018b 0D       		.uleb128 0xd
 648 018c 2E000000 		.4byte	.LASF23
 649 0190 01       		.byte	0x1
 650 0191 9C       		.byte	0x9c
 651 0192 00000000 		.4byte	.LFB3
 652 0196 64000000 		.4byte	.LFE3-.LFB3
 653 019a 01       		.uleb128 0x1
 654 019b 9C       		.byte	0x9c
 655 019c 0E       		.uleb128 0xe
 656 019d 0D000000 		.4byte	.LASF24
 657 01a1 01       		.byte	0x1
 658 01a2 CA       		.byte	0xca
 659 01a3 00000000 		.4byte	.LFB4
 660 01a7 08000000 		.4byte	.LFE4-.LFB4
 661 01ab 01       		.uleb128 0x1
 662 01ac 9C       		.byte	0x9c
 663 01ad 0F       		.uleb128 0xf
 664 01ae C7000000 		.4byte	.LASF32
ARM GAS  C:\Users\BREYAN~1\AppData\Local\Temp\cctc2xwt.s 			page 18


 665 01b2 01       		.byte	0x1
 666 01b3 E2       		.byte	0xe2
 667 01b4 64000000 		.4byte	.LFB5
 668 01b8 68010000 		.4byte	.LFE5-.LFB5
 669 01bc 01       		.uleb128 0x1
 670 01bd 9C       		.byte	0x9c
 671 01be 10       		.uleb128 0x10
 672 01bf 6C000000 		.4byte	.LBB2
 673 01c3 BC000000 		.4byte	.LBE2-.LBB2
 674 01c7 11       		.uleb128 0x11
 675 01c8 06       		.byte	0x6
 676 01c9 01       		.byte	0x1
 677 01ca E9       		.byte	0xe9
 678 01cb E8010000 		.4byte	0x1e8
 679 01cf 12       		.uleb128 0x12
 680 01d0 7D010000 		.4byte	.LASF25
 681 01d4 01       		.byte	0x1
 682 01d5 EA       		.byte	0xea
 683 01d6 7D000000 		.4byte	0x7d
 684 01da 00       		.byte	0
 685 01db 12       		.uleb128 0x12
 686 01dc 86000000 		.4byte	.LASF26
 687 01e0 01       		.byte	0x1
 688 01e1 EB       		.byte	0xeb
 689 01e2 92000000 		.4byte	0x92
 690 01e6 04       		.byte	0x4
 691 01e7 00       		.byte	0
 692 01e8 03       		.uleb128 0x3
 693 01e9 9C010000 		.4byte	.LASF27
 694 01ed 01       		.byte	0x1
 695 01ee EC       		.byte	0xec
 696 01ef C7010000 		.4byte	0x1c7
 697 01f3 13       		.uleb128 0x13
 698 01f4 E8010000 		.4byte	0x1e8
 699 01f8 03020000 		.4byte	0x203
 700 01fc 14       		.uleb128 0x14
 701 01fd 76000000 		.4byte	0x76
 702 0201 01       		.byte	0x1
 703 0202 00       		.byte	0
 704 0203 15       		.uleb128 0x15
 705 0204 1E000000 		.4byte	.LASF28
 706 0208 01       		.byte	0x1
 707 0209 EE       		.byte	0xee
 708 020a 14020000 		.4byte	0x214
 709 020e 05       		.uleb128 0x5
 710 020f 03       		.byte	0x3
 711 0210 00000000 		.4byte	cfg_memset_list.4725
 712 0214 16       		.uleb128 0x16
 713 0215 F3010000 		.4byte	0x1f3
 714 0219 17       		.uleb128 0x17
 715 021a 6900     		.ascii	"i\000"
 716 021c 01       		.byte	0x1
 717 021d F4       		.byte	0xf4
 718 021e 86000000 		.4byte	0x86
 719 0222 02       		.uleb128 0x2
 720 0223 91       		.byte	0x91
 721 0224 77       		.sleb128 -9
ARM GAS  C:\Users\BREYAN~1\AppData\Local\Temp\cctc2xwt.s 			page 19


 722 0225 10       		.uleb128 0x10
 723 0226 74000000 		.4byte	.LBB3
 724 022a 3E000000 		.4byte	.LBE3-.LBB3
 725 022e 17       		.uleb128 0x17
 726 022f 6D7300   		.ascii	"ms\000"
 727 0232 01       		.byte	0x1
 728 0233 F9       		.byte	0xf9
 729 0234 3B020000 		.4byte	0x23b
 730 0238 02       		.uleb128 0x2
 731 0239 91       		.byte	0x91
 732 023a 70       		.sleb128 -16
 733 023b 0B       		.uleb128 0xb
 734 023c 04       		.byte	0x4
 735 023d 41020000 		.4byte	0x241
 736 0241 16       		.uleb128 0x16
 737 0242 E8010000 		.4byte	0x1e8
 738 0246 00       		.byte	0
 739 0247 00       		.byte	0
 740 0248 00       		.byte	0
 741 0249 00       		.byte	0
 742              		.section	.debug_abbrev,"",%progbits
 743              	.Ldebug_abbrev0:
 744 0000 01       		.uleb128 0x1
 745 0001 11       		.uleb128 0x11
 746 0002 01       		.byte	0x1
 747 0003 25       		.uleb128 0x25
 748 0004 0E       		.uleb128 0xe
 749 0005 13       		.uleb128 0x13
 750 0006 0B       		.uleb128 0xb
 751 0007 03       		.uleb128 0x3
 752 0008 0E       		.uleb128 0xe
 753 0009 1B       		.uleb128 0x1b
 754 000a 0E       		.uleb128 0xe
 755 000b 55       		.uleb128 0x55
 756 000c 17       		.uleb128 0x17
 757 000d 11       		.uleb128 0x11
 758 000e 01       		.uleb128 0x1
 759 000f 10       		.uleb128 0x10
 760 0010 17       		.uleb128 0x17
 761 0011 00       		.byte	0
 762 0012 00       		.byte	0
 763 0013 02       		.uleb128 0x2
 764 0014 24       		.uleb128 0x24
 765 0015 00       		.byte	0
 766 0016 0B       		.uleb128 0xb
 767 0017 0B       		.uleb128 0xb
 768 0018 3E       		.uleb128 0x3e
 769 0019 0B       		.uleb128 0xb
 770 001a 03       		.uleb128 0x3
 771 001b 08       		.uleb128 0x8
 772 001c 00       		.byte	0
 773 001d 00       		.byte	0
 774 001e 03       		.uleb128 0x3
 775 001f 16       		.uleb128 0x16
 776 0020 00       		.byte	0
 777 0021 03       		.uleb128 0x3
 778 0022 0E       		.uleb128 0xe
ARM GAS  C:\Users\BREYAN~1\AppData\Local\Temp\cctc2xwt.s 			page 20


 779 0023 3A       		.uleb128 0x3a
 780 0024 0B       		.uleb128 0xb
 781 0025 3B       		.uleb128 0x3b
 782 0026 0B       		.uleb128 0xb
 783 0027 49       		.uleb128 0x49
 784 0028 13       		.uleb128 0x13
 785 0029 00       		.byte	0
 786 002a 00       		.byte	0
 787 002b 04       		.uleb128 0x4
 788 002c 24       		.uleb128 0x24
 789 002d 00       		.byte	0
 790 002e 0B       		.uleb128 0xb
 791 002f 0B       		.uleb128 0xb
 792 0030 3E       		.uleb128 0x3e
 793 0031 0B       		.uleb128 0xb
 794 0032 03       		.uleb128 0x3
 795 0033 0E       		.uleb128 0xe
 796 0034 00       		.byte	0
 797 0035 00       		.byte	0
 798 0036 05       		.uleb128 0x5
 799 0037 0F       		.uleb128 0xf
 800 0038 00       		.byte	0
 801 0039 0B       		.uleb128 0xb
 802 003a 0B       		.uleb128 0xb
 803 003b 00       		.byte	0
 804 003c 00       		.byte	0
 805 003d 06       		.uleb128 0x6
 806 003e 16       		.uleb128 0x16
 807 003f 00       		.byte	0
 808 0040 03       		.uleb128 0x3
 809 0041 0E       		.uleb128 0xe
 810 0042 3A       		.uleb128 0x3a
 811 0043 0B       		.uleb128 0xb
 812 0044 3B       		.uleb128 0x3b
 813 0045 05       		.uleb128 0x5
 814 0046 49       		.uleb128 0x49
 815 0047 13       		.uleb128 0x13
 816 0048 00       		.byte	0
 817 0049 00       		.byte	0
 818 004a 07       		.uleb128 0x7
 819 004b 35       		.uleb128 0x35
 820 004c 00       		.byte	0
 821 004d 49       		.uleb128 0x49
 822 004e 13       		.uleb128 0x13
 823 004f 00       		.byte	0
 824 0050 00       		.byte	0
 825 0051 08       		.uleb128 0x8
 826 0052 2E       		.uleb128 0x2e
 827 0053 01       		.byte	0x1
 828 0054 03       		.uleb128 0x3
 829 0055 0E       		.uleb128 0xe
 830 0056 3A       		.uleb128 0x3a
 831 0057 0B       		.uleb128 0xb
 832 0058 3B       		.uleb128 0x3b
 833 0059 0B       		.uleb128 0xb
 834 005a 27       		.uleb128 0x27
 835 005b 19       		.uleb128 0x19
ARM GAS  C:\Users\BREYAN~1\AppData\Local\Temp\cctc2xwt.s 			page 21


 836 005c 11       		.uleb128 0x11
 837 005d 01       		.uleb128 0x1
 838 005e 12       		.uleb128 0x12
 839 005f 06       		.uleb128 0x6
 840 0060 40       		.uleb128 0x40
 841 0061 18       		.uleb128 0x18
 842 0062 9642     		.uleb128 0x2116
 843 0064 19       		.uleb128 0x19
 844 0065 01       		.uleb128 0x1
 845 0066 13       		.uleb128 0x13
 846 0067 00       		.byte	0
 847 0068 00       		.byte	0
 848 0069 09       		.uleb128 0x9
 849 006a 05       		.uleb128 0x5
 850 006b 00       		.byte	0
 851 006c 03       		.uleb128 0x3
 852 006d 08       		.uleb128 0x8
 853 006e 3A       		.uleb128 0x3a
 854 006f 0B       		.uleb128 0xb
 855 0070 3B       		.uleb128 0x3b
 856 0071 0B       		.uleb128 0xb
 857 0072 49       		.uleb128 0x49
 858 0073 13       		.uleb128 0x13
 859 0074 02       		.uleb128 0x2
 860 0075 18       		.uleb128 0x18
 861 0076 00       		.byte	0
 862 0077 00       		.byte	0
 863 0078 0A       		.uleb128 0xa
 864 0079 05       		.uleb128 0x5
 865 007a 00       		.byte	0
 866 007b 03       		.uleb128 0x3
 867 007c 0E       		.uleb128 0xe
 868 007d 3A       		.uleb128 0x3a
 869 007e 0B       		.uleb128 0xb
 870 007f 3B       		.uleb128 0x3b
 871 0080 0B       		.uleb128 0xb
 872 0081 49       		.uleb128 0x49
 873 0082 13       		.uleb128 0x13
 874 0083 02       		.uleb128 0x2
 875 0084 18       		.uleb128 0x18
 876 0085 00       		.byte	0
 877 0086 00       		.byte	0
 878 0087 0B       		.uleb128 0xb
 879 0088 0F       		.uleb128 0xf
 880 0089 00       		.byte	0
 881 008a 0B       		.uleb128 0xb
 882 008b 0B       		.uleb128 0xb
 883 008c 49       		.uleb128 0x49
 884 008d 13       		.uleb128 0x13
 885 008e 00       		.byte	0
 886 008f 00       		.byte	0
 887 0090 0C       		.uleb128 0xc
 888 0091 26       		.uleb128 0x26
 889 0092 00       		.byte	0
 890 0093 00       		.byte	0
 891 0094 00       		.byte	0
 892 0095 0D       		.uleb128 0xd
ARM GAS  C:\Users\BREYAN~1\AppData\Local\Temp\cctc2xwt.s 			page 22


 893 0096 2E       		.uleb128 0x2e
 894 0097 00       		.byte	0
 895 0098 03       		.uleb128 0x3
 896 0099 0E       		.uleb128 0xe
 897 009a 3A       		.uleb128 0x3a
 898 009b 0B       		.uleb128 0xb
 899 009c 3B       		.uleb128 0x3b
 900 009d 0B       		.uleb128 0xb
 901 009e 27       		.uleb128 0x27
 902 009f 19       		.uleb128 0x19
 903 00a0 11       		.uleb128 0x11
 904 00a1 01       		.uleb128 0x1
 905 00a2 12       		.uleb128 0x12
 906 00a3 06       		.uleb128 0x6
 907 00a4 40       		.uleb128 0x40
 908 00a5 18       		.uleb128 0x18
 909 00a6 9642     		.uleb128 0x2116
 910 00a8 19       		.uleb128 0x19
 911 00a9 00       		.byte	0
 912 00aa 00       		.byte	0
 913 00ab 0E       		.uleb128 0xe
 914 00ac 2E       		.uleb128 0x2e
 915 00ad 00       		.byte	0
 916 00ae 03       		.uleb128 0x3
 917 00af 0E       		.uleb128 0xe
 918 00b0 3A       		.uleb128 0x3a
 919 00b1 0B       		.uleb128 0xb
 920 00b2 3B       		.uleb128 0x3b
 921 00b3 0B       		.uleb128 0xb
 922 00b4 27       		.uleb128 0x27
 923 00b5 19       		.uleb128 0x19
 924 00b6 11       		.uleb128 0x11
 925 00b7 01       		.uleb128 0x1
 926 00b8 12       		.uleb128 0x12
 927 00b9 06       		.uleb128 0x6
 928 00ba 40       		.uleb128 0x40
 929 00bb 18       		.uleb128 0x18
 930 00bc 9742     		.uleb128 0x2117
 931 00be 19       		.uleb128 0x19
 932 00bf 00       		.byte	0
 933 00c0 00       		.byte	0
 934 00c1 0F       		.uleb128 0xf
 935 00c2 2E       		.uleb128 0x2e
 936 00c3 01       		.byte	0x1
 937 00c4 3F       		.uleb128 0x3f
 938 00c5 19       		.uleb128 0x19
 939 00c6 03       		.uleb128 0x3
 940 00c7 0E       		.uleb128 0xe
 941 00c8 3A       		.uleb128 0x3a
 942 00c9 0B       		.uleb128 0xb
 943 00ca 3B       		.uleb128 0x3b
 944 00cb 0B       		.uleb128 0xb
 945 00cc 27       		.uleb128 0x27
 946 00cd 19       		.uleb128 0x19
 947 00ce 11       		.uleb128 0x11
 948 00cf 01       		.uleb128 0x1
 949 00d0 12       		.uleb128 0x12
ARM GAS  C:\Users\BREYAN~1\AppData\Local\Temp\cctc2xwt.s 			page 23


 950 00d1 06       		.uleb128 0x6
 951 00d2 40       		.uleb128 0x40
 952 00d3 18       		.uleb128 0x18
 953 00d4 9642     		.uleb128 0x2116
 954 00d6 19       		.uleb128 0x19
 955 00d7 00       		.byte	0
 956 00d8 00       		.byte	0
 957 00d9 10       		.uleb128 0x10
 958 00da 0B       		.uleb128 0xb
 959 00db 01       		.byte	0x1
 960 00dc 11       		.uleb128 0x11
 961 00dd 01       		.uleb128 0x1
 962 00de 12       		.uleb128 0x12
 963 00df 06       		.uleb128 0x6
 964 00e0 00       		.byte	0
 965 00e1 00       		.byte	0
 966 00e2 11       		.uleb128 0x11
 967 00e3 13       		.uleb128 0x13
 968 00e4 01       		.byte	0x1
 969 00e5 0B       		.uleb128 0xb
 970 00e6 0B       		.uleb128 0xb
 971 00e7 3A       		.uleb128 0x3a
 972 00e8 0B       		.uleb128 0xb
 973 00e9 3B       		.uleb128 0x3b
 974 00ea 0B       		.uleb128 0xb
 975 00eb 01       		.uleb128 0x1
 976 00ec 13       		.uleb128 0x13
 977 00ed 00       		.byte	0
 978 00ee 00       		.byte	0
 979 00ef 12       		.uleb128 0x12
 980 00f0 0D       		.uleb128 0xd
 981 00f1 00       		.byte	0
 982 00f2 03       		.uleb128 0x3
 983 00f3 0E       		.uleb128 0xe
 984 00f4 3A       		.uleb128 0x3a
 985 00f5 0B       		.uleb128 0xb
 986 00f6 3B       		.uleb128 0x3b
 987 00f7 0B       		.uleb128 0xb
 988 00f8 49       		.uleb128 0x49
 989 00f9 13       		.uleb128 0x13
 990 00fa 38       		.uleb128 0x38
 991 00fb 0B       		.uleb128 0xb
 992 00fc 00       		.byte	0
 993 00fd 00       		.byte	0
 994 00fe 13       		.uleb128 0x13
 995 00ff 01       		.uleb128 0x1
 996 0100 01       		.byte	0x1
 997 0101 49       		.uleb128 0x49
 998 0102 13       		.uleb128 0x13
 999 0103 01       		.uleb128 0x1
 1000 0104 13       		.uleb128 0x13
 1001 0105 00       		.byte	0
 1002 0106 00       		.byte	0
 1003 0107 14       		.uleb128 0x14
 1004 0108 21       		.uleb128 0x21
 1005 0109 00       		.byte	0
 1006 010a 49       		.uleb128 0x49
ARM GAS  C:\Users\BREYAN~1\AppData\Local\Temp\cctc2xwt.s 			page 24


 1007 010b 13       		.uleb128 0x13
 1008 010c 2F       		.uleb128 0x2f
 1009 010d 0B       		.uleb128 0xb
 1010 010e 00       		.byte	0
 1011 010f 00       		.byte	0
 1012 0110 15       		.uleb128 0x15
 1013 0111 34       		.uleb128 0x34
 1014 0112 00       		.byte	0
 1015 0113 03       		.uleb128 0x3
 1016 0114 0E       		.uleb128 0xe
 1017 0115 3A       		.uleb128 0x3a
 1018 0116 0B       		.uleb128 0xb
 1019 0117 3B       		.uleb128 0x3b
 1020 0118 0B       		.uleb128 0xb
 1021 0119 49       		.uleb128 0x49
 1022 011a 13       		.uleb128 0x13
 1023 011b 02       		.uleb128 0x2
 1024 011c 18       		.uleb128 0x18
 1025 011d 00       		.byte	0
 1026 011e 00       		.byte	0
 1027 011f 16       		.uleb128 0x16
 1028 0120 26       		.uleb128 0x26
 1029 0121 00       		.byte	0
 1030 0122 49       		.uleb128 0x49
 1031 0123 13       		.uleb128 0x13
 1032 0124 00       		.byte	0
 1033 0125 00       		.byte	0
 1034 0126 17       		.uleb128 0x17
 1035 0127 34       		.uleb128 0x34
 1036 0128 00       		.byte	0
 1037 0129 03       		.uleb128 0x3
 1038 012a 08       		.uleb128 0x8
 1039 012b 3A       		.uleb128 0x3a
 1040 012c 0B       		.uleb128 0xb
 1041 012d 3B       		.uleb128 0x3b
 1042 012e 0B       		.uleb128 0xb
 1043 012f 49       		.uleb128 0x49
 1044 0130 13       		.uleb128 0x13
 1045 0131 02       		.uleb128 0x2
 1046 0132 18       		.uleb128 0x18
 1047 0133 00       		.byte	0
 1048 0134 00       		.byte	0
 1049 0135 00       		.byte	0
 1050              		.section	.debug_aranges,"",%progbits
 1051 0000 44000000 		.4byte	0x44
 1052 0004 0200     		.2byte	0x2
 1053 0006 00000000 		.4byte	.Ldebug_info0
 1054 000a 04       		.byte	0x4
 1055 000b 00       		.byte	0
 1056 000c 0000     		.2byte	0
 1057 000e 0000     		.2byte	0
 1058 0010 00000000 		.4byte	.LFB0
 1059 0014 1E000000 		.4byte	.LFE0-.LFB0
 1060 0018 00000000 		.4byte	.LFB1
 1061 001c 22000000 		.4byte	.LFE1-.LFB1
 1062 0020 00000000 		.4byte	.LFB2
 1063 0024 22000000 		.4byte	.LFE2-.LFB2
ARM GAS  C:\Users\BREYAN~1\AppData\Local\Temp\cctc2xwt.s 			page 25


 1064 0028 00000000 		.4byte	.LFB3
 1065 002c 64000000 		.4byte	.LFE3-.LFB3
 1066 0030 00000000 		.4byte	.LFB4
 1067 0034 08000000 		.4byte	.LFE4-.LFB4
 1068 0038 64000000 		.4byte	.LFB5
 1069 003c 68010000 		.4byte	.LFE5-.LFB5
 1070 0040 00000000 		.4byte	0
 1071 0044 00000000 		.4byte	0
 1072              		.section	.debug_ranges,"",%progbits
 1073              	.Ldebug_ranges0:
 1074 0000 00000000 		.4byte	.LFB0
 1075 0004 1E000000 		.4byte	.LFE0
 1076 0008 00000000 		.4byte	.LFB1
 1077 000c 22000000 		.4byte	.LFE1
 1078 0010 00000000 		.4byte	.LFB2
 1079 0014 22000000 		.4byte	.LFE2
 1080 0018 00000000 		.4byte	.LFB3
 1081 001c 64000000 		.4byte	.LFE3
 1082 0020 00000000 		.4byte	.LFB4
 1083 0024 08000000 		.4byte	.LFE4
 1084 0028 64000000 		.4byte	.LFB5
 1085 002c CC010000 		.4byte	.LFE5
 1086 0030 00000000 		.4byte	0
 1087 0034 00000000 		.4byte	0
 1088              		.section	.debug_line,"",%progbits
 1089              	.Ldebug_line0:
 1090 0000 65010000 		.section	.debug_str,"MS",%progbits,1
 1090      0200CB00 
 1090      00000201 
 1090      FB0E0D00 
 1090      01010101 
 1091              	.LASF18:
 1092 0000 72656733 		.ascii	"reg32\000"
 1092      3200
 1093              	.LASF11:
 1094 0006 73697A65 		.ascii	"size_t\000"
 1094      5F7400
 1095              	.LASF24:
 1096 000d 416E616C 		.ascii	"AnalogSetDefault\000"
 1096      6F675365 
 1096      74446566 
 1096      61756C74 
 1096      00
 1097              	.LASF28:
 1098 001e 6366675F 		.ascii	"cfg_memset_list\000"
 1098      6D656D73 
 1098      65745F6C 
 1098      69737400 
 1099              	.LASF23:
 1100 002e 436C6F63 		.ascii	"ClockSetup\000"
 1100      6B536574 
 1100      757000
 1101              	.LASF31:
 1102 0039 433A5C55 		.ascii	"C:\\Users\\Breyana_2\\Documents\\SDCard_Demo.cydsn\000"
 1102      73657273 
 1102      5C427265 
 1102      79616E61 
ARM GAS  C:\Users\BREYAN~1\AppData\Local\Temp\cctc2xwt.s 			page 26


 1102      5F325C44 
 1103              	.LASF4:
 1104 0068 73686F72 		.ascii	"short unsigned int\000"
 1104      7420756E 
 1104      7369676E 
 1104      65642069 
 1104      6E7400
 1105              	.LASF15:
 1106 007b 666C6F61 		.ascii	"float\000"
 1106      7400
 1107              	.LASF21:
 1108 0081 64657374 		.ascii	"dest\000"
 1108      00
 1109              	.LASF26:
 1110 0086 73697A65 		.ascii	"size\000"
 1110      00
 1111              	.LASF17:
 1112 008b 72656738 		.ascii	"reg8\000"
 1112      00
 1113              	.LASF6:
 1114 0090 6C6F6E67 		.ascii	"long unsigned int\000"
 1114      20756E73 
 1114      69676E65 
 1114      6420696E 
 1114      7400
 1115              	.LASF12:
 1116 00a2 75696E74 		.ascii	"uint8\000"
 1116      3800
 1117              	.LASF19:
 1118 00a8 43594D45 		.ascii	"CYMEMZERO\000"
 1118      4D5A4552 
 1118      4F00
 1119              	.LASF2:
 1120 00b2 756E7369 		.ascii	"unsigned char\000"
 1120      676E6564 
 1120      20636861 
 1120      7200
 1121              	.LASF16:
 1122 00c0 646F7562 		.ascii	"double\000"
 1122      6C6500
 1123              	.LASF32:
 1124 00c7 63796669 		.ascii	"cyfitter_cfg\000"
 1124      74746572 
 1124      5F636667 
 1124      00
 1125              	.LASF29:
 1126 00d4 474E5520 		.ascii	"GNU C 4.9.3 20150303 (release) [ARM/embedded-4_9-br"
 1126      4320342E 
 1126      392E3320 
 1126      32303135 
 1126      30333033 
 1127 0107 616E6368 		.ascii	"anch revision 221220] -mcpu=cortex-m0 -mthumb -g -O"
 1127      20726576 
 1127      6973696F 
 1127      6E203232 
 1127      31323230 
 1128 013a 30202D66 		.ascii	"0 -ffunction-sections -ffat-lto-objects\000"
ARM GAS  C:\Users\BREYAN~1\AppData\Local\Temp\cctc2xwt.s 			page 27


 1128      66756E63 
 1128      74696F6E 
 1128      2D736563 
 1128      74696F6E 
 1129              	.LASF13:
 1130 0162 75696E74 		.ascii	"uint16\000"
 1130      313600
 1131              	.LASF14:
 1132 0169 75696E74 		.ascii	"uint32\000"
 1132      333200
 1133              	.LASF0:
 1134 0170 756E7369 		.ascii	"unsigned int\000"
 1134      676E6564 
 1134      20696E74 
 1134      00
 1135              	.LASF25:
 1136 017d 61646472 		.ascii	"address\000"
 1136      65737300 
 1137              	.LASF8:
 1138 0185 6C6F6E67 		.ascii	"long long unsigned int\000"
 1138      206C6F6E 
 1138      6720756E 
 1138      7369676E 
 1138      65642069 
 1139              	.LASF27:
 1140 019c 6366675F 		.ascii	"cfg_memset_t\000"
 1140      6D656D73 
 1140      65745F74 
 1140      00
 1141              	.LASF9:
 1142 01a9 73697A65 		.ascii	"sizetype\000"
 1142      74797065 
 1142      00
 1143              	.LASF7:
 1144 01b2 6C6F6E67 		.ascii	"long long int\000"
 1144      206C6F6E 
 1144      6720696E 
 1144      7400
 1145              	.LASF10:
 1146 01c0 63686172 		.ascii	"char\000"
 1146      00
 1147              	.LASF3:
 1148 01c5 73686F72 		.ascii	"short int\000"
 1148      7420696E 
 1148      7400
 1149              	.LASF5:
 1150 01cf 6C6F6E67 		.ascii	"long int\000"
 1150      20696E74 
 1150      00
 1151              	.LASF1:
 1152 01d8 7369676E 		.ascii	"signed char\000"
 1152      65642063 
 1152      68617200 
 1153              	.LASF30:
 1154 01e4 47656E65 		.ascii	"Generated_Source\\PSoC4\\cyfitter_cfg.c\000"
 1154      72617465 
 1154      645F536F 
ARM GAS  C:\Users\BREYAN~1\AppData\Local\Temp\cctc2xwt.s 			page 28


 1154      75726365 
 1154      5C50536F 
 1155              	.LASF22:
 1156 020a 4359434F 		.ascii	"CYCONFIGCPYCODE\000"
 1156      4E464947 
 1156      43505943 
 1156      4F444500 
 1157              	.LASF20:
 1158 021a 4359434F 		.ascii	"CYCONFIGCPY\000"
 1158      4E464947 
 1158      43505900 
 1159              		.ident	"GCC: (GNU Tools for ARM Embedded Processors) 4.9.3 20150303 (release) [ARM/embedded-4_9-br
