ARM GAS  C:\Users\BREYAN~1\AppData\Local\Temp\ccT1Q7n5.s 			page 1


   1              		.cpu cortex-m0
   2              		.fpu softvfp
   3              		.eabi_attribute 20, 1
   4              		.eabi_attribute 21, 1
   5              		.eabi_attribute 23, 3
   6              		.eabi_attribute 24, 1
   7              		.eabi_attribute 25, 1
   8              		.eabi_attribute 26, 1
   9              		.eabi_attribute 30, 6
  10              		.eabi_attribute 34, 0
  11              		.eabi_attribute 18, 4
  12              		.code	16
  13              		.file	"cymetadata.c"
  14              		.text
  15              	.Ltext0:
  16              		.cfi_sections	.debug_frame
  17              		.global	cy_meta_flashprotect
  18              		.section	.cyflashprotect,"a",%progbits
  19              		.align	2
  20              		.type	cy_meta_flashprotect, %object
  21              		.size	cy_meta_flashprotect, 32
  22              	cy_meta_flashprotect:
  23 0000 00000000 		.space	32
  23      00000000 
  23      00000000 
  23      00000000 
  23      00000000 
  24              		.global	cy_metadata
  25              		.section	.cymeta,"a",%progbits
  26              		.align	2
  27              		.type	cy_metadata, %object
  28              		.size	cy_metadata, 12
  29              	cy_metadata:
  30 0000 00       		.byte	0
  31 0001 02       		.byte	2
  32 0002 04       		.byte	4
  33 0003 C8       		.byte	-56
  34 0004 11       		.byte	17
  35 0005 93       		.byte	-109
  36 0006 11       		.byte	17
  37 0007 01       		.byte	1
  38 0008 00       		.byte	0
  39 0009 00       		.byte	0
  40 000a 00       		.byte	0
  41 000b 00       		.byte	0
  42              		.global	cy_meta_chipprotect
  43              		.section	.cychipprotect,"a",%progbits
  44              		.align	2
  45              		.type	cy_meta_chipprotect, %object
  46              		.size	cy_meta_chipprotect, 1
  47              	cy_meta_chipprotect:
  48 0000 01       		.byte	1
  49 0001 000000   		.text
  50              	.Letext0:
  51              		.file 1 "Generated_Source\\PSoC4\\cymetadata.c"
  52              		.file 2 "Generated_Source\\PSoC4\\cytypes.h"
  53              		.section	.debug_info,"",%progbits
ARM GAS  C:\Users\BREYAN~1\AppData\Local\Temp\ccT1Q7n5.s 			page 2


  54              	.Ldebug_info0:
  55 0000 FA000000 		.4byte	0xfa
  56 0004 0400     		.2byte	0x4
  57 0006 00000000 		.4byte	.Ldebug_abbrev0
  58 000a 04       		.byte	0x4
  59 000b 01       		.uleb128 0x1
  60 000c B3000000 		.4byte	.LASF16
  61 0010 01       		.byte	0x1
  62 0011 63000000 		.4byte	.LASF17
  63 0015 14000000 		.4byte	.LASF18
  64 0019 00000000 		.4byte	.Ldebug_line0
  65 001d 02       		.uleb128 0x2
  66 001e 01       		.byte	0x1
  67 001f 06       		.byte	0x6
  68 0020 AF010000 		.4byte	.LASF0
  69 0024 02       		.uleb128 0x2
  70 0025 01       		.byte	0x1
  71 0026 08       		.byte	0x8
  72 0027 55000000 		.4byte	.LASF1
  73 002b 02       		.uleb128 0x2
  74 002c 02       		.byte	0x2
  75 002d 05       		.byte	0x5
  76 002e 96010000 		.4byte	.LASF2
  77 0032 02       		.uleb128 0x2
  78 0033 02       		.byte	0x2
  79 0034 07       		.byte	0x7
  80 0035 99000000 		.4byte	.LASF3
  81 0039 02       		.uleb128 0x2
  82 003a 04       		.byte	0x4
  83 003b 05       		.byte	0x5
  84 003c A6010000 		.4byte	.LASF4
  85 0040 02       		.uleb128 0x2
  86 0041 04       		.byte	0x4
  87 0042 07       		.byte	0x7
  88 0043 87000000 		.4byte	.LASF5
  89 0047 02       		.uleb128 0x2
  90 0048 08       		.byte	0x8
  91 0049 05       		.byte	0x5
  92 004a 83010000 		.4byte	.LASF6
  93 004e 02       		.uleb128 0x2
  94 004f 08       		.byte	0x8
  95 0050 07       		.byte	0x7
  96 0051 4E010000 		.4byte	.LASF7
  97 0055 03       		.uleb128 0x3
  98 0056 04       		.byte	0x4
  99 0057 05       		.byte	0x5
 100 0058 696E7400 		.ascii	"int\000"
 101 005c 02       		.uleb128 0x2
 102 005d 04       		.byte	0x4
 103 005e 07       		.byte	0x7
 104 005f 41010000 		.4byte	.LASF8
 105 0063 04       		.uleb128 0x4
 106 0064 A0010000 		.4byte	.LASF19
 107 0068 02       		.byte	0x2
 108 0069 B901     		.2byte	0x1b9
 109 006b 24000000 		.4byte	0x24
 110 006f 02       		.uleb128 0x2
ARM GAS  C:\Users\BREYAN~1\AppData\Local\Temp\ccT1Q7n5.s 			page 3


 111 0070 04       		.byte	0x4
 112 0071 04       		.byte	0x4
 113 0072 4F000000 		.4byte	.LASF9
 114 0076 02       		.uleb128 0x2
 115 0077 08       		.byte	0x8
 116 0078 04       		.byte	0x4
 117 0079 AC000000 		.4byte	.LASF10
 118 007d 02       		.uleb128 0x2
 119 007e 01       		.byte	0x1
 120 007f 08       		.byte	0x8
 121 0080 91010000 		.4byte	.LASF11
 122 0084 05       		.uleb128 0x5
 123 0085 63000000 		.4byte	0x63
 124 0089 94000000 		.4byte	0x94
 125 008d 06       		.uleb128 0x6
 126 008e 94000000 		.4byte	0x94
 127 0092 1F       		.byte	0x1f
 128 0093 00       		.byte	0
 129 0094 02       		.uleb128 0x2
 130 0095 04       		.byte	0x4
 131 0096 07       		.byte	0x7
 132 0097 7A010000 		.4byte	.LASF12
 133 009b 07       		.uleb128 0x7
 134 009c 65010000 		.4byte	.LASF13
 135 00a0 01       		.byte	0x1
 136 00a1 1F       		.byte	0x1f
 137 00a2 AC000000 		.4byte	0xac
 138 00a6 05       		.uleb128 0x5
 139 00a7 03       		.byte	0x3
 140 00a8 00000000 		.4byte	cy_meta_flashprotect
 141 00ac 08       		.uleb128 0x8
 142 00ad 84000000 		.4byte	0x84
 143 00b1 05       		.uleb128 0x5
 144 00b2 63000000 		.4byte	0x63
 145 00b6 C1000000 		.4byte	0xc1
 146 00ba 06       		.uleb128 0x6
 147 00bb 94000000 		.4byte	0x94
 148 00bf 0B       		.byte	0xb
 149 00c0 00       		.byte	0
 150 00c1 07       		.uleb128 0x7
 151 00c2 43000000 		.4byte	.LASF14
 152 00c6 01       		.byte	0x1
 153 00c7 30       		.byte	0x30
 154 00c8 D2000000 		.4byte	0xd2
 155 00cc 05       		.uleb128 0x5
 156 00cd 03       		.byte	0x3
 157 00ce 00000000 		.4byte	cy_metadata
 158 00d2 08       		.uleb128 0x8
 159 00d3 B1000000 		.4byte	0xb1
 160 00d7 05       		.uleb128 0x5
 161 00d8 63000000 		.4byte	0x63
 162 00dc E7000000 		.4byte	0xe7
 163 00e0 06       		.uleb128 0x6
 164 00e1 94000000 		.4byte	0x94
 165 00e5 00       		.byte	0
 166 00e6 00       		.byte	0
 167 00e7 07       		.uleb128 0x7
ARM GAS  C:\Users\BREYAN~1\AppData\Local\Temp\ccT1Q7n5.s 			page 4


 168 00e8 00000000 		.4byte	.LASF15
 169 00ec 01       		.byte	0x1
 170 00ed 3F       		.byte	0x3f
 171 00ee F8000000 		.4byte	0xf8
 172 00f2 05       		.uleb128 0x5
 173 00f3 03       		.byte	0x3
 174 00f4 00000000 		.4byte	cy_meta_chipprotect
 175 00f8 08       		.uleb128 0x8
 176 00f9 D7000000 		.4byte	0xd7
 177 00fd 00       		.byte	0
 178              		.section	.debug_abbrev,"",%progbits
 179              	.Ldebug_abbrev0:
 180 0000 01       		.uleb128 0x1
 181 0001 11       		.uleb128 0x11
 182 0002 01       		.byte	0x1
 183 0003 25       		.uleb128 0x25
 184 0004 0E       		.uleb128 0xe
 185 0005 13       		.uleb128 0x13
 186 0006 0B       		.uleb128 0xb
 187 0007 03       		.uleb128 0x3
 188 0008 0E       		.uleb128 0xe
 189 0009 1B       		.uleb128 0x1b
 190 000a 0E       		.uleb128 0xe
 191 000b 10       		.uleb128 0x10
 192 000c 17       		.uleb128 0x17
 193 000d 00       		.byte	0
 194 000e 00       		.byte	0
 195 000f 02       		.uleb128 0x2
 196 0010 24       		.uleb128 0x24
 197 0011 00       		.byte	0
 198 0012 0B       		.uleb128 0xb
 199 0013 0B       		.uleb128 0xb
 200 0014 3E       		.uleb128 0x3e
 201 0015 0B       		.uleb128 0xb
 202 0016 03       		.uleb128 0x3
 203 0017 0E       		.uleb128 0xe
 204 0018 00       		.byte	0
 205 0019 00       		.byte	0
 206 001a 03       		.uleb128 0x3
 207 001b 24       		.uleb128 0x24
 208 001c 00       		.byte	0
 209 001d 0B       		.uleb128 0xb
 210 001e 0B       		.uleb128 0xb
 211 001f 3E       		.uleb128 0x3e
 212 0020 0B       		.uleb128 0xb
 213 0021 03       		.uleb128 0x3
 214 0022 08       		.uleb128 0x8
 215 0023 00       		.byte	0
 216 0024 00       		.byte	0
 217 0025 04       		.uleb128 0x4
 218 0026 16       		.uleb128 0x16
 219 0027 00       		.byte	0
 220 0028 03       		.uleb128 0x3
 221 0029 0E       		.uleb128 0xe
 222 002a 3A       		.uleb128 0x3a
 223 002b 0B       		.uleb128 0xb
 224 002c 3B       		.uleb128 0x3b
ARM GAS  C:\Users\BREYAN~1\AppData\Local\Temp\ccT1Q7n5.s 			page 5


 225 002d 05       		.uleb128 0x5
 226 002e 49       		.uleb128 0x49
 227 002f 13       		.uleb128 0x13
 228 0030 00       		.byte	0
 229 0031 00       		.byte	0
 230 0032 05       		.uleb128 0x5
 231 0033 01       		.uleb128 0x1
 232 0034 01       		.byte	0x1
 233 0035 49       		.uleb128 0x49
 234 0036 13       		.uleb128 0x13
 235 0037 01       		.uleb128 0x1
 236 0038 13       		.uleb128 0x13
 237 0039 00       		.byte	0
 238 003a 00       		.byte	0
 239 003b 06       		.uleb128 0x6
 240 003c 21       		.uleb128 0x21
 241 003d 00       		.byte	0
 242 003e 49       		.uleb128 0x49
 243 003f 13       		.uleb128 0x13
 244 0040 2F       		.uleb128 0x2f
 245 0041 0B       		.uleb128 0xb
 246 0042 00       		.byte	0
 247 0043 00       		.byte	0
 248 0044 07       		.uleb128 0x7
 249 0045 34       		.uleb128 0x34
 250 0046 00       		.byte	0
 251 0047 03       		.uleb128 0x3
 252 0048 0E       		.uleb128 0xe
 253 0049 3A       		.uleb128 0x3a
 254 004a 0B       		.uleb128 0xb
 255 004b 3B       		.uleb128 0x3b
 256 004c 0B       		.uleb128 0xb
 257 004d 49       		.uleb128 0x49
 258 004e 13       		.uleb128 0x13
 259 004f 3F       		.uleb128 0x3f
 260 0050 19       		.uleb128 0x19
 261 0051 02       		.uleb128 0x2
 262 0052 18       		.uleb128 0x18
 263 0053 00       		.byte	0
 264 0054 00       		.byte	0
 265 0055 08       		.uleb128 0x8
 266 0056 26       		.uleb128 0x26
 267 0057 00       		.byte	0
 268 0058 49       		.uleb128 0x49
 269 0059 13       		.uleb128 0x13
 270 005a 00       		.byte	0
 271 005b 00       		.byte	0
 272 005c 00       		.byte	0
 273              		.section	.debug_aranges,"",%progbits
 274 0000 14000000 		.4byte	0x14
 275 0004 0200     		.2byte	0x2
 276 0006 00000000 		.4byte	.Ldebug_info0
 277 000a 04       		.byte	0x4
 278 000b 00       		.byte	0
 279 000c 0000     		.2byte	0
 280 000e 0000     		.2byte	0
 281 0010 00000000 		.4byte	0
ARM GAS  C:\Users\BREYAN~1\AppData\Local\Temp\ccT1Q7n5.s 			page 6


 282 0014 00000000 		.4byte	0
 283              		.section	.debug_line,"",%progbits
 284              	.Ldebug_line0:
 285 0000 4D000000 		.section	.debug_str,"MS",%progbits,1
 285      02004700 
 285      00000201 
 285      FB0E0D00 
 285      01010101 
 286              	.LASF15:
 287 0000 63795F6D 		.ascii	"cy_meta_chipprotect\000"
 287      6574615F 
 287      63686970 
 287      70726F74 
 287      65637400 
 288              	.LASF18:
 289 0014 433A5C55 		.ascii	"C:\\Users\\Breyana_2\\Documents\\SDCard_Demo.cydsn\000"
 289      73657273 
 289      5C427265 
 289      79616E61 
 289      5F325C44 
 290              	.LASF14:
 291 0043 63795F6D 		.ascii	"cy_metadata\000"
 291      65746164 
 291      61746100 
 292              	.LASF9:
 293 004f 666C6F61 		.ascii	"float\000"
 293      7400
 294              	.LASF1:
 295 0055 756E7369 		.ascii	"unsigned char\000"
 295      676E6564 
 295      20636861 
 295      7200
 296              	.LASF17:
 297 0063 47656E65 		.ascii	"Generated_Source\\PSoC4\\cymetadata.c\000"
 297      72617465 
 297      645F536F 
 297      75726365 
 297      5C50536F 
 298              	.LASF5:
 299 0087 6C6F6E67 		.ascii	"long unsigned int\000"
 299      20756E73 
 299      69676E65 
 299      6420696E 
 299      7400
 300              	.LASF3:
 301 0099 73686F72 		.ascii	"short unsigned int\000"
 301      7420756E 
 301      7369676E 
 301      65642069 
 301      6E7400
 302              	.LASF10:
 303 00ac 646F7562 		.ascii	"double\000"
 303      6C6500
 304              	.LASF16:
 305 00b3 474E5520 		.ascii	"GNU C 4.9.3 20150303 (release) [ARM/embedded-4_9-br"
 305      4320342E 
 305      392E3320 
ARM GAS  C:\Users\BREYAN~1\AppData\Local\Temp\ccT1Q7n5.s 			page 7


 305      32303135 
 305      30333033 
 306 00e6 616E6368 		.ascii	"anch revision 221220] -mcpu=cortex-m0 -mthumb -g -O"
 306      20726576 
 306      6973696F 
 306      6E203232 
 306      31323230 
 307 0119 30202D66 		.ascii	"0 -ffunction-sections -ffat-lto-objects\000"
 307      66756E63 
 307      74696F6E 
 307      2D736563 
 307      74696F6E 
 308              	.LASF8:
 309 0141 756E7369 		.ascii	"unsigned int\000"
 309      676E6564 
 309      20696E74 
 309      00
 310              	.LASF7:
 311 014e 6C6F6E67 		.ascii	"long long unsigned int\000"
 311      206C6F6E 
 311      6720756E 
 311      7369676E 
 311      65642069 
 312              	.LASF13:
 313 0165 63795F6D 		.ascii	"cy_meta_flashprotect\000"
 313      6574615F 
 313      666C6173 
 313      6870726F 
 313      74656374 
 314              	.LASF12:
 315 017a 73697A65 		.ascii	"sizetype\000"
 315      74797065 
 315      00
 316              	.LASF6:
 317 0183 6C6F6E67 		.ascii	"long long int\000"
 317      206C6F6E 
 317      6720696E 
 317      7400
 318              	.LASF11:
 319 0191 63686172 		.ascii	"char\000"
 319      00
 320              	.LASF2:
 321 0196 73686F72 		.ascii	"short int\000"
 321      7420696E 
 321      7400
 322              	.LASF19:
 323 01a0 75696E74 		.ascii	"uint8\000"
 323      3800
 324              	.LASF4:
 325 01a6 6C6F6E67 		.ascii	"long int\000"
 325      20696E74 
 325      00
 326              	.LASF0:
 327 01af 7369676E 		.ascii	"signed char\000"
 327      65642063 
 327      68617200 
 328              		.ident	"GCC: (GNU Tools for ARM Embedded Processors) 4.9.3 20150303 (release) [ARM/embedded-4_9-br
ARM GAS  C:\Users\BREYAN~1\AppData\Local\Temp\ccT1Q7n5.s 			page 8


