ARM GAS  C:\Users\BREYAN~1\AppData\Local\Temp\ccasMK2N.s 			page 1


   1              		.cpu cortex-m0
   2              		.fpu softvfp
   3              		.eabi_attribute 20, 1
   4              		.eabi_attribute 21, 1
   5              		.eabi_attribute 23, 3
   6              		.eabi_attribute 24, 1
   7              		.eabi_attribute 25, 1
   8              		.eabi_attribute 26, 1
   9              		.eabi_attribute 30, 6
  10              		.eabi_attribute 34, 0
  11              		.eabi_attribute 18, 4
  12              		.code	16
  13              		.file	"main.c"
  14              		.text
  15              	.Ltext0:
  16              		.cfi_sections	.debug_frame
  17              		.comm	i,4,4
  18              		.comm	fnam,4,4
  19              		.comm	siz,4,4
  20              		.comm	no,1,1
  21              		.comm	fcnt,1,1
  22              		.comm	fre,1,1
  23              		.comm	j,1,1
  24              		.comm	bufnn,1,1
  25              		.section	.rodata
  26              		.align	2
  27              	.LC2:
  28 0000 66696C65 		.ascii	"file1.txt\000"
  28      312E7478 
  28      7400
  29 000a 0000     		.align	2
  30              	.LC4:
  31 000c 7700     		.ascii	"w\000"
  32 000e 0000     		.align	2
  33              	.LC6:
  34 0010 54686973 		.ascii	"This is my 1st file.\000"
  34      20697320 
  34      6D792031 
  34      73742066 
  34      696C652E 
  35 0025 000000   		.align	2
  36              	.LC8:
  37 0028 66696C65 		.ascii	"file_tmp.txt\000"
  37      5F746D70 
  37      2E747874 
  37      00
  38 0035 000000   		.align	2
  39              	.LC10:
  40 0038 54686973 		.ascii	"This is a temp file.\000"
  40      20697320 
  40      61207465 
  40      6D702066 
  40      696C652E 
  41 004d 000000   		.align	2
  42              	.LC12:
  43 0050 66696C65 		.ascii	"file2.txt\000"
  43      322E7478 
ARM GAS  C:\Users\BREYAN~1\AppData\Local\Temp\ccasMK2N.s 			page 2


  43      7400
  44 005a 0000     		.align	2
  45              	.LC14:
  46 005c 54686973 		.ascii	"This is my 2nd file.\000"
  46      20697320 
  46      6D792032 
  46      6E642066 
  46      696C652E 
  47 0071 000000   		.align	2
  48              	.LC16:
  49 0074 6100     		.ascii	"a\000"
  50 0076 0000     		.align	2
  51              	.LC18:
  52 0078 49206170 		.ascii	"I appended this text.\000"
  52      70656E64 
  52      65642074 
  52      68697320 
  52      74657874 
  53 008e 0000     		.align	2
  54              	.LC20:
  55 0090 7200     		.ascii	"r\000"
  56 0092 0000     		.align	2
  57              	.LC23:
  58 0094 66696C65 		.ascii	"file_ren.txt\000"
  58      5F72656E 
  58      2E747874 
  58      00
  59 00a1 000000   		.align	2
  60              	.LC25:
  61 00a4 66696C65 		.ascii	"file_cpy.txt\000"
  61      5F637079 
  61      2E747874 
  61      00
  62 00b1 000000   		.section	.text.main,"ax",%progbits
  63              		.align	2
  64              		.global	main
  65              		.code	16
  66              		.thumb_func
  67              		.type	main, %function
  68              	main:
  69              	.LFB34:
  70              		.file 1 "main.c"
   1:main.c        **** /* ========================================
   2:main.c        ****  *
   3:main.c        ****  * The following firmware was developed by Cypress Semiconductor
   4:main.c        ****  * This work is licensed under a Creative Commons Attribution 3.0 Unported License.
   5:main.c        ****  * 
   6:main.c        ****  * http://creativecommons.org/licenses/by/3.0/deed.en_US
   7:main.c        ****  * 
   8:main.c        ****  * You are free to:
   9:main.c        ****  * -To Share — to copy, distribute and transmit the work 
  10:main.c        ****  * -To Remix — to adapt the work 
  11:main.c        ****  * -To make commercial use of the work
  12:main.c        ****  *
  13:main.c        ****  * ========================================
  14:main.c        ****  */
  15:main.c        **** 
ARM GAS  C:\Users\BREYAN~1\AppData\Local\Temp\ccasMK2N.s 			page 3


  16:main.c        **** #include <device.h>
  17:main.c        **** 
  18:main.c        **** uint32 i;
  19:main.c        **** char * fnam;
  20:main.c        **** uint32 siz;
  21:main.c        **** uint8 no,fcnt,fre,j,bufnn;
  22:main.c        **** 
  23:main.c        **** // The main
  24:main.c        **** void main()
  25:main.c        **** {
  71              		.loc 1 25 0
  72              		.cfi_startproc
  73 0000 90B5     		push	{r4, r7, lr}
  74              		.cfi_def_cfa_offset 12
  75              		.cfi_offset 4, -12
  76              		.cfi_offset 7, -8
  77              		.cfi_offset 14, -4
  78 0002 83B0     		sub	sp, sp, #12
  79              		.cfi_def_cfa_offset 24
  80 0004 00AF     		add	r7, sp, #0
  81              		.cfi_def_cfa_register 7
  26:main.c        ****     char   cardInfo;							// Card information  
  27:main.c        ****     char   fp;									// File Pointer  
  28:main.c        ****     uint8  cnt;									// Card inserted state variables  
  29:main.c        **** 	uint8  load = 2;							// Card initialization variable
  82              		.loc 1 29 0
  83 0006 7B1D     		add	r3, r7, #5
  84 0008 0222     		mov	r2, #2
  85 000a 1A70     		strb	r2, [r3]
  30:main.c        **** 	char   data_r;								// Data read from Card
  31:main.c        **** 	
  32:main.c        **** 	CyGlobalIntEnable;							// Enable all global interrupts
  86              		.loc 1 32 0
  87              	@ 32 "main.c" 1
  88 000c 62B6     		CPSIE   i
  89              	@ 0 "" 2
  90              		.code	16
  91              	.L5:
  33:main.c        **** 	
  34:main.c        **** 	// Setup and initialize the SD Card
  35:main.c        **** 	do
  36:main.c        **** 	{
  37:main.c        **** 		SDCard_Start();							// Initialize SPI Bus for communication
  92              		.loc 1 37 0
  93 000e FFF7FEFF 		bl	SDCard_Start
  38:main.c        **** 		SDCard_Select(SDCard_DISABLE); 			// Select card 
  94              		.loc 1 38 0
  95 0012 0020     		mov	r0, #0
  96 0014 FFF7FEFF 		bl	SDCard_Select
  39:main.c        **** 			
  40:main.c        **** 		cardInfo = 0;  
  97              		.loc 1 40 0
  98 0018 FB1D     		add	r3, r7, #7
  99 001a 0022     		mov	r2, #0
 100 001c 1A70     		strb	r2, [r3]
  41:main.c        **** 		cnt = 0;
 101              		.loc 1 41 0
ARM GAS  C:\Users\BREYAN~1\AppData\Local\Temp\ccasMK2N.s 			page 4


 102 001e BB1D     		add	r3, r7, #6
 103 0020 0022     		mov	r2, #0
 104 0022 1A70     		strb	r2, [r3]
  42:main.c        **** 	    while ( ! cardInfo )          			// Wait for card to communicate  
 105              		.loc 1 42 0
 106 0024 10E0     		b	.L2
 107              	.L4:
  43:main.c        **** 	    {  
  44:main.c        **** 		   cnt++;
 108              		.loc 1 44 0
 109 0026 BB1D     		add	r3, r7, #6
 110 0028 1A78     		ldrb	r2, [r3]
 111 002a BB1D     		add	r3, r7, #6
 112 002c 0132     		add	r2, r2, #1
 113 002e 1A70     		strb	r2, [r3]
  45:main.c        **** 		   if(cnt == 0xFF) {cnt = 0;}
 114              		.loc 1 45 0
 115 0030 BB1D     		add	r3, r7, #6
 116 0032 1B78     		ldrb	r3, [r3]
 117 0034 FF2B     		cmp	r3, #255
 118 0036 02D1     		bne	.L3
 119              		.loc 1 45 0 is_stmt 0 discriminator 1
 120 0038 BB1D     		add	r3, r7, #6
 121 003a 0022     		mov	r2, #0
 122 003c 1A70     		strb	r2, [r3]
 123              	.L3:
  46:main.c        **** 	       cardInfo = SDCard_InitCard();
 124              		.loc 1 46 0 is_stmt 1
 125 003e FC1D     		add	r4, r7, #7
 126 0040 FFF7FEFF 		bl	SDCard_InitCard
 127 0044 031C     		mov	r3, r0
 128 0046 2370     		strb	r3, [r4]
 129              	.L2:
  42:main.c        **** 	    {  
 130              		.loc 1 42 0
 131 0048 FB1D     		add	r3, r7, #7
 132 004a 1B78     		ldrb	r3, [r3]
 133 004c 002B     		cmp	r3, #0
 134 004e EAD0     		beq	.L4
  47:main.c        **** 	    }  
  48:main.c        **** 			
  49:main.c        **** 		load = load - 1;
 135              		.loc 1 49 0
 136 0050 7B1D     		add	r3, r7, #5
 137 0052 7A1D     		add	r2, r7, #5
 138 0054 1278     		ldrb	r2, [r2]
 139 0056 013A     		sub	r2, r2, #1
 140 0058 1A70     		strb	r2, [r3]
  50:main.c        **** 	}while(load > 0);							// Stay in the loop till the card is initialized.
 141              		.loc 1 50 0
 142 005a 7B1D     		add	r3, r7, #5
 143 005c 1B78     		ldrb	r3, [r3]
 144 005e 002B     		cmp	r3, #0
 145 0060 D5D1     		bne	.L5
  51:main.c        **** 	
  52:main.c        **** 	fcnt = SDCard_GetFileCount();				// Get number of files on Card
 146              		.loc 1 52 0
ARM GAS  C:\Users\BREYAN~1\AppData\Local\Temp\ccasMK2N.s 			page 5


 147 0062 FFF7FEFF 		bl	SDCard_GetFileCount
 148 0066 031C     		mov	r3, r0
 149 0068 DAB2     		uxtb	r2, r3
 150 006a 574B     		ldr	r3, .L11
 151 006c 1A70     		strb	r2, [r3]
  53:main.c        **** 	
  54:main.c        **** 	// Loop through all the existing files
  55:main.c        **** 	// in the SD Card, one by one
  56:main.c        **** 	// or skip is count = 0
  57:main.c        **** 	for (cnt = 0; cnt < fcnt; cnt++)
 152              		.loc 1 57 0
 153 006e BB1D     		add	r3, r7, #6
 154 0070 0022     		mov	r2, #0
 155 0072 1A70     		strb	r2, [r3]
 156 0074 0CE0     		b	.L6
 157              	.L7:
  58:main.c        **** 	{
  59:main.c        **** 		fnam = SDCard_GetFilename(cnt);			// Get the filename of the file with index value in "cnt"
 158              		.loc 1 59 0 discriminator 3
 159 0076 BB1D     		add	r3, r7, #6
 160 0078 1B78     		ldrb	r3, [r3]
 161 007a 181C     		mov	r0, r3
 162 007c FFF7FEFF 		bl	SDCard_GetFilename
 163 0080 021C     		mov	r2, r0
 164 0082 524B     		ldr	r3, .L11+4
 165 0084 1A60     		str	r2, [r3]
  57:main.c        **** 	{
 166              		.loc 1 57 0 discriminator 3
 167 0086 BB1D     		add	r3, r7, #6
 168 0088 1A78     		ldrb	r2, [r3]
 169 008a BB1D     		add	r3, r7, #6
 170 008c 0132     		add	r2, r2, #1
 171 008e 1A70     		strb	r2, [r3]
 172              	.L6:
  57:main.c        **** 	{
 173              		.loc 1 57 0 is_stmt 0 discriminator 1
 174 0090 4D4B     		ldr	r3, .L11
 175 0092 1B78     		ldrb	r3, [r3]
 176 0094 BA1D     		add	r2, r7, #6
 177 0096 1278     		ldrb	r2, [r2]
 178 0098 9A42     		cmp	r2, r3
 179 009a ECD3     		bcc	.L7
  60:main.c        **** 	}
  61:main.c        **** 	
  62:main.c        **** 	// *****************************************
  63:main.c        **** 	// 1. Write File
  64:main.c        **** 	// *****************************************
  65:main.c        **** 	fp = SDCard_fopen("file1.txt", "w");		// Open a file with write mode access. If the file is not pr
 180              		.loc 1 65 0 is_stmt 1
 181 009c 3C1D     		add	r4, r7, #4
 182 009e 4C4A     		ldr	r2, .L11+8
 183 00a0 4C4B     		ldr	r3, .L11+12
 184 00a2 101C     		mov	r0, r2
 185 00a4 191C     		mov	r1, r3
 186 00a6 FFF7FEFF 		bl	SDCard_fopen
 187 00aa 031C     		mov	r3, r0
 188 00ac 2370     		strb	r3, [r4]
ARM GAS  C:\Users\BREYAN~1\AppData\Local\Temp\ccasMK2N.s 			page 6


  66:main.c        **** 	SDCard_fputcs("This is my 1st file.", fp);	// Write a constant string into the file
 189              		.loc 1 66 0
 190 00ae 4A4A     		ldr	r2, .L11+16
 191 00b0 3B1D     		add	r3, r7, #4
 192 00b2 1B78     		ldrb	r3, [r3]
 193 00b4 101C     		mov	r0, r2
 194 00b6 191C     		mov	r1, r3
 195 00b8 FFF7FEFF 		bl	SDCard_fputcs
  67:main.c        **** 	SDCard_fclose(fp);           				// Close file
 196              		.loc 1 67 0
 197 00bc 3B1D     		add	r3, r7, #4
 198 00be 1B78     		ldrb	r3, [r3]
 199 00c0 181C     		mov	r0, r3
 200 00c2 FFF7FEFF 		bl	SDCard_fclose
  68:main.c        **** 	fp = SDCard_fopen("file_tmp.txt", "w");		// Open a file with write mode access. If the file is not
 201              		.loc 1 68 0
 202 00c6 3C1D     		add	r4, r7, #4
 203 00c8 444A     		ldr	r2, .L11+20
 204 00ca 424B     		ldr	r3, .L11+12
 205 00cc 101C     		mov	r0, r2
 206 00ce 191C     		mov	r1, r3
 207 00d0 FFF7FEFF 		bl	SDCard_fopen
 208 00d4 031C     		mov	r3, r0
 209 00d6 2370     		strb	r3, [r4]
  69:main.c        **** 	SDCard_fputcs("This is a temp file.", fp);	// Write a constant string into the file
 210              		.loc 1 69 0
 211 00d8 414A     		ldr	r2, .L11+24
 212 00da 3B1D     		add	r3, r7, #4
 213 00dc 1B78     		ldrb	r3, [r3]
 214 00de 101C     		mov	r0, r2
 215 00e0 191C     		mov	r1, r3
 216 00e2 FFF7FEFF 		bl	SDCard_fputcs
  70:main.c        **** 	SDCard_fclose(fp);           				// Close file
 217              		.loc 1 70 0
 218 00e6 3B1D     		add	r3, r7, #4
 219 00e8 1B78     		ldrb	r3, [r3]
 220 00ea 181C     		mov	r0, r3
 221 00ec FFF7FEFF 		bl	SDCard_fclose
  71:main.c        **** 	
  72:main.c        **** 	// *****************************************
  73:main.c        **** 	// 2. Append File
  74:main.c        **** 	// *****************************************
  75:main.c        **** 	fp = SDCard_fopen("file2.txt", "w");      	// Open a file with write mode access. If the file is n
 222              		.loc 1 75 0
 223 00f0 3C1D     		add	r4, r7, #4
 224 00f2 3C4A     		ldr	r2, .L11+28
 225 00f4 374B     		ldr	r3, .L11+12
 226 00f6 101C     		mov	r0, r2
 227 00f8 191C     		mov	r1, r3
 228 00fa FFF7FEFF 		bl	SDCard_fopen
 229 00fe 031C     		mov	r3, r0
 230 0100 2370     		strb	r3, [r4]
  76:main.c        **** 	SDCard_fputcs("This is my 2nd file.", fp);	// Write a constant string into the file
 231              		.loc 1 76 0
 232 0102 394A     		ldr	r2, .L11+32
 233 0104 3B1D     		add	r3, r7, #4
 234 0106 1B78     		ldrb	r3, [r3]
ARM GAS  C:\Users\BREYAN~1\AppData\Local\Temp\ccasMK2N.s 			page 7


 235 0108 101C     		mov	r0, r2
 236 010a 191C     		mov	r1, r3
 237 010c FFF7FEFF 		bl	SDCard_fputcs
  77:main.c        **** 	SDCard_fclose(fp);           				// Close file
 238              		.loc 1 77 0
 239 0110 3B1D     		add	r3, r7, #4
 240 0112 1B78     		ldrb	r3, [r3]
 241 0114 181C     		mov	r0, r3
 242 0116 FFF7FEFF 		bl	SDCard_fclose
  78:main.c        **** 	fp = SDCard_fopen("file2.txt", "a");		// Open the file with append mode access.
 243              		.loc 1 78 0
 244 011a 3C1D     		add	r4, r7, #4
 245 011c 314A     		ldr	r2, .L11+28
 246 011e 334B     		ldr	r3, .L11+36
 247 0120 101C     		mov	r0, r2
 248 0122 191C     		mov	r1, r3
 249 0124 FFF7FEFF 		bl	SDCard_fopen
 250 0128 031C     		mov	r3, r0
 251 012a 2370     		strb	r3, [r4]
  79:main.c        **** 	SDCard_fputcs("I appended this text.", fp);	// Write a constant string into the file
 252              		.loc 1 79 0
 253 012c 304A     		ldr	r2, .L11+40
 254 012e 3B1D     		add	r3, r7, #4
 255 0130 1B78     		ldrb	r3, [r3]
 256 0132 101C     		mov	r0, r2
 257 0134 191C     		mov	r1, r3
 258 0136 FFF7FEFF 		bl	SDCard_fputcs
  80:main.c        **** 	SDCard_fclose(fp);           				// Close file
 259              		.loc 1 80 0
 260 013a 3B1D     		add	r3, r7, #4
 261 013c 1B78     		ldrb	r3, [r3]
 262 013e 181C     		mov	r0, r3
 263 0140 FFF7FEFF 		bl	SDCard_fclose
  81:main.c        **** 	
  82:main.c        **** 	// *****************************************
  83:main.c        **** 	// 3. Read Read
  84:main.c        **** 	// *****************************************
  85:main.c        **** 	fp = SDCard_fopen("file2.txt", "r");		// Open a file with readonly access.
 264              		.loc 1 85 0
 265 0144 3C1D     		add	r4, r7, #4
 266 0146 274A     		ldr	r2, .L11+28
 267 0148 2A4B     		ldr	r3, .L11+44
 268 014a 101C     		mov	r0, r2
 269 014c 191C     		mov	r1, r3
 270 014e FFF7FEFF 		bl	SDCard_fopen
 271 0152 031C     		mov	r3, r0
 272 0154 2370     		strb	r3, [r4]
  86:main.c        **** 	siz  = SDCard_GetFileSize(fp);				// Get the file size.
 273              		.loc 1 86 0
 274 0156 3B1D     		add	r3, r7, #4
 275 0158 1B78     		ldrb	r3, [r3]
 276 015a 181C     		mov	r0, r3
 277 015c FFF7FEFF 		bl	SDCard_GetFileSize
 278 0160 021C     		mov	r2, r0
 279 0162 254B     		ldr	r3, .L11+48
 280 0164 1A60     		str	r2, [r3]
  87:main.c        **** 	SDCard_fseek(fp, 0);						// Move to the offset-0, which is the beginning of file
ARM GAS  C:\Users\BREYAN~1\AppData\Local\Temp\ccasMK2N.s 			page 8


 281              		.loc 1 87 0
 282 0166 3B1D     		add	r3, r7, #4
 283 0168 1B78     		ldrb	r3, [r3]
 284 016a 181C     		mov	r0, r3
 285 016c 0021     		mov	r1, #0
 286 016e FFF7FEFF 		bl	SDCard_fseek
  88:main.c        **** 	while(!SDCard_feof(fp))						// Loop till end of file
 287              		.loc 1 88 0
 288 0172 07E0     		b	.L8
 289              	.L9:
  89:main.c        **** 	{
  90:main.c        **** 		data_r = SDCard_fgetc(fp);				// Read the character pointed by fp
 290              		.loc 1 90 0
 291 0174 FC1C     		add	r4, r7, #3
 292 0176 3B1D     		add	r3, r7, #4
 293 0178 1B78     		ldrb	r3, [r3]
 294 017a 181C     		mov	r0, r3
 295 017c FFF7FEFF 		bl	SDCard_fgetc
 296 0180 031C     		mov	r3, r0
 297 0182 2370     		strb	r3, [r4]
 298              	.L8:
  88:main.c        **** 	while(!SDCard_feof(fp))						// Loop till end of file
 299              		.loc 1 88 0
 300 0184 3B1D     		add	r3, r7, #4
 301 0186 1B78     		ldrb	r3, [r3]
 302 0188 181C     		mov	r0, r3
 303 018a FFF7FEFF 		bl	SDCard_feof
 304 018e 031E     		sub	r3, r0, #0
 305 0190 F0D0     		beq	.L9
  91:main.c        **** 	}
  92:main.c        **** 	SDCard_fclose(fp);           				// Close file
 306              		.loc 1 92 0
 307 0192 3B1D     		add	r3, r7, #4
 308 0194 1B78     		ldrb	r3, [r3]
 309 0196 181C     		mov	r0, r3
 310 0198 FFF7FEFF 		bl	SDCard_fclose
  93:main.c        **** 	
  94:main.c        **** 	// *****************************************
  95:main.c        **** 	// 4. Rename File
  96:main.c        **** 	// *****************************************
  97:main.c        **** 	SDCard_Rename("file1.txt", "file_ren.txt");	// Rename file1.txt to file_ren.txt
 311              		.loc 1 97 0
 312 019c 0C4A     		ldr	r2, .L11+8
 313 019e 174B     		ldr	r3, .L11+52
 314 01a0 101C     		mov	r0, r2
 315 01a2 191C     		mov	r1, r3
 316 01a4 FFF7FEFF 		bl	SDCard_Rename
  98:main.c        **** 	
  99:main.c        **** 	// *****************************************
 100:main.c        **** 	// 5. Copy File
 101:main.c        **** 	// *****************************************
 102:main.c        **** 	SDCard_Copy("file_tmp.txt", "file_cpy.txt");// Copy the contents of file_tmp.txt to file_cpy.txt
 317              		.loc 1 102 0
 318 01a8 0C4A     		ldr	r2, .L11+20
 319 01aa 154B     		ldr	r3, .L11+56
 320 01ac 101C     		mov	r0, r2
 321 01ae 191C     		mov	r1, r3
ARM GAS  C:\Users\BREYAN~1\AppData\Local\Temp\ccasMK2N.s 			page 9


 322 01b0 FFF7FEFF 		bl	SDCard_Copy
 103:main.c        **** 	
 104:main.c        **** 	// *****************************************
 105:main.c        **** 	// 6. Delete File
 106:main.c        **** 	// *****************************************
 107:main.c        **** 	SDCard_Remove("file_tmp.txt");				// Delete file_tmp.txt
 323              		.loc 1 107 0
 324 01b4 094B     		ldr	r3, .L11+20
 325 01b6 181C     		mov	r0, r3
 326 01b8 FFF7FEFF 		bl	SDCard_Remove
 108:main.c        **** 
 109:main.c        **** 	SDCard_Select(SDCard_DISABLE);         		// Deselect card  
 327              		.loc 1 109 0
 328 01bc 0020     		mov	r0, #0
 329 01be FFF7FEFF 		bl	SDCard_Select
 110:main.c        **** 	SDCard_Stop();								// Stop the communication interface
 330              		.loc 1 110 0
 331 01c2 FFF7FEFF 		bl	SDCard_Stop
 332              	.L10:
 111:main.c        **** 	
 112:main.c        **** 	while(1);									// The End
 333              		.loc 1 112 0 discriminator 1
 334 01c6 FEE7     		b	.L10
 335              	.L12:
 336              		.align	2
 337              	.L11:
 338 01c8 00000000 		.word	fcnt
 339 01cc 00000000 		.word	fnam
 340 01d0 00000000 		.word	.LC2
 341 01d4 0C000000 		.word	.LC4
 342 01d8 10000000 		.word	.LC6
 343 01dc 28000000 		.word	.LC8
 344 01e0 38000000 		.word	.LC10
 345 01e4 50000000 		.word	.LC12
 346 01e8 5C000000 		.word	.LC14
 347 01ec 74000000 		.word	.LC16
 348 01f0 78000000 		.word	.LC18
 349 01f4 90000000 		.word	.LC20
 350 01f8 00000000 		.word	siz
 351 01fc 94000000 		.word	.LC23
 352 0200 A4000000 		.word	.LC25
 353              		.cfi_endproc
 354              	.LFE34:
 355              		.size	main, .-main
 356              		.text
 357              	.Letext0:
 358              		.file 2 "Generated_Source\\PSoC4/cytypes.h"
 359              		.section	.debug_info,"",%progbits
 360              	.Ldebug_info0:
 361 0000 80010000 		.4byte	0x180
 362 0004 0400     		.2byte	0x4
 363 0006 00000000 		.4byte	.Ldebug_abbrev0
 364 000a 04       		.byte	0x4
 365 000b 01       		.uleb128 0x1
 366 000c 8D000000 		.4byte	.LASF21
 367 0010 01       		.byte	0x1
 368 0011 64010000 		.4byte	.LASF22
ARM GAS  C:\Users\BREYAN~1\AppData\Local\Temp\ccasMK2N.s 			page 10


 369 0015 09000000 		.4byte	.LASF23
 370 0019 00000000 		.4byte	.Ldebug_ranges0+0
 371 001d 00000000 		.4byte	0
 372 0021 00000000 		.4byte	.Ldebug_line0
 373 0025 02       		.uleb128 0x2
 374 0026 01       		.byte	0x1
 375 0027 06       		.byte	0x6
 376 0028 8E010000 		.4byte	.LASF0
 377 002c 02       		.uleb128 0x2
 378 002d 01       		.byte	0x1
 379 002e 08       		.byte	0x8
 380 002f 56000000 		.4byte	.LASF1
 381 0033 02       		.uleb128 0x2
 382 0034 02       		.byte	0x2
 383 0035 05       		.byte	0x5
 384 0036 70010000 		.4byte	.LASF2
 385 003a 02       		.uleb128 0x2
 386 003b 02       		.byte	0x2
 387 003c 07       		.byte	0x7
 388 003d 38000000 		.4byte	.LASF3
 389 0041 02       		.uleb128 0x2
 390 0042 04       		.byte	0x4
 391 0043 05       		.byte	0x5
 392 0044 7F010000 		.4byte	.LASF4
 393 0048 02       		.uleb128 0x2
 394 0049 04       		.byte	0x4
 395 004a 07       		.byte	0x7
 396 004b 64000000 		.4byte	.LASF5
 397 004f 02       		.uleb128 0x2
 398 0050 08       		.byte	0x8
 399 0051 05       		.byte	0x5
 400 0052 4F010000 		.4byte	.LASF6
 401 0056 02       		.uleb128 0x2
 402 0057 08       		.byte	0x8
 403 0058 07       		.byte	0x7
 404 0059 2F010000 		.4byte	.LASF7
 405 005d 03       		.uleb128 0x3
 406 005e 04       		.byte	0x4
 407 005f 05       		.byte	0x5
 408 0060 696E7400 		.ascii	"int\000"
 409 0064 02       		.uleb128 0x2
 410 0065 04       		.byte	0x4
 411 0066 07       		.byte	0x7
 412 0067 22010000 		.4byte	.LASF8
 413 006b 04       		.uleb128 0x4
 414 006c 76000000 		.4byte	.LASF9
 415 0070 02       		.byte	0x2
 416 0071 B901     		.2byte	0x1b9
 417 0073 2C000000 		.4byte	0x2c
 418 0077 04       		.uleb128 0x4
 419 0078 1B010000 		.4byte	.LASF10
 420 007c 02       		.byte	0x2
 421 007d BB01     		.2byte	0x1bb
 422 007f 48000000 		.4byte	0x48
 423 0083 02       		.uleb128 0x2
 424 0084 04       		.byte	0x4
 425 0085 04       		.byte	0x4
ARM GAS  C:\Users\BREYAN~1\AppData\Local\Temp\ccasMK2N.s 			page 11


 426 0086 4B000000 		.4byte	.LASF11
 427 008a 02       		.uleb128 0x2
 428 008b 08       		.byte	0x8
 429 008c 04       		.byte	0x4
 430 008d 81000000 		.4byte	.LASF12
 431 0091 02       		.uleb128 0x2
 432 0092 01       		.byte	0x1
 433 0093 08       		.byte	0x8
 434 0094 6B010000 		.4byte	.LASF13
 435 0098 02       		.uleb128 0x2
 436 0099 04       		.byte	0x4
 437 009a 07       		.byte	0x7
 438 009b 46010000 		.4byte	.LASF14
 439 009f 05       		.uleb128 0x5
 440 00a0 04       		.byte	0x4
 441 00a1 91000000 		.4byte	0x91
 442 00a5 06       		.uleb128 0x6
 443 00a6 88000000 		.4byte	.LASF24
 444 00aa 01       		.byte	0x1
 445 00ab 18       		.byte	0x18
 446 00ac 00000000 		.4byte	.LFB34
 447 00b0 04020000 		.4byte	.LFE34-.LFB34
 448 00b4 01       		.uleb128 0x1
 449 00b5 9C       		.byte	0x9c
 450 00b6 00010000 		.4byte	0x100
 451 00ba 07       		.uleb128 0x7
 452 00bb 00000000 		.4byte	.LASF15
 453 00bf 01       		.byte	0x1
 454 00c0 1A       		.byte	0x1a
 455 00c1 91000000 		.4byte	0x91
 456 00c5 02       		.uleb128 0x2
 457 00c6 91       		.byte	0x91
 458 00c7 6F       		.sleb128 -17
 459 00c8 08       		.uleb128 0x8
 460 00c9 667000   		.ascii	"fp\000"
 461 00cc 01       		.byte	0x1
 462 00cd 1B       		.byte	0x1b
 463 00ce 91000000 		.4byte	0x91
 464 00d2 02       		.uleb128 0x2
 465 00d3 91       		.byte	0x91
 466 00d4 6C       		.sleb128 -20
 467 00d5 08       		.uleb128 0x8
 468 00d6 636E7400 		.ascii	"cnt\000"
 469 00da 01       		.byte	0x1
 470 00db 1C       		.byte	0x1c
 471 00dc 6B000000 		.4byte	0x6b
 472 00e0 02       		.uleb128 0x2
 473 00e1 91       		.byte	0x91
 474 00e2 6E       		.sleb128 -18
 475 00e3 07       		.uleb128 0x7
 476 00e4 7A010000 		.4byte	.LASF16
 477 00e8 01       		.byte	0x1
 478 00e9 1D       		.byte	0x1d
 479 00ea 6B000000 		.4byte	0x6b
 480 00ee 02       		.uleb128 0x2
 481 00ef 91       		.byte	0x91
 482 00f0 6D       		.sleb128 -19
ARM GAS  C:\Users\BREYAN~1\AppData\Local\Temp\ccasMK2N.s 			page 12


 483 00f1 07       		.uleb128 0x7
 484 00f2 5D010000 		.4byte	.LASF17
 485 00f6 01       		.byte	0x1
 486 00f7 1E       		.byte	0x1e
 487 00f8 91000000 		.4byte	0x91
 488 00fc 02       		.uleb128 0x2
 489 00fd 91       		.byte	0x91
 490 00fe 6B       		.sleb128 -21
 491 00ff 00       		.byte	0
 492 0100 09       		.uleb128 0x9
 493 0101 6900     		.ascii	"i\000"
 494 0103 01       		.byte	0x1
 495 0104 12       		.byte	0x12
 496 0105 77000000 		.4byte	0x77
 497 0109 05       		.uleb128 0x5
 498 010a 03       		.byte	0x3
 499 010b 00000000 		.4byte	i
 500 010f 0A       		.uleb128 0xa
 501 0110 51000000 		.4byte	.LASF18
 502 0114 01       		.byte	0x1
 503 0115 13       		.byte	0x13
 504 0116 9F000000 		.4byte	0x9f
 505 011a 05       		.uleb128 0x5
 506 011b 03       		.byte	0x3
 507 011c 00000000 		.4byte	fnam
 508 0120 09       		.uleb128 0x9
 509 0121 73697A00 		.ascii	"siz\000"
 510 0125 01       		.byte	0x1
 511 0126 14       		.byte	0x14
 512 0127 77000000 		.4byte	0x77
 513 012b 05       		.uleb128 0x5
 514 012c 03       		.byte	0x3
 515 012d 00000000 		.4byte	siz
 516 0131 09       		.uleb128 0x9
 517 0132 6E6F00   		.ascii	"no\000"
 518 0135 01       		.byte	0x1
 519 0136 15       		.byte	0x15
 520 0137 6B000000 		.4byte	0x6b
 521 013b 05       		.uleb128 0x5
 522 013c 03       		.byte	0x3
 523 013d 00000000 		.4byte	no
 524 0141 0A       		.uleb128 0xa
 525 0142 7C000000 		.4byte	.LASF19
 526 0146 01       		.byte	0x1
 527 0147 15       		.byte	0x15
 528 0148 6B000000 		.4byte	0x6b
 529 014c 05       		.uleb128 0x5
 530 014d 03       		.byte	0x3
 531 014e 00000000 		.4byte	fcnt
 532 0152 09       		.uleb128 0x9
 533 0153 66726500 		.ascii	"fre\000"
 534 0157 01       		.byte	0x1
 535 0158 15       		.byte	0x15
 536 0159 6B000000 		.4byte	0x6b
 537 015d 05       		.uleb128 0x5
 538 015e 03       		.byte	0x3
 539 015f 00000000 		.4byte	fre
ARM GAS  C:\Users\BREYAN~1\AppData\Local\Temp\ccasMK2N.s 			page 13


 540 0163 09       		.uleb128 0x9
 541 0164 6A00     		.ascii	"j\000"
 542 0166 01       		.byte	0x1
 543 0167 15       		.byte	0x15
 544 0168 6B000000 		.4byte	0x6b
 545 016c 05       		.uleb128 0x5
 546 016d 03       		.byte	0x3
 547 016e 00000000 		.4byte	j
 548 0172 0A       		.uleb128 0xa
 549 0173 88010000 		.4byte	.LASF20
 550 0177 01       		.byte	0x1
 551 0178 15       		.byte	0x15
 552 0179 6B000000 		.4byte	0x6b
 553 017d 05       		.uleb128 0x5
 554 017e 03       		.byte	0x3
 555 017f 00000000 		.4byte	bufnn
 556 0183 00       		.byte	0
 557              		.section	.debug_abbrev,"",%progbits
 558              	.Ldebug_abbrev0:
 559 0000 01       		.uleb128 0x1
 560 0001 11       		.uleb128 0x11
 561 0002 01       		.byte	0x1
 562 0003 25       		.uleb128 0x25
 563 0004 0E       		.uleb128 0xe
 564 0005 13       		.uleb128 0x13
 565 0006 0B       		.uleb128 0xb
 566 0007 03       		.uleb128 0x3
 567 0008 0E       		.uleb128 0xe
 568 0009 1B       		.uleb128 0x1b
 569 000a 0E       		.uleb128 0xe
 570 000b 55       		.uleb128 0x55
 571 000c 17       		.uleb128 0x17
 572 000d 11       		.uleb128 0x11
 573 000e 01       		.uleb128 0x1
 574 000f 10       		.uleb128 0x10
 575 0010 17       		.uleb128 0x17
 576 0011 00       		.byte	0
 577 0012 00       		.byte	0
 578 0013 02       		.uleb128 0x2
 579 0014 24       		.uleb128 0x24
 580 0015 00       		.byte	0
 581 0016 0B       		.uleb128 0xb
 582 0017 0B       		.uleb128 0xb
 583 0018 3E       		.uleb128 0x3e
 584 0019 0B       		.uleb128 0xb
 585 001a 03       		.uleb128 0x3
 586 001b 0E       		.uleb128 0xe
 587 001c 00       		.byte	0
 588 001d 00       		.byte	0
 589 001e 03       		.uleb128 0x3
 590 001f 24       		.uleb128 0x24
 591 0020 00       		.byte	0
 592 0021 0B       		.uleb128 0xb
 593 0022 0B       		.uleb128 0xb
 594 0023 3E       		.uleb128 0x3e
 595 0024 0B       		.uleb128 0xb
 596 0025 03       		.uleb128 0x3
ARM GAS  C:\Users\BREYAN~1\AppData\Local\Temp\ccasMK2N.s 			page 14


 597 0026 08       		.uleb128 0x8
 598 0027 00       		.byte	0
 599 0028 00       		.byte	0
 600 0029 04       		.uleb128 0x4
 601 002a 16       		.uleb128 0x16
 602 002b 00       		.byte	0
 603 002c 03       		.uleb128 0x3
 604 002d 0E       		.uleb128 0xe
 605 002e 3A       		.uleb128 0x3a
 606 002f 0B       		.uleb128 0xb
 607 0030 3B       		.uleb128 0x3b
 608 0031 05       		.uleb128 0x5
 609 0032 49       		.uleb128 0x49
 610 0033 13       		.uleb128 0x13
 611 0034 00       		.byte	0
 612 0035 00       		.byte	0
 613 0036 05       		.uleb128 0x5
 614 0037 0F       		.uleb128 0xf
 615 0038 00       		.byte	0
 616 0039 0B       		.uleb128 0xb
 617 003a 0B       		.uleb128 0xb
 618 003b 49       		.uleb128 0x49
 619 003c 13       		.uleb128 0x13
 620 003d 00       		.byte	0
 621 003e 00       		.byte	0
 622 003f 06       		.uleb128 0x6
 623 0040 2E       		.uleb128 0x2e
 624 0041 01       		.byte	0x1
 625 0042 3F       		.uleb128 0x3f
 626 0043 19       		.uleb128 0x19
 627 0044 03       		.uleb128 0x3
 628 0045 0E       		.uleb128 0xe
 629 0046 3A       		.uleb128 0x3a
 630 0047 0B       		.uleb128 0xb
 631 0048 3B       		.uleb128 0x3b
 632 0049 0B       		.uleb128 0xb
 633 004a 11       		.uleb128 0x11
 634 004b 01       		.uleb128 0x1
 635 004c 12       		.uleb128 0x12
 636 004d 06       		.uleb128 0x6
 637 004e 40       		.uleb128 0x40
 638 004f 18       		.uleb128 0x18
 639 0050 9642     		.uleb128 0x2116
 640 0052 19       		.uleb128 0x19
 641 0053 01       		.uleb128 0x1
 642 0054 13       		.uleb128 0x13
 643 0055 00       		.byte	0
 644 0056 00       		.byte	0
 645 0057 07       		.uleb128 0x7
 646 0058 34       		.uleb128 0x34
 647 0059 00       		.byte	0
 648 005a 03       		.uleb128 0x3
 649 005b 0E       		.uleb128 0xe
 650 005c 3A       		.uleb128 0x3a
 651 005d 0B       		.uleb128 0xb
 652 005e 3B       		.uleb128 0x3b
 653 005f 0B       		.uleb128 0xb
ARM GAS  C:\Users\BREYAN~1\AppData\Local\Temp\ccasMK2N.s 			page 15


 654 0060 49       		.uleb128 0x49
 655 0061 13       		.uleb128 0x13
 656 0062 02       		.uleb128 0x2
 657 0063 18       		.uleb128 0x18
 658 0064 00       		.byte	0
 659 0065 00       		.byte	0
 660 0066 08       		.uleb128 0x8
 661 0067 34       		.uleb128 0x34
 662 0068 00       		.byte	0
 663 0069 03       		.uleb128 0x3
 664 006a 08       		.uleb128 0x8
 665 006b 3A       		.uleb128 0x3a
 666 006c 0B       		.uleb128 0xb
 667 006d 3B       		.uleb128 0x3b
 668 006e 0B       		.uleb128 0xb
 669 006f 49       		.uleb128 0x49
 670 0070 13       		.uleb128 0x13
 671 0071 02       		.uleb128 0x2
 672 0072 18       		.uleb128 0x18
 673 0073 00       		.byte	0
 674 0074 00       		.byte	0
 675 0075 09       		.uleb128 0x9
 676 0076 34       		.uleb128 0x34
 677 0077 00       		.byte	0
 678 0078 03       		.uleb128 0x3
 679 0079 08       		.uleb128 0x8
 680 007a 3A       		.uleb128 0x3a
 681 007b 0B       		.uleb128 0xb
 682 007c 3B       		.uleb128 0x3b
 683 007d 0B       		.uleb128 0xb
 684 007e 49       		.uleb128 0x49
 685 007f 13       		.uleb128 0x13
 686 0080 3F       		.uleb128 0x3f
 687 0081 19       		.uleb128 0x19
 688 0082 02       		.uleb128 0x2
 689 0083 18       		.uleb128 0x18
 690 0084 00       		.byte	0
 691 0085 00       		.byte	0
 692 0086 0A       		.uleb128 0xa
 693 0087 34       		.uleb128 0x34
 694 0088 00       		.byte	0
 695 0089 03       		.uleb128 0x3
 696 008a 0E       		.uleb128 0xe
 697 008b 3A       		.uleb128 0x3a
 698 008c 0B       		.uleb128 0xb
 699 008d 3B       		.uleb128 0x3b
 700 008e 0B       		.uleb128 0xb
 701 008f 49       		.uleb128 0x49
 702 0090 13       		.uleb128 0x13
 703 0091 3F       		.uleb128 0x3f
 704 0092 19       		.uleb128 0x19
 705 0093 02       		.uleb128 0x2
 706 0094 18       		.uleb128 0x18
 707 0095 00       		.byte	0
 708 0096 00       		.byte	0
 709 0097 00       		.byte	0
 710              		.section	.debug_aranges,"",%progbits
ARM GAS  C:\Users\BREYAN~1\AppData\Local\Temp\ccasMK2N.s 			page 16


 711 0000 1C000000 		.4byte	0x1c
 712 0004 0200     		.2byte	0x2
 713 0006 00000000 		.4byte	.Ldebug_info0
 714 000a 04       		.byte	0x4
 715 000b 00       		.byte	0
 716 000c 0000     		.2byte	0
 717 000e 0000     		.2byte	0
 718 0010 00000000 		.4byte	.LFB34
 719 0014 04020000 		.4byte	.LFE34-.LFB34
 720 0018 00000000 		.4byte	0
 721 001c 00000000 		.4byte	0
 722              		.section	.debug_ranges,"",%progbits
 723              	.Ldebug_ranges0:
 724 0000 00000000 		.4byte	.LFB34
 725 0004 04020000 		.4byte	.LFE34
 726 0008 00000000 		.4byte	0
 727 000c 00000000 		.4byte	0
 728              		.section	.debug_line,"",%progbits
 729              	.Ldebug_line0:
 730 0000 9A000000 		.section	.debug_str,"MS",%progbits,1
 730      02004100 
 730      00000201 
 730      FB0E0D00 
 730      01010101 
 731              	.LASF15:
 732 0000 63617264 		.ascii	"cardInfo\000"
 732      496E666F 
 732      00
 733              	.LASF23:
 734 0009 433A5C55 		.ascii	"C:\\Users\\Breyana_2\\Documents\\SDCard_Demo.cydsn\000"
 734      73657273 
 734      5C427265 
 734      79616E61 
 734      5F325C44 
 735              	.LASF3:
 736 0038 73686F72 		.ascii	"short unsigned int\000"
 736      7420756E 
 736      7369676E 
 736      65642069 
 736      6E7400
 737              	.LASF11:
 738 004b 666C6F61 		.ascii	"float\000"
 738      7400
 739              	.LASF18:
 740 0051 666E616D 		.ascii	"fnam\000"
 740      00
 741              	.LASF1:
 742 0056 756E7369 		.ascii	"unsigned char\000"
 742      676E6564 
 742      20636861 
 742      7200
 743              	.LASF5:
 744 0064 6C6F6E67 		.ascii	"long unsigned int\000"
 744      20756E73 
 744      69676E65 
 744      6420696E 
 744      7400
ARM GAS  C:\Users\BREYAN~1\AppData\Local\Temp\ccasMK2N.s 			page 17


 745              	.LASF9:
 746 0076 75696E74 		.ascii	"uint8\000"
 746      3800
 747              	.LASF19:
 748 007c 66636E74 		.ascii	"fcnt\000"
 748      00
 749              	.LASF12:
 750 0081 646F7562 		.ascii	"double\000"
 750      6C6500
 751              	.LASF24:
 752 0088 6D61696E 		.ascii	"main\000"
 752      00
 753              	.LASF21:
 754 008d 474E5520 		.ascii	"GNU C 4.9.3 20150303 (release) [ARM/embedded-4_9-br"
 754      4320342E 
 754      392E3320 
 754      32303135 
 754      30333033 
 755 00c0 616E6368 		.ascii	"anch revision 221220] -mcpu=cortex-m0 -mthumb -g -O"
 755      20726576 
 755      6973696F 
 755      6E203232 
 755      31323230 
 756 00f3 30202D66 		.ascii	"0 -ffunction-sections -ffat-lto-objects\000"
 756      66756E63 
 756      74696F6E 
 756      2D736563 
 756      74696F6E 
 757              	.LASF10:
 758 011b 75696E74 		.ascii	"uint32\000"
 758      333200
 759              	.LASF8:
 760 0122 756E7369 		.ascii	"unsigned int\000"
 760      676E6564 
 760      20696E74 
 760      00
 761              	.LASF7:
 762 012f 6C6F6E67 		.ascii	"long long unsigned int\000"
 762      206C6F6E 
 762      6720756E 
 762      7369676E 
 762      65642069 
 763              	.LASF14:
 764 0146 73697A65 		.ascii	"sizetype\000"
 764      74797065 
 764      00
 765              	.LASF6:
 766 014f 6C6F6E67 		.ascii	"long long int\000"
 766      206C6F6E 
 766      6720696E 
 766      7400
 767              	.LASF17:
 768 015d 64617461 		.ascii	"data_r\000"
 768      5F7200
 769              	.LASF22:
 770 0164 6D61696E 		.ascii	"main.c\000"
 770      2E6300
ARM GAS  C:\Users\BREYAN~1\AppData\Local\Temp\ccasMK2N.s 			page 18


 771              	.LASF13:
 772 016b 63686172 		.ascii	"char\000"
 772      00
 773              	.LASF2:
 774 0170 73686F72 		.ascii	"short int\000"
 774      7420696E 
 774      7400
 775              	.LASF16:
 776 017a 6C6F6164 		.ascii	"load\000"
 776      00
 777              	.LASF4:
 778 017f 6C6F6E67 		.ascii	"long int\000"
 778      20696E74 
 778      00
 779              	.LASF20:
 780 0188 6275666E 		.ascii	"bufnn\000"
 780      6E00
 781              	.LASF0:
 782 018e 7369676E 		.ascii	"signed char\000"
 782      65642063 
 782      68617200 
 783              		.ident	"GCC: (GNU Tools for ARM Embedded Processors) 4.9.3 20150303 (release) [ARM/embedded-4_9-br
