ARM GAS  C:\Users\BREYAN~1\AppData\Local\Temp\ccvTYWBe.s 			page 1


   1              		.cpu cortex-m0
   2              		.fpu softvfp
   3              		.eabi_attribute 20, 1
   4              		.eabi_attribute 21, 1
   5              		.eabi_attribute 23, 3
   6              		.eabi_attribute 24, 1
   7              		.eabi_attribute 25, 1
   8              		.eabi_attribute 26, 1
   9              		.eabi_attribute 30, 6
  10              		.eabi_attribute 34, 0
  11              		.eabi_attribute 18, 4
  12              		.code	16
  13              		.file	"SDCard_SPIM_PM.c"
  14              		.text
  15              	.Ltext0:
  16              		.cfi_sections	.debug_frame
  17              		.global	SDCard_SPIM_backup
  18              		.bss
  19              		.align	2
  20              		.type	SDCard_SPIM_backup, %object
  21              		.size	SDCard_SPIM_backup, 1
  22              	SDCard_SPIM_backup:
  23 0000 00       		.space	1
  24 0001 000000   		.section	.text.SDCard_SPIM_Sleep,"ax",%progbits
  25              		.align	2
  26              		.global	SDCard_SPIM_Sleep
  27              		.code	16
  28              		.thumb_func
  29              		.type	SDCard_SPIM_Sleep, %function
  30              	SDCard_SPIM_Sleep:
  31              	.LFB0:
  32              		.file 1 "Generated_Source\\PSoC4\\SDCard_SPIM_PM.c"
   1:Generated_Source\PSoC4/SDCard_SPIM_PM.c **** /***************************************************************************//**
   2:Generated_Source\PSoC4/SDCard_SPIM_PM.c **** * \file SDCard_SPIM_PM.c
   3:Generated_Source\PSoC4/SDCard_SPIM_PM.c **** * \version 3.20
   4:Generated_Source\PSoC4/SDCard_SPIM_PM.c **** *
   5:Generated_Source\PSoC4/SDCard_SPIM_PM.c **** * \brief
   6:Generated_Source\PSoC4/SDCard_SPIM_PM.c **** *  This file provides the source code to the Power Management support for
   7:Generated_Source\PSoC4/SDCard_SPIM_PM.c **** *  the SCB Component.
   8:Generated_Source\PSoC4/SDCard_SPIM_PM.c **** *
   9:Generated_Source\PSoC4/SDCard_SPIM_PM.c **** * Note:
  10:Generated_Source\PSoC4/SDCard_SPIM_PM.c **** *
  11:Generated_Source\PSoC4/SDCard_SPIM_PM.c **** ********************************************************************************
  12:Generated_Source\PSoC4/SDCard_SPIM_PM.c **** * \copyright
  13:Generated_Source\PSoC4/SDCard_SPIM_PM.c **** * Copyright 2013-2016, Cypress Semiconductor Corporation.  All rights reserved.
  14:Generated_Source\PSoC4/SDCard_SPIM_PM.c **** * You may use this file only in accordance with the license, terms, conditions,
  15:Generated_Source\PSoC4/SDCard_SPIM_PM.c **** * disclaimers, and limitations in the end user license agreement accompanying
  16:Generated_Source\PSoC4/SDCard_SPIM_PM.c **** * the software package with which this file was provided.
  17:Generated_Source\PSoC4/SDCard_SPIM_PM.c **** *******************************************************************************/
  18:Generated_Source\PSoC4/SDCard_SPIM_PM.c **** 
  19:Generated_Source\PSoC4/SDCard_SPIM_PM.c **** #include "SDCard_SPIM.h"
  20:Generated_Source\PSoC4/SDCard_SPIM_PM.c **** #include "SDCard_SPIM_PVT.h"
  21:Generated_Source\PSoC4/SDCard_SPIM_PM.c **** 
  22:Generated_Source\PSoC4/SDCard_SPIM_PM.c **** #if(SDCard_SPIM_SCB_MODE_I2C_INC)
  23:Generated_Source\PSoC4/SDCard_SPIM_PM.c ****     #include "SDCard_SPIM_I2C_PVT.h"
  24:Generated_Source\PSoC4/SDCard_SPIM_PM.c **** #endif /* (SDCard_SPIM_SCB_MODE_I2C_INC) */
  25:Generated_Source\PSoC4/SDCard_SPIM_PM.c **** 
ARM GAS  C:\Users\BREYAN~1\AppData\Local\Temp\ccvTYWBe.s 			page 2


  26:Generated_Source\PSoC4/SDCard_SPIM_PM.c **** #if(SDCard_SPIM_SCB_MODE_EZI2C_INC)
  27:Generated_Source\PSoC4/SDCard_SPIM_PM.c ****     #include "SDCard_SPIM_EZI2C_PVT.h"
  28:Generated_Source\PSoC4/SDCard_SPIM_PM.c **** #endif /* (SDCard_SPIM_SCB_MODE_EZI2C_INC) */
  29:Generated_Source\PSoC4/SDCard_SPIM_PM.c **** 
  30:Generated_Source\PSoC4/SDCard_SPIM_PM.c **** #if(SDCard_SPIM_SCB_MODE_SPI_INC || SDCard_SPIM_SCB_MODE_UART_INC)
  31:Generated_Source\PSoC4/SDCard_SPIM_PM.c ****     #include "SDCard_SPIM_SPI_UART_PVT.h"
  32:Generated_Source\PSoC4/SDCard_SPIM_PM.c **** #endif /* (SDCard_SPIM_SCB_MODE_SPI_INC || SDCard_SPIM_SCB_MODE_UART_INC) */
  33:Generated_Source\PSoC4/SDCard_SPIM_PM.c **** 
  34:Generated_Source\PSoC4/SDCard_SPIM_PM.c **** 
  35:Generated_Source\PSoC4/SDCard_SPIM_PM.c **** /***************************************
  36:Generated_Source\PSoC4/SDCard_SPIM_PM.c **** *   Backup Structure declaration
  37:Generated_Source\PSoC4/SDCard_SPIM_PM.c **** ***************************************/
  38:Generated_Source\PSoC4/SDCard_SPIM_PM.c **** 
  39:Generated_Source\PSoC4/SDCard_SPIM_PM.c **** #if(SDCard_SPIM_SCB_MODE_UNCONFIG_CONST_CFG || \
  40:Generated_Source\PSoC4/SDCard_SPIM_PM.c ****    (SDCard_SPIM_SCB_MODE_I2C_CONST_CFG   && (!SDCard_SPIM_I2C_WAKE_ENABLE_CONST))   || \
  41:Generated_Source\PSoC4/SDCard_SPIM_PM.c ****    (SDCard_SPIM_SCB_MODE_EZI2C_CONST_CFG && (!SDCard_SPIM_EZI2C_WAKE_ENABLE_CONST)) || \
  42:Generated_Source\PSoC4/SDCard_SPIM_PM.c ****    (SDCard_SPIM_SCB_MODE_SPI_CONST_CFG   && (!SDCard_SPIM_SPI_WAKE_ENABLE_CONST))   || \
  43:Generated_Source\PSoC4/SDCard_SPIM_PM.c ****    (SDCard_SPIM_SCB_MODE_UART_CONST_CFG  && (!SDCard_SPIM_UART_WAKE_ENABLE_CONST)))
  44:Generated_Source\PSoC4/SDCard_SPIM_PM.c **** 
  45:Generated_Source\PSoC4/SDCard_SPIM_PM.c ****     SDCard_SPIM_BACKUP_STRUCT SDCard_SPIM_backup =
  46:Generated_Source\PSoC4/SDCard_SPIM_PM.c ****     {
  47:Generated_Source\PSoC4/SDCard_SPIM_PM.c ****         0u, /* enableState */
  48:Generated_Source\PSoC4/SDCard_SPIM_PM.c ****     };
  49:Generated_Source\PSoC4/SDCard_SPIM_PM.c **** #endif
  50:Generated_Source\PSoC4/SDCard_SPIM_PM.c **** 
  51:Generated_Source\PSoC4/SDCard_SPIM_PM.c **** 
  52:Generated_Source\PSoC4/SDCard_SPIM_PM.c **** /*******************************************************************************
  53:Generated_Source\PSoC4/SDCard_SPIM_PM.c **** * Function Name: SDCard_SPIM_Sleep
  54:Generated_Source\PSoC4/SDCard_SPIM_PM.c **** ****************************************************************************//**
  55:Generated_Source\PSoC4/SDCard_SPIM_PM.c **** *
  56:Generated_Source\PSoC4/SDCard_SPIM_PM.c **** *  Prepares the SDCard_SPIM component to enter Deep Sleep.
  57:Generated_Source\PSoC4/SDCard_SPIM_PM.c **** *  The “Enable wakeup from Deep Sleep Mode” selection has an influence on this 
  58:Generated_Source\PSoC4/SDCard_SPIM_PM.c **** *  function implementation:
  59:Generated_Source\PSoC4/SDCard_SPIM_PM.c **** *  - Checked: configures the component to be wakeup source from Deep Sleep.
  60:Generated_Source\PSoC4/SDCard_SPIM_PM.c **** *  - Unchecked: stores the current component state (enabled or disabled) and 
  61:Generated_Source\PSoC4/SDCard_SPIM_PM.c **** *    disables the component. See SCB_Stop() function for details about component 
  62:Generated_Source\PSoC4/SDCard_SPIM_PM.c **** *    disabling.
  63:Generated_Source\PSoC4/SDCard_SPIM_PM.c **** *
  64:Generated_Source\PSoC4/SDCard_SPIM_PM.c **** *  Call the SDCard_SPIM_Sleep() function before calling the 
  65:Generated_Source\PSoC4/SDCard_SPIM_PM.c **** *  CyPmSysDeepSleep() function. 
  66:Generated_Source\PSoC4/SDCard_SPIM_PM.c **** *  Refer to the PSoC Creator System Reference Guide for more information about 
  67:Generated_Source\PSoC4/SDCard_SPIM_PM.c **** *  power management functions and Low power section of this document for the 
  68:Generated_Source\PSoC4/SDCard_SPIM_PM.c **** *  selected mode.
  69:Generated_Source\PSoC4/SDCard_SPIM_PM.c **** *
  70:Generated_Source\PSoC4/SDCard_SPIM_PM.c **** *  This function should not be called before entering Sleep.
  71:Generated_Source\PSoC4/SDCard_SPIM_PM.c **** *
  72:Generated_Source\PSoC4/SDCard_SPIM_PM.c **** *******************************************************************************/
  73:Generated_Source\PSoC4/SDCard_SPIM_PM.c **** void SDCard_SPIM_Sleep(void)
  74:Generated_Source\PSoC4/SDCard_SPIM_PM.c **** {
  33              		.loc 1 74 0
  34              		.cfi_startproc
  35 0000 80B5     		push	{r7, lr}
  36              		.cfi_def_cfa_offset 8
  37              		.cfi_offset 7, -8
  38              		.cfi_offset 14, -4
  39 0002 00AF     		add	r7, sp, #0
  40              		.cfi_def_cfa_register 7
ARM GAS  C:\Users\BREYAN~1\AppData\Local\Temp\ccvTYWBe.s 			page 3


  75:Generated_Source\PSoC4/SDCard_SPIM_PM.c **** #if(SDCard_SPIM_SCB_MODE_UNCONFIG_CONST_CFG)
  76:Generated_Source\PSoC4/SDCard_SPIM_PM.c **** 
  77:Generated_Source\PSoC4/SDCard_SPIM_PM.c ****     if(SDCard_SPIM_SCB_WAKE_ENABLE_CHECK)
  78:Generated_Source\PSoC4/SDCard_SPIM_PM.c ****     {
  79:Generated_Source\PSoC4/SDCard_SPIM_PM.c ****         if(SDCard_SPIM_SCB_MODE_I2C_RUNTM_CFG)
  80:Generated_Source\PSoC4/SDCard_SPIM_PM.c ****         {
  81:Generated_Source\PSoC4/SDCard_SPIM_PM.c ****             SDCard_SPIM_I2CSaveConfig();
  82:Generated_Source\PSoC4/SDCard_SPIM_PM.c ****         }
  83:Generated_Source\PSoC4/SDCard_SPIM_PM.c ****         else if(SDCard_SPIM_SCB_MODE_EZI2C_RUNTM_CFG)
  84:Generated_Source\PSoC4/SDCard_SPIM_PM.c ****         {
  85:Generated_Source\PSoC4/SDCard_SPIM_PM.c ****             SDCard_SPIM_EzI2CSaveConfig();
  86:Generated_Source\PSoC4/SDCard_SPIM_PM.c ****         }
  87:Generated_Source\PSoC4/SDCard_SPIM_PM.c ****     #if(!SDCard_SPIM_CY_SCBIP_V1)
  88:Generated_Source\PSoC4/SDCard_SPIM_PM.c ****         else if(SDCard_SPIM_SCB_MODE_SPI_RUNTM_CFG)
  89:Generated_Source\PSoC4/SDCard_SPIM_PM.c ****         {
  90:Generated_Source\PSoC4/SDCard_SPIM_PM.c ****             SDCard_SPIM_SpiSaveConfig();
  91:Generated_Source\PSoC4/SDCard_SPIM_PM.c ****         }
  92:Generated_Source\PSoC4/SDCard_SPIM_PM.c ****         else if(SDCard_SPIM_SCB_MODE_UART_RUNTM_CFG)
  93:Generated_Source\PSoC4/SDCard_SPIM_PM.c ****         {
  94:Generated_Source\PSoC4/SDCard_SPIM_PM.c ****             SDCard_SPIM_UartSaveConfig();
  95:Generated_Source\PSoC4/SDCard_SPIM_PM.c ****         }
  96:Generated_Source\PSoC4/SDCard_SPIM_PM.c ****     #endif /* (!SDCard_SPIM_CY_SCBIP_V1) */
  97:Generated_Source\PSoC4/SDCard_SPIM_PM.c ****         else
  98:Generated_Source\PSoC4/SDCard_SPIM_PM.c ****         {
  99:Generated_Source\PSoC4/SDCard_SPIM_PM.c ****             /* Unknown mode */
 100:Generated_Source\PSoC4/SDCard_SPIM_PM.c ****         }
 101:Generated_Source\PSoC4/SDCard_SPIM_PM.c ****     }
 102:Generated_Source\PSoC4/SDCard_SPIM_PM.c ****     else
 103:Generated_Source\PSoC4/SDCard_SPIM_PM.c ****     {
 104:Generated_Source\PSoC4/SDCard_SPIM_PM.c ****         SDCard_SPIM_backup.enableState = (uint8) SDCard_SPIM_GET_CTRL_ENABLED;
 105:Generated_Source\PSoC4/SDCard_SPIM_PM.c **** 
 106:Generated_Source\PSoC4/SDCard_SPIM_PM.c ****         if(0u != SDCard_SPIM_backup.enableState)
 107:Generated_Source\PSoC4/SDCard_SPIM_PM.c ****         {
 108:Generated_Source\PSoC4/SDCard_SPIM_PM.c ****             SDCard_SPIM_Stop();
 109:Generated_Source\PSoC4/SDCard_SPIM_PM.c ****         }
 110:Generated_Source\PSoC4/SDCard_SPIM_PM.c ****     }
 111:Generated_Source\PSoC4/SDCard_SPIM_PM.c **** 
 112:Generated_Source\PSoC4/SDCard_SPIM_PM.c **** #else
 113:Generated_Source\PSoC4/SDCard_SPIM_PM.c **** 
 114:Generated_Source\PSoC4/SDCard_SPIM_PM.c ****     #if (SDCard_SPIM_SCB_MODE_I2C_CONST_CFG && SDCard_SPIM_I2C_WAKE_ENABLE_CONST)
 115:Generated_Source\PSoC4/SDCard_SPIM_PM.c ****         SDCard_SPIM_I2CSaveConfig();
 116:Generated_Source\PSoC4/SDCard_SPIM_PM.c **** 
 117:Generated_Source\PSoC4/SDCard_SPIM_PM.c ****     #elif (SDCard_SPIM_SCB_MODE_EZI2C_CONST_CFG && SDCard_SPIM_EZI2C_WAKE_ENABLE_CONST)
 118:Generated_Source\PSoC4/SDCard_SPIM_PM.c ****         SDCard_SPIM_EzI2CSaveConfig();
 119:Generated_Source\PSoC4/SDCard_SPIM_PM.c **** 
 120:Generated_Source\PSoC4/SDCard_SPIM_PM.c ****     #elif (SDCard_SPIM_SCB_MODE_SPI_CONST_CFG && SDCard_SPIM_SPI_WAKE_ENABLE_CONST)
 121:Generated_Source\PSoC4/SDCard_SPIM_PM.c ****         SDCard_SPIM_SpiSaveConfig();
 122:Generated_Source\PSoC4/SDCard_SPIM_PM.c **** 
 123:Generated_Source\PSoC4/SDCard_SPIM_PM.c ****     #elif (SDCard_SPIM_SCB_MODE_UART_CONST_CFG && SDCard_SPIM_UART_WAKE_ENABLE_CONST)
 124:Generated_Source\PSoC4/SDCard_SPIM_PM.c ****         SDCard_SPIM_UartSaveConfig();
 125:Generated_Source\PSoC4/SDCard_SPIM_PM.c **** 
 126:Generated_Source\PSoC4/SDCard_SPIM_PM.c ****     #else
 127:Generated_Source\PSoC4/SDCard_SPIM_PM.c **** 
 128:Generated_Source\PSoC4/SDCard_SPIM_PM.c ****         SDCard_SPIM_backup.enableState = (uint8) SDCard_SPIM_GET_CTRL_ENABLED;
  41              		.loc 1 128 0
  42 0004 074B     		ldr	r3, .L3
  43 0006 1B68     		ldr	r3, [r3]
ARM GAS  C:\Users\BREYAN~1\AppData\Local\Temp\ccvTYWBe.s 			page 4


  44 0008 DB0F     		lsr	r3, r3, #31
  45 000a DBB2     		uxtb	r3, r3
  46 000c 1A1C     		mov	r2, r3
  47 000e 064B     		ldr	r3, .L3+4
  48 0010 1A70     		strb	r2, [r3]
 129:Generated_Source\PSoC4/SDCard_SPIM_PM.c **** 
 130:Generated_Source\PSoC4/SDCard_SPIM_PM.c ****         if(0u != SDCard_SPIM_backup.enableState)
  49              		.loc 1 130 0
  50 0012 054B     		ldr	r3, .L3+4
  51 0014 1B78     		ldrb	r3, [r3]
  52 0016 002B     		cmp	r3, #0
  53 0018 01D0     		beq	.L1
 131:Generated_Source\PSoC4/SDCard_SPIM_PM.c ****         {
 132:Generated_Source\PSoC4/SDCard_SPIM_PM.c ****             SDCard_SPIM_Stop();
  54              		.loc 1 132 0
  55 001a FFF7FEFF 		bl	SDCard_SPIM_Stop
  56              	.L1:
 133:Generated_Source\PSoC4/SDCard_SPIM_PM.c ****         }
 134:Generated_Source\PSoC4/SDCard_SPIM_PM.c **** 
 135:Generated_Source\PSoC4/SDCard_SPIM_PM.c ****     #endif /* defined (SDCard_SPIM_SCB_MODE_I2C_CONST_CFG) && (SDCard_SPIM_I2C_WAKE_ENABLE_CONST) *
 136:Generated_Source\PSoC4/SDCard_SPIM_PM.c **** 
 137:Generated_Source\PSoC4/SDCard_SPIM_PM.c **** #endif /* (SDCard_SPIM_SCB_MODE_UNCONFIG_CONST_CFG) */
 138:Generated_Source\PSoC4/SDCard_SPIM_PM.c **** }
  57              		.loc 1 138 0
  58 001e BD46     		mov	sp, r7
  59              		@ sp needed
  60 0020 80BD     		pop	{r7, pc}
  61              	.L4:
  62 0022 C046     		.align	2
  63              	.L3:
  64 0024 00000740 		.word	1074200576
  65 0028 00000000 		.word	SDCard_SPIM_backup
  66              		.cfi_endproc
  67              	.LFE0:
  68              		.size	SDCard_SPIM_Sleep, .-SDCard_SPIM_Sleep
  69              		.section	.text.SDCard_SPIM_Wakeup,"ax",%progbits
  70              		.align	2
  71              		.global	SDCard_SPIM_Wakeup
  72              		.code	16
  73              		.thumb_func
  74              		.type	SDCard_SPIM_Wakeup, %function
  75              	SDCard_SPIM_Wakeup:
  76              	.LFB1:
 139:Generated_Source\PSoC4/SDCard_SPIM_PM.c **** 
 140:Generated_Source\PSoC4/SDCard_SPIM_PM.c **** 
 141:Generated_Source\PSoC4/SDCard_SPIM_PM.c **** /*******************************************************************************
 142:Generated_Source\PSoC4/SDCard_SPIM_PM.c **** * Function Name: SDCard_SPIM_Wakeup
 143:Generated_Source\PSoC4/SDCard_SPIM_PM.c **** ****************************************************************************//**
 144:Generated_Source\PSoC4/SDCard_SPIM_PM.c **** *
 145:Generated_Source\PSoC4/SDCard_SPIM_PM.c **** *  Prepares the SDCard_SPIM component for Active mode operation after 
 146:Generated_Source\PSoC4/SDCard_SPIM_PM.c **** *  Deep Sleep.
 147:Generated_Source\PSoC4/SDCard_SPIM_PM.c **** *  The “Enable wakeup from Deep Sleep Mode” selection has influence on this 
 148:Generated_Source\PSoC4/SDCard_SPIM_PM.c **** *  function implementation:
 149:Generated_Source\PSoC4/SDCard_SPIM_PM.c **** *  - Checked: restores the component Active mode configuration.
 150:Generated_Source\PSoC4/SDCard_SPIM_PM.c **** *  - Unchecked: enables the component if it was enabled before enter Deep Sleep.
 151:Generated_Source\PSoC4/SDCard_SPIM_PM.c **** *
 152:Generated_Source\PSoC4/SDCard_SPIM_PM.c **** *  This function should not be called after exiting Sleep.
ARM GAS  C:\Users\BREYAN~1\AppData\Local\Temp\ccvTYWBe.s 			page 5


 153:Generated_Source\PSoC4/SDCard_SPIM_PM.c **** *
 154:Generated_Source\PSoC4/SDCard_SPIM_PM.c **** *  \sideeffect
 155:Generated_Source\PSoC4/SDCard_SPIM_PM.c **** *   Calling the SDCard_SPIM_Wakeup() function without first calling the 
 156:Generated_Source\PSoC4/SDCard_SPIM_PM.c **** *   SDCard_SPIM_Sleep() function may produce unexpected behavior.
 157:Generated_Source\PSoC4/SDCard_SPIM_PM.c **** *
 158:Generated_Source\PSoC4/SDCard_SPIM_PM.c **** *******************************************************************************/
 159:Generated_Source\PSoC4/SDCard_SPIM_PM.c **** void SDCard_SPIM_Wakeup(void)
 160:Generated_Source\PSoC4/SDCard_SPIM_PM.c **** {
  77              		.loc 1 160 0
  78              		.cfi_startproc
  79 0000 80B5     		push	{r7, lr}
  80              		.cfi_def_cfa_offset 8
  81              		.cfi_offset 7, -8
  82              		.cfi_offset 14, -4
  83 0002 00AF     		add	r7, sp, #0
  84              		.cfi_def_cfa_register 7
 161:Generated_Source\PSoC4/SDCard_SPIM_PM.c **** #if(SDCard_SPIM_SCB_MODE_UNCONFIG_CONST_CFG)
 162:Generated_Source\PSoC4/SDCard_SPIM_PM.c **** 
 163:Generated_Source\PSoC4/SDCard_SPIM_PM.c ****     if(SDCard_SPIM_SCB_WAKE_ENABLE_CHECK)
 164:Generated_Source\PSoC4/SDCard_SPIM_PM.c ****     {
 165:Generated_Source\PSoC4/SDCard_SPIM_PM.c ****         if(SDCard_SPIM_SCB_MODE_I2C_RUNTM_CFG)
 166:Generated_Source\PSoC4/SDCard_SPIM_PM.c ****         {
 167:Generated_Source\PSoC4/SDCard_SPIM_PM.c ****             SDCard_SPIM_I2CRestoreConfig();
 168:Generated_Source\PSoC4/SDCard_SPIM_PM.c ****         }
 169:Generated_Source\PSoC4/SDCard_SPIM_PM.c ****         else if(SDCard_SPIM_SCB_MODE_EZI2C_RUNTM_CFG)
 170:Generated_Source\PSoC4/SDCard_SPIM_PM.c ****         {
 171:Generated_Source\PSoC4/SDCard_SPIM_PM.c ****             SDCard_SPIM_EzI2CRestoreConfig();
 172:Generated_Source\PSoC4/SDCard_SPIM_PM.c ****         }
 173:Generated_Source\PSoC4/SDCard_SPIM_PM.c ****     #if(!SDCard_SPIM_CY_SCBIP_V1)
 174:Generated_Source\PSoC4/SDCard_SPIM_PM.c ****         else if(SDCard_SPIM_SCB_MODE_SPI_RUNTM_CFG)
 175:Generated_Source\PSoC4/SDCard_SPIM_PM.c ****         {
 176:Generated_Source\PSoC4/SDCard_SPIM_PM.c ****             SDCard_SPIM_SpiRestoreConfig();
 177:Generated_Source\PSoC4/SDCard_SPIM_PM.c ****         }
 178:Generated_Source\PSoC4/SDCard_SPIM_PM.c ****         else if(SDCard_SPIM_SCB_MODE_UART_RUNTM_CFG)
 179:Generated_Source\PSoC4/SDCard_SPIM_PM.c ****         {
 180:Generated_Source\PSoC4/SDCard_SPIM_PM.c ****             SDCard_SPIM_UartRestoreConfig();
 181:Generated_Source\PSoC4/SDCard_SPIM_PM.c ****         }
 182:Generated_Source\PSoC4/SDCard_SPIM_PM.c ****     #endif /* (!SDCard_SPIM_CY_SCBIP_V1) */
 183:Generated_Source\PSoC4/SDCard_SPIM_PM.c ****         else
 184:Generated_Source\PSoC4/SDCard_SPIM_PM.c ****         {
 185:Generated_Source\PSoC4/SDCard_SPIM_PM.c ****             /* Unknown mode */
 186:Generated_Source\PSoC4/SDCard_SPIM_PM.c ****         }
 187:Generated_Source\PSoC4/SDCard_SPIM_PM.c ****     }
 188:Generated_Source\PSoC4/SDCard_SPIM_PM.c ****     else
 189:Generated_Source\PSoC4/SDCard_SPIM_PM.c ****     {
 190:Generated_Source\PSoC4/SDCard_SPIM_PM.c ****         if(0u != SDCard_SPIM_backup.enableState)
 191:Generated_Source\PSoC4/SDCard_SPIM_PM.c ****         {
 192:Generated_Source\PSoC4/SDCard_SPIM_PM.c ****             SDCard_SPIM_Enable();
 193:Generated_Source\PSoC4/SDCard_SPIM_PM.c ****         }
 194:Generated_Source\PSoC4/SDCard_SPIM_PM.c ****     }
 195:Generated_Source\PSoC4/SDCard_SPIM_PM.c **** 
 196:Generated_Source\PSoC4/SDCard_SPIM_PM.c **** #else
 197:Generated_Source\PSoC4/SDCard_SPIM_PM.c **** 
 198:Generated_Source\PSoC4/SDCard_SPIM_PM.c ****     #if (SDCard_SPIM_SCB_MODE_I2C_CONST_CFG  && SDCard_SPIM_I2C_WAKE_ENABLE_CONST)
 199:Generated_Source\PSoC4/SDCard_SPIM_PM.c ****         SDCard_SPIM_I2CRestoreConfig();
 200:Generated_Source\PSoC4/SDCard_SPIM_PM.c **** 
 201:Generated_Source\PSoC4/SDCard_SPIM_PM.c ****     #elif (SDCard_SPIM_SCB_MODE_EZI2C_CONST_CFG && SDCard_SPIM_EZI2C_WAKE_ENABLE_CONST)
ARM GAS  C:\Users\BREYAN~1\AppData\Local\Temp\ccvTYWBe.s 			page 6


 202:Generated_Source\PSoC4/SDCard_SPIM_PM.c ****         SDCard_SPIM_EzI2CRestoreConfig();
 203:Generated_Source\PSoC4/SDCard_SPIM_PM.c **** 
 204:Generated_Source\PSoC4/SDCard_SPIM_PM.c ****     #elif (SDCard_SPIM_SCB_MODE_SPI_CONST_CFG && SDCard_SPIM_SPI_WAKE_ENABLE_CONST)
 205:Generated_Source\PSoC4/SDCard_SPIM_PM.c ****         SDCard_SPIM_SpiRestoreConfig();
 206:Generated_Source\PSoC4/SDCard_SPIM_PM.c **** 
 207:Generated_Source\PSoC4/SDCard_SPIM_PM.c ****     #elif (SDCard_SPIM_SCB_MODE_UART_CONST_CFG && SDCard_SPIM_UART_WAKE_ENABLE_CONST)
 208:Generated_Source\PSoC4/SDCard_SPIM_PM.c ****         SDCard_SPIM_UartRestoreConfig();
 209:Generated_Source\PSoC4/SDCard_SPIM_PM.c **** 
 210:Generated_Source\PSoC4/SDCard_SPIM_PM.c ****     #else
 211:Generated_Source\PSoC4/SDCard_SPIM_PM.c **** 
 212:Generated_Source\PSoC4/SDCard_SPIM_PM.c ****         if(0u != SDCard_SPIM_backup.enableState)
  85              		.loc 1 212 0
  86 0004 034B     		ldr	r3, .L7
  87 0006 1B78     		ldrb	r3, [r3]
  88 0008 002B     		cmp	r3, #0
  89 000a 01D0     		beq	.L5
 213:Generated_Source\PSoC4/SDCard_SPIM_PM.c ****         {
 214:Generated_Source\PSoC4/SDCard_SPIM_PM.c ****             SDCard_SPIM_Enable();
  90              		.loc 1 214 0
  91 000c FFF7FEFF 		bl	SDCard_SPIM_Enable
  92              	.L5:
 215:Generated_Source\PSoC4/SDCard_SPIM_PM.c ****         }
 216:Generated_Source\PSoC4/SDCard_SPIM_PM.c **** 
 217:Generated_Source\PSoC4/SDCard_SPIM_PM.c ****     #endif /* (SDCard_SPIM_I2C_WAKE_ENABLE_CONST) */
 218:Generated_Source\PSoC4/SDCard_SPIM_PM.c **** 
 219:Generated_Source\PSoC4/SDCard_SPIM_PM.c **** #endif /* (SDCard_SPIM_SCB_MODE_UNCONFIG_CONST_CFG) */
 220:Generated_Source\PSoC4/SDCard_SPIM_PM.c **** }
  93              		.loc 1 220 0
  94 0010 BD46     		mov	sp, r7
  95              		@ sp needed
  96 0012 80BD     		pop	{r7, pc}
  97              	.L8:
  98              		.align	2
  99              	.L7:
 100 0014 00000000 		.word	SDCard_SPIM_backup
 101              		.cfi_endproc
 102              	.LFE1:
 103              		.size	SDCard_SPIM_Wakeup, .-SDCard_SPIM_Wakeup
 104              		.text
 105              	.Letext0:
 106              		.file 2 "Generated_Source\\PSoC4/cytypes.h"
 107              		.file 3 "Generated_Source\\PSoC4\\SDCard_SPIM.h"
 108              		.section	.debug_info,"",%progbits
 109              	.Ldebug_info0:
 110 0000 00010000 		.4byte	0x100
 111 0004 0400     		.2byte	0x4
 112 0006 00000000 		.4byte	.Ldebug_abbrev0
 113 000a 04       		.byte	0x4
 114 000b 01       		.uleb128 0x1
 115 000c BF000000 		.4byte	.LASF19
 116 0010 01       		.byte	0x1
 117 0011 60010000 		.4byte	.LASF20
 118 0015 79000000 		.4byte	.LASF21
 119 0019 00000000 		.4byte	.Ldebug_ranges0+0
 120 001d 00000000 		.4byte	0
 121 0021 00000000 		.4byte	.Ldebug_line0
 122 0025 02       		.uleb128 0x2
ARM GAS  C:\Users\BREYAN~1\AppData\Local\Temp\ccvTYWBe.s 			page 7


 123 0026 01       		.byte	0x1
 124 0027 06       		.byte	0x6
 125 0028 BD010000 		.4byte	.LASF0
 126 002c 02       		.uleb128 0x2
 127 002d 01       		.byte	0x1
 128 002e 08       		.byte	0x8
 129 002f 4D010000 		.4byte	.LASF1
 130 0033 02       		.uleb128 0x2
 131 0034 02       		.byte	0x2
 132 0035 05       		.byte	0x5
 133 0036 E2010000 		.4byte	.LASF2
 134 003a 02       		.uleb128 0x2
 135 003b 02       		.byte	0x2
 136 003c 07       		.byte	0x7
 137 003d AA010000 		.4byte	.LASF3
 138 0041 02       		.uleb128 0x2
 139 0042 04       		.byte	0x4
 140 0043 05       		.byte	0x5
 141 0044 88010000 		.4byte	.LASF4
 142 0048 02       		.uleb128 0x2
 143 0049 04       		.byte	0x4
 144 004a 07       		.byte	0x7
 145 004b 67000000 		.4byte	.LASF5
 146 004f 02       		.uleb128 0x2
 147 0050 08       		.byte	0x8
 148 0051 05       		.byte	0x5
 149 0052 00000000 		.4byte	.LASF6
 150 0056 02       		.uleb128 0x2
 151 0057 08       		.byte	0x8
 152 0058 07       		.byte	0x7
 153 0059 A8000000 		.4byte	.LASF7
 154 005d 03       		.uleb128 0x3
 155 005e 04       		.byte	0x4
 156 005f 05       		.byte	0x5
 157 0060 696E7400 		.ascii	"int\000"
 158 0064 02       		.uleb128 0x2
 159 0065 04       		.byte	0x4
 160 0066 07       		.byte	0x7
 161 0067 28000000 		.4byte	.LASF8
 162 006b 04       		.uleb128 0x4
 163 006c 61000000 		.4byte	.LASF9
 164 0070 02       		.byte	0x2
 165 0071 B901     		.2byte	0x1b9
 166 0073 2C000000 		.4byte	0x2c
 167 0077 04       		.uleb128 0x4
 168 0078 0E000000 		.4byte	.LASF10
 169 007c 02       		.byte	0x2
 170 007d BB01     		.2byte	0x1bb
 171 007f 48000000 		.4byte	0x48
 172 0083 02       		.uleb128 0x2
 173 0084 04       		.byte	0x4
 174 0085 04       		.byte	0x4
 175 0086 DC010000 		.4byte	.LASF11
 176 008a 02       		.uleb128 0x2
 177 008b 08       		.byte	0x8
 178 008c 04       		.byte	0x4
 179 008d 9D010000 		.4byte	.LASF12
ARM GAS  C:\Users\BREYAN~1\AppData\Local\Temp\ccvTYWBe.s 			page 8


 180 0091 02       		.uleb128 0x2
 181 0092 01       		.byte	0x1
 182 0093 08       		.byte	0x8
 183 0094 5B010000 		.4byte	.LASF13
 184 0098 04       		.uleb128 0x4
 185 0099 A4010000 		.4byte	.LASF14
 186 009d 02       		.byte	0x2
 187 009e 6502     		.2byte	0x265
 188 00a0 A4000000 		.4byte	0xa4
 189 00a4 05       		.uleb128 0x5
 190 00a5 77000000 		.4byte	0x77
 191 00a9 02       		.uleb128 0x2
 192 00aa 04       		.byte	0x4
 193 00ab 07       		.byte	0x7
 194 00ac EC010000 		.4byte	.LASF15
 195 00b0 06       		.uleb128 0x6
 196 00b1 01       		.byte	0x1
 197 00b2 03       		.byte	0x3
 198 00b3 5C       		.byte	0x5c
 199 00b4 C5000000 		.4byte	0xc5
 200 00b8 07       		.uleb128 0x7
 201 00b9 91010000 		.4byte	.LASF22
 202 00bd 03       		.byte	0x3
 203 00be 5E       		.byte	0x5e
 204 00bf 6B000000 		.4byte	0x6b
 205 00c3 00       		.byte	0
 206 00c4 00       		.byte	0
 207 00c5 08       		.uleb128 0x8
 208 00c6 35000000 		.4byte	.LASF16
 209 00ca 03       		.byte	0x3
 210 00cb 5F       		.byte	0x5f
 211 00cc B0000000 		.4byte	0xb0
 212 00d0 09       		.uleb128 0x9
 213 00d1 4F000000 		.4byte	.LASF17
 214 00d5 01       		.byte	0x1
 215 00d6 49       		.byte	0x49
 216 00d7 00000000 		.4byte	.LFB0
 217 00db 2C000000 		.4byte	.LFE0-.LFB0
 218 00df 01       		.uleb128 0x1
 219 00e0 9C       		.byte	0x9c
 220 00e1 09       		.uleb128 0x9
 221 00e2 15000000 		.4byte	.LASF18
 222 00e6 01       		.byte	0x1
 223 00e7 9F       		.byte	0x9f
 224 00e8 00000000 		.4byte	.LFB1
 225 00ec 18000000 		.4byte	.LFE1-.LFB1
 226 00f0 01       		.uleb128 0x1
 227 00f1 9C       		.byte	0x9c
 228 00f2 0A       		.uleb128 0xa
 229 00f3 C9010000 		.4byte	.LASF23
 230 00f7 01       		.byte	0x1
 231 00f8 2D       		.byte	0x2d
 232 00f9 C5000000 		.4byte	0xc5
 233 00fd 05       		.uleb128 0x5
 234 00fe 03       		.byte	0x3
 235 00ff 00000000 		.4byte	SDCard_SPIM_backup
 236 0103 00       		.byte	0
ARM GAS  C:\Users\BREYAN~1\AppData\Local\Temp\ccvTYWBe.s 			page 9


 237              		.section	.debug_abbrev,"",%progbits
 238              	.Ldebug_abbrev0:
 239 0000 01       		.uleb128 0x1
 240 0001 11       		.uleb128 0x11
 241 0002 01       		.byte	0x1
 242 0003 25       		.uleb128 0x25
 243 0004 0E       		.uleb128 0xe
 244 0005 13       		.uleb128 0x13
 245 0006 0B       		.uleb128 0xb
 246 0007 03       		.uleb128 0x3
 247 0008 0E       		.uleb128 0xe
 248 0009 1B       		.uleb128 0x1b
 249 000a 0E       		.uleb128 0xe
 250 000b 55       		.uleb128 0x55
 251 000c 17       		.uleb128 0x17
 252 000d 11       		.uleb128 0x11
 253 000e 01       		.uleb128 0x1
 254 000f 10       		.uleb128 0x10
 255 0010 17       		.uleb128 0x17
 256 0011 00       		.byte	0
 257 0012 00       		.byte	0
 258 0013 02       		.uleb128 0x2
 259 0014 24       		.uleb128 0x24
 260 0015 00       		.byte	0
 261 0016 0B       		.uleb128 0xb
 262 0017 0B       		.uleb128 0xb
 263 0018 3E       		.uleb128 0x3e
 264 0019 0B       		.uleb128 0xb
 265 001a 03       		.uleb128 0x3
 266 001b 0E       		.uleb128 0xe
 267 001c 00       		.byte	0
 268 001d 00       		.byte	0
 269 001e 03       		.uleb128 0x3
 270 001f 24       		.uleb128 0x24
 271 0020 00       		.byte	0
 272 0021 0B       		.uleb128 0xb
 273 0022 0B       		.uleb128 0xb
 274 0023 3E       		.uleb128 0x3e
 275 0024 0B       		.uleb128 0xb
 276 0025 03       		.uleb128 0x3
 277 0026 08       		.uleb128 0x8
 278 0027 00       		.byte	0
 279 0028 00       		.byte	0
 280 0029 04       		.uleb128 0x4
 281 002a 16       		.uleb128 0x16
 282 002b 00       		.byte	0
 283 002c 03       		.uleb128 0x3
 284 002d 0E       		.uleb128 0xe
 285 002e 3A       		.uleb128 0x3a
 286 002f 0B       		.uleb128 0xb
 287 0030 3B       		.uleb128 0x3b
 288 0031 05       		.uleb128 0x5
 289 0032 49       		.uleb128 0x49
 290 0033 13       		.uleb128 0x13
 291 0034 00       		.byte	0
 292 0035 00       		.byte	0
 293 0036 05       		.uleb128 0x5
ARM GAS  C:\Users\BREYAN~1\AppData\Local\Temp\ccvTYWBe.s 			page 10


 294 0037 35       		.uleb128 0x35
 295 0038 00       		.byte	0
 296 0039 49       		.uleb128 0x49
 297 003a 13       		.uleb128 0x13
 298 003b 00       		.byte	0
 299 003c 00       		.byte	0
 300 003d 06       		.uleb128 0x6
 301 003e 13       		.uleb128 0x13
 302 003f 01       		.byte	0x1
 303 0040 0B       		.uleb128 0xb
 304 0041 0B       		.uleb128 0xb
 305 0042 3A       		.uleb128 0x3a
 306 0043 0B       		.uleb128 0xb
 307 0044 3B       		.uleb128 0x3b
 308 0045 0B       		.uleb128 0xb
 309 0046 01       		.uleb128 0x1
 310 0047 13       		.uleb128 0x13
 311 0048 00       		.byte	0
 312 0049 00       		.byte	0
 313 004a 07       		.uleb128 0x7
 314 004b 0D       		.uleb128 0xd
 315 004c 00       		.byte	0
 316 004d 03       		.uleb128 0x3
 317 004e 0E       		.uleb128 0xe
 318 004f 3A       		.uleb128 0x3a
 319 0050 0B       		.uleb128 0xb
 320 0051 3B       		.uleb128 0x3b
 321 0052 0B       		.uleb128 0xb
 322 0053 49       		.uleb128 0x49
 323 0054 13       		.uleb128 0x13
 324 0055 38       		.uleb128 0x38
 325 0056 0B       		.uleb128 0xb
 326 0057 00       		.byte	0
 327 0058 00       		.byte	0
 328 0059 08       		.uleb128 0x8
 329 005a 16       		.uleb128 0x16
 330 005b 00       		.byte	0
 331 005c 03       		.uleb128 0x3
 332 005d 0E       		.uleb128 0xe
 333 005e 3A       		.uleb128 0x3a
 334 005f 0B       		.uleb128 0xb
 335 0060 3B       		.uleb128 0x3b
 336 0061 0B       		.uleb128 0xb
 337 0062 49       		.uleb128 0x49
 338 0063 13       		.uleb128 0x13
 339 0064 00       		.byte	0
 340 0065 00       		.byte	0
 341 0066 09       		.uleb128 0x9
 342 0067 2E       		.uleb128 0x2e
 343 0068 00       		.byte	0
 344 0069 3F       		.uleb128 0x3f
 345 006a 19       		.uleb128 0x19
 346 006b 03       		.uleb128 0x3
 347 006c 0E       		.uleb128 0xe
 348 006d 3A       		.uleb128 0x3a
 349 006e 0B       		.uleb128 0xb
 350 006f 3B       		.uleb128 0x3b
ARM GAS  C:\Users\BREYAN~1\AppData\Local\Temp\ccvTYWBe.s 			page 11


 351 0070 0B       		.uleb128 0xb
 352 0071 27       		.uleb128 0x27
 353 0072 19       		.uleb128 0x19
 354 0073 11       		.uleb128 0x11
 355 0074 01       		.uleb128 0x1
 356 0075 12       		.uleb128 0x12
 357 0076 06       		.uleb128 0x6
 358 0077 40       		.uleb128 0x40
 359 0078 18       		.uleb128 0x18
 360 0079 9642     		.uleb128 0x2116
 361 007b 19       		.uleb128 0x19
 362 007c 00       		.byte	0
 363 007d 00       		.byte	0
 364 007e 0A       		.uleb128 0xa
 365 007f 34       		.uleb128 0x34
 366 0080 00       		.byte	0
 367 0081 03       		.uleb128 0x3
 368 0082 0E       		.uleb128 0xe
 369 0083 3A       		.uleb128 0x3a
 370 0084 0B       		.uleb128 0xb
 371 0085 3B       		.uleb128 0x3b
 372 0086 0B       		.uleb128 0xb
 373 0087 49       		.uleb128 0x49
 374 0088 13       		.uleb128 0x13
 375 0089 3F       		.uleb128 0x3f
 376 008a 19       		.uleb128 0x19
 377 008b 02       		.uleb128 0x2
 378 008c 18       		.uleb128 0x18
 379 008d 00       		.byte	0
 380 008e 00       		.byte	0
 381 008f 00       		.byte	0
 382              		.section	.debug_aranges,"",%progbits
 383 0000 24000000 		.4byte	0x24
 384 0004 0200     		.2byte	0x2
 385 0006 00000000 		.4byte	.Ldebug_info0
 386 000a 04       		.byte	0x4
 387 000b 00       		.byte	0
 388 000c 0000     		.2byte	0
 389 000e 0000     		.2byte	0
 390 0010 00000000 		.4byte	.LFB0
 391 0014 2C000000 		.4byte	.LFE0-.LFB0
 392 0018 00000000 		.4byte	.LFB1
 393 001c 18000000 		.4byte	.LFE1-.LFB1
 394 0020 00000000 		.4byte	0
 395 0024 00000000 		.4byte	0
 396              		.section	.debug_ranges,"",%progbits
 397              	.Ldebug_ranges0:
 398 0000 00000000 		.4byte	.LFB0
 399 0004 2C000000 		.4byte	.LFE0
 400 0008 00000000 		.4byte	.LFB1
 401 000c 18000000 		.4byte	.LFE1
 402 0010 00000000 		.4byte	0
 403 0014 00000000 		.4byte	0
 404              		.section	.debug_line,"",%progbits
 405              	.Ldebug_line0:
 406 0000 8D000000 		.section	.debug_str,"MS",%progbits,1
 406      02005C00 
ARM GAS  C:\Users\BREYAN~1\AppData\Local\Temp\ccvTYWBe.s 			page 12


 406      00000201 
 406      FB0E0D00 
 406      01010101 
 407              	.LASF6:
 408 0000 6C6F6E67 		.ascii	"long long int\000"
 408      206C6F6E 
 408      6720696E 
 408      7400
 409              	.LASF10:
 410 000e 75696E74 		.ascii	"uint32\000"
 410      333200
 411              	.LASF18:
 412 0015 53444361 		.ascii	"SDCard_SPIM_Wakeup\000"
 412      72645F53 
 412      50494D5F 
 412      57616B65 
 412      757000
 413              	.LASF8:
 414 0028 756E7369 		.ascii	"unsigned int\000"
 414      676E6564 
 414      20696E74 
 414      00
 415              	.LASF16:
 416 0035 53444361 		.ascii	"SDCard_SPIM_BACKUP_STRUCT\000"
 416      72645F53 
 416      50494D5F 
 416      4241434B 
 416      55505F53 
 417              	.LASF17:
 418 004f 53444361 		.ascii	"SDCard_SPIM_Sleep\000"
 418      72645F53 
 418      50494D5F 
 418      536C6565 
 418      7000
 419              	.LASF9:
 420 0061 75696E74 		.ascii	"uint8\000"
 420      3800
 421              	.LASF5:
 422 0067 6C6F6E67 		.ascii	"long unsigned int\000"
 422      20756E73 
 422      69676E65 
 422      6420696E 
 422      7400
 423              	.LASF21:
 424 0079 433A5C55 		.ascii	"C:\\Users\\Breyana_2\\Documents\\SDCard_Demo.cydsn\000"
 424      73657273 
 424      5C427265 
 424      79616E61 
 424      5F325C44 
 425              	.LASF7:
 426 00a8 6C6F6E67 		.ascii	"long long unsigned int\000"
 426      206C6F6E 
 426      6720756E 
 426      7369676E 
 426      65642069 
 427              	.LASF19:
 428 00bf 474E5520 		.ascii	"GNU C 4.9.3 20150303 (release) [ARM/embedded-4_9-br"
ARM GAS  C:\Users\BREYAN~1\AppData\Local\Temp\ccvTYWBe.s 			page 13


 428      4320342E 
 428      392E3320 
 428      32303135 
 428      30333033 
 429 00f2 616E6368 		.ascii	"anch revision 221220] -mcpu=cortex-m0 -mthumb -g -O"
 429      20726576 
 429      6973696F 
 429      6E203232 
 429      31323230 
 430 0125 30202D66 		.ascii	"0 -ffunction-sections -ffat-lto-objects\000"
 430      66756E63 
 430      74696F6E 
 430      2D736563 
 430      74696F6E 
 431              	.LASF1:
 432 014d 756E7369 		.ascii	"unsigned char\000"
 432      676E6564 
 432      20636861 
 432      7200
 433              	.LASF13:
 434 015b 63686172 		.ascii	"char\000"
 434      00
 435              	.LASF20:
 436 0160 47656E65 		.ascii	"Generated_Source\\PSoC4\\SDCard_SPIM_PM.c\000"
 436      72617465 
 436      645F536F 
 436      75726365 
 436      5C50536F 
 437              	.LASF4:
 438 0188 6C6F6E67 		.ascii	"long int\000"
 438      20696E74 
 438      00
 439              	.LASF22:
 440 0191 656E6162 		.ascii	"enableState\000"
 440      6C655374 
 440      61746500 
 441              	.LASF12:
 442 019d 646F7562 		.ascii	"double\000"
 442      6C6500
 443              	.LASF14:
 444 01a4 72656733 		.ascii	"reg32\000"
 444      3200
 445              	.LASF3:
 446 01aa 73686F72 		.ascii	"short unsigned int\000"
 446      7420756E 
 446      7369676E 
 446      65642069 
 446      6E7400
 447              	.LASF0:
 448 01bd 7369676E 		.ascii	"signed char\000"
 448      65642063 
 448      68617200 
 449              	.LASF23:
 450 01c9 53444361 		.ascii	"SDCard_SPIM_backup\000"
 450      72645F53 
 450      50494D5F 
 450      6261636B 
ARM GAS  C:\Users\BREYAN~1\AppData\Local\Temp\ccvTYWBe.s 			page 14


 450      757000
 451              	.LASF11:
 452 01dc 666C6F61 		.ascii	"float\000"
 452      7400
 453              	.LASF2:
 454 01e2 73686F72 		.ascii	"short int\000"
 454      7420696E 
 454      7400
 455              	.LASF15:
 456 01ec 73697A65 		.ascii	"sizetype\000"
 456      74797065 
 456      00
 457              		.ident	"GCC: (GNU Tools for ARM Embedded Processors) 4.9.3 20150303 (release) [ARM/embedded-4_9-br
