ARM GAS  C:\Users\BREYAN~1\AppData\Local\Temp\ccgsELTp.s 			page 1


   1              		.cpu cortex-m0
   2              		.fpu softvfp
   3              		.eabi_attribute 20, 1
   4              		.eabi_attribute 21, 1
   5              		.eabi_attribute 23, 3
   6              		.eabi_attribute 24, 1
   7              		.eabi_attribute 25, 1
   8              		.eabi_attribute 26, 1
   9              		.eabi_attribute 30, 6
  10              		.eabi_attribute 34, 0
  11              		.eabi_attribute 18, 4
  12              		.code	16
  13              		.file	"SDCard_SPIM_SPI_UART.c"
  14              		.text
  15              	.Ltext0:
  16              		.cfi_sections	.debug_frame
  17              		.section	.text.SDCard_SPIM_SpiUartReadRxData,"ax",%progbits
  18              		.align	2
  19              		.global	SDCard_SPIM_SpiUartReadRxData
  20              		.code	16
  21              		.thumb_func
  22              		.type	SDCard_SPIM_SpiUartReadRxData, %function
  23              	SDCard_SPIM_SpiUartReadRxData:
  24              	.LFB0:
  25              		.file 1 "Generated_Source\\PSoC4\\SDCard_SPIM_SPI_UART.c"
   1:Generated_Source\PSoC4/SDCard_SPIM_SPI_UART.c **** /***************************************************************************//**
   2:Generated_Source\PSoC4/SDCard_SPIM_SPI_UART.c **** * \file SDCard_SPIM_SPI_UART.c
   3:Generated_Source\PSoC4/SDCard_SPIM_SPI_UART.c **** * \version 3.20
   4:Generated_Source\PSoC4/SDCard_SPIM_SPI_UART.c **** *
   5:Generated_Source\PSoC4/SDCard_SPIM_SPI_UART.c **** * \brief
   6:Generated_Source\PSoC4/SDCard_SPIM_SPI_UART.c **** *  This file provides the source code to the API for the SCB Component in
   7:Generated_Source\PSoC4/SDCard_SPIM_SPI_UART.c **** *  SPI and UART modes.
   8:Generated_Source\PSoC4/SDCard_SPIM_SPI_UART.c **** *
   9:Generated_Source\PSoC4/SDCard_SPIM_SPI_UART.c **** * Note:
  10:Generated_Source\PSoC4/SDCard_SPIM_SPI_UART.c **** *
  11:Generated_Source\PSoC4/SDCard_SPIM_SPI_UART.c **** *******************************************************************************
  12:Generated_Source\PSoC4/SDCard_SPIM_SPI_UART.c **** * \copyright
  13:Generated_Source\PSoC4/SDCard_SPIM_SPI_UART.c **** * Copyright 2013-2016, Cypress Semiconductor Corporation.  All rights reserved.
  14:Generated_Source\PSoC4/SDCard_SPIM_SPI_UART.c **** * You may use this file only in accordance with the license, terms, conditions,
  15:Generated_Source\PSoC4/SDCard_SPIM_SPI_UART.c **** * disclaimers, and limitations in the end user license agreement accompanying
  16:Generated_Source\PSoC4/SDCard_SPIM_SPI_UART.c **** * the software package with which this file was provided.
  17:Generated_Source\PSoC4/SDCard_SPIM_SPI_UART.c **** *******************************************************************************/
  18:Generated_Source\PSoC4/SDCard_SPIM_SPI_UART.c **** 
  19:Generated_Source\PSoC4/SDCard_SPIM_SPI_UART.c **** #include "SDCard_SPIM_PVT.h"
  20:Generated_Source\PSoC4/SDCard_SPIM_SPI_UART.c **** #include "SDCard_SPIM_SPI_UART_PVT.h"
  21:Generated_Source\PSoC4/SDCard_SPIM_SPI_UART.c **** 
  22:Generated_Source\PSoC4/SDCard_SPIM_SPI_UART.c **** /***************************************
  23:Generated_Source\PSoC4/SDCard_SPIM_SPI_UART.c **** *        SPI/UART Private Vars
  24:Generated_Source\PSoC4/SDCard_SPIM_SPI_UART.c **** ***************************************/
  25:Generated_Source\PSoC4/SDCard_SPIM_SPI_UART.c **** 
  26:Generated_Source\PSoC4/SDCard_SPIM_SPI_UART.c **** #if(SDCard_SPIM_INTERNAL_RX_SW_BUFFER_CONST)
  27:Generated_Source\PSoC4/SDCard_SPIM_SPI_UART.c ****     /* Start index to put data into the software receive buffer.*/
  28:Generated_Source\PSoC4/SDCard_SPIM_SPI_UART.c ****     volatile uint32 SDCard_SPIM_rxBufferHead;
  29:Generated_Source\PSoC4/SDCard_SPIM_SPI_UART.c ****     /* Start index to get data from the software receive buffer.*/
  30:Generated_Source\PSoC4/SDCard_SPIM_SPI_UART.c ****     volatile uint32 SDCard_SPIM_rxBufferTail;
  31:Generated_Source\PSoC4/SDCard_SPIM_SPI_UART.c ****     /**
  32:Generated_Source\PSoC4/SDCard_SPIM_SPI_UART.c ****     * \addtogroup group_globals
ARM GAS  C:\Users\BREYAN~1\AppData\Local\Temp\ccgsELTp.s 			page 2


  33:Generated_Source\PSoC4/SDCard_SPIM_SPI_UART.c ****     * \{
  34:Generated_Source\PSoC4/SDCard_SPIM_SPI_UART.c ****     */
  35:Generated_Source\PSoC4/SDCard_SPIM_SPI_UART.c ****     /** Sets when internal software receive buffer overflow
  36:Generated_Source\PSoC4/SDCard_SPIM_SPI_UART.c ****     *  was occurred.
  37:Generated_Source\PSoC4/SDCard_SPIM_SPI_UART.c ****     */
  38:Generated_Source\PSoC4/SDCard_SPIM_SPI_UART.c ****     volatile uint8  SDCard_SPIM_rxBufferOverflow;
  39:Generated_Source\PSoC4/SDCard_SPIM_SPI_UART.c ****     /** \} globals */
  40:Generated_Source\PSoC4/SDCard_SPIM_SPI_UART.c **** #endif /* (SDCard_SPIM_INTERNAL_RX_SW_BUFFER_CONST) */
  41:Generated_Source\PSoC4/SDCard_SPIM_SPI_UART.c **** 
  42:Generated_Source\PSoC4/SDCard_SPIM_SPI_UART.c **** #if(SDCard_SPIM_INTERNAL_TX_SW_BUFFER_CONST)
  43:Generated_Source\PSoC4/SDCard_SPIM_SPI_UART.c ****     /* Start index to put data into the software transmit buffer.*/
  44:Generated_Source\PSoC4/SDCard_SPIM_SPI_UART.c ****     volatile uint32 SDCard_SPIM_txBufferHead;
  45:Generated_Source\PSoC4/SDCard_SPIM_SPI_UART.c ****     /* Start index to get data from the software transmit buffer.*/
  46:Generated_Source\PSoC4/SDCard_SPIM_SPI_UART.c ****     volatile uint32 SDCard_SPIM_txBufferTail;
  47:Generated_Source\PSoC4/SDCard_SPIM_SPI_UART.c **** #endif /* (SDCard_SPIM_INTERNAL_TX_SW_BUFFER_CONST) */
  48:Generated_Source\PSoC4/SDCard_SPIM_SPI_UART.c **** 
  49:Generated_Source\PSoC4/SDCard_SPIM_SPI_UART.c **** #if(SDCard_SPIM_INTERNAL_RX_SW_BUFFER)
  50:Generated_Source\PSoC4/SDCard_SPIM_SPI_UART.c ****     /* Add one element to the buffer to receive full packet. One byte in receive buffer is always e
  51:Generated_Source\PSoC4/SDCard_SPIM_SPI_UART.c ****     volatile uint8 SDCard_SPIM_rxBufferInternal[SDCard_SPIM_INTERNAL_RX_BUFFER_SIZE];
  52:Generated_Source\PSoC4/SDCard_SPIM_SPI_UART.c **** #endif /* (SDCard_SPIM_INTERNAL_RX_SW_BUFFER) */
  53:Generated_Source\PSoC4/SDCard_SPIM_SPI_UART.c **** 
  54:Generated_Source\PSoC4/SDCard_SPIM_SPI_UART.c **** #if(SDCard_SPIM_INTERNAL_TX_SW_BUFFER)
  55:Generated_Source\PSoC4/SDCard_SPIM_SPI_UART.c ****     volatile uint8 SDCard_SPIM_txBufferInternal[SDCard_SPIM_TX_BUFFER_SIZE];
  56:Generated_Source\PSoC4/SDCard_SPIM_SPI_UART.c **** #endif /* (SDCard_SPIM_INTERNAL_TX_SW_BUFFER) */
  57:Generated_Source\PSoC4/SDCard_SPIM_SPI_UART.c **** 
  58:Generated_Source\PSoC4/SDCard_SPIM_SPI_UART.c **** 
  59:Generated_Source\PSoC4/SDCard_SPIM_SPI_UART.c **** #if(SDCard_SPIM_RX_DIRECTION)
  60:Generated_Source\PSoC4/SDCard_SPIM_SPI_UART.c ****     /*******************************************************************************
  61:Generated_Source\PSoC4/SDCard_SPIM_SPI_UART.c ****     * Function Name: SDCard_SPIM_SpiUartReadRxData
  62:Generated_Source\PSoC4/SDCard_SPIM_SPI_UART.c ****     ****************************************************************************//**
  63:Generated_Source\PSoC4/SDCard_SPIM_SPI_UART.c ****     *
  64:Generated_Source\PSoC4/SDCard_SPIM_SPI_UART.c ****     *  Retrieves the next data element from the receive buffer.
  65:Generated_Source\PSoC4/SDCard_SPIM_SPI_UART.c ****     *   - RX software buffer is disabled: Returns data element retrieved from
  66:Generated_Source\PSoC4/SDCard_SPIM_SPI_UART.c ****     *     RX FIFO. Undefined data will be returned if the RX FIFO is empty.
  67:Generated_Source\PSoC4/SDCard_SPIM_SPI_UART.c ****     *   - RX software buffer is enabled: Returns data element from the software
  68:Generated_Source\PSoC4/SDCard_SPIM_SPI_UART.c ****     *     receive buffer. Zero value is returned if the software receive buffer
  69:Generated_Source\PSoC4/SDCard_SPIM_SPI_UART.c ****     *     is empty.
  70:Generated_Source\PSoC4/SDCard_SPIM_SPI_UART.c ****     *
  71:Generated_Source\PSoC4/SDCard_SPIM_SPI_UART.c ****     * \return
  72:Generated_Source\PSoC4/SDCard_SPIM_SPI_UART.c ****     *  Next data element from the receive buffer. 
  73:Generated_Source\PSoC4/SDCard_SPIM_SPI_UART.c ****     *  The amount of data bits to be received depends on RX data bits selection 
  74:Generated_Source\PSoC4/SDCard_SPIM_SPI_UART.c ****     *  (the data bit counting starts from LSB of return value).
  75:Generated_Source\PSoC4/SDCard_SPIM_SPI_UART.c ****     *
  76:Generated_Source\PSoC4/SDCard_SPIM_SPI_UART.c ****     * \globalvars
  77:Generated_Source\PSoC4/SDCard_SPIM_SPI_UART.c ****     *  SDCard_SPIM_rxBufferHead - the start index to put data into the 
  78:Generated_Source\PSoC4/SDCard_SPIM_SPI_UART.c ****     *  software receive buffer.
  79:Generated_Source\PSoC4/SDCard_SPIM_SPI_UART.c ****     *  SDCard_SPIM_rxBufferTail - the start index to get data from the 
  80:Generated_Source\PSoC4/SDCard_SPIM_SPI_UART.c ****     *  software receive buffer.
  81:Generated_Source\PSoC4/SDCard_SPIM_SPI_UART.c ****     *
  82:Generated_Source\PSoC4/SDCard_SPIM_SPI_UART.c ****     *******************************************************************************/
  83:Generated_Source\PSoC4/SDCard_SPIM_SPI_UART.c ****     uint32 SDCard_SPIM_SpiUartReadRxData(void)
  84:Generated_Source\PSoC4/SDCard_SPIM_SPI_UART.c ****     {
  26              		.loc 1 84 0
  27              		.cfi_startproc
  28 0000 80B5     		push	{r7, lr}
  29              		.cfi_def_cfa_offset 8
  30              		.cfi_offset 7, -8
ARM GAS  C:\Users\BREYAN~1\AppData\Local\Temp\ccgsELTp.s 			page 3


  31              		.cfi_offset 14, -4
  32 0002 82B0     		sub	sp, sp, #8
  33              		.cfi_def_cfa_offset 16
  34 0004 00AF     		add	r7, sp, #0
  35              		.cfi_def_cfa_register 7
  85:Generated_Source\PSoC4/SDCard_SPIM_SPI_UART.c ****         uint32 rxData = 0u;
  36              		.loc 1 85 0
  37 0006 0023     		mov	r3, #0
  38 0008 7B60     		str	r3, [r7, #4]
  86:Generated_Source\PSoC4/SDCard_SPIM_SPI_UART.c **** 
  87:Generated_Source\PSoC4/SDCard_SPIM_SPI_UART.c ****     #if (SDCard_SPIM_INTERNAL_RX_SW_BUFFER_CONST)
  88:Generated_Source\PSoC4/SDCard_SPIM_SPI_UART.c ****         uint32 locTail;
  89:Generated_Source\PSoC4/SDCard_SPIM_SPI_UART.c ****     #endif /* (SDCard_SPIM_INTERNAL_RX_SW_BUFFER_CONST) */
  90:Generated_Source\PSoC4/SDCard_SPIM_SPI_UART.c **** 
  91:Generated_Source\PSoC4/SDCard_SPIM_SPI_UART.c ****         #if (SDCard_SPIM_CHECK_RX_SW_BUFFER)
  92:Generated_Source\PSoC4/SDCard_SPIM_SPI_UART.c ****         {
  93:Generated_Source\PSoC4/SDCard_SPIM_SPI_UART.c ****             if (SDCard_SPIM_rxBufferHead != SDCard_SPIM_rxBufferTail)
  94:Generated_Source\PSoC4/SDCard_SPIM_SPI_UART.c ****             {
  95:Generated_Source\PSoC4/SDCard_SPIM_SPI_UART.c ****                 /* There is data in RX software buffer */
  96:Generated_Source\PSoC4/SDCard_SPIM_SPI_UART.c **** 
  97:Generated_Source\PSoC4/SDCard_SPIM_SPI_UART.c ****                 /* Calculate index to read from */
  98:Generated_Source\PSoC4/SDCard_SPIM_SPI_UART.c ****                 locTail = (SDCard_SPIM_rxBufferTail + 1u);
  99:Generated_Source\PSoC4/SDCard_SPIM_SPI_UART.c **** 
 100:Generated_Source\PSoC4/SDCard_SPIM_SPI_UART.c ****                 if (SDCard_SPIM_INTERNAL_RX_BUFFER_SIZE == locTail)
 101:Generated_Source\PSoC4/SDCard_SPIM_SPI_UART.c ****                 {
 102:Generated_Source\PSoC4/SDCard_SPIM_SPI_UART.c ****                     locTail = 0u;
 103:Generated_Source\PSoC4/SDCard_SPIM_SPI_UART.c ****                 }
 104:Generated_Source\PSoC4/SDCard_SPIM_SPI_UART.c **** 
 105:Generated_Source\PSoC4/SDCard_SPIM_SPI_UART.c ****                 /* Get data from RX software buffer */
 106:Generated_Source\PSoC4/SDCard_SPIM_SPI_UART.c ****                 rxData = SDCard_SPIM_GetWordFromRxBuffer(locTail);
 107:Generated_Source\PSoC4/SDCard_SPIM_SPI_UART.c **** 
 108:Generated_Source\PSoC4/SDCard_SPIM_SPI_UART.c ****                 /* Change index in the buffer */
 109:Generated_Source\PSoC4/SDCard_SPIM_SPI_UART.c ****                 SDCard_SPIM_rxBufferTail = locTail;
 110:Generated_Source\PSoC4/SDCard_SPIM_SPI_UART.c **** 
 111:Generated_Source\PSoC4/SDCard_SPIM_SPI_UART.c ****                 #if (SDCard_SPIM_CHECK_UART_RTS_CONTROL_FLOW)
 112:Generated_Source\PSoC4/SDCard_SPIM_SPI_UART.c ****                 {
 113:Generated_Source\PSoC4/SDCard_SPIM_SPI_UART.c ****                     /* Check if RX Not Empty is disabled in the interrupt */
 114:Generated_Source\PSoC4/SDCard_SPIM_SPI_UART.c ****                     if (0u == (SDCard_SPIM_INTR_RX_MASK_REG & SDCard_SPIM_INTR_RX_NOT_EMPTY))
 115:Generated_Source\PSoC4/SDCard_SPIM_SPI_UART.c ****                     {
 116:Generated_Source\PSoC4/SDCard_SPIM_SPI_UART.c ****                         /* Enable RX Not Empty interrupt source to continue
 117:Generated_Source\PSoC4/SDCard_SPIM_SPI_UART.c ****                         * receiving data into software buffer.
 118:Generated_Source\PSoC4/SDCard_SPIM_SPI_UART.c ****                         */
 119:Generated_Source\PSoC4/SDCard_SPIM_SPI_UART.c ****                         SDCard_SPIM_INTR_RX_MASK_REG |= SDCard_SPIM_INTR_RX_NOT_EMPTY;
 120:Generated_Source\PSoC4/SDCard_SPIM_SPI_UART.c ****                     }
 121:Generated_Source\PSoC4/SDCard_SPIM_SPI_UART.c ****                 }
 122:Generated_Source\PSoC4/SDCard_SPIM_SPI_UART.c ****                 #endif
 123:Generated_Source\PSoC4/SDCard_SPIM_SPI_UART.c **** 
 124:Generated_Source\PSoC4/SDCard_SPIM_SPI_UART.c ****             }
 125:Generated_Source\PSoC4/SDCard_SPIM_SPI_UART.c ****         }
 126:Generated_Source\PSoC4/SDCard_SPIM_SPI_UART.c ****         #else
 127:Generated_Source\PSoC4/SDCard_SPIM_SPI_UART.c ****         {
 128:Generated_Source\PSoC4/SDCard_SPIM_SPI_UART.c ****             /* Read data from RX FIFO */
 129:Generated_Source\PSoC4/SDCard_SPIM_SPI_UART.c ****             rxData = SDCard_SPIM_RX_FIFO_RD_REG;
  39              		.loc 1 129 0
  40 000a 044B     		ldr	r3, .L3
  41 000c 1B68     		ldr	r3, [r3]
  42 000e 7B60     		str	r3, [r7, #4]
ARM GAS  C:\Users\BREYAN~1\AppData\Local\Temp\ccgsELTp.s 			page 4


 130:Generated_Source\PSoC4/SDCard_SPIM_SPI_UART.c ****         }
 131:Generated_Source\PSoC4/SDCard_SPIM_SPI_UART.c ****         #endif
 132:Generated_Source\PSoC4/SDCard_SPIM_SPI_UART.c **** 
 133:Generated_Source\PSoC4/SDCard_SPIM_SPI_UART.c ****         return (rxData);
  43              		.loc 1 133 0
  44 0010 7B68     		ldr	r3, [r7, #4]
 134:Generated_Source\PSoC4/SDCard_SPIM_SPI_UART.c ****     }
  45              		.loc 1 134 0
  46 0012 181C     		mov	r0, r3
  47 0014 BD46     		mov	sp, r7
  48 0016 02B0     		add	sp, sp, #8
  49              		@ sp needed
  50 0018 80BD     		pop	{r7, pc}
  51              	.L4:
  52 001a C046     		.align	2
  53              	.L3:
  54 001c 40030740 		.word	1074201408
  55              		.cfi_endproc
  56              	.LFE0:
  57              		.size	SDCard_SPIM_SpiUartReadRxData, .-SDCard_SPIM_SpiUartReadRxData
  58              		.section	.text.SDCard_SPIM_SpiUartGetRxBufferSize,"ax",%progbits
  59              		.align	2
  60              		.global	SDCard_SPIM_SpiUartGetRxBufferSize
  61              		.code	16
  62              		.thumb_func
  63              		.type	SDCard_SPIM_SpiUartGetRxBufferSize, %function
  64              	SDCard_SPIM_SpiUartGetRxBufferSize:
  65              	.LFB1:
 135:Generated_Source\PSoC4/SDCard_SPIM_SPI_UART.c **** 
 136:Generated_Source\PSoC4/SDCard_SPIM_SPI_UART.c **** 
 137:Generated_Source\PSoC4/SDCard_SPIM_SPI_UART.c ****     /*******************************************************************************
 138:Generated_Source\PSoC4/SDCard_SPIM_SPI_UART.c ****     * Function Name: SDCard_SPIM_SpiUartGetRxBufferSize
 139:Generated_Source\PSoC4/SDCard_SPIM_SPI_UART.c ****     ****************************************************************************//**
 140:Generated_Source\PSoC4/SDCard_SPIM_SPI_UART.c ****     *
 141:Generated_Source\PSoC4/SDCard_SPIM_SPI_UART.c ****     *  Returns the number of received data elements in the receive buffer.
 142:Generated_Source\PSoC4/SDCard_SPIM_SPI_UART.c ****     *   - RX software buffer disabled: returns the number of used entries in
 143:Generated_Source\PSoC4/SDCard_SPIM_SPI_UART.c ****     *     RX FIFO.
 144:Generated_Source\PSoC4/SDCard_SPIM_SPI_UART.c ****     *   - RX software buffer enabled: returns the number of elements which were
 145:Generated_Source\PSoC4/SDCard_SPIM_SPI_UART.c ****     *     placed in the receive buffer. This does not include the hardware RX FIFO.
 146:Generated_Source\PSoC4/SDCard_SPIM_SPI_UART.c ****     *
 147:Generated_Source\PSoC4/SDCard_SPIM_SPI_UART.c ****     * \return
 148:Generated_Source\PSoC4/SDCard_SPIM_SPI_UART.c ****     *  Number of received data elements.
 149:Generated_Source\PSoC4/SDCard_SPIM_SPI_UART.c ****     *
 150:Generated_Source\PSoC4/SDCard_SPIM_SPI_UART.c ****     * \globalvars
 151:Generated_Source\PSoC4/SDCard_SPIM_SPI_UART.c ****     *  SDCard_SPIM_rxBufferHead - the start index to put data into the 
 152:Generated_Source\PSoC4/SDCard_SPIM_SPI_UART.c ****     *  software receive buffer.
 153:Generated_Source\PSoC4/SDCard_SPIM_SPI_UART.c ****     *  SDCard_SPIM_rxBufferTail - the start index to get data from the 
 154:Generated_Source\PSoC4/SDCard_SPIM_SPI_UART.c ****     *  software receive buffer.
 155:Generated_Source\PSoC4/SDCard_SPIM_SPI_UART.c ****     *
 156:Generated_Source\PSoC4/SDCard_SPIM_SPI_UART.c ****     *******************************************************************************/
 157:Generated_Source\PSoC4/SDCard_SPIM_SPI_UART.c ****     uint32 SDCard_SPIM_SpiUartGetRxBufferSize(void)
 158:Generated_Source\PSoC4/SDCard_SPIM_SPI_UART.c ****     {
  66              		.loc 1 158 0
  67              		.cfi_startproc
  68 0000 80B5     		push	{r7, lr}
  69              		.cfi_def_cfa_offset 8
  70              		.cfi_offset 7, -8
ARM GAS  C:\Users\BREYAN~1\AppData\Local\Temp\ccgsELTp.s 			page 5


  71              		.cfi_offset 14, -4
  72 0002 82B0     		sub	sp, sp, #8
  73              		.cfi_def_cfa_offset 16
  74 0004 00AF     		add	r7, sp, #0
  75              		.cfi_def_cfa_register 7
 159:Generated_Source\PSoC4/SDCard_SPIM_SPI_UART.c ****         uint32 size;
 160:Generated_Source\PSoC4/SDCard_SPIM_SPI_UART.c ****     #if (SDCard_SPIM_INTERNAL_RX_SW_BUFFER_CONST)
 161:Generated_Source\PSoC4/SDCard_SPIM_SPI_UART.c ****         uint32 locHead;
 162:Generated_Source\PSoC4/SDCard_SPIM_SPI_UART.c ****     #endif /* (SDCard_SPIM_INTERNAL_RX_SW_BUFFER_CONST) */
 163:Generated_Source\PSoC4/SDCard_SPIM_SPI_UART.c **** 
 164:Generated_Source\PSoC4/SDCard_SPIM_SPI_UART.c ****         #if (SDCard_SPIM_CHECK_RX_SW_BUFFER)
 165:Generated_Source\PSoC4/SDCard_SPIM_SPI_UART.c ****         {
 166:Generated_Source\PSoC4/SDCard_SPIM_SPI_UART.c ****             locHead = SDCard_SPIM_rxBufferHead;
 167:Generated_Source\PSoC4/SDCard_SPIM_SPI_UART.c **** 
 168:Generated_Source\PSoC4/SDCard_SPIM_SPI_UART.c ****             if(locHead >= SDCard_SPIM_rxBufferTail)
 169:Generated_Source\PSoC4/SDCard_SPIM_SPI_UART.c ****             {
 170:Generated_Source\PSoC4/SDCard_SPIM_SPI_UART.c ****                 size = (locHead - SDCard_SPIM_rxBufferTail);
 171:Generated_Source\PSoC4/SDCard_SPIM_SPI_UART.c ****             }
 172:Generated_Source\PSoC4/SDCard_SPIM_SPI_UART.c ****             else
 173:Generated_Source\PSoC4/SDCard_SPIM_SPI_UART.c ****             {
 174:Generated_Source\PSoC4/SDCard_SPIM_SPI_UART.c ****                 size = (locHead + (SDCard_SPIM_INTERNAL_RX_BUFFER_SIZE - SDCard_SPIM_rxBufferTail))
 175:Generated_Source\PSoC4/SDCard_SPIM_SPI_UART.c ****             }
 176:Generated_Source\PSoC4/SDCard_SPIM_SPI_UART.c ****         }
 177:Generated_Source\PSoC4/SDCard_SPIM_SPI_UART.c ****         #else
 178:Generated_Source\PSoC4/SDCard_SPIM_SPI_UART.c ****         {
 179:Generated_Source\PSoC4/SDCard_SPIM_SPI_UART.c ****             size = SDCard_SPIM_GET_RX_FIFO_ENTRIES;
  76              		.loc 1 179 0
  77 0006 054B     		ldr	r3, .L7
  78 0008 1B68     		ldr	r3, [r3]
  79 000a 0F22     		mov	r2, #15
  80 000c 1340     		and	r3, r2
  81 000e 7B60     		str	r3, [r7, #4]
 180:Generated_Source\PSoC4/SDCard_SPIM_SPI_UART.c ****         }
 181:Generated_Source\PSoC4/SDCard_SPIM_SPI_UART.c ****         #endif
 182:Generated_Source\PSoC4/SDCard_SPIM_SPI_UART.c **** 
 183:Generated_Source\PSoC4/SDCard_SPIM_SPI_UART.c ****         return (size);
  82              		.loc 1 183 0
  83 0010 7B68     		ldr	r3, [r7, #4]
 184:Generated_Source\PSoC4/SDCard_SPIM_SPI_UART.c ****     }
  84              		.loc 1 184 0
  85 0012 181C     		mov	r0, r3
  86 0014 BD46     		mov	sp, r7
  87 0016 02B0     		add	sp, sp, #8
  88              		@ sp needed
  89 0018 80BD     		pop	{r7, pc}
  90              	.L8:
  91 001a C046     		.align	2
  92              	.L7:
  93 001c 08030740 		.word	1074201352
  94              		.cfi_endproc
  95              	.LFE1:
  96              		.size	SDCard_SPIM_SpiUartGetRxBufferSize, .-SDCard_SPIM_SpiUartGetRxBufferSize
  97              		.section	.text.SDCard_SPIM_SpiUartClearRxBuffer,"ax",%progbits
  98              		.align	2
  99              		.global	SDCard_SPIM_SpiUartClearRxBuffer
 100              		.code	16
 101              		.thumb_func
ARM GAS  C:\Users\BREYAN~1\AppData\Local\Temp\ccgsELTp.s 			page 6


 102              		.type	SDCard_SPIM_SpiUartClearRxBuffer, %function
 103              	SDCard_SPIM_SpiUartClearRxBuffer:
 104              	.LFB2:
 185:Generated_Source\PSoC4/SDCard_SPIM_SPI_UART.c **** 
 186:Generated_Source\PSoC4/SDCard_SPIM_SPI_UART.c **** 
 187:Generated_Source\PSoC4/SDCard_SPIM_SPI_UART.c ****     /*******************************************************************************
 188:Generated_Source\PSoC4/SDCard_SPIM_SPI_UART.c ****     * Function Name: SDCard_SPIM_SpiUartClearRxBuffer
 189:Generated_Source\PSoC4/SDCard_SPIM_SPI_UART.c ****     ****************************************************************************//**
 190:Generated_Source\PSoC4/SDCard_SPIM_SPI_UART.c ****     *
 191:Generated_Source\PSoC4/SDCard_SPIM_SPI_UART.c ****     *  Clears the receive buffer and RX FIFO.
 192:Generated_Source\PSoC4/SDCard_SPIM_SPI_UART.c ****     *
 193:Generated_Source\PSoC4/SDCard_SPIM_SPI_UART.c ****     * \globalvars
 194:Generated_Source\PSoC4/SDCard_SPIM_SPI_UART.c ****     *  SDCard_SPIM_rxBufferHead - the start index to put data into the 
 195:Generated_Source\PSoC4/SDCard_SPIM_SPI_UART.c ****     *  software receive buffer.
 196:Generated_Source\PSoC4/SDCard_SPIM_SPI_UART.c ****     *  SDCard_SPIM_rxBufferTail - the start index to get data from the 
 197:Generated_Source\PSoC4/SDCard_SPIM_SPI_UART.c ****     *  software receive buffer.
 198:Generated_Source\PSoC4/SDCard_SPIM_SPI_UART.c ****     *
 199:Generated_Source\PSoC4/SDCard_SPIM_SPI_UART.c ****     *******************************************************************************/
 200:Generated_Source\PSoC4/SDCard_SPIM_SPI_UART.c ****     void SDCard_SPIM_SpiUartClearRxBuffer(void)
 201:Generated_Source\PSoC4/SDCard_SPIM_SPI_UART.c ****     {
 105              		.loc 1 201 0
 106              		.cfi_startproc
 107 0000 80B5     		push	{r7, lr}
 108              		.cfi_def_cfa_offset 8
 109              		.cfi_offset 7, -8
 110              		.cfi_offset 14, -4
 111 0002 00AF     		add	r7, sp, #0
 112              		.cfi_def_cfa_register 7
 202:Generated_Source\PSoC4/SDCard_SPIM_SPI_UART.c ****         #if (SDCard_SPIM_CHECK_RX_SW_BUFFER)
 203:Generated_Source\PSoC4/SDCard_SPIM_SPI_UART.c ****         {
 204:Generated_Source\PSoC4/SDCard_SPIM_SPI_UART.c ****             /* Lock from component interruption */
 205:Generated_Source\PSoC4/SDCard_SPIM_SPI_UART.c ****             SDCard_SPIM_DisableInt();
 206:Generated_Source\PSoC4/SDCard_SPIM_SPI_UART.c **** 
 207:Generated_Source\PSoC4/SDCard_SPIM_SPI_UART.c ****             /* Flush RX software buffer */
 208:Generated_Source\PSoC4/SDCard_SPIM_SPI_UART.c ****             SDCard_SPIM_rxBufferHead = SDCard_SPIM_rxBufferTail;
 209:Generated_Source\PSoC4/SDCard_SPIM_SPI_UART.c ****             SDCard_SPIM_rxBufferOverflow = 0u;
 210:Generated_Source\PSoC4/SDCard_SPIM_SPI_UART.c **** 
 211:Generated_Source\PSoC4/SDCard_SPIM_SPI_UART.c ****             SDCard_SPIM_CLEAR_RX_FIFO;
 212:Generated_Source\PSoC4/SDCard_SPIM_SPI_UART.c ****             SDCard_SPIM_ClearRxInterruptSource(SDCard_SPIM_INTR_RX_ALL);
 213:Generated_Source\PSoC4/SDCard_SPIM_SPI_UART.c **** 
 214:Generated_Source\PSoC4/SDCard_SPIM_SPI_UART.c ****             #if (SDCard_SPIM_CHECK_UART_RTS_CONTROL_FLOW)
 215:Generated_Source\PSoC4/SDCard_SPIM_SPI_UART.c ****             {
 216:Generated_Source\PSoC4/SDCard_SPIM_SPI_UART.c ****                 /* Enable RX Not Empty interrupt source to continue receiving
 217:Generated_Source\PSoC4/SDCard_SPIM_SPI_UART.c ****                 * data into software buffer.
 218:Generated_Source\PSoC4/SDCard_SPIM_SPI_UART.c ****                 */
 219:Generated_Source\PSoC4/SDCard_SPIM_SPI_UART.c ****                 SDCard_SPIM_INTR_RX_MASK_REG |= SDCard_SPIM_INTR_RX_NOT_EMPTY;
 220:Generated_Source\PSoC4/SDCard_SPIM_SPI_UART.c ****             }
 221:Generated_Source\PSoC4/SDCard_SPIM_SPI_UART.c ****             #endif
 222:Generated_Source\PSoC4/SDCard_SPIM_SPI_UART.c ****             
 223:Generated_Source\PSoC4/SDCard_SPIM_SPI_UART.c ****             /* Release lock */
 224:Generated_Source\PSoC4/SDCard_SPIM_SPI_UART.c ****             SDCard_SPIM_EnableInt();
 225:Generated_Source\PSoC4/SDCard_SPIM_SPI_UART.c ****         }
 226:Generated_Source\PSoC4/SDCard_SPIM_SPI_UART.c ****         #else
 227:Generated_Source\PSoC4/SDCard_SPIM_SPI_UART.c ****         {
 228:Generated_Source\PSoC4/SDCard_SPIM_SPI_UART.c ****             SDCard_SPIM_CLEAR_RX_FIFO;
 113              		.loc 1 228 0
 114 0004 074B     		ldr	r3, .L10
ARM GAS  C:\Users\BREYAN~1\AppData\Local\Temp\ccgsELTp.s 			page 7


 115 0006 074A     		ldr	r2, .L10
 116 0008 1268     		ldr	r2, [r2]
 117 000a 8021     		mov	r1, #128
 118 000c 4902     		lsl	r1, r1, #9
 119 000e 0A43     		orr	r2, r1
 120 0010 1A60     		str	r2, [r3]
 121 0012 044B     		ldr	r3, .L10
 122 0014 034A     		ldr	r2, .L10
 123 0016 1268     		ldr	r2, [r2]
 124 0018 0349     		ldr	r1, .L10+4
 125 001a 0A40     		and	r2, r1
 126 001c 1A60     		str	r2, [r3]
 229:Generated_Source\PSoC4/SDCard_SPIM_SPI_UART.c ****         }
 230:Generated_Source\PSoC4/SDCard_SPIM_SPI_UART.c ****         #endif
 231:Generated_Source\PSoC4/SDCard_SPIM_SPI_UART.c ****     }
 127              		.loc 1 231 0
 128 001e BD46     		mov	sp, r7
 129              		@ sp needed
 130 0020 80BD     		pop	{r7, pc}
 131              	.L11:
 132 0022 C046     		.align	2
 133              	.L10:
 134 0024 04030740 		.word	1074201348
 135 0028 FFFFFEFF 		.word	-65537
 136              		.cfi_endproc
 137              	.LFE2:
 138              		.size	SDCard_SPIM_SpiUartClearRxBuffer, .-SDCard_SPIM_SpiUartClearRxBuffer
 139              		.section	.text.SDCard_SPIM_SpiUartWriteTxData,"ax",%progbits
 140              		.align	2
 141              		.global	SDCard_SPIM_SpiUartWriteTxData
 142              		.code	16
 143              		.thumb_func
 144              		.type	SDCard_SPIM_SpiUartWriteTxData, %function
 145              	SDCard_SPIM_SpiUartWriteTxData:
 146              	.LFB3:
 232:Generated_Source\PSoC4/SDCard_SPIM_SPI_UART.c **** 
 233:Generated_Source\PSoC4/SDCard_SPIM_SPI_UART.c **** #endif /* (SDCard_SPIM_RX_DIRECTION) */
 234:Generated_Source\PSoC4/SDCard_SPIM_SPI_UART.c **** 
 235:Generated_Source\PSoC4/SDCard_SPIM_SPI_UART.c **** 
 236:Generated_Source\PSoC4/SDCard_SPIM_SPI_UART.c **** #if(SDCard_SPIM_TX_DIRECTION)
 237:Generated_Source\PSoC4/SDCard_SPIM_SPI_UART.c ****     /*******************************************************************************
 238:Generated_Source\PSoC4/SDCard_SPIM_SPI_UART.c ****     * Function Name: SDCard_SPIM_SpiUartWriteTxData
 239:Generated_Source\PSoC4/SDCard_SPIM_SPI_UART.c ****     ****************************************************************************//**
 240:Generated_Source\PSoC4/SDCard_SPIM_SPI_UART.c ****     *
 241:Generated_Source\PSoC4/SDCard_SPIM_SPI_UART.c ****     *  Places a data entry into the transmit buffer to be sent at the next available
 242:Generated_Source\PSoC4/SDCard_SPIM_SPI_UART.c ****     *  bus time.
 243:Generated_Source\PSoC4/SDCard_SPIM_SPI_UART.c ****     *  This function is blocking and waits until there is space available to put the
 244:Generated_Source\PSoC4/SDCard_SPIM_SPI_UART.c ****     *  requested data in the transmit buffer.
 245:Generated_Source\PSoC4/SDCard_SPIM_SPI_UART.c ****     *
 246:Generated_Source\PSoC4/SDCard_SPIM_SPI_UART.c ****     *  \param txDataByte: the data to be transmitted.
 247:Generated_Source\PSoC4/SDCard_SPIM_SPI_UART.c ****     *   The amount of data bits to be transmitted depends on TX data bits selection 
 248:Generated_Source\PSoC4/SDCard_SPIM_SPI_UART.c ****     *   (the data bit counting starts from LSB of txDataByte).
 249:Generated_Source\PSoC4/SDCard_SPIM_SPI_UART.c ****     *
 250:Generated_Source\PSoC4/SDCard_SPIM_SPI_UART.c ****     * \globalvars
 251:Generated_Source\PSoC4/SDCard_SPIM_SPI_UART.c ****     *  SDCard_SPIM_txBufferHead - the start index to put data into the 
 252:Generated_Source\PSoC4/SDCard_SPIM_SPI_UART.c ****     *  software transmit buffer.
 253:Generated_Source\PSoC4/SDCard_SPIM_SPI_UART.c ****     *  SDCard_SPIM_txBufferTail - start index to get data from the software
ARM GAS  C:\Users\BREYAN~1\AppData\Local\Temp\ccgsELTp.s 			page 8


 254:Generated_Source\PSoC4/SDCard_SPIM_SPI_UART.c ****     *  transmit buffer.
 255:Generated_Source\PSoC4/SDCard_SPIM_SPI_UART.c ****     *
 256:Generated_Source\PSoC4/SDCard_SPIM_SPI_UART.c ****     *******************************************************************************/
 257:Generated_Source\PSoC4/SDCard_SPIM_SPI_UART.c ****     void SDCard_SPIM_SpiUartWriteTxData(uint32 txData)
 258:Generated_Source\PSoC4/SDCard_SPIM_SPI_UART.c ****     {
 147              		.loc 1 258 0
 148              		.cfi_startproc
 149 0000 80B5     		push	{r7, lr}
 150              		.cfi_def_cfa_offset 8
 151              		.cfi_offset 7, -8
 152              		.cfi_offset 14, -4
 153 0002 82B0     		sub	sp, sp, #8
 154              		.cfi_def_cfa_offset 16
 155 0004 00AF     		add	r7, sp, #0
 156              		.cfi_def_cfa_register 7
 157 0006 7860     		str	r0, [r7, #4]
 259:Generated_Source\PSoC4/SDCard_SPIM_SPI_UART.c ****     #if (SDCard_SPIM_INTERNAL_TX_SW_BUFFER_CONST)
 260:Generated_Source\PSoC4/SDCard_SPIM_SPI_UART.c ****         uint32 locHead;
 261:Generated_Source\PSoC4/SDCard_SPIM_SPI_UART.c ****     #endif /* (SDCard_SPIM_INTERNAL_TX_SW_BUFFER_CONST) */
 262:Generated_Source\PSoC4/SDCard_SPIM_SPI_UART.c **** 
 263:Generated_Source\PSoC4/SDCard_SPIM_SPI_UART.c ****         #if (SDCard_SPIM_CHECK_TX_SW_BUFFER)
 264:Generated_Source\PSoC4/SDCard_SPIM_SPI_UART.c ****         {
 265:Generated_Source\PSoC4/SDCard_SPIM_SPI_UART.c ****             /* Put data directly into the TX FIFO */
 266:Generated_Source\PSoC4/SDCard_SPIM_SPI_UART.c ****             if ((SDCard_SPIM_txBufferHead == SDCard_SPIM_txBufferTail) &&
 267:Generated_Source\PSoC4/SDCard_SPIM_SPI_UART.c ****                 (SDCard_SPIM_SPI_UART_FIFO_SIZE != SDCard_SPIM_GET_TX_FIFO_ENTRIES))
 268:Generated_Source\PSoC4/SDCard_SPIM_SPI_UART.c ****             {
 269:Generated_Source\PSoC4/SDCard_SPIM_SPI_UART.c ****                 /* TX software buffer is empty: put data directly in TX FIFO */
 270:Generated_Source\PSoC4/SDCard_SPIM_SPI_UART.c ****                 SDCard_SPIM_TX_FIFO_WR_REG = txData;
 271:Generated_Source\PSoC4/SDCard_SPIM_SPI_UART.c ****             }
 272:Generated_Source\PSoC4/SDCard_SPIM_SPI_UART.c ****             /* Put data into TX software buffer */
 273:Generated_Source\PSoC4/SDCard_SPIM_SPI_UART.c ****             else
 274:Generated_Source\PSoC4/SDCard_SPIM_SPI_UART.c ****             {
 275:Generated_Source\PSoC4/SDCard_SPIM_SPI_UART.c ****                 /* Head index to put data */
 276:Generated_Source\PSoC4/SDCard_SPIM_SPI_UART.c ****                 locHead = (SDCard_SPIM_txBufferHead + 1u);
 277:Generated_Source\PSoC4/SDCard_SPIM_SPI_UART.c **** 
 278:Generated_Source\PSoC4/SDCard_SPIM_SPI_UART.c ****                 /* Adjust TX software buffer index */
 279:Generated_Source\PSoC4/SDCard_SPIM_SPI_UART.c ****                 if (SDCard_SPIM_TX_BUFFER_SIZE == locHead)
 280:Generated_Source\PSoC4/SDCard_SPIM_SPI_UART.c ****                 {
 281:Generated_Source\PSoC4/SDCard_SPIM_SPI_UART.c ****                     locHead = 0u;
 282:Generated_Source\PSoC4/SDCard_SPIM_SPI_UART.c ****                 }
 283:Generated_Source\PSoC4/SDCard_SPIM_SPI_UART.c **** 
 284:Generated_Source\PSoC4/SDCard_SPIM_SPI_UART.c ****                 /* Wait for space in TX software buffer */
 285:Generated_Source\PSoC4/SDCard_SPIM_SPI_UART.c ****                 while (locHead == SDCard_SPIM_txBufferTail)
 286:Generated_Source\PSoC4/SDCard_SPIM_SPI_UART.c ****                 {
 287:Generated_Source\PSoC4/SDCard_SPIM_SPI_UART.c ****                 }
 288:Generated_Source\PSoC4/SDCard_SPIM_SPI_UART.c **** 
 289:Generated_Source\PSoC4/SDCard_SPIM_SPI_UART.c ****                 /* TX software buffer has at least one room */
 290:Generated_Source\PSoC4/SDCard_SPIM_SPI_UART.c **** 
 291:Generated_Source\PSoC4/SDCard_SPIM_SPI_UART.c ****                 /* Clear old status of INTR_TX_NOT_FULL. It sets at the end of transfer when TX FIF
 292:Generated_Source\PSoC4/SDCard_SPIM_SPI_UART.c ****                 SDCard_SPIM_ClearTxInterruptSource(SDCard_SPIM_INTR_TX_NOT_FULL);
 293:Generated_Source\PSoC4/SDCard_SPIM_SPI_UART.c **** 
 294:Generated_Source\PSoC4/SDCard_SPIM_SPI_UART.c ****                 SDCard_SPIM_PutWordInTxBuffer(locHead, txData);
 295:Generated_Source\PSoC4/SDCard_SPIM_SPI_UART.c **** 
 296:Generated_Source\PSoC4/SDCard_SPIM_SPI_UART.c ****                 SDCard_SPIM_txBufferHead = locHead;
 297:Generated_Source\PSoC4/SDCard_SPIM_SPI_UART.c **** 
 298:Generated_Source\PSoC4/SDCard_SPIM_SPI_UART.c ****                 /* Check if TX Not Full is disabled in interrupt */
 299:Generated_Source\PSoC4/SDCard_SPIM_SPI_UART.c ****                 if (0u == (SDCard_SPIM_INTR_TX_MASK_REG & SDCard_SPIM_INTR_TX_NOT_FULL))
ARM GAS  C:\Users\BREYAN~1\AppData\Local\Temp\ccgsELTp.s 			page 9


 300:Generated_Source\PSoC4/SDCard_SPIM_SPI_UART.c ****                 {
 301:Generated_Source\PSoC4/SDCard_SPIM_SPI_UART.c ****                     /* Enable TX Not Full interrupt source to transmit from software buffer */
 302:Generated_Source\PSoC4/SDCard_SPIM_SPI_UART.c ****                     SDCard_SPIM_INTR_TX_MASK_REG |= (uint32) SDCard_SPIM_INTR_TX_NOT_FULL;
 303:Generated_Source\PSoC4/SDCard_SPIM_SPI_UART.c ****                 }
 304:Generated_Source\PSoC4/SDCard_SPIM_SPI_UART.c ****             }
 305:Generated_Source\PSoC4/SDCard_SPIM_SPI_UART.c ****         }
 306:Generated_Source\PSoC4/SDCard_SPIM_SPI_UART.c ****         #else
 307:Generated_Source\PSoC4/SDCard_SPIM_SPI_UART.c ****         {
 308:Generated_Source\PSoC4/SDCard_SPIM_SPI_UART.c ****             /* Wait until TX FIFO has space to put data element */
 309:Generated_Source\PSoC4/SDCard_SPIM_SPI_UART.c ****             while (SDCard_SPIM_SPI_UART_FIFO_SIZE == SDCard_SPIM_GET_TX_FIFO_ENTRIES)
 158              		.loc 1 309 0
 159 0008 C046     		mov	r8, r8
 160              	.L13:
 161              		.loc 1 309 0 is_stmt 0 discriminator 1
 162 000a 064B     		ldr	r3, .L14
 163 000c 1B68     		ldr	r3, [r3]
 164 000e 0F22     		mov	r2, #15
 165 0010 1340     		and	r3, r2
 166 0012 082B     		cmp	r3, #8
 167 0014 F9D0     		beq	.L13
 310:Generated_Source\PSoC4/SDCard_SPIM_SPI_UART.c ****             {
 311:Generated_Source\PSoC4/SDCard_SPIM_SPI_UART.c ****             }
 312:Generated_Source\PSoC4/SDCard_SPIM_SPI_UART.c **** 
 313:Generated_Source\PSoC4/SDCard_SPIM_SPI_UART.c ****             SDCard_SPIM_TX_FIFO_WR_REG = txData;
 168              		.loc 1 313 0 is_stmt 1
 169 0016 044B     		ldr	r3, .L14+4
 170 0018 7A68     		ldr	r2, [r7, #4]
 171 001a 1A60     		str	r2, [r3]
 314:Generated_Source\PSoC4/SDCard_SPIM_SPI_UART.c ****         }
 315:Generated_Source\PSoC4/SDCard_SPIM_SPI_UART.c ****         #endif
 316:Generated_Source\PSoC4/SDCard_SPIM_SPI_UART.c ****     }
 172              		.loc 1 316 0
 173 001c BD46     		mov	sp, r7
 174 001e 02B0     		add	sp, sp, #8
 175              		@ sp needed
 176 0020 80BD     		pop	{r7, pc}
 177              	.L15:
 178 0022 C046     		.align	2
 179              	.L14:
 180 0024 08020740 		.word	1074201096
 181 0028 40020740 		.word	1074201152
 182              		.cfi_endproc
 183              	.LFE3:
 184              		.size	SDCard_SPIM_SpiUartWriteTxData, .-SDCard_SPIM_SpiUartWriteTxData
 185              		.section	.text.SDCard_SPIM_SpiUartPutArray,"ax",%progbits
 186              		.align	2
 187              		.global	SDCard_SPIM_SpiUartPutArray
 188              		.code	16
 189              		.thumb_func
 190              		.type	SDCard_SPIM_SpiUartPutArray, %function
 191              	SDCard_SPIM_SpiUartPutArray:
 192              	.LFB4:
 317:Generated_Source\PSoC4/SDCard_SPIM_SPI_UART.c **** 
 318:Generated_Source\PSoC4/SDCard_SPIM_SPI_UART.c **** 
 319:Generated_Source\PSoC4/SDCard_SPIM_SPI_UART.c ****     /*******************************************************************************
 320:Generated_Source\PSoC4/SDCard_SPIM_SPI_UART.c ****     * Function Name: SDCard_SPIM_SpiUartPutArray
 321:Generated_Source\PSoC4/SDCard_SPIM_SPI_UART.c ****     ****************************************************************************//**
ARM GAS  C:\Users\BREYAN~1\AppData\Local\Temp\ccgsELTp.s 			page 10


 322:Generated_Source\PSoC4/SDCard_SPIM_SPI_UART.c ****     *
 323:Generated_Source\PSoC4/SDCard_SPIM_SPI_UART.c ****     *  Places an array of data into the transmit buffer to be sent.
 324:Generated_Source\PSoC4/SDCard_SPIM_SPI_UART.c ****     *  This function is blocking and waits until there is a space available to put
 325:Generated_Source\PSoC4/SDCard_SPIM_SPI_UART.c ****     *  all the requested data in the transmit buffer. The array size can be greater
 326:Generated_Source\PSoC4/SDCard_SPIM_SPI_UART.c ****     *  than transmit buffer size.
 327:Generated_Source\PSoC4/SDCard_SPIM_SPI_UART.c ****     *
 328:Generated_Source\PSoC4/SDCard_SPIM_SPI_UART.c ****     * \param wrBuf: pointer to an array of data to be placed in transmit buffer. 
 329:Generated_Source\PSoC4/SDCard_SPIM_SPI_UART.c ****     *  The width of the data to be transmitted depends on TX data width selection 
 330:Generated_Source\PSoC4/SDCard_SPIM_SPI_UART.c ****     *  (the data bit counting starts from LSB for each array element).
 331:Generated_Source\PSoC4/SDCard_SPIM_SPI_UART.c ****     * \param count: number of data elements to be placed in the transmit buffer.
 332:Generated_Source\PSoC4/SDCard_SPIM_SPI_UART.c ****     *
 333:Generated_Source\PSoC4/SDCard_SPIM_SPI_UART.c ****     * \globalvars
 334:Generated_Source\PSoC4/SDCard_SPIM_SPI_UART.c ****     *  SDCard_SPIM_txBufferHead - the start index to put data into the 
 335:Generated_Source\PSoC4/SDCard_SPIM_SPI_UART.c ****     *  software transmit buffer.
 336:Generated_Source\PSoC4/SDCard_SPIM_SPI_UART.c ****     *  SDCard_SPIM_txBufferTail - start index to get data from the software
 337:Generated_Source\PSoC4/SDCard_SPIM_SPI_UART.c ****     *  transmit buffer.
 338:Generated_Source\PSoC4/SDCard_SPIM_SPI_UART.c ****     *
 339:Generated_Source\PSoC4/SDCard_SPIM_SPI_UART.c ****     *******************************************************************************/
 340:Generated_Source\PSoC4/SDCard_SPIM_SPI_UART.c ****     void SDCard_SPIM_SpiUartPutArray(const uint8 wrBuf[], uint32 count)
 341:Generated_Source\PSoC4/SDCard_SPIM_SPI_UART.c ****     {
 193              		.loc 1 341 0
 194              		.cfi_startproc
 195 0000 80B5     		push	{r7, lr}
 196              		.cfi_def_cfa_offset 8
 197              		.cfi_offset 7, -8
 198              		.cfi_offset 14, -4
 199 0002 84B0     		sub	sp, sp, #16
 200              		.cfi_def_cfa_offset 24
 201 0004 00AF     		add	r7, sp, #0
 202              		.cfi_def_cfa_register 7
 203 0006 7860     		str	r0, [r7, #4]
 204 0008 3960     		str	r1, [r7]
 342:Generated_Source\PSoC4/SDCard_SPIM_SPI_UART.c ****         uint32 i;
 343:Generated_Source\PSoC4/SDCard_SPIM_SPI_UART.c **** 
 344:Generated_Source\PSoC4/SDCard_SPIM_SPI_UART.c ****         for (i=0u; i < count; i++)
 205              		.loc 1 344 0
 206 000a 0023     		mov	r3, #0
 207 000c FB60     		str	r3, [r7, #12]
 208 000e 09E0     		b	.L17
 209              	.L18:
 345:Generated_Source\PSoC4/SDCard_SPIM_SPI_UART.c ****         {
 346:Generated_Source\PSoC4/SDCard_SPIM_SPI_UART.c ****             SDCard_SPIM_SpiUartWriteTxData((uint32) wrBuf[i]);
 210              		.loc 1 346 0 discriminator 3
 211 0010 7A68     		ldr	r2, [r7, #4]
 212 0012 FB68     		ldr	r3, [r7, #12]
 213 0014 D318     		add	r3, r2, r3
 214 0016 1B78     		ldrb	r3, [r3]
 215 0018 181C     		mov	r0, r3
 216 001a FFF7FEFF 		bl	SDCard_SPIM_SpiUartWriteTxData
 344:Generated_Source\PSoC4/SDCard_SPIM_SPI_UART.c ****         {
 217              		.loc 1 344 0 discriminator 3
 218 001e FB68     		ldr	r3, [r7, #12]
 219 0020 0133     		add	r3, r3, #1
 220 0022 FB60     		str	r3, [r7, #12]
 221              	.L17:
 344:Generated_Source\PSoC4/SDCard_SPIM_SPI_UART.c ****         {
 222              		.loc 1 344 0 is_stmt 0 discriminator 1
ARM GAS  C:\Users\BREYAN~1\AppData\Local\Temp\ccgsELTp.s 			page 11


 223 0024 FA68     		ldr	r2, [r7, #12]
 224 0026 3B68     		ldr	r3, [r7]
 225 0028 9A42     		cmp	r2, r3
 226 002a F1D3     		bcc	.L18
 347:Generated_Source\PSoC4/SDCard_SPIM_SPI_UART.c ****         }
 348:Generated_Source\PSoC4/SDCard_SPIM_SPI_UART.c ****     }
 227              		.loc 1 348 0 is_stmt 1
 228 002c BD46     		mov	sp, r7
 229 002e 04B0     		add	sp, sp, #16
 230              		@ sp needed
 231 0030 80BD     		pop	{r7, pc}
 232              		.cfi_endproc
 233              	.LFE4:
 234              		.size	SDCard_SPIM_SpiUartPutArray, .-SDCard_SPIM_SpiUartPutArray
 235 0032 C046     		.section	.text.SDCard_SPIM_SpiUartGetTxBufferSize,"ax",%progbits
 236              		.align	2
 237              		.global	SDCard_SPIM_SpiUartGetTxBufferSize
 238              		.code	16
 239              		.thumb_func
 240              		.type	SDCard_SPIM_SpiUartGetTxBufferSize, %function
 241              	SDCard_SPIM_SpiUartGetTxBufferSize:
 242              	.LFB5:
 349:Generated_Source\PSoC4/SDCard_SPIM_SPI_UART.c **** 
 350:Generated_Source\PSoC4/SDCard_SPIM_SPI_UART.c **** 
 351:Generated_Source\PSoC4/SDCard_SPIM_SPI_UART.c ****     /*******************************************************************************
 352:Generated_Source\PSoC4/SDCard_SPIM_SPI_UART.c ****     * Function Name: SDCard_SPIM_SpiUartGetTxBufferSize
 353:Generated_Source\PSoC4/SDCard_SPIM_SPI_UART.c ****     ****************************************************************************//**
 354:Generated_Source\PSoC4/SDCard_SPIM_SPI_UART.c ****     *
 355:Generated_Source\PSoC4/SDCard_SPIM_SPI_UART.c ****     *  Returns the number of elements currently in the transmit buffer.
 356:Generated_Source\PSoC4/SDCard_SPIM_SPI_UART.c ****     *   - TX software buffer is disabled: returns the number of used entries in
 357:Generated_Source\PSoC4/SDCard_SPIM_SPI_UART.c ****     *     TX FIFO.
 358:Generated_Source\PSoC4/SDCard_SPIM_SPI_UART.c ****     *   - TX software buffer is enabled: returns the number of elements currently
 359:Generated_Source\PSoC4/SDCard_SPIM_SPI_UART.c ****     *     used in the transmit buffer. This number does not include used entries in
 360:Generated_Source\PSoC4/SDCard_SPIM_SPI_UART.c ****     *     the TX FIFO. The transmit buffer size is zero until the TX FIFO is
 361:Generated_Source\PSoC4/SDCard_SPIM_SPI_UART.c ****     *     not full.
 362:Generated_Source\PSoC4/SDCard_SPIM_SPI_UART.c ****     *
 363:Generated_Source\PSoC4/SDCard_SPIM_SPI_UART.c ****     * \return
 364:Generated_Source\PSoC4/SDCard_SPIM_SPI_UART.c ****     *  Number of data elements ready to transmit.
 365:Generated_Source\PSoC4/SDCard_SPIM_SPI_UART.c ****     *
 366:Generated_Source\PSoC4/SDCard_SPIM_SPI_UART.c ****     * \globalvars
 367:Generated_Source\PSoC4/SDCard_SPIM_SPI_UART.c ****     *  SDCard_SPIM_txBufferHead - the start index to put data into the 
 368:Generated_Source\PSoC4/SDCard_SPIM_SPI_UART.c ****     *  software transmit buffer.
 369:Generated_Source\PSoC4/SDCard_SPIM_SPI_UART.c ****     *  SDCard_SPIM_txBufferTail - start index to get data from the software
 370:Generated_Source\PSoC4/SDCard_SPIM_SPI_UART.c ****     *  transmit buffer.
 371:Generated_Source\PSoC4/SDCard_SPIM_SPI_UART.c ****     *
 372:Generated_Source\PSoC4/SDCard_SPIM_SPI_UART.c ****     *******************************************************************************/
 373:Generated_Source\PSoC4/SDCard_SPIM_SPI_UART.c ****     uint32 SDCard_SPIM_SpiUartGetTxBufferSize(void)
 374:Generated_Source\PSoC4/SDCard_SPIM_SPI_UART.c ****     {
 243              		.loc 1 374 0
 244              		.cfi_startproc
 245 0000 80B5     		push	{r7, lr}
 246              		.cfi_def_cfa_offset 8
 247              		.cfi_offset 7, -8
 248              		.cfi_offset 14, -4
 249 0002 82B0     		sub	sp, sp, #8
 250              		.cfi_def_cfa_offset 16
 251 0004 00AF     		add	r7, sp, #0
ARM GAS  C:\Users\BREYAN~1\AppData\Local\Temp\ccgsELTp.s 			page 12


 252              		.cfi_def_cfa_register 7
 375:Generated_Source\PSoC4/SDCard_SPIM_SPI_UART.c ****         uint32 size;
 376:Generated_Source\PSoC4/SDCard_SPIM_SPI_UART.c ****     #if (SDCard_SPIM_INTERNAL_TX_SW_BUFFER_CONST)
 377:Generated_Source\PSoC4/SDCard_SPIM_SPI_UART.c ****         uint32 locTail;
 378:Generated_Source\PSoC4/SDCard_SPIM_SPI_UART.c ****     #endif /* (SDCard_SPIM_INTERNAL_TX_SW_BUFFER_CONST) */
 379:Generated_Source\PSoC4/SDCard_SPIM_SPI_UART.c **** 
 380:Generated_Source\PSoC4/SDCard_SPIM_SPI_UART.c ****         #if (SDCard_SPIM_CHECK_TX_SW_BUFFER)
 381:Generated_Source\PSoC4/SDCard_SPIM_SPI_UART.c ****         {
 382:Generated_Source\PSoC4/SDCard_SPIM_SPI_UART.c ****             /* Get current Tail index */
 383:Generated_Source\PSoC4/SDCard_SPIM_SPI_UART.c ****             locTail = SDCard_SPIM_txBufferTail;
 384:Generated_Source\PSoC4/SDCard_SPIM_SPI_UART.c **** 
 385:Generated_Source\PSoC4/SDCard_SPIM_SPI_UART.c ****             if (SDCard_SPIM_txBufferHead >= locTail)
 386:Generated_Source\PSoC4/SDCard_SPIM_SPI_UART.c ****             {
 387:Generated_Source\PSoC4/SDCard_SPIM_SPI_UART.c ****                 size = (SDCard_SPIM_txBufferHead - locTail);
 388:Generated_Source\PSoC4/SDCard_SPIM_SPI_UART.c ****             }
 389:Generated_Source\PSoC4/SDCard_SPIM_SPI_UART.c ****             else
 390:Generated_Source\PSoC4/SDCard_SPIM_SPI_UART.c ****             {
 391:Generated_Source\PSoC4/SDCard_SPIM_SPI_UART.c ****                 size = (SDCard_SPIM_txBufferHead + (SDCard_SPIM_TX_BUFFER_SIZE - locTail));
 392:Generated_Source\PSoC4/SDCard_SPIM_SPI_UART.c ****             }
 393:Generated_Source\PSoC4/SDCard_SPIM_SPI_UART.c ****         }
 394:Generated_Source\PSoC4/SDCard_SPIM_SPI_UART.c ****         #else
 395:Generated_Source\PSoC4/SDCard_SPIM_SPI_UART.c ****         {
 396:Generated_Source\PSoC4/SDCard_SPIM_SPI_UART.c ****             size = SDCard_SPIM_GET_TX_FIFO_ENTRIES;
 253              		.loc 1 396 0
 254 0006 054B     		ldr	r3, .L21
 255 0008 1B68     		ldr	r3, [r3]
 256 000a 0F22     		mov	r2, #15
 257 000c 1340     		and	r3, r2
 258 000e 7B60     		str	r3, [r7, #4]
 397:Generated_Source\PSoC4/SDCard_SPIM_SPI_UART.c ****         }
 398:Generated_Source\PSoC4/SDCard_SPIM_SPI_UART.c ****         #endif
 399:Generated_Source\PSoC4/SDCard_SPIM_SPI_UART.c **** 
 400:Generated_Source\PSoC4/SDCard_SPIM_SPI_UART.c ****         return (size);
 259              		.loc 1 400 0
 260 0010 7B68     		ldr	r3, [r7, #4]
 401:Generated_Source\PSoC4/SDCard_SPIM_SPI_UART.c ****     }
 261              		.loc 1 401 0
 262 0012 181C     		mov	r0, r3
 263 0014 BD46     		mov	sp, r7
 264 0016 02B0     		add	sp, sp, #8
 265              		@ sp needed
 266 0018 80BD     		pop	{r7, pc}
 267              	.L22:
 268 001a C046     		.align	2
 269              	.L21:
 270 001c 08020740 		.word	1074201096
 271              		.cfi_endproc
 272              	.LFE5:
 273              		.size	SDCard_SPIM_SpiUartGetTxBufferSize, .-SDCard_SPIM_SpiUartGetTxBufferSize
 274              		.section	.text.SDCard_SPIM_SpiUartClearTxBuffer,"ax",%progbits
 275              		.align	2
 276              		.global	SDCard_SPIM_SpiUartClearTxBuffer
 277              		.code	16
 278              		.thumb_func
 279              		.type	SDCard_SPIM_SpiUartClearTxBuffer, %function
 280              	SDCard_SPIM_SpiUartClearTxBuffer:
 281              	.LFB6:
ARM GAS  C:\Users\BREYAN~1\AppData\Local\Temp\ccgsELTp.s 			page 13


 402:Generated_Source\PSoC4/SDCard_SPIM_SPI_UART.c **** 
 403:Generated_Source\PSoC4/SDCard_SPIM_SPI_UART.c **** 
 404:Generated_Source\PSoC4/SDCard_SPIM_SPI_UART.c ****     /*******************************************************************************
 405:Generated_Source\PSoC4/SDCard_SPIM_SPI_UART.c ****     * Function Name: SDCard_SPIM_SpiUartClearTxBuffer
 406:Generated_Source\PSoC4/SDCard_SPIM_SPI_UART.c ****     ****************************************************************************//**
 407:Generated_Source\PSoC4/SDCard_SPIM_SPI_UART.c ****     *
 408:Generated_Source\PSoC4/SDCard_SPIM_SPI_UART.c ****     *  Clears the transmit buffer and TX FIFO.
 409:Generated_Source\PSoC4/SDCard_SPIM_SPI_UART.c ****     *
 410:Generated_Source\PSoC4/SDCard_SPIM_SPI_UART.c ****     * \globalvars
 411:Generated_Source\PSoC4/SDCard_SPIM_SPI_UART.c ****     *  SDCard_SPIM_txBufferHead - the start index to put data into the 
 412:Generated_Source\PSoC4/SDCard_SPIM_SPI_UART.c ****     *  software transmit buffer.
 413:Generated_Source\PSoC4/SDCard_SPIM_SPI_UART.c ****     *  SDCard_SPIM_txBufferTail - start index to get data from the software
 414:Generated_Source\PSoC4/SDCard_SPIM_SPI_UART.c ****     *  transmit buffer.
 415:Generated_Source\PSoC4/SDCard_SPIM_SPI_UART.c ****     *
 416:Generated_Source\PSoC4/SDCard_SPIM_SPI_UART.c ****     *******************************************************************************/
 417:Generated_Source\PSoC4/SDCard_SPIM_SPI_UART.c ****     void SDCard_SPIM_SpiUartClearTxBuffer(void)
 418:Generated_Source\PSoC4/SDCard_SPIM_SPI_UART.c ****     {
 282              		.loc 1 418 0
 283              		.cfi_startproc
 284 0000 80B5     		push	{r7, lr}
 285              		.cfi_def_cfa_offset 8
 286              		.cfi_offset 7, -8
 287              		.cfi_offset 14, -4
 288 0002 00AF     		add	r7, sp, #0
 289              		.cfi_def_cfa_register 7
 419:Generated_Source\PSoC4/SDCard_SPIM_SPI_UART.c ****         #if (SDCard_SPIM_CHECK_TX_SW_BUFFER)
 420:Generated_Source\PSoC4/SDCard_SPIM_SPI_UART.c ****         {
 421:Generated_Source\PSoC4/SDCard_SPIM_SPI_UART.c ****             /* Lock from component interruption */
 422:Generated_Source\PSoC4/SDCard_SPIM_SPI_UART.c ****             SDCard_SPIM_DisableInt();
 423:Generated_Source\PSoC4/SDCard_SPIM_SPI_UART.c **** 
 424:Generated_Source\PSoC4/SDCard_SPIM_SPI_UART.c ****             /* Flush TX software buffer */
 425:Generated_Source\PSoC4/SDCard_SPIM_SPI_UART.c ****             SDCard_SPIM_txBufferHead = SDCard_SPIM_txBufferTail;
 426:Generated_Source\PSoC4/SDCard_SPIM_SPI_UART.c **** 
 427:Generated_Source\PSoC4/SDCard_SPIM_SPI_UART.c ****             SDCard_SPIM_INTR_TX_MASK_REG &= (uint32) ~SDCard_SPIM_INTR_TX_NOT_FULL;
 428:Generated_Source\PSoC4/SDCard_SPIM_SPI_UART.c ****             SDCard_SPIM_CLEAR_TX_FIFO;
 429:Generated_Source\PSoC4/SDCard_SPIM_SPI_UART.c ****             SDCard_SPIM_ClearTxInterruptSource(SDCard_SPIM_INTR_TX_ALL);
 430:Generated_Source\PSoC4/SDCard_SPIM_SPI_UART.c **** 
 431:Generated_Source\PSoC4/SDCard_SPIM_SPI_UART.c ****             /* Release lock */
 432:Generated_Source\PSoC4/SDCard_SPIM_SPI_UART.c ****             SDCard_SPIM_EnableInt();
 433:Generated_Source\PSoC4/SDCard_SPIM_SPI_UART.c ****         }
 434:Generated_Source\PSoC4/SDCard_SPIM_SPI_UART.c ****         #else
 435:Generated_Source\PSoC4/SDCard_SPIM_SPI_UART.c ****         {
 436:Generated_Source\PSoC4/SDCard_SPIM_SPI_UART.c ****             SDCard_SPIM_CLEAR_TX_FIFO;
 290              		.loc 1 436 0
 291 0004 074B     		ldr	r3, .L24
 292 0006 074A     		ldr	r2, .L24
 293 0008 1268     		ldr	r2, [r2]
 294 000a 8021     		mov	r1, #128
 295 000c 4902     		lsl	r1, r1, #9
 296 000e 0A43     		orr	r2, r1
 297 0010 1A60     		str	r2, [r3]
 298 0012 044B     		ldr	r3, .L24
 299 0014 034A     		ldr	r2, .L24
 300 0016 1268     		ldr	r2, [r2]
 301 0018 0349     		ldr	r1, .L24+4
 302 001a 0A40     		and	r2, r1
 303 001c 1A60     		str	r2, [r3]
ARM GAS  C:\Users\BREYAN~1\AppData\Local\Temp\ccgsELTp.s 			page 14


 437:Generated_Source\PSoC4/SDCard_SPIM_SPI_UART.c ****         }
 438:Generated_Source\PSoC4/SDCard_SPIM_SPI_UART.c ****         #endif
 439:Generated_Source\PSoC4/SDCard_SPIM_SPI_UART.c ****     }
 304              		.loc 1 439 0
 305 001e BD46     		mov	sp, r7
 306              		@ sp needed
 307 0020 80BD     		pop	{r7, pc}
 308              	.L25:
 309 0022 C046     		.align	2
 310              	.L24:
 311 0024 04020740 		.word	1074201092
 312 0028 FFFFFEFF 		.word	-65537
 313              		.cfi_endproc
 314              	.LFE6:
 315              		.size	SDCard_SPIM_SpiUartClearTxBuffer, .-SDCard_SPIM_SpiUartClearTxBuffer
 316              		.section	.text.SDCard_SPIM_SpiUartDisableIntRx,"ax",%progbits
 317              		.align	2
 318              		.global	SDCard_SPIM_SpiUartDisableIntRx
 319              		.code	16
 320              		.thumb_func
 321              		.type	SDCard_SPIM_SpiUartDisableIntRx, %function
 322              	SDCard_SPIM_SpiUartDisableIntRx:
 323              	.LFB7:
 440:Generated_Source\PSoC4/SDCard_SPIM_SPI_UART.c **** 
 441:Generated_Source\PSoC4/SDCard_SPIM_SPI_UART.c **** #endif /* (SDCard_SPIM_TX_DIRECTION) */
 442:Generated_Source\PSoC4/SDCard_SPIM_SPI_UART.c **** 
 443:Generated_Source\PSoC4/SDCard_SPIM_SPI_UART.c **** 
 444:Generated_Source\PSoC4/SDCard_SPIM_SPI_UART.c **** /*******************************************************************************
 445:Generated_Source\PSoC4/SDCard_SPIM_SPI_UART.c **** * Function Name: SDCard_SPIM_SpiUartDisableIntRx
 446:Generated_Source\PSoC4/SDCard_SPIM_SPI_UART.c **** ****************************************************************************//**
 447:Generated_Source\PSoC4/SDCard_SPIM_SPI_UART.c **** *
 448:Generated_Source\PSoC4/SDCard_SPIM_SPI_UART.c **** *  Disables the RX interrupt sources.
 449:Generated_Source\PSoC4/SDCard_SPIM_SPI_UART.c **** *
 450:Generated_Source\PSoC4/SDCard_SPIM_SPI_UART.c **** *  \return
 451:Generated_Source\PSoC4/SDCard_SPIM_SPI_UART.c **** *   Returns the RX interrupt sources enabled before the function call.
 452:Generated_Source\PSoC4/SDCard_SPIM_SPI_UART.c **** *
 453:Generated_Source\PSoC4/SDCard_SPIM_SPI_UART.c **** *******************************************************************************/
 454:Generated_Source\PSoC4/SDCard_SPIM_SPI_UART.c **** uint32 SDCard_SPIM_SpiUartDisableIntRx(void)
 455:Generated_Source\PSoC4/SDCard_SPIM_SPI_UART.c **** {
 324              		.loc 1 455 0
 325              		.cfi_startproc
 326 0000 80B5     		push	{r7, lr}
 327              		.cfi_def_cfa_offset 8
 328              		.cfi_offset 7, -8
 329              		.cfi_offset 14, -4
 330 0002 82B0     		sub	sp, sp, #8
 331              		.cfi_def_cfa_offset 16
 332 0004 00AF     		add	r7, sp, #0
 333              		.cfi_def_cfa_register 7
 456:Generated_Source\PSoC4/SDCard_SPIM_SPI_UART.c ****     uint32 intSource;
 457:Generated_Source\PSoC4/SDCard_SPIM_SPI_UART.c **** 
 458:Generated_Source\PSoC4/SDCard_SPIM_SPI_UART.c ****     intSource = SDCard_SPIM_GetRxInterruptMode();
 334              		.loc 1 458 0
 335 0006 054B     		ldr	r3, .L28
 336 0008 1B68     		ldr	r3, [r3]
 337 000a 7B60     		str	r3, [r7, #4]
 459:Generated_Source\PSoC4/SDCard_SPIM_SPI_UART.c **** 
ARM GAS  C:\Users\BREYAN~1\AppData\Local\Temp\ccgsELTp.s 			page 15


 460:Generated_Source\PSoC4/SDCard_SPIM_SPI_UART.c ****     SDCard_SPIM_SetRxInterruptMode(SDCard_SPIM_NO_INTR_SOURCES);
 338              		.loc 1 460 0
 339 000c 034B     		ldr	r3, .L28
 340 000e 0022     		mov	r2, #0
 341 0010 1A60     		str	r2, [r3]
 461:Generated_Source\PSoC4/SDCard_SPIM_SPI_UART.c **** 
 462:Generated_Source\PSoC4/SDCard_SPIM_SPI_UART.c ****     return (intSource);
 342              		.loc 1 462 0
 343 0012 7B68     		ldr	r3, [r7, #4]
 463:Generated_Source\PSoC4/SDCard_SPIM_SPI_UART.c **** }
 344              		.loc 1 463 0
 345 0014 181C     		mov	r0, r3
 346 0016 BD46     		mov	sp, r7
 347 0018 02B0     		add	sp, sp, #8
 348              		@ sp needed
 349 001a 80BD     		pop	{r7, pc}
 350              	.L29:
 351              		.align	2
 352              	.L28:
 353 001c C80F0740 		.word	1074204616
 354              		.cfi_endproc
 355              	.LFE7:
 356              		.size	SDCard_SPIM_SpiUartDisableIntRx, .-SDCard_SPIM_SpiUartDisableIntRx
 357              		.section	.text.SDCard_SPIM_SpiUartDisableIntTx,"ax",%progbits
 358              		.align	2
 359              		.global	SDCard_SPIM_SpiUartDisableIntTx
 360              		.code	16
 361              		.thumb_func
 362              		.type	SDCard_SPIM_SpiUartDisableIntTx, %function
 363              	SDCard_SPIM_SpiUartDisableIntTx:
 364              	.LFB8:
 464:Generated_Source\PSoC4/SDCard_SPIM_SPI_UART.c **** 
 465:Generated_Source\PSoC4/SDCard_SPIM_SPI_UART.c **** 
 466:Generated_Source\PSoC4/SDCard_SPIM_SPI_UART.c **** /*******************************************************************************
 467:Generated_Source\PSoC4/SDCard_SPIM_SPI_UART.c **** * Function Name: SDCard_SPIM_SpiUartDisableIntTx
 468:Generated_Source\PSoC4/SDCard_SPIM_SPI_UART.c **** ****************************************************************************//**
 469:Generated_Source\PSoC4/SDCard_SPIM_SPI_UART.c **** *
 470:Generated_Source\PSoC4/SDCard_SPIM_SPI_UART.c **** *  Disables TX interrupt sources.
 471:Generated_Source\PSoC4/SDCard_SPIM_SPI_UART.c **** *
 472:Generated_Source\PSoC4/SDCard_SPIM_SPI_UART.c **** *  \return
 473:Generated_Source\PSoC4/SDCard_SPIM_SPI_UART.c **** *   Returns TX interrupt sources enabled before function call.
 474:Generated_Source\PSoC4/SDCard_SPIM_SPI_UART.c **** *
 475:Generated_Source\PSoC4/SDCard_SPIM_SPI_UART.c **** *******************************************************************************/
 476:Generated_Source\PSoC4/SDCard_SPIM_SPI_UART.c **** uint32 SDCard_SPIM_SpiUartDisableIntTx(void)
 477:Generated_Source\PSoC4/SDCard_SPIM_SPI_UART.c **** {
 365              		.loc 1 477 0
 366              		.cfi_startproc
 367 0000 80B5     		push	{r7, lr}
 368              		.cfi_def_cfa_offset 8
 369              		.cfi_offset 7, -8
 370              		.cfi_offset 14, -4
 371 0002 82B0     		sub	sp, sp, #8
 372              		.cfi_def_cfa_offset 16
 373 0004 00AF     		add	r7, sp, #0
 374              		.cfi_def_cfa_register 7
 478:Generated_Source\PSoC4/SDCard_SPIM_SPI_UART.c ****     uint32 intSourceMask;
 479:Generated_Source\PSoC4/SDCard_SPIM_SPI_UART.c **** 
ARM GAS  C:\Users\BREYAN~1\AppData\Local\Temp\ccgsELTp.s 			page 16


 480:Generated_Source\PSoC4/SDCard_SPIM_SPI_UART.c ****     intSourceMask = SDCard_SPIM_GetTxInterruptMode();
 375              		.loc 1 480 0
 376 0006 054B     		ldr	r3, .L32
 377 0008 1B68     		ldr	r3, [r3]
 378 000a 7B60     		str	r3, [r7, #4]
 481:Generated_Source\PSoC4/SDCard_SPIM_SPI_UART.c **** 
 482:Generated_Source\PSoC4/SDCard_SPIM_SPI_UART.c ****     SDCard_SPIM_SetTxInterruptMode(SDCard_SPIM_NO_INTR_SOURCES);
 379              		.loc 1 482 0
 380 000c 034B     		ldr	r3, .L32
 381 000e 0022     		mov	r2, #0
 382 0010 1A60     		str	r2, [r3]
 483:Generated_Source\PSoC4/SDCard_SPIM_SPI_UART.c **** 
 484:Generated_Source\PSoC4/SDCard_SPIM_SPI_UART.c ****     return (intSourceMask);
 383              		.loc 1 484 0
 384 0012 7B68     		ldr	r3, [r7, #4]
 485:Generated_Source\PSoC4/SDCard_SPIM_SPI_UART.c **** }
 385              		.loc 1 485 0
 386 0014 181C     		mov	r0, r3
 387 0016 BD46     		mov	sp, r7
 388 0018 02B0     		add	sp, sp, #8
 389              		@ sp needed
 390 001a 80BD     		pop	{r7, pc}
 391              	.L33:
 392              		.align	2
 393              	.L32:
 394 001c 880F0740 		.word	1074204552
 395              		.cfi_endproc
 396              	.LFE8:
 397              		.size	SDCard_SPIM_SpiUartDisableIntTx, .-SDCard_SPIM_SpiUartDisableIntTx
 398              		.text
 399              	.Letext0:
 400              		.file 2 "Generated_Source\\PSoC4/cytypes.h"
 401              		.section	.debug_info,"",%progbits
 402              	.Ldebug_info0:
 403 0000 0D020000 		.4byte	0x20d
 404 0004 0400     		.2byte	0x4
 405 0006 00000000 		.4byte	.Ldebug_abbrev0
 406 000a 04       		.byte	0x4
 407 000b 01       		.uleb128 0x1
 408 000c 48010000 		.4byte	.LASF32
 409 0010 01       		.byte	0x1
 410 0011 00020000 		.4byte	.LASF33
 411 0015 54000000 		.4byte	.LASF34
 412 0019 00000000 		.4byte	.Ldebug_ranges0+0
 413 001d 00000000 		.4byte	0
 414 0021 00000000 		.4byte	.Ldebug_line0
 415 0025 02       		.uleb128 0x2
 416 0026 01       		.byte	0x1
 417 0027 06       		.byte	0x6
 418 0028 AA020000 		.4byte	.LASF0
 419 002c 02       		.uleb128 0x2
 420 002d 01       		.byte	0x1
 421 002e 08       		.byte	0x8
 422 002f 12010000 		.4byte	.LASF1
 423 0033 02       		.uleb128 0x2
 424 0034 02       		.byte	0x2
 425 0035 05       		.byte	0x5
ARM GAS  C:\Users\BREYAN~1\AppData\Local\Temp\ccgsELTp.s 			page 17


 426 0036 79020000 		.4byte	.LASF2
 427 003a 02       		.uleb128 0x2
 428 003b 02       		.byte	0x2
 429 003c 07       		.byte	0x7
 430 003d 83000000 		.4byte	.LASF3
 431 0041 02       		.uleb128 0x2
 432 0042 04       		.byte	0x4
 433 0043 05       		.byte	0x5
 434 0044 A1020000 		.4byte	.LASF4
 435 0048 02       		.uleb128 0x2
 436 0049 04       		.byte	0x4
 437 004a 07       		.byte	0x7
 438 004b CA000000 		.4byte	.LASF5
 439 004f 02       		.uleb128 0x2
 440 0050 08       		.byte	0x8
 441 0051 05       		.byte	0x5
 442 0052 66020000 		.4byte	.LASF6
 443 0056 02       		.uleb128 0x2
 444 0057 08       		.byte	0x8
 445 0058 07       		.byte	0x7
 446 0059 46020000 		.4byte	.LASF7
 447 005d 03       		.uleb128 0x3
 448 005e 04       		.byte	0x4
 449 005f 05       		.byte	0x5
 450 0060 696E7400 		.ascii	"int\000"
 451 0064 02       		.uleb128 0x2
 452 0065 04       		.byte	0x4
 453 0066 07       		.byte	0x7
 454 0067 96000000 		.4byte	.LASF8
 455 006b 04       		.uleb128 0x4
 456 006c DC000000 		.4byte	.LASF9
 457 0070 02       		.byte	0x2
 458 0071 B901     		.2byte	0x1b9
 459 0073 2C000000 		.4byte	0x2c
 460 0077 04       		.uleb128 0x4
 461 0078 D6010000 		.4byte	.LASF10
 462 007c 02       		.byte	0x2
 463 007d BB01     		.2byte	0x1bb
 464 007f 48000000 		.4byte	0x48
 465 0083 02       		.uleb128 0x2
 466 0084 04       		.byte	0x4
 467 0085 04       		.byte	0x4
 468 0086 A3000000 		.4byte	.LASF11
 469 008a 02       		.uleb128 0x2
 470 008b 08       		.byte	0x8
 471 008c 04       		.byte	0x4
 472 008d 41010000 		.4byte	.LASF12
 473 0091 02       		.uleb128 0x2
 474 0092 01       		.byte	0x1
 475 0093 08       		.byte	0x8
 476 0094 74020000 		.4byte	.LASF13
 477 0098 04       		.uleb128 0x4
 478 0099 00000000 		.4byte	.LASF14
 479 009d 02       		.byte	0x2
 480 009e 6502     		.2byte	0x265
 481 00a0 A4000000 		.4byte	0xa4
 482 00a4 05       		.uleb128 0x5
ARM GAS  C:\Users\BREYAN~1\AppData\Local\Temp\ccgsELTp.s 			page 18


 483 00a5 77000000 		.4byte	0x77
 484 00a9 02       		.uleb128 0x2
 485 00aa 04       		.byte	0x4
 486 00ab 07       		.byte	0x7
 487 00ac 5D020000 		.4byte	.LASF15
 488 00b0 06       		.uleb128 0x6
 489 00b1 83020000 		.4byte	.LASF16
 490 00b5 01       		.byte	0x1
 491 00b6 53       		.byte	0x53
 492 00b7 77000000 		.4byte	0x77
 493 00bb 00000000 		.4byte	.LFB0
 494 00bf 20000000 		.4byte	.LFE0-.LFB0
 495 00c3 01       		.uleb128 0x1
 496 00c4 9C       		.byte	0x9c
 497 00c5 D8000000 		.4byte	0xd8
 498 00c9 07       		.uleb128 0x7
 499 00ca 05010000 		.4byte	.LASF18
 500 00ce 01       		.byte	0x1
 501 00cf 55       		.byte	0x55
 502 00d0 77000000 		.4byte	0x77
 503 00d4 02       		.uleb128 0x2
 504 00d5 91       		.byte	0x91
 505 00d6 74       		.sleb128 -12
 506 00d7 00       		.byte	0
 507 00d8 06       		.uleb128 0x6
 508 00d9 DD010000 		.4byte	.LASF17
 509 00dd 01       		.byte	0x1
 510 00de 9D       		.byte	0x9d
 511 00df 77000000 		.4byte	0x77
 512 00e3 00000000 		.4byte	.LFB1
 513 00e7 20000000 		.4byte	.LFE1-.LFB1
 514 00eb 01       		.uleb128 0x1
 515 00ec 9C       		.byte	0x9c
 516 00ed 00010000 		.4byte	0x100
 517 00f1 07       		.uleb128 0x7
 518 00f2 C5000000 		.4byte	.LASF19
 519 00f6 01       		.byte	0x1
 520 00f7 9F       		.byte	0x9f
 521 00f8 77000000 		.4byte	0x77
 522 00fc 02       		.uleb128 0x2
 523 00fd 91       		.byte	0x91
 524 00fe 74       		.sleb128 -12
 525 00ff 00       		.byte	0
 526 0100 08       		.uleb128 0x8
 527 0101 20010000 		.4byte	.LASF26
 528 0105 01       		.byte	0x1
 529 0106 C8       		.byte	0xc8
 530 0107 00000000 		.4byte	.LFB2
 531 010b 2C000000 		.4byte	.LFE2-.LFB2
 532 010f 01       		.uleb128 0x1
 533 0110 9C       		.byte	0x9c
 534 0111 09       		.uleb128 0x9
 535 0112 B6020000 		.4byte	.LASF20
 536 0116 01       		.byte	0x1
 537 0117 0101     		.2byte	0x101
 538 0119 00000000 		.4byte	.LFB3
 539 011d 2C000000 		.4byte	.LFE3-.LFB3
ARM GAS  C:\Users\BREYAN~1\AppData\Local\Temp\ccgsELTp.s 			page 19


 540 0121 01       		.uleb128 0x1
 541 0122 9C       		.byte	0x9c
 542 0123 37010000 		.4byte	0x137
 543 0127 0A       		.uleb128 0xa
 544 0128 4D000000 		.4byte	.LASF22
 545 012c 01       		.byte	0x1
 546 012d 0101     		.2byte	0x101
 547 012f 77000000 		.4byte	0x77
 548 0133 02       		.uleb128 0x2
 549 0134 91       		.byte	0x91
 550 0135 74       		.sleb128 -12
 551 0136 00       		.byte	0
 552 0137 0B       		.uleb128 0xb
 553 0138 A9000000 		.4byte	.LASF21
 554 013c 01       		.byte	0x1
 555 013d 5401     		.2byte	0x154
 556 013f 00000000 		.4byte	.LFB4
 557 0143 32000000 		.4byte	.LFE4-.LFB4
 558 0147 01       		.uleb128 0x1
 559 0148 9C       		.byte	0x9c
 560 0149 79010000 		.4byte	0x179
 561 014d 0A       		.uleb128 0xa
 562 014e 0C010000 		.4byte	.LASF23
 563 0152 01       		.byte	0x1
 564 0153 5401     		.2byte	0x154
 565 0155 79010000 		.4byte	0x179
 566 0159 02       		.uleb128 0x2
 567 015a 91       		.byte	0x91
 568 015b 6C       		.sleb128 -20
 569 015c 0A       		.uleb128 0xa
 570 015d 47000000 		.4byte	.LASF24
 571 0161 01       		.byte	0x1
 572 0162 5401     		.2byte	0x154
 573 0164 77000000 		.4byte	0x77
 574 0168 02       		.uleb128 0x2
 575 0169 91       		.byte	0x91
 576 016a 68       		.sleb128 -24
 577 016b 0C       		.uleb128 0xc
 578 016c 6900     		.ascii	"i\000"
 579 016e 01       		.byte	0x1
 580 016f 5601     		.2byte	0x156
 581 0171 77000000 		.4byte	0x77
 582 0175 02       		.uleb128 0x2
 583 0176 91       		.byte	0x91
 584 0177 74       		.sleb128 -12
 585 0178 00       		.byte	0
 586 0179 0D       		.uleb128 0xd
 587 017a 04       		.byte	0x4
 588 017b 7F010000 		.4byte	0x17f
 589 017f 0E       		.uleb128 0xe
 590 0180 6B000000 		.4byte	0x6b
 591 0184 0F       		.uleb128 0xf
 592 0185 E2000000 		.4byte	.LASF25
 593 0189 01       		.byte	0x1
 594 018a 7501     		.2byte	0x175
 595 018c 77000000 		.4byte	0x77
 596 0190 00000000 		.4byte	.LFB5
ARM GAS  C:\Users\BREYAN~1\AppData\Local\Temp\ccgsELTp.s 			page 20


 597 0194 20000000 		.4byte	.LFE5-.LFB5
 598 0198 01       		.uleb128 0x1
 599 0199 9C       		.byte	0x9c
 600 019a AE010000 		.4byte	0x1ae
 601 019e 10       		.uleb128 0x10
 602 019f C5000000 		.4byte	.LASF19
 603 01a3 01       		.byte	0x1
 604 01a4 7701     		.2byte	0x177
 605 01a6 77000000 		.4byte	0x77
 606 01aa 02       		.uleb128 0x2
 607 01ab 91       		.byte	0x91
 608 01ac 74       		.sleb128 -12
 609 01ad 00       		.byte	0
 610 01ae 11       		.uleb128 0x11
 611 01af 26000000 		.4byte	.LASF27
 612 01b3 01       		.byte	0x1
 613 01b4 A101     		.2byte	0x1a1
 614 01b6 00000000 		.4byte	.LFB6
 615 01ba 2C000000 		.4byte	.LFE6-.LFB6
 616 01be 01       		.uleb128 0x1
 617 01bf 9C       		.byte	0x9c
 618 01c0 0F       		.uleb128 0xf
 619 01c1 06000000 		.4byte	.LASF28
 620 01c5 01       		.byte	0x1
 621 01c6 C601     		.2byte	0x1c6
 622 01c8 77000000 		.4byte	0x77
 623 01cc 00000000 		.4byte	.LFB7
 624 01d0 20000000 		.4byte	.LFE7-.LFB7
 625 01d4 01       		.uleb128 0x1
 626 01d5 9C       		.byte	0x9c
 627 01d6 EA010000 		.4byte	0x1ea
 628 01da 10       		.uleb128 0x10
 629 01db 3C020000 		.4byte	.LASF29
 630 01df 01       		.byte	0x1
 631 01e0 C801     		.2byte	0x1c8
 632 01e2 77000000 		.4byte	0x77
 633 01e6 02       		.uleb128 0x2
 634 01e7 91       		.byte	0x91
 635 01e8 74       		.sleb128 -12
 636 01e9 00       		.byte	0
 637 01ea 12       		.uleb128 0x12
 638 01eb D5020000 		.4byte	.LASF30
 639 01ef 01       		.byte	0x1
 640 01f0 DC01     		.2byte	0x1dc
 641 01f2 77000000 		.4byte	0x77
 642 01f6 00000000 		.4byte	.LFB8
 643 01fa 20000000 		.4byte	.LFE8-.LFB8
 644 01fe 01       		.uleb128 0x1
 645 01ff 9C       		.byte	0x9c
 646 0200 10       		.uleb128 0x10
 647 0201 2E020000 		.4byte	.LASF31
 648 0205 01       		.byte	0x1
 649 0206 DE01     		.2byte	0x1de
 650 0208 77000000 		.4byte	0x77
 651 020c 02       		.uleb128 0x2
 652 020d 91       		.byte	0x91
 653 020e 74       		.sleb128 -12
ARM GAS  C:\Users\BREYAN~1\AppData\Local\Temp\ccgsELTp.s 			page 21


 654 020f 00       		.byte	0
 655 0210 00       		.byte	0
 656              		.section	.debug_abbrev,"",%progbits
 657              	.Ldebug_abbrev0:
 658 0000 01       		.uleb128 0x1
 659 0001 11       		.uleb128 0x11
 660 0002 01       		.byte	0x1
 661 0003 25       		.uleb128 0x25
 662 0004 0E       		.uleb128 0xe
 663 0005 13       		.uleb128 0x13
 664 0006 0B       		.uleb128 0xb
 665 0007 03       		.uleb128 0x3
 666 0008 0E       		.uleb128 0xe
 667 0009 1B       		.uleb128 0x1b
 668 000a 0E       		.uleb128 0xe
 669 000b 55       		.uleb128 0x55
 670 000c 17       		.uleb128 0x17
 671 000d 11       		.uleb128 0x11
 672 000e 01       		.uleb128 0x1
 673 000f 10       		.uleb128 0x10
 674 0010 17       		.uleb128 0x17
 675 0011 00       		.byte	0
 676 0012 00       		.byte	0
 677 0013 02       		.uleb128 0x2
 678 0014 24       		.uleb128 0x24
 679 0015 00       		.byte	0
 680 0016 0B       		.uleb128 0xb
 681 0017 0B       		.uleb128 0xb
 682 0018 3E       		.uleb128 0x3e
 683 0019 0B       		.uleb128 0xb
 684 001a 03       		.uleb128 0x3
 685 001b 0E       		.uleb128 0xe
 686 001c 00       		.byte	0
 687 001d 00       		.byte	0
 688 001e 03       		.uleb128 0x3
 689 001f 24       		.uleb128 0x24
 690 0020 00       		.byte	0
 691 0021 0B       		.uleb128 0xb
 692 0022 0B       		.uleb128 0xb
 693 0023 3E       		.uleb128 0x3e
 694 0024 0B       		.uleb128 0xb
 695 0025 03       		.uleb128 0x3
 696 0026 08       		.uleb128 0x8
 697 0027 00       		.byte	0
 698 0028 00       		.byte	0
 699 0029 04       		.uleb128 0x4
 700 002a 16       		.uleb128 0x16
 701 002b 00       		.byte	0
 702 002c 03       		.uleb128 0x3
 703 002d 0E       		.uleb128 0xe
 704 002e 3A       		.uleb128 0x3a
 705 002f 0B       		.uleb128 0xb
 706 0030 3B       		.uleb128 0x3b
 707 0031 05       		.uleb128 0x5
 708 0032 49       		.uleb128 0x49
 709 0033 13       		.uleb128 0x13
 710 0034 00       		.byte	0
ARM GAS  C:\Users\BREYAN~1\AppData\Local\Temp\ccgsELTp.s 			page 22


 711 0035 00       		.byte	0
 712 0036 05       		.uleb128 0x5
 713 0037 35       		.uleb128 0x35
 714 0038 00       		.byte	0
 715 0039 49       		.uleb128 0x49
 716 003a 13       		.uleb128 0x13
 717 003b 00       		.byte	0
 718 003c 00       		.byte	0
 719 003d 06       		.uleb128 0x6
 720 003e 2E       		.uleb128 0x2e
 721 003f 01       		.byte	0x1
 722 0040 3F       		.uleb128 0x3f
 723 0041 19       		.uleb128 0x19
 724 0042 03       		.uleb128 0x3
 725 0043 0E       		.uleb128 0xe
 726 0044 3A       		.uleb128 0x3a
 727 0045 0B       		.uleb128 0xb
 728 0046 3B       		.uleb128 0x3b
 729 0047 0B       		.uleb128 0xb
 730 0048 27       		.uleb128 0x27
 731 0049 19       		.uleb128 0x19
 732 004a 49       		.uleb128 0x49
 733 004b 13       		.uleb128 0x13
 734 004c 11       		.uleb128 0x11
 735 004d 01       		.uleb128 0x1
 736 004e 12       		.uleb128 0x12
 737 004f 06       		.uleb128 0x6
 738 0050 40       		.uleb128 0x40
 739 0051 18       		.uleb128 0x18
 740 0052 9742     		.uleb128 0x2117
 741 0054 19       		.uleb128 0x19
 742 0055 01       		.uleb128 0x1
 743 0056 13       		.uleb128 0x13
 744 0057 00       		.byte	0
 745 0058 00       		.byte	0
 746 0059 07       		.uleb128 0x7
 747 005a 34       		.uleb128 0x34
 748 005b 00       		.byte	0
 749 005c 03       		.uleb128 0x3
 750 005d 0E       		.uleb128 0xe
 751 005e 3A       		.uleb128 0x3a
 752 005f 0B       		.uleb128 0xb
 753 0060 3B       		.uleb128 0x3b
 754 0061 0B       		.uleb128 0xb
 755 0062 49       		.uleb128 0x49
 756 0063 13       		.uleb128 0x13
 757 0064 02       		.uleb128 0x2
 758 0065 18       		.uleb128 0x18
 759 0066 00       		.byte	0
 760 0067 00       		.byte	0
 761 0068 08       		.uleb128 0x8
 762 0069 2E       		.uleb128 0x2e
 763 006a 00       		.byte	0
 764 006b 3F       		.uleb128 0x3f
 765 006c 19       		.uleb128 0x19
 766 006d 03       		.uleb128 0x3
 767 006e 0E       		.uleb128 0xe
ARM GAS  C:\Users\BREYAN~1\AppData\Local\Temp\ccgsELTp.s 			page 23


 768 006f 3A       		.uleb128 0x3a
 769 0070 0B       		.uleb128 0xb
 770 0071 3B       		.uleb128 0x3b
 771 0072 0B       		.uleb128 0xb
 772 0073 27       		.uleb128 0x27
 773 0074 19       		.uleb128 0x19
 774 0075 11       		.uleb128 0x11
 775 0076 01       		.uleb128 0x1
 776 0077 12       		.uleb128 0x12
 777 0078 06       		.uleb128 0x6
 778 0079 40       		.uleb128 0x40
 779 007a 18       		.uleb128 0x18
 780 007b 9742     		.uleb128 0x2117
 781 007d 19       		.uleb128 0x19
 782 007e 00       		.byte	0
 783 007f 00       		.byte	0
 784 0080 09       		.uleb128 0x9
 785 0081 2E       		.uleb128 0x2e
 786 0082 01       		.byte	0x1
 787 0083 3F       		.uleb128 0x3f
 788 0084 19       		.uleb128 0x19
 789 0085 03       		.uleb128 0x3
 790 0086 0E       		.uleb128 0xe
 791 0087 3A       		.uleb128 0x3a
 792 0088 0B       		.uleb128 0xb
 793 0089 3B       		.uleb128 0x3b
 794 008a 05       		.uleb128 0x5
 795 008b 27       		.uleb128 0x27
 796 008c 19       		.uleb128 0x19
 797 008d 11       		.uleb128 0x11
 798 008e 01       		.uleb128 0x1
 799 008f 12       		.uleb128 0x12
 800 0090 06       		.uleb128 0x6
 801 0091 40       		.uleb128 0x40
 802 0092 18       		.uleb128 0x18
 803 0093 9742     		.uleb128 0x2117
 804 0095 19       		.uleb128 0x19
 805 0096 01       		.uleb128 0x1
 806 0097 13       		.uleb128 0x13
 807 0098 00       		.byte	0
 808 0099 00       		.byte	0
 809 009a 0A       		.uleb128 0xa
 810 009b 05       		.uleb128 0x5
 811 009c 00       		.byte	0
 812 009d 03       		.uleb128 0x3
 813 009e 0E       		.uleb128 0xe
 814 009f 3A       		.uleb128 0x3a
 815 00a0 0B       		.uleb128 0xb
 816 00a1 3B       		.uleb128 0x3b
 817 00a2 05       		.uleb128 0x5
 818 00a3 49       		.uleb128 0x49
 819 00a4 13       		.uleb128 0x13
 820 00a5 02       		.uleb128 0x2
 821 00a6 18       		.uleb128 0x18
 822 00a7 00       		.byte	0
 823 00a8 00       		.byte	0
 824 00a9 0B       		.uleb128 0xb
ARM GAS  C:\Users\BREYAN~1\AppData\Local\Temp\ccgsELTp.s 			page 24


 825 00aa 2E       		.uleb128 0x2e
 826 00ab 01       		.byte	0x1
 827 00ac 3F       		.uleb128 0x3f
 828 00ad 19       		.uleb128 0x19
 829 00ae 03       		.uleb128 0x3
 830 00af 0E       		.uleb128 0xe
 831 00b0 3A       		.uleb128 0x3a
 832 00b1 0B       		.uleb128 0xb
 833 00b2 3B       		.uleb128 0x3b
 834 00b3 05       		.uleb128 0x5
 835 00b4 27       		.uleb128 0x27
 836 00b5 19       		.uleb128 0x19
 837 00b6 11       		.uleb128 0x11
 838 00b7 01       		.uleb128 0x1
 839 00b8 12       		.uleb128 0x12
 840 00b9 06       		.uleb128 0x6
 841 00ba 40       		.uleb128 0x40
 842 00bb 18       		.uleb128 0x18
 843 00bc 9642     		.uleb128 0x2116
 844 00be 19       		.uleb128 0x19
 845 00bf 01       		.uleb128 0x1
 846 00c0 13       		.uleb128 0x13
 847 00c1 00       		.byte	0
 848 00c2 00       		.byte	0
 849 00c3 0C       		.uleb128 0xc
 850 00c4 34       		.uleb128 0x34
 851 00c5 00       		.byte	0
 852 00c6 03       		.uleb128 0x3
 853 00c7 08       		.uleb128 0x8
 854 00c8 3A       		.uleb128 0x3a
 855 00c9 0B       		.uleb128 0xb
 856 00ca 3B       		.uleb128 0x3b
 857 00cb 05       		.uleb128 0x5
 858 00cc 49       		.uleb128 0x49
 859 00cd 13       		.uleb128 0x13
 860 00ce 02       		.uleb128 0x2
 861 00cf 18       		.uleb128 0x18
 862 00d0 00       		.byte	0
 863 00d1 00       		.byte	0
 864 00d2 0D       		.uleb128 0xd
 865 00d3 0F       		.uleb128 0xf
 866 00d4 00       		.byte	0
 867 00d5 0B       		.uleb128 0xb
 868 00d6 0B       		.uleb128 0xb
 869 00d7 49       		.uleb128 0x49
 870 00d8 13       		.uleb128 0x13
 871 00d9 00       		.byte	0
 872 00da 00       		.byte	0
 873 00db 0E       		.uleb128 0xe
 874 00dc 26       		.uleb128 0x26
 875 00dd 00       		.byte	0
 876 00de 49       		.uleb128 0x49
 877 00df 13       		.uleb128 0x13
 878 00e0 00       		.byte	0
 879 00e1 00       		.byte	0
 880 00e2 0F       		.uleb128 0xf
 881 00e3 2E       		.uleb128 0x2e
ARM GAS  C:\Users\BREYAN~1\AppData\Local\Temp\ccgsELTp.s 			page 25


 882 00e4 01       		.byte	0x1
 883 00e5 3F       		.uleb128 0x3f
 884 00e6 19       		.uleb128 0x19
 885 00e7 03       		.uleb128 0x3
 886 00e8 0E       		.uleb128 0xe
 887 00e9 3A       		.uleb128 0x3a
 888 00ea 0B       		.uleb128 0xb
 889 00eb 3B       		.uleb128 0x3b
 890 00ec 05       		.uleb128 0x5
 891 00ed 27       		.uleb128 0x27
 892 00ee 19       		.uleb128 0x19
 893 00ef 49       		.uleb128 0x49
 894 00f0 13       		.uleb128 0x13
 895 00f1 11       		.uleb128 0x11
 896 00f2 01       		.uleb128 0x1
 897 00f3 12       		.uleb128 0x12
 898 00f4 06       		.uleb128 0x6
 899 00f5 40       		.uleb128 0x40
 900 00f6 18       		.uleb128 0x18
 901 00f7 9742     		.uleb128 0x2117
 902 00f9 19       		.uleb128 0x19
 903 00fa 01       		.uleb128 0x1
 904 00fb 13       		.uleb128 0x13
 905 00fc 00       		.byte	0
 906 00fd 00       		.byte	0
 907 00fe 10       		.uleb128 0x10
 908 00ff 34       		.uleb128 0x34
 909 0100 00       		.byte	0
 910 0101 03       		.uleb128 0x3
 911 0102 0E       		.uleb128 0xe
 912 0103 3A       		.uleb128 0x3a
 913 0104 0B       		.uleb128 0xb
 914 0105 3B       		.uleb128 0x3b
 915 0106 05       		.uleb128 0x5
 916 0107 49       		.uleb128 0x49
 917 0108 13       		.uleb128 0x13
 918 0109 02       		.uleb128 0x2
 919 010a 18       		.uleb128 0x18
 920 010b 00       		.byte	0
 921 010c 00       		.byte	0
 922 010d 11       		.uleb128 0x11
 923 010e 2E       		.uleb128 0x2e
 924 010f 00       		.byte	0
 925 0110 3F       		.uleb128 0x3f
 926 0111 19       		.uleb128 0x19
 927 0112 03       		.uleb128 0x3
 928 0113 0E       		.uleb128 0xe
 929 0114 3A       		.uleb128 0x3a
 930 0115 0B       		.uleb128 0xb
 931 0116 3B       		.uleb128 0x3b
 932 0117 05       		.uleb128 0x5
 933 0118 27       		.uleb128 0x27
 934 0119 19       		.uleb128 0x19
 935 011a 11       		.uleb128 0x11
 936 011b 01       		.uleb128 0x1
 937 011c 12       		.uleb128 0x12
 938 011d 06       		.uleb128 0x6
ARM GAS  C:\Users\BREYAN~1\AppData\Local\Temp\ccgsELTp.s 			page 26


 939 011e 40       		.uleb128 0x40
 940 011f 18       		.uleb128 0x18
 941 0120 9742     		.uleb128 0x2117
 942 0122 19       		.uleb128 0x19
 943 0123 00       		.byte	0
 944 0124 00       		.byte	0
 945 0125 12       		.uleb128 0x12
 946 0126 2E       		.uleb128 0x2e
 947 0127 01       		.byte	0x1
 948 0128 3F       		.uleb128 0x3f
 949 0129 19       		.uleb128 0x19
 950 012a 03       		.uleb128 0x3
 951 012b 0E       		.uleb128 0xe
 952 012c 3A       		.uleb128 0x3a
 953 012d 0B       		.uleb128 0xb
 954 012e 3B       		.uleb128 0x3b
 955 012f 05       		.uleb128 0x5
 956 0130 27       		.uleb128 0x27
 957 0131 19       		.uleb128 0x19
 958 0132 49       		.uleb128 0x49
 959 0133 13       		.uleb128 0x13
 960 0134 11       		.uleb128 0x11
 961 0135 01       		.uleb128 0x1
 962 0136 12       		.uleb128 0x12
 963 0137 06       		.uleb128 0x6
 964 0138 40       		.uleb128 0x40
 965 0139 18       		.uleb128 0x18
 966 013a 9742     		.uleb128 0x2117
 967 013c 19       		.uleb128 0x19
 968 013d 00       		.byte	0
 969 013e 00       		.byte	0
 970 013f 00       		.byte	0
 971              		.section	.debug_aranges,"",%progbits
 972 0000 5C000000 		.4byte	0x5c
 973 0004 0200     		.2byte	0x2
 974 0006 00000000 		.4byte	.Ldebug_info0
 975 000a 04       		.byte	0x4
 976 000b 00       		.byte	0
 977 000c 0000     		.2byte	0
 978 000e 0000     		.2byte	0
 979 0010 00000000 		.4byte	.LFB0
 980 0014 20000000 		.4byte	.LFE0-.LFB0
 981 0018 00000000 		.4byte	.LFB1
 982 001c 20000000 		.4byte	.LFE1-.LFB1
 983 0020 00000000 		.4byte	.LFB2
 984 0024 2C000000 		.4byte	.LFE2-.LFB2
 985 0028 00000000 		.4byte	.LFB3
 986 002c 2C000000 		.4byte	.LFE3-.LFB3
 987 0030 00000000 		.4byte	.LFB4
 988 0034 32000000 		.4byte	.LFE4-.LFB4
 989 0038 00000000 		.4byte	.LFB5
 990 003c 20000000 		.4byte	.LFE5-.LFB5
 991 0040 00000000 		.4byte	.LFB6
 992 0044 2C000000 		.4byte	.LFE6-.LFB6
 993 0048 00000000 		.4byte	.LFB7
 994 004c 20000000 		.4byte	.LFE7-.LFB7
 995 0050 00000000 		.4byte	.LFB8
ARM GAS  C:\Users\BREYAN~1\AppData\Local\Temp\ccgsELTp.s 			page 27


 996 0054 20000000 		.4byte	.LFE8-.LFB8
 997 0058 00000000 		.4byte	0
 998 005c 00000000 		.4byte	0
 999              		.section	.debug_ranges,"",%progbits
 1000              	.Ldebug_ranges0:
 1001 0000 00000000 		.4byte	.LFB0
 1002 0004 20000000 		.4byte	.LFE0
 1003 0008 00000000 		.4byte	.LFB1
 1004 000c 20000000 		.4byte	.LFE1
 1005 0010 00000000 		.4byte	.LFB2
 1006 0014 2C000000 		.4byte	.LFE2
 1007 0018 00000000 		.4byte	.LFB3
 1008 001c 2C000000 		.4byte	.LFE3
 1009 0020 00000000 		.4byte	.LFB4
 1010 0024 32000000 		.4byte	.LFE4
 1011 0028 00000000 		.4byte	.LFB5
 1012 002c 20000000 		.4byte	.LFE5
 1013 0030 00000000 		.4byte	.LFB6
 1014 0034 2C000000 		.4byte	.LFE6
 1015 0038 00000000 		.4byte	.LFB7
 1016 003c 20000000 		.4byte	.LFE7
 1017 0040 00000000 		.4byte	.LFB8
 1018 0044 20000000 		.4byte	.LFE8
 1019 0048 00000000 		.4byte	0
 1020 004c 00000000 		.4byte	0
 1021              		.section	.debug_line,"",%progbits
 1022              	.Ldebug_line0:
 1023 0000 26010000 		.section	.debug_str,"MS",%progbits,1
 1023      02005100 
 1023      00000201 
 1023      FB0E0D00 
 1023      01010101 
 1024              	.LASF14:
 1025 0000 72656733 		.ascii	"reg32\000"
 1025      3200
 1026              	.LASF28:
 1027 0006 53444361 		.ascii	"SDCard_SPIM_SpiUartDisableIntRx\000"
 1027      72645F53 
 1027      50494D5F 
 1027      53706955 
 1027      61727444 
 1028              	.LASF27:
 1029 0026 53444361 		.ascii	"SDCard_SPIM_SpiUartClearTxBuffer\000"
 1029      72645F53 
 1029      50494D5F 
 1029      53706955 
 1029      61727443 
 1030              	.LASF24:
 1031 0047 636F756E 		.ascii	"count\000"
 1031      7400
 1032              	.LASF22:
 1033 004d 74784461 		.ascii	"txData\000"
 1033      746100
 1034              	.LASF34:
 1035 0054 433A5C55 		.ascii	"C:\\Users\\Breyana_2\\Documents\\SDCard_Demo.cydsn\000"
 1035      73657273 
 1035      5C427265 
ARM GAS  C:\Users\BREYAN~1\AppData\Local\Temp\ccgsELTp.s 			page 28


 1035      79616E61 
 1035      5F325C44 
 1036              	.LASF3:
 1037 0083 73686F72 		.ascii	"short unsigned int\000"
 1037      7420756E 
 1037      7369676E 
 1037      65642069 
 1037      6E7400
 1038              	.LASF8:
 1039 0096 756E7369 		.ascii	"unsigned int\000"
 1039      676E6564 
 1039      20696E74 
 1039      00
 1040              	.LASF11:
 1041 00a3 666C6F61 		.ascii	"float\000"
 1041      7400
 1042              	.LASF21:
 1043 00a9 53444361 		.ascii	"SDCard_SPIM_SpiUartPutArray\000"
 1043      72645F53 
 1043      50494D5F 
 1043      53706955 
 1043      61727450 
 1044              	.LASF19:
 1045 00c5 73697A65 		.ascii	"size\000"
 1045      00
 1046              	.LASF5:
 1047 00ca 6C6F6E67 		.ascii	"long unsigned int\000"
 1047      20756E73 
 1047      69676E65 
 1047      6420696E 
 1047      7400
 1048              	.LASF9:
 1049 00dc 75696E74 		.ascii	"uint8\000"
 1049      3800
 1050              	.LASF25:
 1051 00e2 53444361 		.ascii	"SDCard_SPIM_SpiUartGetTxBufferSize\000"
 1051      72645F53 
 1051      50494D5F 
 1051      53706955 
 1051      61727447 
 1052              	.LASF18:
 1053 0105 72784461 		.ascii	"rxData\000"
 1053      746100
 1054              	.LASF23:
 1055 010c 77724275 		.ascii	"wrBuf\000"
 1055      6600
 1056              	.LASF1:
 1057 0112 756E7369 		.ascii	"unsigned char\000"
 1057      676E6564 
 1057      20636861 
 1057      7200
 1058              	.LASF26:
 1059 0120 53444361 		.ascii	"SDCard_SPIM_SpiUartClearRxBuffer\000"
 1059      72645F53 
 1059      50494D5F 
 1059      53706955 
 1059      61727443 
ARM GAS  C:\Users\BREYAN~1\AppData\Local\Temp\ccgsELTp.s 			page 29


 1060              	.LASF12:
 1061 0141 646F7562 		.ascii	"double\000"
 1061      6C6500
 1062              	.LASF32:
 1063 0148 474E5520 		.ascii	"GNU C 4.9.3 20150303 (release) [ARM/embedded-4_9-br"
 1063      4320342E 
 1063      392E3320 
 1063      32303135 
 1063      30333033 
 1064 017b 616E6368 		.ascii	"anch revision 221220] -mcpu=cortex-m0 -mthumb -g -O"
 1064      20726576 
 1064      6973696F 
 1064      6E203232 
 1064      31323230 
 1065 01ae 30202D66 		.ascii	"0 -ffunction-sections -ffat-lto-objects\000"
 1065      66756E63 
 1065      74696F6E 
 1065      2D736563 
 1065      74696F6E 
 1066              	.LASF10:
 1067 01d6 75696E74 		.ascii	"uint32\000"
 1067      333200
 1068              	.LASF17:
 1069 01dd 53444361 		.ascii	"SDCard_SPIM_SpiUartGetRxBufferSize\000"
 1069      72645F53 
 1069      50494D5F 
 1069      53706955 
 1069      61727447 
 1070              	.LASF33:
 1071 0200 47656E65 		.ascii	"Generated_Source\\PSoC4\\SDCard_SPIM_SPI_UART.c\000"
 1071      72617465 
 1071      645F536F 
 1071      75726365 
 1071      5C50536F 
 1072              	.LASF31:
 1073 022e 696E7453 		.ascii	"intSourceMask\000"
 1073      6F757263 
 1073      654D6173 
 1073      6B00
 1074              	.LASF29:
 1075 023c 696E7453 		.ascii	"intSource\000"
 1075      6F757263 
 1075      6500
 1076              	.LASF7:
 1077 0246 6C6F6E67 		.ascii	"long long unsigned int\000"
 1077      206C6F6E 
 1077      6720756E 
 1077      7369676E 
 1077      65642069 
 1078              	.LASF15:
 1079 025d 73697A65 		.ascii	"sizetype\000"
 1079      74797065 
 1079      00
 1080              	.LASF6:
 1081 0266 6C6F6E67 		.ascii	"long long int\000"
 1081      206C6F6E 
 1081      6720696E 
ARM GAS  C:\Users\BREYAN~1\AppData\Local\Temp\ccgsELTp.s 			page 30


 1081      7400
 1082              	.LASF13:
 1083 0274 63686172 		.ascii	"char\000"
 1083      00
 1084              	.LASF2:
 1085 0279 73686F72 		.ascii	"short int\000"
 1085      7420696E 
 1085      7400
 1086              	.LASF16:
 1087 0283 53444361 		.ascii	"SDCard_SPIM_SpiUartReadRxData\000"
 1087      72645F53 
 1087      50494D5F 
 1087      53706955 
 1087      61727452 
 1088              	.LASF4:
 1089 02a1 6C6F6E67 		.ascii	"long int\000"
 1089      20696E74 
 1089      00
 1090              	.LASF0:
 1091 02aa 7369676E 		.ascii	"signed char\000"
 1091      65642063 
 1091      68617200 
 1092              	.LASF20:
 1093 02b6 53444361 		.ascii	"SDCard_SPIM_SpiUartWriteTxData\000"
 1093      72645F53 
 1093      50494D5F 
 1093      53706955 
 1093      61727457 
 1094              	.LASF30:
 1095 02d5 53444361 		.ascii	"SDCard_SPIM_SpiUartDisableIntTx\000"
 1095      72645F53 
 1095      50494D5F 
 1095      53706955 
 1095      61727444 
 1096              		.ident	"GCC: (GNU Tools for ARM Embedded Processors) 4.9.3 20150303 (release) [ARM/embedded-4_9-br
