ARM GAS  C:\Users\Rafael\AppData\Local\Temp\ccsXlayn.s 			page 1


   1              		.syntax unified
   2              		.cpu cortex-m0
   3              		.fpu softvfp
   4              		.eabi_attribute 20, 1
   5              		.eabi_attribute 21, 1
   6              		.eabi_attribute 23, 3
   7              		.eabi_attribute 24, 1
   8              		.eabi_attribute 25, 1
   9              		.eabi_attribute 26, 1
  10              		.eabi_attribute 30, 6
  11              		.eabi_attribute 34, 0
  12              		.eabi_attribute 18, 4
  13              		.thumb
  14              		.syntax unified
  15              		.file	"cyfitter_cfg.c"
  16              		.text
  17              	.Ltext0:
  18              		.cfi_sections	.debug_frame
  19              		.section	.text.CYMEMZERO,"ax",%progbits
  20              		.align	2
  21              		.code	16
  22              		.thumb_func
  23              		.type	CYMEMZERO, %function
  24              	CYMEMZERO:
  25              	.LFB0:
  26              		.file 1 "Generated_Source\\PSoC4\\cyfitter_cfg.c"
   1:Generated_Source\PSoC4/cyfitter_cfg.c **** 
   2:Generated_Source\PSoC4/cyfitter_cfg.c **** /*******************************************************************************
   3:Generated_Source\PSoC4/cyfitter_cfg.c **** * File Name: cyfitter_cfg.c
   4:Generated_Source\PSoC4/cyfitter_cfg.c **** * 
   5:Generated_Source\PSoC4/cyfitter_cfg.c **** * PSoC Creator  4.1
   6:Generated_Source\PSoC4/cyfitter_cfg.c **** *
   7:Generated_Source\PSoC4/cyfitter_cfg.c **** * Description:
   8:Generated_Source\PSoC4/cyfitter_cfg.c **** * This file contains device initialization code.
   9:Generated_Source\PSoC4/cyfitter_cfg.c **** * Except for the user defined sections in CyClockStartupError(), this file should not be modified.
  10:Generated_Source\PSoC4/cyfitter_cfg.c **** * This file is automatically generated by PSoC Creator.
  11:Generated_Source\PSoC4/cyfitter_cfg.c **** *
  12:Generated_Source\PSoC4/cyfitter_cfg.c **** ********************************************************************************
  13:Generated_Source\PSoC4/cyfitter_cfg.c **** * Copyright (c) 2007-2017 Cypress Semiconductor.  All rights reserved.
  14:Generated_Source\PSoC4/cyfitter_cfg.c **** * You may use this file only in accordance with the license, terms, conditions, 
  15:Generated_Source\PSoC4/cyfitter_cfg.c **** * disclaimers, and limitations in the end user license agreement accompanying 
  16:Generated_Source\PSoC4/cyfitter_cfg.c **** * the software package with which this file was provided.
  17:Generated_Source\PSoC4/cyfitter_cfg.c **** ********************************************************************************/
  18:Generated_Source\PSoC4/cyfitter_cfg.c **** 
  19:Generated_Source\PSoC4/cyfitter_cfg.c **** #include <string.h>
  20:Generated_Source\PSoC4/cyfitter_cfg.c **** #include "cytypes.h"
  21:Generated_Source\PSoC4/cyfitter_cfg.c **** #include "cydevice_trm.h"
  22:Generated_Source\PSoC4/cyfitter_cfg.c **** #include "cyfitter.h"
  23:Generated_Source\PSoC4/cyfitter_cfg.c **** #include "CyLib.h"
  24:Generated_Source\PSoC4/cyfitter_cfg.c **** #include "cyfitter_cfg.h"
  25:Generated_Source\PSoC4/cyfitter_cfg.c **** 
  26:Generated_Source\PSoC4/cyfitter_cfg.c **** 
  27:Generated_Source\PSoC4/cyfitter_cfg.c **** #if defined(__GNUC__) || defined(__ARMCC_VERSION)
  28:Generated_Source\PSoC4/cyfitter_cfg.c ****     #define CYPACKED 
  29:Generated_Source\PSoC4/cyfitter_cfg.c ****     #define CYPACKED_ATTR __attribute__ ((packed))
  30:Generated_Source\PSoC4/cyfitter_cfg.c ****     #define CYALIGNED __attribute__ ((aligned))
  31:Generated_Source\PSoC4/cyfitter_cfg.c ****     #define CY_CFG_UNUSED __attribute__ ((unused))
ARM GAS  C:\Users\Rafael\AppData\Local\Temp\ccsXlayn.s 			page 2


  32:Generated_Source\PSoC4/cyfitter_cfg.c ****     #ifndef CY_CFG_SECTION
  33:Generated_Source\PSoC4/cyfitter_cfg.c ****         #define CY_CFG_SECTION __attribute__ ((section(".psocinit")))
  34:Generated_Source\PSoC4/cyfitter_cfg.c ****     #endif
  35:Generated_Source\PSoC4/cyfitter_cfg.c ****     
  36:Generated_Source\PSoC4/cyfitter_cfg.c ****     #if defined(__ARMCC_VERSION)
  37:Generated_Source\PSoC4/cyfitter_cfg.c ****         #define CY_CFG_MEMORY_BARRIER() __memory_changed()
  38:Generated_Source\PSoC4/cyfitter_cfg.c ****     #else
  39:Generated_Source\PSoC4/cyfitter_cfg.c ****         #define CY_CFG_MEMORY_BARRIER() __sync_synchronize()
  40:Generated_Source\PSoC4/cyfitter_cfg.c ****     #endif
  41:Generated_Source\PSoC4/cyfitter_cfg.c ****     
  42:Generated_Source\PSoC4/cyfitter_cfg.c **** #elif defined(__ICCARM__)
  43:Generated_Source\PSoC4/cyfitter_cfg.c ****     #include <intrinsics.h>
  44:Generated_Source\PSoC4/cyfitter_cfg.c **** 
  45:Generated_Source\PSoC4/cyfitter_cfg.c ****     #define CYPACKED __packed
  46:Generated_Source\PSoC4/cyfitter_cfg.c ****     #define CYPACKED_ATTR 
  47:Generated_Source\PSoC4/cyfitter_cfg.c ****     #define CYALIGNED _Pragma("data_alignment=4")
  48:Generated_Source\PSoC4/cyfitter_cfg.c ****     #define CY_CFG_UNUSED _Pragma("diag_suppress=Pe177")
  49:Generated_Source\PSoC4/cyfitter_cfg.c ****     #define CY_CFG_SECTION _Pragma("location=\".psocinit\"")
  50:Generated_Source\PSoC4/cyfitter_cfg.c ****     
  51:Generated_Source\PSoC4/cyfitter_cfg.c ****     #define CY_CFG_MEMORY_BARRIER() __DMB()
  52:Generated_Source\PSoC4/cyfitter_cfg.c ****     
  53:Generated_Source\PSoC4/cyfitter_cfg.c **** #else
  54:Generated_Source\PSoC4/cyfitter_cfg.c ****     #error Unsupported toolchain
  55:Generated_Source\PSoC4/cyfitter_cfg.c **** #endif
  56:Generated_Source\PSoC4/cyfitter_cfg.c **** 
  57:Generated_Source\PSoC4/cyfitter_cfg.c **** #ifndef CYCODE
  58:Generated_Source\PSoC4/cyfitter_cfg.c ****     #define CYCODE
  59:Generated_Source\PSoC4/cyfitter_cfg.c **** #endif
  60:Generated_Source\PSoC4/cyfitter_cfg.c **** #ifndef CYDATA
  61:Generated_Source\PSoC4/cyfitter_cfg.c ****     #define CYDATA
  62:Generated_Source\PSoC4/cyfitter_cfg.c **** #endif
  63:Generated_Source\PSoC4/cyfitter_cfg.c **** #ifndef CYFAR
  64:Generated_Source\PSoC4/cyfitter_cfg.c ****     #define CYFAR
  65:Generated_Source\PSoC4/cyfitter_cfg.c **** #endif
  66:Generated_Source\PSoC4/cyfitter_cfg.c **** #ifndef CYXDATA
  67:Generated_Source\PSoC4/cyfitter_cfg.c ****     #define CYXDATA
  68:Generated_Source\PSoC4/cyfitter_cfg.c **** #endif
  69:Generated_Source\PSoC4/cyfitter_cfg.c **** 
  70:Generated_Source\PSoC4/cyfitter_cfg.c **** 
  71:Generated_Source\PSoC4/cyfitter_cfg.c **** CY_CFG_UNUSED
  72:Generated_Source\PSoC4/cyfitter_cfg.c **** static void CYMEMZERO(void *s, size_t n);
  73:Generated_Source\PSoC4/cyfitter_cfg.c **** CY_CFG_UNUSED
  74:Generated_Source\PSoC4/cyfitter_cfg.c **** static void CYMEMZERO(void *s, size_t n)
  75:Generated_Source\PSoC4/cyfitter_cfg.c **** {
  27              		.loc 1 75 0
  28              		.cfi_startproc
  29              		@ args = 0, pretend = 0, frame = 8
  30              		@ frame_needed = 1, uses_anonymous_args = 0
  31 0000 80B5     		push	{r7, lr}
  32              		.cfi_def_cfa_offset 8
  33              		.cfi_offset 7, -8
  34              		.cfi_offset 14, -4
  35 0002 82B0     		sub	sp, sp, #8
  36              		.cfi_def_cfa_offset 16
  37 0004 00AF     		add	r7, sp, #0
  38              		.cfi_def_cfa_register 7
  39 0006 7860     		str	r0, [r7, #4]
ARM GAS  C:\Users\Rafael\AppData\Local\Temp\ccsXlayn.s 			page 3


  40 0008 3960     		str	r1, [r7]
  76:Generated_Source\PSoC4/cyfitter_cfg.c **** 	(void)memset(s, 0, n);
  41              		.loc 1 76 0
  42 000a 3A68     		ldr	r2, [r7]
  43 000c 7B68     		ldr	r3, [r7, #4]
  44 000e 0021     		movs	r1, #0
  45 0010 1800     		movs	r0, r3
  46 0012 FFF7FEFF 		bl	memset
  77:Generated_Source\PSoC4/cyfitter_cfg.c **** }
  47              		.loc 1 77 0
  48 0016 C046     		nop
  49 0018 BD46     		mov	sp, r7
  50 001a 02B0     		add	sp, sp, #8
  51              		@ sp needed
  52 001c 80BD     		pop	{r7, pc}
  53              		.cfi_endproc
  54              	.LFE0:
  55              		.size	CYMEMZERO, .-CYMEMZERO
  56 001e C046     		.section	.text.CYCONFIGCPY,"ax",%progbits
  57              		.align	2
  58              		.code	16
  59              		.thumb_func
  60              		.type	CYCONFIGCPY, %function
  61              	CYCONFIGCPY:
  62              	.LFB1:
  78:Generated_Source\PSoC4/cyfitter_cfg.c **** CY_CFG_UNUSED
  79:Generated_Source\PSoC4/cyfitter_cfg.c **** static void CYCONFIGCPY(void *dest, const void *src, size_t n);
  80:Generated_Source\PSoC4/cyfitter_cfg.c **** CY_CFG_UNUSED
  81:Generated_Source\PSoC4/cyfitter_cfg.c **** static void CYCONFIGCPY(void *dest, const void *src, size_t n)
  82:Generated_Source\PSoC4/cyfitter_cfg.c **** {
  63              		.loc 1 82 0
  64              		.cfi_startproc
  65              		@ args = 0, pretend = 0, frame = 16
  66              		@ frame_needed = 1, uses_anonymous_args = 0
  67 0000 80B5     		push	{r7, lr}
  68              		.cfi_def_cfa_offset 8
  69              		.cfi_offset 7, -8
  70              		.cfi_offset 14, -4
  71 0002 84B0     		sub	sp, sp, #16
  72              		.cfi_def_cfa_offset 24
  73 0004 00AF     		add	r7, sp, #0
  74              		.cfi_def_cfa_register 7
  75 0006 F860     		str	r0, [r7, #12]
  76 0008 B960     		str	r1, [r7, #8]
  77 000a 7A60     		str	r2, [r7, #4]
  83:Generated_Source\PSoC4/cyfitter_cfg.c **** 	(void)memcpy(dest, src, n);
  78              		.loc 1 83 0
  79 000c 7A68     		ldr	r2, [r7, #4]
  80 000e B968     		ldr	r1, [r7, #8]
  81 0010 FB68     		ldr	r3, [r7, #12]
  82 0012 1800     		movs	r0, r3
  83 0014 FFF7FEFF 		bl	memcpy
  84:Generated_Source\PSoC4/cyfitter_cfg.c **** }
  84              		.loc 1 84 0
  85 0018 C046     		nop
  86 001a BD46     		mov	sp, r7
  87 001c 04B0     		add	sp, sp, #16
ARM GAS  C:\Users\Rafael\AppData\Local\Temp\ccsXlayn.s 			page 4


  88              		@ sp needed
  89 001e 80BD     		pop	{r7, pc}
  90              		.cfi_endproc
  91              	.LFE1:
  92              		.size	CYCONFIGCPY, .-CYCONFIGCPY
  93              		.section	.text.CYCONFIGCPYCODE,"ax",%progbits
  94              		.align	2
  95              		.code	16
  96              		.thumb_func
  97              		.type	CYCONFIGCPYCODE, %function
  98              	CYCONFIGCPYCODE:
  99              	.LFB2:
  85:Generated_Source\PSoC4/cyfitter_cfg.c **** CY_CFG_UNUSED
  86:Generated_Source\PSoC4/cyfitter_cfg.c **** static void CYCONFIGCPYCODE(void *dest, const void *src, size_t n);
  87:Generated_Source\PSoC4/cyfitter_cfg.c **** CY_CFG_UNUSED
  88:Generated_Source\PSoC4/cyfitter_cfg.c **** static void CYCONFIGCPYCODE(void *dest, const void *src, size_t n)
  89:Generated_Source\PSoC4/cyfitter_cfg.c **** {
 100              		.loc 1 89 0
 101              		.cfi_startproc
 102              		@ args = 0, pretend = 0, frame = 16
 103              		@ frame_needed = 1, uses_anonymous_args = 0
 104 0000 80B5     		push	{r7, lr}
 105              		.cfi_def_cfa_offset 8
 106              		.cfi_offset 7, -8
 107              		.cfi_offset 14, -4
 108 0002 84B0     		sub	sp, sp, #16
 109              		.cfi_def_cfa_offset 24
 110 0004 00AF     		add	r7, sp, #0
 111              		.cfi_def_cfa_register 7
 112 0006 F860     		str	r0, [r7, #12]
 113 0008 B960     		str	r1, [r7, #8]
 114 000a 7A60     		str	r2, [r7, #4]
  90:Generated_Source\PSoC4/cyfitter_cfg.c **** 	(void)memcpy(dest, src, n);
 115              		.loc 1 90 0
 116 000c 7A68     		ldr	r2, [r7, #4]
 117 000e B968     		ldr	r1, [r7, #8]
 118 0010 FB68     		ldr	r3, [r7, #12]
 119 0012 1800     		movs	r0, r3
 120 0014 FFF7FEFF 		bl	memcpy
  91:Generated_Source\PSoC4/cyfitter_cfg.c **** }
 121              		.loc 1 91 0
 122 0018 C046     		nop
 123 001a BD46     		mov	sp, r7
 124 001c 04B0     		add	sp, sp, #16
 125              		@ sp needed
 126 001e 80BD     		pop	{r7, pc}
 127              		.cfi_endproc
 128              	.LFE2:
 129              		.size	CYCONFIGCPYCODE, .-CYCONFIGCPYCODE
 130              		.section	.psocinit,"ax",%progbits
 131              		.align	2
 132              		.code	16
 133              		.thumb_func
 134              		.type	ClockSetup, %function
 135              	ClockSetup:
 136              	.LFB3:
  92:Generated_Source\PSoC4/cyfitter_cfg.c **** 
ARM GAS  C:\Users\Rafael\AppData\Local\Temp\ccsXlayn.s 			page 5


  93:Generated_Source\PSoC4/cyfitter_cfg.c **** 
  94:Generated_Source\PSoC4/cyfitter_cfg.c **** 
  95:Generated_Source\PSoC4/cyfitter_cfg.c **** 
  96:Generated_Source\PSoC4/cyfitter_cfg.c **** /* Clock startup error codes                                                   */
  97:Generated_Source\PSoC4/cyfitter_cfg.c **** #define CYCLOCKSTART_NO_ERROR    0u
  98:Generated_Source\PSoC4/cyfitter_cfg.c **** #define CYCLOCKSTART_XTAL_ERROR  1u
  99:Generated_Source\PSoC4/cyfitter_cfg.c **** #define CYCLOCKSTART_32KHZ_ERROR 2u
 100:Generated_Source\PSoC4/cyfitter_cfg.c **** #define CYCLOCKSTART_PLL_ERROR   3u
 101:Generated_Source\PSoC4/cyfitter_cfg.c **** #define CYCLOCKSTART_FLL_ERROR   4u
 102:Generated_Source\PSoC4/cyfitter_cfg.c **** 
 103:Generated_Source\PSoC4/cyfitter_cfg.c **** 
 104:Generated_Source\PSoC4/cyfitter_cfg.c **** #ifdef CY_NEED_CYCLOCKSTARTUPERROR
 105:Generated_Source\PSoC4/cyfitter_cfg.c **** /*******************************************************************************
 106:Generated_Source\PSoC4/cyfitter_cfg.c **** * Function Name: CyClockStartupError
 107:Generated_Source\PSoC4/cyfitter_cfg.c **** ********************************************************************************
 108:Generated_Source\PSoC4/cyfitter_cfg.c **** * Summary:
 109:Generated_Source\PSoC4/cyfitter_cfg.c **** *  If an error is encountered during clock configuration (crystal startup error,
 110:Generated_Source\PSoC4/cyfitter_cfg.c **** *  PLL lock error, etc.), the system will end up here.  Unless reimplemented by
 111:Generated_Source\PSoC4/cyfitter_cfg.c **** *  the customer, this function will stop in an infinite loop.
 112:Generated_Source\PSoC4/cyfitter_cfg.c **** *
 113:Generated_Source\PSoC4/cyfitter_cfg.c **** * Parameters:
 114:Generated_Source\PSoC4/cyfitter_cfg.c **** *   void
 115:Generated_Source\PSoC4/cyfitter_cfg.c **** *
 116:Generated_Source\PSoC4/cyfitter_cfg.c **** * Return:
 117:Generated_Source\PSoC4/cyfitter_cfg.c **** *   void
 118:Generated_Source\PSoC4/cyfitter_cfg.c **** *
 119:Generated_Source\PSoC4/cyfitter_cfg.c **** *******************************************************************************/
 120:Generated_Source\PSoC4/cyfitter_cfg.c **** CY_CFG_UNUSED
 121:Generated_Source\PSoC4/cyfitter_cfg.c **** static void CyClockStartupError(uint8 errorCode);
 122:Generated_Source\PSoC4/cyfitter_cfg.c **** CY_CFG_UNUSED
 123:Generated_Source\PSoC4/cyfitter_cfg.c **** static void CyClockStartupError(uint8 errorCode)
 124:Generated_Source\PSoC4/cyfitter_cfg.c **** {
 125:Generated_Source\PSoC4/cyfitter_cfg.c ****     /* To remove the compiler warning if errorCode not used. */
 126:Generated_Source\PSoC4/cyfitter_cfg.c **** #if defined(CY_PSOC3) && (CY_PSOC3)
 127:Generated_Source\PSoC4/cyfitter_cfg.c ****     errorCode = errorCode;
 128:Generated_Source\PSoC4/cyfitter_cfg.c **** #else
 129:Generated_Source\PSoC4/cyfitter_cfg.c ****     (void)errorCode;
 130:Generated_Source\PSoC4/cyfitter_cfg.c **** #endif /* CY_PSOC3 */
 131:Generated_Source\PSoC4/cyfitter_cfg.c **** 
 132:Generated_Source\PSoC4/cyfitter_cfg.c ****     /* If we have a clock startup error (bad MHz crystal, PLL lock, etc.),  */
 133:Generated_Source\PSoC4/cyfitter_cfg.c ****     /* we will end up here to allow the customer to implement something to  */
 134:Generated_Source\PSoC4/cyfitter_cfg.c ****     /* deal with the clock condition.                                       */
 135:Generated_Source\PSoC4/cyfitter_cfg.c **** 
 136:Generated_Source\PSoC4/cyfitter_cfg.c **** #ifdef CY_CFG_CLOCK_STARTUP_ERROR_CALLBACK
 137:Generated_Source\PSoC4/cyfitter_cfg.c ****     CY_CFG_Clock_Startup_ErrorCallback();
 138:Generated_Source\PSoC4/cyfitter_cfg.c **** #else
 139:Generated_Source\PSoC4/cyfitter_cfg.c ****     /*  If not using CY_CFG_CLOCK_STARTUP_ERROR_CALLBACK, place your clock startup code here. */
 140:Generated_Source\PSoC4/cyfitter_cfg.c ****     /* `#START CyClockStartupError` */
 141:Generated_Source\PSoC4/cyfitter_cfg.c **** 
 142:Generated_Source\PSoC4/cyfitter_cfg.c ****     /* If we have a clock startup error (bad MHz crystal, PLL lock, etc.),  */
 143:Generated_Source\PSoC4/cyfitter_cfg.c ****     /* we will end up here to allow the customer to implement something to  */
 144:Generated_Source\PSoC4/cyfitter_cfg.c ****     /* deal with the clock condition.                                       */
 145:Generated_Source\PSoC4/cyfitter_cfg.c **** 
 146:Generated_Source\PSoC4/cyfitter_cfg.c ****     /* `#END` */
 147:Generated_Source\PSoC4/cyfitter_cfg.c **** 
 148:Generated_Source\PSoC4/cyfitter_cfg.c ****     while(1) {}
 149:Generated_Source\PSoC4/cyfitter_cfg.c **** #endif /* CY_CFG_CLOCK_STARTUP_ERROR_CALLBACK */
ARM GAS  C:\Users\Rafael\AppData\Local\Temp\ccsXlayn.s 			page 6


 150:Generated_Source\PSoC4/cyfitter_cfg.c **** }
 151:Generated_Source\PSoC4/cyfitter_cfg.c **** #endif
 152:Generated_Source\PSoC4/cyfitter_cfg.c **** 
 153:Generated_Source\PSoC4/cyfitter_cfg.c **** 
 154:Generated_Source\PSoC4/cyfitter_cfg.c **** 
 155:Generated_Source\PSoC4/cyfitter_cfg.c **** /*******************************************************************************
 156:Generated_Source\PSoC4/cyfitter_cfg.c **** * Function Name: ClockSetup
 157:Generated_Source\PSoC4/cyfitter_cfg.c **** ********************************************************************************
 158:Generated_Source\PSoC4/cyfitter_cfg.c **** *
 159:Generated_Source\PSoC4/cyfitter_cfg.c **** * Summary:
 160:Generated_Source\PSoC4/cyfitter_cfg.c **** *   Performs the initialization of all of the clocks in the device based on the
 161:Generated_Source\PSoC4/cyfitter_cfg.c **** *   settings in the Clock tab of the DWR.  This includes enabling the requested
 162:Generated_Source\PSoC4/cyfitter_cfg.c **** *   clocks and setting the necessary dividers to produce the desired frequency. 
 163:Generated_Source\PSoC4/cyfitter_cfg.c **** *
 164:Generated_Source\PSoC4/cyfitter_cfg.c **** * Parameters:
 165:Generated_Source\PSoC4/cyfitter_cfg.c **** *   void
 166:Generated_Source\PSoC4/cyfitter_cfg.c **** *
 167:Generated_Source\PSoC4/cyfitter_cfg.c **** * Return:
 168:Generated_Source\PSoC4/cyfitter_cfg.c **** *   void
 169:Generated_Source\PSoC4/cyfitter_cfg.c **** *
 170:Generated_Source\PSoC4/cyfitter_cfg.c **** *******************************************************************************/
 171:Generated_Source\PSoC4/cyfitter_cfg.c **** static void ClockSetup(void);
 172:Generated_Source\PSoC4/cyfitter_cfg.c **** CY_CFG_SECTION
 173:Generated_Source\PSoC4/cyfitter_cfg.c **** static void ClockSetup(void)
 174:Generated_Source\PSoC4/cyfitter_cfg.c **** {
 137              		.loc 1 174 0
 138              		.cfi_startproc
 139              		@ args = 0, pretend = 0, frame = 0
 140              		@ frame_needed = 1, uses_anonymous_args = 0
 141 0000 80B5     		push	{r7, lr}
 142              		.cfi_def_cfa_offset 8
 143              		.cfi_offset 7, -8
 144              		.cfi_offset 14, -4
 145 0002 00AF     		add	r7, sp, #0
 146              		.cfi_def_cfa_register 7
 175:Generated_Source\PSoC4/cyfitter_cfg.c **** 	/* Enable HALF_EN before trimming for the flash accelerator. */
 176:Generated_Source\PSoC4/cyfitter_cfg.c **** 	CY_SET_REG32((void CYXDATA *)(CYREG_CLK_SELECT), (CY_GET_REG32((void *)CYREG_CLK_SELECT) | 0x00040
 147              		.loc 1 176 0
 148 0004 104B     		ldr	r3, .L5
 149 0006 104A     		ldr	r2, .L5
 150 0008 1268     		ldr	r2, [r2]
 151 000a 8021     		movs	r1, #128
 152 000c C902     		lsls	r1, r1, #11
 153 000e 0A43     		orrs	r2, r1
 154 0010 1A60     		str	r2, [r3]
 177:Generated_Source\PSoC4/cyfitter_cfg.c **** 
 178:Generated_Source\PSoC4/cyfitter_cfg.c **** 	/* Setup and trim IMO based on desired frequency. */
 179:Generated_Source\PSoC4/cyfitter_cfg.c **** 	CySysClkWriteImoFreq(48u);
 155              		.loc 1 179 0
 156 0012 3020     		movs	r0, #48
 157 0014 FFF7FEFF 		bl	CySysClkWriteImoFreq
 180:Generated_Source\PSoC4/cyfitter_cfg.c **** 	/* CYDEV_CLK_ILO_CONFIG Starting address: CYDEV_CLK_ILO_CONFIG */
 181:Generated_Source\PSoC4/cyfitter_cfg.c **** 	CY_SET_REG32((void *)(CYREG_CLK_ILO_CONFIG), 0x80000006u);
 158              		.loc 1 181 0
 159 0018 0C4B     		ldr	r3, .L5+4
 160 001a 0D4A     		ldr	r2, .L5+8
 161 001c 1A60     		str	r2, [r3]
ARM GAS  C:\Users\Rafael\AppData\Local\Temp\ccsXlayn.s 			page 7


 182:Generated_Source\PSoC4/cyfitter_cfg.c **** 
 183:Generated_Source\PSoC4/cyfitter_cfg.c **** 
 184:Generated_Source\PSoC4/cyfitter_cfg.c **** 	/* CYDEV_CLK_SELECT00 Starting address: CYDEV_CLK_SELECT00 */
 185:Generated_Source\PSoC4/cyfitter_cfg.c **** 	CY_SET_REG32((void *)(CYREG_CLK_SELECT03), 0x00000010u);
 162              		.loc 1 185 0
 163 001e 0D4B     		ldr	r3, .L5+12
 164 0020 1022     		movs	r2, #16
 165 0022 1A60     		str	r2, [r3]
 186:Generated_Source\PSoC4/cyfitter_cfg.c **** 
 187:Generated_Source\PSoC4/cyfitter_cfg.c **** 	/* CYDEV_CLK_IMO_CONFIG Starting address: CYDEV_CLK_IMO_CONFIG */
 188:Generated_Source\PSoC4/cyfitter_cfg.c **** 	CY_SET_REG32((void *)(CYREG_CLK_IMO_CONFIG), 0x80000000u);
 166              		.loc 1 188 0
 167 0024 0C4B     		ldr	r3, .L5+16
 168 0026 8022     		movs	r2, #128
 169 0028 1206     		lsls	r2, r2, #24
 170 002a 1A60     		str	r2, [r3]
 189:Generated_Source\PSoC4/cyfitter_cfg.c **** 
 190:Generated_Source\PSoC4/cyfitter_cfg.c **** 	/* CYDEV_CLK_SELECT Starting address: CYDEV_CLK_SELECT */
 191:Generated_Source\PSoC4/cyfitter_cfg.c **** 	CY_SET_REG32((void *)(CYREG_CLK_SELECT), 0x00040000u);
 171              		.loc 1 191 0
 172 002c 064B     		ldr	r3, .L5
 173 002e 8022     		movs	r2, #128
 174 0030 D202     		lsls	r2, r2, #11
 175 0032 1A60     		str	r2, [r3]
 192:Generated_Source\PSoC4/cyfitter_cfg.c **** 
 193:Generated_Source\PSoC4/cyfitter_cfg.c **** 	/* CYDEV_CLK_DIVIDER_A00 Starting address: CYDEV_CLK_DIVIDER_A00 */
 194:Generated_Source\PSoC4/cyfitter_cfg.c **** 	CY_SET_REG32((void *)(CYREG_CLK_DIVIDER_A00), 0x800005DBu);
 176              		.loc 1 194 0
 177 0034 094B     		ldr	r3, .L5+20
 178 0036 0A4A     		ldr	r2, .L5+24
 179 0038 1A60     		str	r2, [r3]
 195:Generated_Source\PSoC4/cyfitter_cfg.c **** 
 196:Generated_Source\PSoC4/cyfitter_cfg.c **** 	CY_SET_REG32((void *)(CYREG_WDT_CONFIG), 0x00000000u);
 180              		.loc 1 196 0
 181 003a 0A4B     		ldr	r3, .L5+28
 182 003c 0022     		movs	r2, #0
 183 003e 1A60     		str	r2, [r3]
 197:Generated_Source\PSoC4/cyfitter_cfg.c **** }
 184              		.loc 1 197 0
 185 0040 C046     		nop
 186 0042 BD46     		mov	sp, r7
 187              		@ sp needed
 188 0044 80BD     		pop	{r7, pc}
 189              	.L6:
 190 0046 C046     		.align	2
 191              	.L5:
 192 0048 00010B40 		.word	1074462976
 193 004c 04010B40 		.word	1074462980
 194 0050 06000080 		.word	-2147483642
 195 0054 0C020240 		.word	1073873420
 196 0058 08010B40 		.word	1074462984
 197 005c 00000240 		.word	1073872896
 198 0060 DB050080 		.word	-2147482149
 199 0064 0C020B40 		.word	1074463244
 200              		.cfi_endproc
 201              	.LFE3:
 202              		.size	ClockSetup, .-ClockSetup
ARM GAS  C:\Users\Rafael\AppData\Local\Temp\ccsXlayn.s 			page 8


 203              		.section	.text.AnalogSetDefault,"ax",%progbits
 204              		.align	2
 205              		.code	16
 206              		.thumb_func
 207              		.type	AnalogSetDefault, %function
 208              	AnalogSetDefault:
 209              	.LFB4:
 198:Generated_Source\PSoC4/cyfitter_cfg.c **** 
 199:Generated_Source\PSoC4/cyfitter_cfg.c **** 
 200:Generated_Source\PSoC4/cyfitter_cfg.c **** /* Analog API Functions */
 201:Generated_Source\PSoC4/cyfitter_cfg.c **** 
 202:Generated_Source\PSoC4/cyfitter_cfg.c **** 
 203:Generated_Source\PSoC4/cyfitter_cfg.c **** /*******************************************************************************
 204:Generated_Source\PSoC4/cyfitter_cfg.c **** * Function Name: AnalogSetDefault
 205:Generated_Source\PSoC4/cyfitter_cfg.c **** ********************************************************************************
 206:Generated_Source\PSoC4/cyfitter_cfg.c **** *
 207:Generated_Source\PSoC4/cyfitter_cfg.c **** * Summary:
 208:Generated_Source\PSoC4/cyfitter_cfg.c **** *  Sets up the analog portions of the chip to default values based on chip
 209:Generated_Source\PSoC4/cyfitter_cfg.c **** *  configuration options from the project.
 210:Generated_Source\PSoC4/cyfitter_cfg.c **** *
 211:Generated_Source\PSoC4/cyfitter_cfg.c **** * Parameters:
 212:Generated_Source\PSoC4/cyfitter_cfg.c **** *  void
 213:Generated_Source\PSoC4/cyfitter_cfg.c **** *
 214:Generated_Source\PSoC4/cyfitter_cfg.c **** * Return:
 215:Generated_Source\PSoC4/cyfitter_cfg.c **** *  void
 216:Generated_Source\PSoC4/cyfitter_cfg.c **** *
 217:Generated_Source\PSoC4/cyfitter_cfg.c **** *******************************************************************************/
 218:Generated_Source\PSoC4/cyfitter_cfg.c **** static void AnalogSetDefault(void);
 219:Generated_Source\PSoC4/cyfitter_cfg.c **** static void AnalogSetDefault(void)
 220:Generated_Source\PSoC4/cyfitter_cfg.c **** {
 210              		.loc 1 220 0
 211              		.cfi_startproc
 212              		@ args = 0, pretend = 0, frame = 0
 213              		@ frame_needed = 1, uses_anonymous_args = 0
 214 0000 80B5     		push	{r7, lr}
 215              		.cfi_def_cfa_offset 8
 216              		.cfi_offset 7, -8
 217              		.cfi_offset 14, -4
 218 0002 00AF     		add	r7, sp, #0
 219              		.cfi_def_cfa_register 7
 221:Generated_Source\PSoC4/cyfitter_cfg.c **** }
 220              		.loc 1 221 0
 221 0004 C046     		nop
 222 0006 BD46     		mov	sp, r7
 223              		@ sp needed
 224 0008 80BD     		pop	{r7, pc}
 225              		.cfi_endproc
 226              	.LFE4:
 227              		.size	AnalogSetDefault, .-AnalogSetDefault
 228 000a C046     		.section	.psocinit
 229              		.align	2
 230              		.global	cyfitter_cfg
 231              		.code	16
 232              		.thumb_func
 233              		.type	cyfitter_cfg, %function
 234              	cyfitter_cfg:
 235              	.LFB5:
ARM GAS  C:\Users\Rafael\AppData\Local\Temp\ccsXlayn.s 			page 9


 222:Generated_Source\PSoC4/cyfitter_cfg.c **** 
 223:Generated_Source\PSoC4/cyfitter_cfg.c **** 
 224:Generated_Source\PSoC4/cyfitter_cfg.c **** 
 225:Generated_Source\PSoC4/cyfitter_cfg.c **** 
 226:Generated_Source\PSoC4/cyfitter_cfg.c **** /*******************************************************************************
 227:Generated_Source\PSoC4/cyfitter_cfg.c **** * Function Name: cyfitter_cfg
 228:Generated_Source\PSoC4/cyfitter_cfg.c **** ********************************************************************************
 229:Generated_Source\PSoC4/cyfitter_cfg.c **** * Summary:
 230:Generated_Source\PSoC4/cyfitter_cfg.c **** *  This function is called by the start-up code for the selected device. It
 231:Generated_Source\PSoC4/cyfitter_cfg.c **** *  performs all of the necessary device configuration based on the design
 232:Generated_Source\PSoC4/cyfitter_cfg.c **** *  settings.  This includes settings from the Design Wide Resources (DWR) such
 233:Generated_Source\PSoC4/cyfitter_cfg.c **** *  as Clocks and Pins as well as any component configuration that is necessary.
 234:Generated_Source\PSoC4/cyfitter_cfg.c **** *
 235:Generated_Source\PSoC4/cyfitter_cfg.c **** * Parameters:
 236:Generated_Source\PSoC4/cyfitter_cfg.c **** *   void
 237:Generated_Source\PSoC4/cyfitter_cfg.c **** *
 238:Generated_Source\PSoC4/cyfitter_cfg.c **** * Return:
 239:Generated_Source\PSoC4/cyfitter_cfg.c **** *   void
 240:Generated_Source\PSoC4/cyfitter_cfg.c **** *
 241:Generated_Source\PSoC4/cyfitter_cfg.c **** *******************************************************************************/
 242:Generated_Source\PSoC4/cyfitter_cfg.c **** CY_CFG_SECTION
 243:Generated_Source\PSoC4/cyfitter_cfg.c **** void cyfitter_cfg(void)
 244:Generated_Source\PSoC4/cyfitter_cfg.c **** {
 236              		.loc 1 244 0
 237              		.cfi_startproc
 238              		@ args = 0, pretend = 0, frame = 8
 239              		@ frame_needed = 1, uses_anonymous_args = 0
 240 0068 80B5     		push	{r7, lr}
 241              		.cfi_def_cfa_offset 8
 242              		.cfi_offset 7, -8
 243              		.cfi_offset 14, -4
 244 006a 82B0     		sub	sp, sp, #8
 245              		.cfi_def_cfa_offset 16
 246 006c 00AF     		add	r7, sp, #0
 247              		.cfi_def_cfa_register 7
 245:Generated_Source\PSoC4/cyfitter_cfg.c **** 	/* Disable interrupts by default. Let user enable if/when they want. */
 246:Generated_Source\PSoC4/cyfitter_cfg.c **** 	CyGlobalIntDisable;
 248              		.loc 1 246 0
 249              		.syntax divided
 250              	@ 246 "Generated_Source\PSoC4\cyfitter_cfg.c" 1
 251 006e 72B6     		CPSID   i
 252              	@ 0 "" 2
 253              		.thumb
 254              		.syntax unified
 255              	.LBB2:
 247:Generated_Source\PSoC4/cyfitter_cfg.c **** 
 248:Generated_Source\PSoC4/cyfitter_cfg.c **** 	{
 249:Generated_Source\PSoC4/cyfitter_cfg.c **** 
 250:Generated_Source\PSoC4/cyfitter_cfg.c **** 		CYPACKED typedef struct {
 251:Generated_Source\PSoC4/cyfitter_cfg.c **** 			void CYFAR *address;
 252:Generated_Source\PSoC4/cyfitter_cfg.c **** 			uint16 size;
 253:Generated_Source\PSoC4/cyfitter_cfg.c **** 		} CYPACKED_ATTR cfg_memset_t;
 254:Generated_Source\PSoC4/cyfitter_cfg.c **** 
 255:Generated_Source\PSoC4/cyfitter_cfg.c **** 		static const cfg_memset_t CYCODE cfg_memset_list[] = {
 256:Generated_Source\PSoC4/cyfitter_cfg.c **** 			/* address, size */
 257:Generated_Source\PSoC4/cyfitter_cfg.c **** 			{(void CYFAR *)(CYDEV_UDB_P0_U0_BASE), 1024u},
 258:Generated_Source\PSoC4/cyfitter_cfg.c **** 			{(void CYFAR *)(CYDEV_UDB_DSI0_BASE), 1024u},
ARM GAS  C:\Users\Rafael\AppData\Local\Temp\ccsXlayn.s 			page 10


 259:Generated_Source\PSoC4/cyfitter_cfg.c **** 		};
 260:Generated_Source\PSoC4/cyfitter_cfg.c **** 
 261:Generated_Source\PSoC4/cyfitter_cfg.c **** 		uint8 CYDATA i;
 262:Generated_Source\PSoC4/cyfitter_cfg.c **** 
 263:Generated_Source\PSoC4/cyfitter_cfg.c **** 		/* Zero out critical memory blocks before beginning configuration */
 264:Generated_Source\PSoC4/cyfitter_cfg.c **** 		for (i = 0u; i < (sizeof(cfg_memset_list)/sizeof(cfg_memset_list[0])); i++)
 256              		.loc 1 264 0
 257 0070 FB1D     		adds	r3, r7, #7
 258 0072 0022     		movs	r2, #0
 259 0074 1A70     		strb	r2, [r3]
 260 0076 22E0     		b	.L9
 261              	.L10:
 262              	.LBB3:
 265:Generated_Source\PSoC4/cyfitter_cfg.c **** 		{
 266:Generated_Source\PSoC4/cyfitter_cfg.c **** 			const cfg_memset_t CYCODE * CYDATA ms = &cfg_memset_list[i];
 263              		.loc 1 266 0 discriminator 3
 264 0078 FB1D     		adds	r3, r7, #7
 265 007a 1A78     		ldrb	r2, [r3]
 266 007c 1300     		movs	r3, r2
 267 007e 5B00     		lsls	r3, r3, #1
 268 0080 9B18     		adds	r3, r3, r2
 269 0082 5B00     		lsls	r3, r3, #1
 270 0084 334A     		ldr	r2, .L11
 271 0086 9B18     		adds	r3, r3, r2
 272 0088 3B60     		str	r3, [r7]
 267:Generated_Source\PSoC4/cyfitter_cfg.c **** 			CYMEMZERO(ms->address, (size_t)(uint32)(ms->size));
 273              		.loc 1 267 0 discriminator 3
 274 008a 3B68     		ldr	r3, [r7]
 275 008c 1A78     		ldrb	r2, [r3]
 276 008e 5978     		ldrb	r1, [r3, #1]
 277 0090 0902     		lsls	r1, r1, #8
 278 0092 0A43     		orrs	r2, r1
 279 0094 9978     		ldrb	r1, [r3, #2]
 280 0096 0904     		lsls	r1, r1, #16
 281 0098 0A43     		orrs	r2, r1
 282 009a DB78     		ldrb	r3, [r3, #3]
 283 009c 1B06     		lsls	r3, r3, #24
 284 009e 1343     		orrs	r3, r2
 285 00a0 1800     		movs	r0, r3
 286 00a2 3B68     		ldr	r3, [r7]
 287 00a4 1A79     		ldrb	r2, [r3, #4]
 288 00a6 5B79     		ldrb	r3, [r3, #5]
 289 00a8 1B02     		lsls	r3, r3, #8
 290 00aa 1343     		orrs	r3, r2
 291 00ac 9BB2     		uxth	r3, r3
 292 00ae 1900     		movs	r1, r3
 293 00b0 FFF7FEFF 		bl	CYMEMZERO
 294              	.LBE3:
 264:Generated_Source\PSoC4/cyfitter_cfg.c **** 		{
 295              		.loc 1 264 0 discriminator 3
 296 00b4 FB1D     		adds	r3, r7, #7
 297 00b6 1A78     		ldrb	r2, [r3]
 298 00b8 FB1D     		adds	r3, r7, #7
 299 00ba 0132     		adds	r2, r2, #1
 300 00bc 1A70     		strb	r2, [r3]
 301              	.L9:
 264:Generated_Source\PSoC4/cyfitter_cfg.c **** 		{
ARM GAS  C:\Users\Rafael\AppData\Local\Temp\ccsXlayn.s 			page 11


 302              		.loc 1 264 0 is_stmt 0 discriminator 1
 303 00be FB1D     		adds	r3, r7, #7
 304 00c0 1B78     		ldrb	r3, [r3]
 305 00c2 012B     		cmp	r3, #1
 306 00c4 D8D9     		bls	.L10
 268:Generated_Source\PSoC4/cyfitter_cfg.c **** 		}
 269:Generated_Source\PSoC4/cyfitter_cfg.c **** 
 270:Generated_Source\PSoC4/cyfitter_cfg.c **** 		/* HSIOM Starting address: CYDEV_HSIOM_BASE */
 271:Generated_Source\PSoC4/cyfitter_cfg.c **** 		CY_SET_REG32((void *)(CYDEV_HSIOM_BASE), 0xFF000000u);
 307              		.loc 1 271 0 is_stmt 1
 308 00c6 244B     		ldr	r3, .L11+4
 309 00c8 FF22     		movs	r2, #255
 310 00ca 1206     		lsls	r2, r2, #24
 311 00cc 1A60     		str	r2, [r3]
 272:Generated_Source\PSoC4/cyfitter_cfg.c **** 		CY_SET_REG32((void *)(CYREG_HSIOM_PORT_SEL3), 0x0000EEFFu);
 312              		.loc 1 272 0
 313 00ce 234B     		ldr	r3, .L11+8
 314 00d0 234A     		ldr	r2, .L11+12
 315 00d2 1A60     		str	r2, [r3]
 273:Generated_Source\PSoC4/cyfitter_cfg.c **** 
 274:Generated_Source\PSoC4/cyfitter_cfg.c **** 		/* UDB_PA_0 Starting address: CYDEV_UDB_PA0_BASE */
 275:Generated_Source\PSoC4/cyfitter_cfg.c **** 		CY_SET_REG32((void *)(CYDEV_UDB_PA0_BASE), 0x00990000u);
 316              		.loc 1 275 0
 317 00d4 234B     		ldr	r3, .L11+16
 318 00d6 9922     		movs	r2, #153
 319 00d8 1204     		lsls	r2, r2, #16
 320 00da 1A60     		str	r2, [r3]
 276:Generated_Source\PSoC4/cyfitter_cfg.c **** 
 277:Generated_Source\PSoC4/cyfitter_cfg.c **** 		/* UDB_PA_1 Starting address: CYDEV_UDB_PA1_BASE */
 278:Generated_Source\PSoC4/cyfitter_cfg.c **** 		CY_SET_REG32((void *)(CYDEV_UDB_PA1_BASE), 0x00990000u);
 321              		.loc 1 278 0
 322 00dc 224B     		ldr	r3, .L11+20
 323 00de 9922     		movs	r2, #153
 324 00e0 1204     		lsls	r2, r2, #16
 325 00e2 1A60     		str	r2, [r3]
 279:Generated_Source\PSoC4/cyfitter_cfg.c **** 
 280:Generated_Source\PSoC4/cyfitter_cfg.c **** 		/* UDB_PA_2 Starting address: CYDEV_UDB_PA2_BASE */
 281:Generated_Source\PSoC4/cyfitter_cfg.c **** 		CY_SET_REG32((void *)(CYDEV_UDB_PA2_BASE), 0x00990000u);
 326              		.loc 1 281 0
 327 00e4 214B     		ldr	r3, .L11+24
 328 00e6 9922     		movs	r2, #153
 329 00e8 1204     		lsls	r2, r2, #16
 330 00ea 1A60     		str	r2, [r3]
 282:Generated_Source\PSoC4/cyfitter_cfg.c **** 
 283:Generated_Source\PSoC4/cyfitter_cfg.c **** 		/* UDB_PA_3 Starting address: CYDEV_UDB_PA3_BASE */
 284:Generated_Source\PSoC4/cyfitter_cfg.c **** 		CY_SET_REG32((void *)(CYDEV_UDB_PA3_BASE), 0x00990000u);
 331              		.loc 1 284 0
 332 00ec 204B     		ldr	r3, .L11+28
 333 00ee 9922     		movs	r2, #153
 334 00f0 1204     		lsls	r2, r2, #16
 335 00f2 1A60     		str	r2, [r3]
 285:Generated_Source\PSoC4/cyfitter_cfg.c **** 
 286:Generated_Source\PSoC4/cyfitter_cfg.c **** 		/* Enable digital routing */
 287:Generated_Source\PSoC4/cyfitter_cfg.c **** 		CY_SET_XTND_REG8((void *)CYREG_UDB_UDBIF_BANK_CTL, (uint8)(CY_GET_XTND_REG8((void *)CYREG_UDB_UDB
 336              		.loc 1 287 0
 337 00f4 1F4A     		ldr	r2, .L11+32
 338 00f6 1F4B     		ldr	r3, .L11+32
ARM GAS  C:\Users\Rafael\AppData\Local\Temp\ccsXlayn.s 			page 12


 339 00f8 1B78     		ldrb	r3, [r3]
 340 00fa DBB2     		uxtb	r3, r3
 341 00fc 0621     		movs	r1, #6
 342 00fe 0B43     		orrs	r3, r1
 343 0100 DBB2     		uxtb	r3, r3
 344 0102 1370     		strb	r3, [r2]
 345              	.LBE2:
 288:Generated_Source\PSoC4/cyfitter_cfg.c **** 	}
 289:Generated_Source\PSoC4/cyfitter_cfg.c **** 
 290:Generated_Source\PSoC4/cyfitter_cfg.c **** 	/* Perform second pass device configuration. These items must be configured in specific order afte
 291:Generated_Source\PSoC4/cyfitter_cfg.c **** 	/* IOPINS0_0 Starting address: CYDEV_PRT0_BASE */
 292:Generated_Source\PSoC4/cyfitter_cfg.c **** 	CY_SET_REG32((void *)(CYDEV_PRT0_BASE), 0x000000E1u);
 346              		.loc 1 292 0
 347 0104 1C4B     		ldr	r3, .L11+36
 348 0106 E122     		movs	r2, #225
 349 0108 1A60     		str	r2, [r3]
 293:Generated_Source\PSoC4/cyfitter_cfg.c **** 	CY_SET_REG32((void *)(CYREG_PRT0_PC), 0x00D90006u);
 350              		.loc 1 293 0
 351 010a 1C4B     		ldr	r3, .L11+40
 352 010c 1C4A     		ldr	r2, .L11+44
 353 010e 1A60     		str	r2, [r3]
 294:Generated_Source\PSoC4/cyfitter_cfg.c **** 	CY_SET_REG32((void *)(CYREG_PRT0_PC2), 0x000000C0u);
 354              		.loc 1 294 0
 355 0110 1C4B     		ldr	r3, .L11+48
 356 0112 C022     		movs	r2, #192
 357 0114 1A60     		str	r2, [r3]
 295:Generated_Source\PSoC4/cyfitter_cfg.c **** 
 296:Generated_Source\PSoC4/cyfitter_cfg.c **** 	/* IOPINS0_1 Starting address: CYDEV_PRT1_BASE */
 297:Generated_Source\PSoC4/cyfitter_cfg.c **** 	CY_SET_REG32((void *)(CYDEV_PRT1_BASE), 0x00000040u);
 358              		.loc 1 297 0
 359 0116 1C4B     		ldr	r3, .L11+52
 360 0118 4022     		movs	r2, #64
 361 011a 1A60     		str	r2, [r3]
 298:Generated_Source\PSoC4/cyfitter_cfg.c **** 	CY_SET_REG32((void *)(CYREG_PRT1_PC), 0x00180000u);
 362              		.loc 1 298 0
 363 011c 1B4B     		ldr	r3, .L11+56
 364 011e C022     		movs	r2, #192
 365 0120 5203     		lsls	r2, r2, #13
 366 0122 1A60     		str	r2, [r3]
 299:Generated_Source\PSoC4/cyfitter_cfg.c **** 
 300:Generated_Source\PSoC4/cyfitter_cfg.c **** 	/* IOPINS0_2 Starting address: CYDEV_PRT2_BASE */
 301:Generated_Source\PSoC4/cyfitter_cfg.c **** 	CY_SET_REG32((void *)(CYDEV_PRT2_BASE), 0x00000002u);
 367              		.loc 1 301 0
 368 0124 1A4B     		ldr	r3, .L11+60
 369 0126 0222     		movs	r2, #2
 370 0128 1A60     		str	r2, [r3]
 302:Generated_Source\PSoC4/cyfitter_cfg.c **** 	CY_SET_REG32((void *)(CYREG_PRT2_PC), 0x00000010u);
 371              		.loc 1 302 0
 372 012a 1A4B     		ldr	r3, .L11+64
 373 012c 1022     		movs	r2, #16
 374 012e 1A60     		str	r2, [r3]
 303:Generated_Source\PSoC4/cyfitter_cfg.c **** 
 304:Generated_Source\PSoC4/cyfitter_cfg.c **** 	/* IOPINS0_3 Starting address: CYDEV_PRT3_BASE */
 305:Generated_Source\PSoC4/cyfitter_cfg.c **** 	CY_SET_REG32((void *)(CYDEV_PRT3_BASE), 0x00000001u);
 375              		.loc 1 305 0
 376 0130 194B     		ldr	r3, .L11+68
 377 0132 0122     		movs	r2, #1
ARM GAS  C:\Users\Rafael\AppData\Local\Temp\ccsXlayn.s 			page 13


 378 0134 1A60     		str	r2, [r3]
 306:Generated_Source\PSoC4/cyfitter_cfg.c **** 	CY_SET_REG32((void *)(CYREG_PRT3_PC), 0x00000D8Eu);
 379              		.loc 1 306 0
 380 0136 194B     		ldr	r3, .L11+72
 381 0138 194A     		ldr	r2, .L11+76
 382 013a 1A60     		str	r2, [r3]
 307:Generated_Source\PSoC4/cyfitter_cfg.c **** 	CY_SET_REG32((void *)(CYREG_PRT3_PC2), 0x00000001u);
 383              		.loc 1 307 0
 384 013c 194B     		ldr	r3, .L11+80
 385 013e 0122     		movs	r2, #1
 386 0140 1A60     		str	r2, [r3]
 308:Generated_Source\PSoC4/cyfitter_cfg.c **** 
 309:Generated_Source\PSoC4/cyfitter_cfg.c **** 
 310:Generated_Source\PSoC4/cyfitter_cfg.c **** 	/* Setup clocks based on selections from Clock DWR */
 311:Generated_Source\PSoC4/cyfitter_cfg.c **** 	ClockSetup();
 387              		.loc 1 311 0
 388 0142 FFF75DFF 		bl	ClockSetup
 312:Generated_Source\PSoC4/cyfitter_cfg.c **** 
 313:Generated_Source\PSoC4/cyfitter_cfg.c **** 	/* Perform basic analog initialization to defaults */
 314:Generated_Source\PSoC4/cyfitter_cfg.c **** 	AnalogSetDefault();
 389              		.loc 1 314 0
 390 0146 FFF7FEFF 		bl	AnalogSetDefault
 315:Generated_Source\PSoC4/cyfitter_cfg.c **** 
 316:Generated_Source\PSoC4/cyfitter_cfg.c **** }
 391              		.loc 1 316 0
 392 014a C046     		nop
 393 014c BD46     		mov	sp, r7
 394 014e 02B0     		add	sp, sp, #8
 395              		@ sp needed
 396 0150 80BD     		pop	{r7, pc}
 397              	.L12:
 398 0152 C046     		.align	2
 399              	.L11:
 400 0154 00000000 		.word	cfg_memset_list.4847
 401 0158 00000140 		.word	1073807360
 402 015c 0C000140 		.word	1073807372
 403 0160 FFEE0000 		.word	61183
 404 0164 00500F40 		.word	1074745344
 405 0168 10500F40 		.word	1074745360
 406 016c 20500F40 		.word	1074745376
 407 0170 30500F40 		.word	1074745392
 408 0174 00700F40 		.word	1074753536
 409 0178 00000440 		.word	1074003968
 410 017c 08000440 		.word	1074003976
 411 0180 0600D900 		.word	14221318
 412 0184 18000440 		.word	1074003992
 413 0188 00010440 		.word	1074004224
 414 018c 08010440 		.word	1074004232
 415 0190 00020440 		.word	1074004480
 416 0194 08020440 		.word	1074004488
 417 0198 00030440 		.word	1074004736
 418 019c 08030440 		.word	1074004744
 419 01a0 8E0D0000 		.word	3470
 420 01a4 18030440 		.word	1074004760
 421              		.cfi_endproc
 422              	.LFE5:
 423              		.size	cyfitter_cfg, .-cyfitter_cfg
ARM GAS  C:\Users\Rafael\AppData\Local\Temp\ccsXlayn.s 			page 14


 424              		.section	.rodata
 425              		.align	2
 426              		.type	cfg_memset_list.4847, %object
 427              		.size	cfg_memset_list.4847, 12
 428              	cfg_memset_list.4847:
 429 0000 00300F40 		.word	1074737152
 430 0004 0004     		.short	1024
 431 0006 00400F40 		.4byte	1074741248
 432 000a 0004     		.short	1024
 433              		.text
 434              	.Letext0:
 435              		.file 2 "c:\\program files (x86)\\cypress\\psoc creator\\4.1\\psoc creator\\import\\gnu\\arm\\5.4.
 436              		.file 3 "Generated_Source\\PSoC4\\cytypes.h"
 437              		.section	.debug_info,"",%progbits
 438              	.Ldebug_info0:
 439 0000 4F020000 		.4byte	0x24f
 440 0004 0400     		.2byte	0x4
 441 0006 00000000 		.4byte	.Ldebug_abbrev0
 442 000a 04       		.byte	0x4
 443 000b 01       		.uleb128 0x1
 444 000c 83000000 		.4byte	.LASF30
 445 0010 0C       		.byte	0xc
 446 0011 02020000 		.4byte	.LASF31
 447 0015 A0010000 		.4byte	.LASF32
 448 0019 00000000 		.4byte	.Ldebug_ranges0+0
 449 001d 00000000 		.4byte	0
 450 0021 00000000 		.4byte	.Ldebug_line0
 451 0025 02       		.uleb128 0x2
 452 0026 04       		.byte	0x4
 453 0027 05       		.byte	0x5
 454 0028 696E7400 		.ascii	"int\000"
 455 002c 03       		.uleb128 0x3
 456 002d 06000000 		.4byte	.LASF12
 457 0031 02       		.byte	0x2
 458 0032 D8       		.byte	0xd8
 459 0033 37000000 		.4byte	0x37
 460 0037 04       		.uleb128 0x4
 461 0038 04       		.byte	0x4
 462 0039 07       		.byte	0x7
 463 003a 41010000 		.4byte	.LASF0
 464 003e 04       		.uleb128 0x4
 465 003f 08       		.byte	0x8
 466 0040 05       		.byte	0x5
 467 0041 83010000 		.4byte	.LASF1
 468 0045 04       		.uleb128 0x4
 469 0046 08       		.byte	0x8
 470 0047 04       		.byte	0x4
 471 0048 EA010000 		.4byte	.LASF2
 472 004c 04       		.uleb128 0x4
 473 004d 01       		.byte	0x1
 474 004e 06       		.byte	0x6
 475 004f F6010000 		.4byte	.LASF3
 476 0053 04       		.uleb128 0x4
 477 0054 01       		.byte	0x1
 478 0055 08       		.byte	0x8
 479 0056 11010000 		.4byte	.LASF4
 480 005a 04       		.uleb128 0x4
ARM GAS  C:\Users\Rafael\AppData\Local\Temp\ccsXlayn.s 			page 15


 481 005b 02       		.byte	0x2
 482 005c 05       		.byte	0x5
 483 005d 96010000 		.4byte	.LASF5
 484 0061 04       		.uleb128 0x4
 485 0062 02       		.byte	0x2
 486 0063 07       		.byte	0x7
 487 0064 39000000 		.4byte	.LASF6
 488 0068 04       		.uleb128 0x4
 489 0069 04       		.byte	0x4
 490 006a 05       		.byte	0x5
 491 006b E1010000 		.4byte	.LASF7
 492 006f 04       		.uleb128 0x4
 493 0070 04       		.byte	0x4
 494 0071 07       		.byte	0x7
 495 0072 61000000 		.4byte	.LASF8
 496 0076 04       		.uleb128 0x4
 497 0077 08       		.byte	0x8
 498 0078 07       		.byte	0x7
 499 0079 56010000 		.4byte	.LASF9
 500 007d 04       		.uleb128 0x4
 501 007e 04       		.byte	0x4
 502 007f 07       		.byte	0x7
 503 0080 7A010000 		.4byte	.LASF10
 504 0084 05       		.uleb128 0x5
 505 0085 04       		.byte	0x4
 506 0086 04       		.uleb128 0x4
 507 0087 01       		.byte	0x1
 508 0088 08       		.byte	0x8
 509 0089 91010000 		.4byte	.LASF11
 510 008d 06       		.uleb128 0x6
 511 008e 73000000 		.4byte	.LASF13
 512 0092 03       		.byte	0x3
 513 0093 B901     		.2byte	0x1b9
 514 0095 53000000 		.4byte	0x53
 515 0099 06       		.uleb128 0x6
 516 009a 33010000 		.4byte	.LASF14
 517 009e 03       		.byte	0x3
 518 009f BA01     		.2byte	0x1ba
 519 00a1 61000000 		.4byte	0x61
 520 00a5 06       		.uleb128 0x6
 521 00a6 3A010000 		.4byte	.LASF15
 522 00aa 03       		.byte	0x3
 523 00ab BB01     		.2byte	0x1bb
 524 00ad 6F000000 		.4byte	0x6f
 525 00b1 04       		.uleb128 0x4
 526 00b2 04       		.byte	0x4
 527 00b3 04       		.byte	0x4
 528 00b4 4C000000 		.4byte	.LASF16
 529 00b8 04       		.uleb128 0x4
 530 00b9 08       		.byte	0x8
 531 00ba 04       		.byte	0x4
 532 00bb 1F010000 		.4byte	.LASF17
 533 00bf 06       		.uleb128 0x6
 534 00c0 5C000000 		.4byte	.LASF18
 535 00c4 03       		.byte	0x3
 536 00c5 6302     		.2byte	0x263
 537 00c7 CB000000 		.4byte	0xcb
ARM GAS  C:\Users\Rafael\AppData\Local\Temp\ccsXlayn.s 			page 16


 538 00cb 07       		.uleb128 0x7
 539 00cc 8D000000 		.4byte	0x8d
 540 00d0 06       		.uleb128 0x6
 541 00d1 00000000 		.4byte	.LASF19
 542 00d5 03       		.byte	0x3
 543 00d6 6502     		.2byte	0x265
 544 00d8 DC000000 		.4byte	0xdc
 545 00dc 07       		.uleb128 0x7
 546 00dd A5000000 		.4byte	0xa5
 547 00e1 08       		.uleb128 0x8
 548 00e2 79000000 		.4byte	.LASF20
 549 00e6 01       		.byte	0x1
 550 00e7 4A       		.byte	0x4a
 551 00e8 00000000 		.4byte	.LFB0
 552 00ec 1E000000 		.4byte	.LFE0-.LFB0
 553 00f0 01       		.uleb128 0x1
 554 00f1 9C       		.byte	0x9c
 555 00f2 0F010000 		.4byte	0x10f
 556 00f6 09       		.uleb128 0x9
 557 00f7 7300     		.ascii	"s\000"
 558 00f9 01       		.byte	0x1
 559 00fa 4A       		.byte	0x4a
 560 00fb 84000000 		.4byte	0x84
 561 00ff 02       		.uleb128 0x2
 562 0100 91       		.byte	0x91
 563 0101 74       		.sleb128 -12
 564 0102 09       		.uleb128 0x9
 565 0103 6E00     		.ascii	"n\000"
 566 0105 01       		.byte	0x1
 567 0106 4A       		.byte	0x4a
 568 0107 2C000000 		.4byte	0x2c
 569 010b 02       		.uleb128 0x2
 570 010c 91       		.byte	0x91
 571 010d 70       		.sleb128 -16
 572 010e 00       		.byte	0
 573 010f 08       		.uleb128 0x8
 574 0110 38020000 		.4byte	.LASF21
 575 0114 01       		.byte	0x1
 576 0115 51       		.byte	0x51
 577 0116 00000000 		.4byte	.LFB1
 578 011a 20000000 		.4byte	.LFE1-.LFB1
 579 011e 01       		.uleb128 0x1
 580 011f 9C       		.byte	0x9c
 581 0120 4D010000 		.4byte	0x14d
 582 0124 0A       		.uleb128 0xa
 583 0125 52000000 		.4byte	.LASF22
 584 0129 01       		.byte	0x1
 585 012a 51       		.byte	0x51
 586 012b 84000000 		.4byte	0x84
 587 012f 02       		.uleb128 0x2
 588 0130 91       		.byte	0x91
 589 0131 74       		.sleb128 -12
 590 0132 09       		.uleb128 0x9
 591 0133 73726300 		.ascii	"src\000"
 592 0137 01       		.byte	0x1
 593 0138 51       		.byte	0x51
 594 0139 4D010000 		.4byte	0x14d
ARM GAS  C:\Users\Rafael\AppData\Local\Temp\ccsXlayn.s 			page 17


 595 013d 02       		.uleb128 0x2
 596 013e 91       		.byte	0x91
 597 013f 70       		.sleb128 -16
 598 0140 09       		.uleb128 0x9
 599 0141 6E00     		.ascii	"n\000"
 600 0143 01       		.byte	0x1
 601 0144 51       		.byte	0x51
 602 0145 2C000000 		.4byte	0x2c
 603 0149 02       		.uleb128 0x2
 604 014a 91       		.byte	0x91
 605 014b 6C       		.sleb128 -20
 606 014c 00       		.byte	0
 607 014d 0B       		.uleb128 0xb
 608 014e 04       		.byte	0x4
 609 014f 53010000 		.4byte	0x153
 610 0153 0C       		.uleb128 0xc
 611 0154 08       		.uleb128 0x8
 612 0155 28020000 		.4byte	.LASF23
 613 0159 01       		.byte	0x1
 614 015a 58       		.byte	0x58
 615 015b 00000000 		.4byte	.LFB2
 616 015f 20000000 		.4byte	.LFE2-.LFB2
 617 0163 01       		.uleb128 0x1
 618 0164 9C       		.byte	0x9c
 619 0165 92010000 		.4byte	0x192
 620 0169 0A       		.uleb128 0xa
 621 016a 52000000 		.4byte	.LASF22
 622 016e 01       		.byte	0x1
 623 016f 58       		.byte	0x58
 624 0170 84000000 		.4byte	0x84
 625 0174 02       		.uleb128 0x2
 626 0175 91       		.byte	0x91
 627 0176 74       		.sleb128 -12
 628 0177 09       		.uleb128 0x9
 629 0178 73726300 		.ascii	"src\000"
 630 017c 01       		.byte	0x1
 631 017d 58       		.byte	0x58
 632 017e 4D010000 		.4byte	0x14d
 633 0182 02       		.uleb128 0x2
 634 0183 91       		.byte	0x91
 635 0184 70       		.sleb128 -16
 636 0185 09       		.uleb128 0x9
 637 0186 6E00     		.ascii	"n\000"
 638 0188 01       		.byte	0x1
 639 0189 58       		.byte	0x58
 640 018a 2C000000 		.4byte	0x2c
 641 018e 02       		.uleb128 0x2
 642 018f 91       		.byte	0x91
 643 0190 6C       		.sleb128 -20
 644 0191 00       		.byte	0
 645 0192 0D       		.uleb128 0xd
 646 0193 2E000000 		.4byte	.LASF24
 647 0197 01       		.byte	0x1
 648 0198 AD       		.byte	0xad
 649 0199 00000000 		.4byte	.LFB3
 650 019d 68000000 		.4byte	.LFE3-.LFB3
 651 01a1 01       		.uleb128 0x1
ARM GAS  C:\Users\Rafael\AppData\Local\Temp\ccsXlayn.s 			page 18


 652 01a2 9C       		.byte	0x9c
 653 01a3 0E       		.uleb128 0xe
 654 01a4 0D000000 		.4byte	.LASF25
 655 01a8 01       		.byte	0x1
 656 01a9 DB       		.byte	0xdb
 657 01aa 00000000 		.4byte	.LFB4
 658 01ae 0A000000 		.4byte	.LFE4-.LFB4
 659 01b2 01       		.uleb128 0x1
 660 01b3 9C       		.byte	0x9c
 661 01b4 0F       		.uleb128 0xf
 662 01b5 26010000 		.4byte	.LASF33
 663 01b9 01       		.byte	0x1
 664 01ba F3       		.byte	0xf3
 665 01bb 68000000 		.4byte	.LFB5
 666 01bf 40010000 		.4byte	.LFE5-.LFB5
 667 01c3 01       		.uleb128 0x1
 668 01c4 9C       		.byte	0x9c
 669 01c5 10       		.uleb128 0x10
 670 01c6 70000000 		.4byte	.LBB2
 671 01ca 94000000 		.4byte	.LBE2-.LBB2
 672 01ce 11       		.uleb128 0x11
 673 01cf 06       		.byte	0x6
 674 01d0 01       		.byte	0x1
 675 01d1 FA       		.byte	0xfa
 676 01d2 EF010000 		.4byte	0x1ef
 677 01d6 12       		.uleb128 0x12
 678 01d7 4E010000 		.4byte	.LASF26
 679 01db 01       		.byte	0x1
 680 01dc FB       		.byte	0xfb
 681 01dd 84000000 		.4byte	0x84
 682 01e1 00       		.byte	0
 683 01e2 12       		.uleb128 0x12
 684 01e3 57000000 		.4byte	.LASF27
 685 01e7 01       		.byte	0x1
 686 01e8 FC       		.byte	0xfc
 687 01e9 99000000 		.4byte	0x99
 688 01ed 04       		.byte	0x4
 689 01ee 00       		.byte	0
 690 01ef 03       		.uleb128 0x3
 691 01f0 6D010000 		.4byte	.LASF28
 692 01f4 01       		.byte	0x1
 693 01f5 FD       		.byte	0xfd
 694 01f6 CE010000 		.4byte	0x1ce
 695 01fa 13       		.uleb128 0x13
 696 01fb 0A020000 		.4byte	0x20a
 697 01ff 0A020000 		.4byte	0x20a
 698 0203 14       		.uleb128 0x14
 699 0204 7D000000 		.4byte	0x7d
 700 0208 01       		.byte	0x1
 701 0209 00       		.byte	0
 702 020a 15       		.uleb128 0x15
 703 020b EF010000 		.4byte	0x1ef
 704 020f 16       		.uleb128 0x16
 705 0210 1E000000 		.4byte	.LASF29
 706 0214 01       		.byte	0x1
 707 0215 FF       		.byte	0xff
 708 0216 20020000 		.4byte	0x220
ARM GAS  C:\Users\Rafael\AppData\Local\Temp\ccsXlayn.s 			page 19


 709 021a 05       		.uleb128 0x5
 710 021b 03       		.byte	0x3
 711 021c 00000000 		.4byte	cfg_memset_list.4847
 712 0220 15       		.uleb128 0x15
 713 0221 FA010000 		.4byte	0x1fa
 714 0225 17       		.uleb128 0x17
 715 0226 6900     		.ascii	"i\000"
 716 0228 01       		.byte	0x1
 717 0229 0501     		.2byte	0x105
 718 022b 8D000000 		.4byte	0x8d
 719 022f 02       		.uleb128 0x2
 720 0230 91       		.byte	0x91
 721 0231 77       		.sleb128 -9
 722 0232 10       		.uleb128 0x10
 723 0233 78000000 		.4byte	.LBB3
 724 0237 3C000000 		.4byte	.LBE3-.LBB3
 725 023b 17       		.uleb128 0x17
 726 023c 6D7300   		.ascii	"ms\000"
 727 023f 01       		.byte	0x1
 728 0240 0A01     		.2byte	0x10a
 729 0242 49020000 		.4byte	0x249
 730 0246 02       		.uleb128 0x2
 731 0247 91       		.byte	0x91
 732 0248 70       		.sleb128 -16
 733 0249 0B       		.uleb128 0xb
 734 024a 04       		.byte	0x4
 735 024b 0A020000 		.4byte	0x20a
 736 024f 00       		.byte	0
 737 0250 00       		.byte	0
 738 0251 00       		.byte	0
 739 0252 00       		.byte	0
 740              		.section	.debug_abbrev,"",%progbits
 741              	.Ldebug_abbrev0:
 742 0000 01       		.uleb128 0x1
 743 0001 11       		.uleb128 0x11
 744 0002 01       		.byte	0x1
 745 0003 25       		.uleb128 0x25
 746 0004 0E       		.uleb128 0xe
 747 0005 13       		.uleb128 0x13
 748 0006 0B       		.uleb128 0xb
 749 0007 03       		.uleb128 0x3
 750 0008 0E       		.uleb128 0xe
 751 0009 1B       		.uleb128 0x1b
 752 000a 0E       		.uleb128 0xe
 753 000b 55       		.uleb128 0x55
 754 000c 17       		.uleb128 0x17
 755 000d 11       		.uleb128 0x11
 756 000e 01       		.uleb128 0x1
 757 000f 10       		.uleb128 0x10
 758 0010 17       		.uleb128 0x17
 759 0011 00       		.byte	0
 760 0012 00       		.byte	0
 761 0013 02       		.uleb128 0x2
 762 0014 24       		.uleb128 0x24
 763 0015 00       		.byte	0
 764 0016 0B       		.uleb128 0xb
 765 0017 0B       		.uleb128 0xb
ARM GAS  C:\Users\Rafael\AppData\Local\Temp\ccsXlayn.s 			page 20


 766 0018 3E       		.uleb128 0x3e
 767 0019 0B       		.uleb128 0xb
 768 001a 03       		.uleb128 0x3
 769 001b 08       		.uleb128 0x8
 770 001c 00       		.byte	0
 771 001d 00       		.byte	0
 772 001e 03       		.uleb128 0x3
 773 001f 16       		.uleb128 0x16
 774 0020 00       		.byte	0
 775 0021 03       		.uleb128 0x3
 776 0022 0E       		.uleb128 0xe
 777 0023 3A       		.uleb128 0x3a
 778 0024 0B       		.uleb128 0xb
 779 0025 3B       		.uleb128 0x3b
 780 0026 0B       		.uleb128 0xb
 781 0027 49       		.uleb128 0x49
 782 0028 13       		.uleb128 0x13
 783 0029 00       		.byte	0
 784 002a 00       		.byte	0
 785 002b 04       		.uleb128 0x4
 786 002c 24       		.uleb128 0x24
 787 002d 00       		.byte	0
 788 002e 0B       		.uleb128 0xb
 789 002f 0B       		.uleb128 0xb
 790 0030 3E       		.uleb128 0x3e
 791 0031 0B       		.uleb128 0xb
 792 0032 03       		.uleb128 0x3
 793 0033 0E       		.uleb128 0xe
 794 0034 00       		.byte	0
 795 0035 00       		.byte	0
 796 0036 05       		.uleb128 0x5
 797 0037 0F       		.uleb128 0xf
 798 0038 00       		.byte	0
 799 0039 0B       		.uleb128 0xb
 800 003a 0B       		.uleb128 0xb
 801 003b 00       		.byte	0
 802 003c 00       		.byte	0
 803 003d 06       		.uleb128 0x6
 804 003e 16       		.uleb128 0x16
 805 003f 00       		.byte	0
 806 0040 03       		.uleb128 0x3
 807 0041 0E       		.uleb128 0xe
 808 0042 3A       		.uleb128 0x3a
 809 0043 0B       		.uleb128 0xb
 810 0044 3B       		.uleb128 0x3b
 811 0045 05       		.uleb128 0x5
 812 0046 49       		.uleb128 0x49
 813 0047 13       		.uleb128 0x13
 814 0048 00       		.byte	0
 815 0049 00       		.byte	0
 816 004a 07       		.uleb128 0x7
 817 004b 35       		.uleb128 0x35
 818 004c 00       		.byte	0
 819 004d 49       		.uleb128 0x49
 820 004e 13       		.uleb128 0x13
 821 004f 00       		.byte	0
 822 0050 00       		.byte	0
ARM GAS  C:\Users\Rafael\AppData\Local\Temp\ccsXlayn.s 			page 21


 823 0051 08       		.uleb128 0x8
 824 0052 2E       		.uleb128 0x2e
 825 0053 01       		.byte	0x1
 826 0054 03       		.uleb128 0x3
 827 0055 0E       		.uleb128 0xe
 828 0056 3A       		.uleb128 0x3a
 829 0057 0B       		.uleb128 0xb
 830 0058 3B       		.uleb128 0x3b
 831 0059 0B       		.uleb128 0xb
 832 005a 27       		.uleb128 0x27
 833 005b 19       		.uleb128 0x19
 834 005c 11       		.uleb128 0x11
 835 005d 01       		.uleb128 0x1
 836 005e 12       		.uleb128 0x12
 837 005f 06       		.uleb128 0x6
 838 0060 40       		.uleb128 0x40
 839 0061 18       		.uleb128 0x18
 840 0062 9642     		.uleb128 0x2116
 841 0064 19       		.uleb128 0x19
 842 0065 01       		.uleb128 0x1
 843 0066 13       		.uleb128 0x13
 844 0067 00       		.byte	0
 845 0068 00       		.byte	0
 846 0069 09       		.uleb128 0x9
 847 006a 05       		.uleb128 0x5
 848 006b 00       		.byte	0
 849 006c 03       		.uleb128 0x3
 850 006d 08       		.uleb128 0x8
 851 006e 3A       		.uleb128 0x3a
 852 006f 0B       		.uleb128 0xb
 853 0070 3B       		.uleb128 0x3b
 854 0071 0B       		.uleb128 0xb
 855 0072 49       		.uleb128 0x49
 856 0073 13       		.uleb128 0x13
 857 0074 02       		.uleb128 0x2
 858 0075 18       		.uleb128 0x18
 859 0076 00       		.byte	0
 860 0077 00       		.byte	0
 861 0078 0A       		.uleb128 0xa
 862 0079 05       		.uleb128 0x5
 863 007a 00       		.byte	0
 864 007b 03       		.uleb128 0x3
 865 007c 0E       		.uleb128 0xe
 866 007d 3A       		.uleb128 0x3a
 867 007e 0B       		.uleb128 0xb
 868 007f 3B       		.uleb128 0x3b
 869 0080 0B       		.uleb128 0xb
 870 0081 49       		.uleb128 0x49
 871 0082 13       		.uleb128 0x13
 872 0083 02       		.uleb128 0x2
 873 0084 18       		.uleb128 0x18
 874 0085 00       		.byte	0
 875 0086 00       		.byte	0
 876 0087 0B       		.uleb128 0xb
 877 0088 0F       		.uleb128 0xf
 878 0089 00       		.byte	0
 879 008a 0B       		.uleb128 0xb
ARM GAS  C:\Users\Rafael\AppData\Local\Temp\ccsXlayn.s 			page 22


 880 008b 0B       		.uleb128 0xb
 881 008c 49       		.uleb128 0x49
 882 008d 13       		.uleb128 0x13
 883 008e 00       		.byte	0
 884 008f 00       		.byte	0
 885 0090 0C       		.uleb128 0xc
 886 0091 26       		.uleb128 0x26
 887 0092 00       		.byte	0
 888 0093 00       		.byte	0
 889 0094 00       		.byte	0
 890 0095 0D       		.uleb128 0xd
 891 0096 2E       		.uleb128 0x2e
 892 0097 00       		.byte	0
 893 0098 03       		.uleb128 0x3
 894 0099 0E       		.uleb128 0xe
 895 009a 3A       		.uleb128 0x3a
 896 009b 0B       		.uleb128 0xb
 897 009c 3B       		.uleb128 0x3b
 898 009d 0B       		.uleb128 0xb
 899 009e 27       		.uleb128 0x27
 900 009f 19       		.uleb128 0x19
 901 00a0 11       		.uleb128 0x11
 902 00a1 01       		.uleb128 0x1
 903 00a2 12       		.uleb128 0x12
 904 00a3 06       		.uleb128 0x6
 905 00a4 40       		.uleb128 0x40
 906 00a5 18       		.uleb128 0x18
 907 00a6 9642     		.uleb128 0x2116
 908 00a8 19       		.uleb128 0x19
 909 00a9 00       		.byte	0
 910 00aa 00       		.byte	0
 911 00ab 0E       		.uleb128 0xe
 912 00ac 2E       		.uleb128 0x2e
 913 00ad 00       		.byte	0
 914 00ae 03       		.uleb128 0x3
 915 00af 0E       		.uleb128 0xe
 916 00b0 3A       		.uleb128 0x3a
 917 00b1 0B       		.uleb128 0xb
 918 00b2 3B       		.uleb128 0x3b
 919 00b3 0B       		.uleb128 0xb
 920 00b4 27       		.uleb128 0x27
 921 00b5 19       		.uleb128 0x19
 922 00b6 11       		.uleb128 0x11
 923 00b7 01       		.uleb128 0x1
 924 00b8 12       		.uleb128 0x12
 925 00b9 06       		.uleb128 0x6
 926 00ba 40       		.uleb128 0x40
 927 00bb 18       		.uleb128 0x18
 928 00bc 9742     		.uleb128 0x2117
 929 00be 19       		.uleb128 0x19
 930 00bf 00       		.byte	0
 931 00c0 00       		.byte	0
 932 00c1 0F       		.uleb128 0xf
 933 00c2 2E       		.uleb128 0x2e
 934 00c3 01       		.byte	0x1
 935 00c4 3F       		.uleb128 0x3f
 936 00c5 19       		.uleb128 0x19
ARM GAS  C:\Users\Rafael\AppData\Local\Temp\ccsXlayn.s 			page 23


 937 00c6 03       		.uleb128 0x3
 938 00c7 0E       		.uleb128 0xe
 939 00c8 3A       		.uleb128 0x3a
 940 00c9 0B       		.uleb128 0xb
 941 00ca 3B       		.uleb128 0x3b
 942 00cb 0B       		.uleb128 0xb
 943 00cc 27       		.uleb128 0x27
 944 00cd 19       		.uleb128 0x19
 945 00ce 11       		.uleb128 0x11
 946 00cf 01       		.uleb128 0x1
 947 00d0 12       		.uleb128 0x12
 948 00d1 06       		.uleb128 0x6
 949 00d2 40       		.uleb128 0x40
 950 00d3 18       		.uleb128 0x18
 951 00d4 9642     		.uleb128 0x2116
 952 00d6 19       		.uleb128 0x19
 953 00d7 00       		.byte	0
 954 00d8 00       		.byte	0
 955 00d9 10       		.uleb128 0x10
 956 00da 0B       		.uleb128 0xb
 957 00db 01       		.byte	0x1
 958 00dc 11       		.uleb128 0x11
 959 00dd 01       		.uleb128 0x1
 960 00de 12       		.uleb128 0x12
 961 00df 06       		.uleb128 0x6
 962 00e0 00       		.byte	0
 963 00e1 00       		.byte	0
 964 00e2 11       		.uleb128 0x11
 965 00e3 13       		.uleb128 0x13
 966 00e4 01       		.byte	0x1
 967 00e5 0B       		.uleb128 0xb
 968 00e6 0B       		.uleb128 0xb
 969 00e7 3A       		.uleb128 0x3a
 970 00e8 0B       		.uleb128 0xb
 971 00e9 3B       		.uleb128 0x3b
 972 00ea 0B       		.uleb128 0xb
 973 00eb 01       		.uleb128 0x1
 974 00ec 13       		.uleb128 0x13
 975 00ed 00       		.byte	0
 976 00ee 00       		.byte	0
 977 00ef 12       		.uleb128 0x12
 978 00f0 0D       		.uleb128 0xd
 979 00f1 00       		.byte	0
 980 00f2 03       		.uleb128 0x3
 981 00f3 0E       		.uleb128 0xe
 982 00f4 3A       		.uleb128 0x3a
 983 00f5 0B       		.uleb128 0xb
 984 00f6 3B       		.uleb128 0x3b
 985 00f7 0B       		.uleb128 0xb
 986 00f8 49       		.uleb128 0x49
 987 00f9 13       		.uleb128 0x13
 988 00fa 38       		.uleb128 0x38
 989 00fb 0B       		.uleb128 0xb
 990 00fc 00       		.byte	0
 991 00fd 00       		.byte	0
 992 00fe 13       		.uleb128 0x13
 993 00ff 01       		.uleb128 0x1
ARM GAS  C:\Users\Rafael\AppData\Local\Temp\ccsXlayn.s 			page 24


 994 0100 01       		.byte	0x1
 995 0101 49       		.uleb128 0x49
 996 0102 13       		.uleb128 0x13
 997 0103 01       		.uleb128 0x1
 998 0104 13       		.uleb128 0x13
 999 0105 00       		.byte	0
 1000 0106 00       		.byte	0
 1001 0107 14       		.uleb128 0x14
 1002 0108 21       		.uleb128 0x21
 1003 0109 00       		.byte	0
 1004 010a 49       		.uleb128 0x49
 1005 010b 13       		.uleb128 0x13
 1006 010c 2F       		.uleb128 0x2f
 1007 010d 0B       		.uleb128 0xb
 1008 010e 00       		.byte	0
 1009 010f 00       		.byte	0
 1010 0110 15       		.uleb128 0x15
 1011 0111 26       		.uleb128 0x26
 1012 0112 00       		.byte	0
 1013 0113 49       		.uleb128 0x49
 1014 0114 13       		.uleb128 0x13
 1015 0115 00       		.byte	0
 1016 0116 00       		.byte	0
 1017 0117 16       		.uleb128 0x16
 1018 0118 34       		.uleb128 0x34
 1019 0119 00       		.byte	0
 1020 011a 03       		.uleb128 0x3
 1021 011b 0E       		.uleb128 0xe
 1022 011c 3A       		.uleb128 0x3a
 1023 011d 0B       		.uleb128 0xb
 1024 011e 3B       		.uleb128 0x3b
 1025 011f 0B       		.uleb128 0xb
 1026 0120 49       		.uleb128 0x49
 1027 0121 13       		.uleb128 0x13
 1028 0122 02       		.uleb128 0x2
 1029 0123 18       		.uleb128 0x18
 1030 0124 00       		.byte	0
 1031 0125 00       		.byte	0
 1032 0126 17       		.uleb128 0x17
 1033 0127 34       		.uleb128 0x34
 1034 0128 00       		.byte	0
 1035 0129 03       		.uleb128 0x3
 1036 012a 08       		.uleb128 0x8
 1037 012b 3A       		.uleb128 0x3a
 1038 012c 0B       		.uleb128 0xb
 1039 012d 3B       		.uleb128 0x3b
 1040 012e 05       		.uleb128 0x5
 1041 012f 49       		.uleb128 0x49
 1042 0130 13       		.uleb128 0x13
 1043 0131 02       		.uleb128 0x2
 1044 0132 18       		.uleb128 0x18
 1045 0133 00       		.byte	0
 1046 0134 00       		.byte	0
 1047 0135 00       		.byte	0
 1048              		.section	.debug_aranges,"",%progbits
 1049 0000 44000000 		.4byte	0x44
 1050 0004 0200     		.2byte	0x2
ARM GAS  C:\Users\Rafael\AppData\Local\Temp\ccsXlayn.s 			page 25


 1051 0006 00000000 		.4byte	.Ldebug_info0
 1052 000a 04       		.byte	0x4
 1053 000b 00       		.byte	0
 1054 000c 0000     		.2byte	0
 1055 000e 0000     		.2byte	0
 1056 0010 00000000 		.4byte	.LFB0
 1057 0014 1E000000 		.4byte	.LFE0-.LFB0
 1058 0018 00000000 		.4byte	.LFB1
 1059 001c 20000000 		.4byte	.LFE1-.LFB1
 1060 0020 00000000 		.4byte	.LFB2
 1061 0024 20000000 		.4byte	.LFE2-.LFB2
 1062 0028 00000000 		.4byte	.LFB3
 1063 002c 68000000 		.4byte	.LFE3-.LFB3
 1064 0030 00000000 		.4byte	.LFB4
 1065 0034 0A000000 		.4byte	.LFE4-.LFB4
 1066 0038 68000000 		.4byte	.LFB5
 1067 003c 40010000 		.4byte	.LFE5-.LFB5
 1068 0040 00000000 		.4byte	0
 1069 0044 00000000 		.4byte	0
 1070              		.section	.debug_ranges,"",%progbits
 1071              	.Ldebug_ranges0:
 1072 0000 00000000 		.4byte	.LFB0
 1073 0004 1E000000 		.4byte	.LFE0
 1074 0008 00000000 		.4byte	.LFB1
 1075 000c 20000000 		.4byte	.LFE1
 1076 0010 00000000 		.4byte	.LFB2
 1077 0014 20000000 		.4byte	.LFE2
 1078 0018 00000000 		.4byte	.LFB3
 1079 001c 68000000 		.4byte	.LFE3
 1080 0020 00000000 		.4byte	.LFB4
 1081 0024 0A000000 		.4byte	.LFE4
 1082 0028 68000000 		.4byte	.LFB5
 1083 002c A8010000 		.4byte	.LFE5
 1084 0030 00000000 		.4byte	0
 1085 0034 00000000 		.4byte	0
 1086              		.section	.debug_line,"",%progbits
 1087              	.Ldebug_line0:
 1088 0000 64010000 		.section	.debug_str,"MS",%progbits,1
 1088      0200CB00 
 1088      00000201 
 1088      FB0E0D00 
 1088      01010101 
 1089              	.LASF19:
 1090 0000 72656733 		.ascii	"reg32\000"
 1090      3200
 1091              	.LASF12:
 1092 0006 73697A65 		.ascii	"size_t\000"
 1092      5F7400
 1093              	.LASF25:
 1094 000d 416E616C 		.ascii	"AnalogSetDefault\000"
 1094      6F675365 
 1094      74446566 
 1094      61756C74 
 1094      00
 1095              	.LASF29:
 1096 001e 6366675F 		.ascii	"cfg_memset_list\000"
 1096      6D656D73 
ARM GAS  C:\Users\Rafael\AppData\Local\Temp\ccsXlayn.s 			page 26


 1096      65745F6C 
 1096      69737400 
 1097              	.LASF24:
 1098 002e 436C6F63 		.ascii	"ClockSetup\000"
 1098      6B536574 
 1098      757000
 1099              	.LASF6:
 1100 0039 73686F72 		.ascii	"short unsigned int\000"
 1100      7420756E 
 1100      7369676E 
 1100      65642069 
 1100      6E7400
 1101              	.LASF16:
 1102 004c 666C6F61 		.ascii	"float\000"
 1102      7400
 1103              	.LASF22:
 1104 0052 64657374 		.ascii	"dest\000"
 1104      00
 1105              	.LASF27:
 1106 0057 73697A65 		.ascii	"size\000"
 1106      00
 1107              	.LASF18:
 1108 005c 72656738 		.ascii	"reg8\000"
 1108      00
 1109              	.LASF8:
 1110 0061 6C6F6E67 		.ascii	"long unsigned int\000"
 1110      20756E73 
 1110      69676E65 
 1110      6420696E 
 1110      7400
 1111              	.LASF13:
 1112 0073 75696E74 		.ascii	"uint8\000"
 1112      3800
 1113              	.LASF20:
 1114 0079 43594D45 		.ascii	"CYMEMZERO\000"
 1114      4D5A4552 
 1114      4F00
 1115              	.LASF30:
 1116 0083 474E5520 		.ascii	"GNU C11 5.4.1 20160609 (release) [ARM/embedded-5-br"
 1116      43313120 
 1116      352E342E 
 1116      31203230 
 1116      31363036 
 1117 00b6 616E6368 		.ascii	"anch revision 237715] -mcpu=cortex-m0 -mthumb -g -O"
 1117      20726576 
 1117      6973696F 
 1117      6E203233 
 1117      37373135 
 1118 00e9 30202D66 		.ascii	"0 -ffunction-sections -ffat-lto-objects\000"
 1118      66756E63 
 1118      74696F6E 
 1118      2D736563 
 1118      74696F6E 
 1119              	.LASF4:
 1120 0111 756E7369 		.ascii	"unsigned char\000"
 1120      676E6564 
 1120      20636861 
ARM GAS  C:\Users\Rafael\AppData\Local\Temp\ccsXlayn.s 			page 27


 1120      7200
 1121              	.LASF17:
 1122 011f 646F7562 		.ascii	"double\000"
 1122      6C6500
 1123              	.LASF33:
 1124 0126 63796669 		.ascii	"cyfitter_cfg\000"
 1124      74746572 
 1124      5F636667 
 1124      00
 1125              	.LASF14:
 1126 0133 75696E74 		.ascii	"uint16\000"
 1126      313600
 1127              	.LASF15:
 1128 013a 75696E74 		.ascii	"uint32\000"
 1128      333200
 1129              	.LASF0:
 1130 0141 756E7369 		.ascii	"unsigned int\000"
 1130      676E6564 
 1130      20696E74 
 1130      00
 1131              	.LASF26:
 1132 014e 61646472 		.ascii	"address\000"
 1132      65737300 
 1133              	.LASF9:
 1134 0156 6C6F6E67 		.ascii	"long long unsigned int\000"
 1134      206C6F6E 
 1134      6720756E 
 1134      7369676E 
 1134      65642069 
 1135              	.LASF28:
 1136 016d 6366675F 		.ascii	"cfg_memset_t\000"
 1136      6D656D73 
 1136      65745F74 
 1136      00
 1137              	.LASF10:
 1138 017a 73697A65 		.ascii	"sizetype\000"
 1138      74797065 
 1138      00
 1139              	.LASF1:
 1140 0183 6C6F6E67 		.ascii	"long long int\000"
 1140      206C6F6E 
 1140      6720696E 
 1140      7400
 1141              	.LASF11:
 1142 0191 63686172 		.ascii	"char\000"
 1142      00
 1143              	.LASF5:
 1144 0196 73686F72 		.ascii	"short int\000"
 1144      7420696E 
 1144      7400
 1145              	.LASF32:
 1146 01a0 433A5C55 		.ascii	"C:\\Users\\Rafael\\Documents\\PSoC Creator\\SD Card"
 1146      73657273 
 1146      5C526166 
 1146      61656C5C 
 1146      446F6375 
 1147 01ce 5C534443 		.ascii	"\\SDCard_Demo.cydsn\000"
ARM GAS  C:\Users\Rafael\AppData\Local\Temp\ccsXlayn.s 			page 28


 1147      6172645F 
 1147      44656D6F 
 1147      2E637964 
 1147      736E00
 1148              	.LASF7:
 1149 01e1 6C6F6E67 		.ascii	"long int\000"
 1149      20696E74 
 1149      00
 1150              	.LASF2:
 1151 01ea 6C6F6E67 		.ascii	"long double\000"
 1151      20646F75 
 1151      626C6500 
 1152              	.LASF3:
 1153 01f6 7369676E 		.ascii	"signed char\000"
 1153      65642063 
 1153      68617200 
 1154              	.LASF31:
 1155 0202 47656E65 		.ascii	"Generated_Source\\PSoC4\\cyfitter_cfg.c\000"
 1155      72617465 
 1155      645F536F 
 1155      75726365 
 1155      5C50536F 
 1156              	.LASF23:
 1157 0228 4359434F 		.ascii	"CYCONFIGCPYCODE\000"
 1157      4E464947 
 1157      43505943 
 1157      4F444500 
 1158              	.LASF21:
 1159 0238 4359434F 		.ascii	"CYCONFIGCPY\000"
 1159      4E464947 
 1159      43505900 
 1160              		.ident	"GCC: (GNU Tools for ARM Embedded Processors) 5.4.1 20160609 (release) [ARM/embedded-5-bran
